D [2016-07-19 03:20:57.292] @AutoItExe: C:\Program Files (x86)\AutoIt3\AutoIt3.exe
D [2016-07-19 03:20:57.292] @ScriptFullPath: C:\Users\Amin\Desktop\MyBot.Run\MOD AIO\MyBot-AIO-2.1.4\MyBot.run.au3
D [2016-07-19 03:20:57.292] @WorkingDir: C:\Users\Amin\Desktop\MyBot.Run\MOD AIO\MyBot-AIO-2.1.4
D [2016-07-19 03:20:57.293] @AutoItPID: 4548
D [2016-07-19 03:20:57.323] DetectRunningAndroid()
D [2016-07-19 03:20:57.323] UpdateAndroidConfig("MEmu")
D [2016-07-19 03:20:57.324] InitAndroid(False): MEmu
D [2016-07-19 03:20:58.339] Cannot read MEmu guestproperty phone_layout!
D [2016-07-19 03:20:58.340] Searching MEmu Window: Title = 'MEmu 2.', Class = '[CLASS:subWin; INSTANCE:1]', Text = ''
D [2016-07-19 03:20:58.346] MEmu Window not found
D [2016-07-19 03:20:58.346] Android: MEmu
D [2016-07-19 03:20:58.346] Android Config: 0
D [2016-07-19 03:20:58.346] Android Version: 2.5.0
D [2016-07-19 03:20:58.347] Android Instance: MEmu
D [2016-07-19 03:20:58.347] Android Window Title: MEmu 2.
D [2016-07-19 03:20:58.347] Android Program Path: C:\Program Files\Microvirt\MEmu\MEmu.exe
D [2016-07-19 03:20:58.347] Android Program Parameter: MEmu
D [2016-07-19 03:20:58.347] Android ADB Path: C:\Program Files\Microvirt\MEmu\adb.exe
D [2016-07-19 03:20:58.348] Android ADB Device: 127.0.0.1:21503
D [2016-07-19 03:20:58.348] Android ADB Shared Folder: /mnt/shell/emulated/0/Pictures/
D [2016-07-19 03:20:58.348] Android ADB Shared Folder on Host: C:\Users\Amin\Pictures\MEmu Photo\
D [2016-07-19 03:20:58.348] Android ADB Shared SubFolder: mybot.run\
D [2016-07-19 03:20:58.349] Android Mouse Device: Microvirt Virtual Input
D [2016-07-19 03:20:58.349] Android ADB screencap command enabled: True
D [2016-07-19 03:20:58.349] Android ADB input command enabled: False
D [2016-07-19 03:20:58.349] Android ADB Mouse Click enabled: False
D [2016-07-19 03:20:58.349] Android ADB Click Drag enabled: True
D [2016-07-19 03:20:58.350] Searching MEmu Window: Title = 'MEmu 2.', Class = '[CLASS:subWin; INSTANCE:1]', Text = ''
D [2016-07-19 03:20:58.354] MEmu Window not found
D [2016-07-19 03:20:58.354] InitAndroid(False): MEmu END, initialization successful = True
D [2016-07-19 03:20:58.354] UpdateAndroidConfig("MEmu") END
D [2016-07-19 03:20:58.354] GetAndroidRunningInstance: Try to find "C:\Program Files\Microvirt\MEmu\MEmu.exe"
D [2016-07-19 03:20:58.362] ObjGet("winmgmts:\\.\root\cimv2")
D [2016-07-19 03:20:58.362] WMI Query: Select * from Win32_Process where ExecutablePath like "%C:\\Program Files\\Microvirt\\MEmu\\MEmu.exe%"
D [2016-07-19 03:20:58.406] Process by CommandLine not found: C:\Program Files\Microvirt\MEmu\MEmu.exe
D [2016-07-19 03:20:58.407] UpdateAndroidConfig("droid4x")
D [2016-07-19 03:20:58.407] InitAndroid(False): Droid4X
L [2016-07-19 03:20:58.408] Serious error has occurred: Cannot find Droid4X:
L [2016-07-19 03:20:58.408] C:\Program Files (x86)\Droid4X\Droid4X.exe
D [2016-07-19 03:20:58.408] InitAndroid(False): Droid4X END, initialization successful = False
D [2016-07-19 03:20:58.409] UpdateAndroidConfig("droid4x") END
D [2016-07-19 03:20:58.409] UpdateAndroidConfig("nox")
D [2016-07-19 03:20:58.409] InitAndroid(False): Nox
D [2016-07-19 03:20:59.097] Android: Nox
D [2016-07-19 03:20:59.097] Android Config: 2
D [2016-07-19 03:20:59.098] Android Version: 3.1.0.0
D [2016-07-19 03:20:59.098] Android Instance: nox
D [2016-07-19 03:20:59.098] Android Window Title: No
D [2016-07-19 03:20:59.098] Android Program Path: C:\Users\Amin\AppData\Roaming\Nox\bin\Nox.exe
D [2016-07-19 03:20:59.098] Android Program Parameter: -resolution:860x732 -dpi:160 "-clone:nox"
D [2016-07-19 03:20:59.099] Android ADB Path: C:\Program Files\Microvirt\MEmu\adb.exe
D [2016-07-19 03:20:59.099] Android ADB Device: 127.0.0.1:62001
D [2016-07-19 03:20:59.099] Android ADB Shared Folder: /mnt/shared/Other/
D [2016-07-19 03:20:59.099] Android ADB Shared Folder on Host: C:\Users\Amin\Documents\Nox_share\Other\
D [2016-07-19 03:20:59.100] Android ADB Shared SubFolder: mybot.run\
D [2016-07-19 03:20:59.100] Android Mouse Device: nox Virtual Input
D [2016-07-19 03:20:59.100] Android ADB screencap command enabled: True
D [2016-07-19 03:20:59.100] Android ADB input command enabled: False
D [2016-07-19 03:20:59.100] Android ADB Mouse Click enabled: False
D [2016-07-19 03:20:59.101] Android ADB Click Drag enabled: True
D [2016-07-19 03:20:59.101] Searching Nox Window: Title = 'No', Class = '[CLASS:Qt5QWindowIcon;INSTANCE:4]', Text = ''
D [2016-07-19 03:20:59.104] Nox Window not found
D [2016-07-19 03:20:59.104] InitAndroid(False): Nox END, initialization successful = True
D [2016-07-19 03:20:59.105] UpdateAndroidConfig("nox") END
D [2016-07-19 03:20:59.105] GetAndroidRunningInstance: Try to find "C:\Users\Amin\AppData\Roaming\Nox\bin\Nox.exe"
D [2016-07-19 03:20:59.107] ObjGet("winmgmts:\\.\root\cimv2")
D [2016-07-19 03:20:59.107] WMI Query: Select * from Win32_Process where ExecutablePath like "%C:\\Users\\Amin\\AppData\\Roaming\\Nox\\bin\\Nox.exe%"
D [2016-07-19 03:20:59.150] No process found by CommandLine: C:\Users\Amin\AppData\Roaming\Nox\bin\Nox.exe
D [2016-07-19 03:20:59.150] UpdateAndroidConfig("")
D [2016-07-19 03:20:59.151] InitAndroid(False): BlueStacks2
D [2016-07-19 03:20:59.151] BlueStacks2 Engine 'Plus'-Mode: False
D [2016-07-19 03:20:59.151] BlueStacks2 OEM Features: 2754561
D [2016-07-19 03:20:59.152] BlueStacks2 System Bar is not available
D [2016-07-19 03:20:59.152] Searching BlueStacks2 Window: Title = 'BlueStacks ', Class = '[CLASS:BlueStacksApp; INSTANCE:1]', Text = '_ctl.Window'
D [2016-07-19 03:20:59.155] BlueStacks2 Window not found
D [2016-07-19 03:20:59.156] Android: BlueStacks2
D [2016-07-19 03:20:59.156] Android Config: 3
D [2016-07-19 03:20:59.156] Android Version: 2.0.2.5623
D [2016-07-19 03:20:59.156] Android Instance: 
D [2016-07-19 03:20:59.156] Android Window Title: BlueStacks 
D [2016-07-19 03:20:59.157] Android Program Path: C:\Program Files (x86)\BlueStacks\HD-Frontend.exe
D [2016-07-19 03:20:59.157] Android Program Parameter: Android
D [2016-07-19 03:20:59.157] Android ADB Path: C:\Program Files\Microvirt\MEmu\adb.exe
D [2016-07-19 03:20:59.157] Android ADB Device: emulator-5554
D [2016-07-19 03:20:59.157] Android ADB Shared Folder: /storage/sdcard/windows/BstSharedFolder/
D [2016-07-19 03:20:59.158] Android ADB Shared Folder on Host: C:\ProgramData\BlueStacks\UserData\SharedFolder\
D [2016-07-19 03:20:59.158] Android ADB Shared SubFolder: mybot.run\
D [2016-07-19 03:20:59.158] Android Mouse Device: BlueStacks Virtual Touch
D [2016-07-19 03:20:59.158] Android ADB screencap command enabled: False
D [2016-07-19 03:20:59.158] Android ADB input command enabled: False
D [2016-07-19 03:20:59.159] Android ADB Mouse Click enabled: False
D [2016-07-19 03:20:59.159] Android ADB Click Drag enabled: False
D [2016-07-19 03:20:59.159] Searching BlueStacks2 Window: Title = 'BlueStacks ', Class = '[CLASS:BlueStacksApp; INSTANCE:1]', Text = '_ctl.Window'
D [2016-07-19 03:20:59.163] BlueStacks2 Window not found
D [2016-07-19 03:20:59.164] InitAndroid(False): BlueStacks2 END, initialization successful = True
D [2016-07-19 03:20:59.164] UpdateAndroidConfig("") END
D [2016-07-19 03:20:59.164] Searching BlueStacks2 Window: Title = 'BlueStacks ', Class = '[CLASS:BlueStacksApp; INSTANCE:1]', Text = '_ctl.Window'
D [2016-07-19 03:20:59.168] BlueStacks2 Window not found
D [2016-07-19 03:20:59.169] UpdateAndroidConfig("")
D [2016-07-19 03:20:59.169] InitAndroid(False): BlueStacks
D [2016-07-19 03:20:59.170] BlueStacks Engine 'Plus'-Mode: False
D [2016-07-19 03:20:59.170] BlueStacks OEM Features: 2754561
D [2016-07-19 03:20:59.171] BlueStacks System Bar is not available
D [2016-07-19 03:20:59.171] Searching BlueStacks Window: Title = 'BlueStacks App Player', Class = '[CLASS:BlueStacksApp; INSTANCE:1]', Text = '_ctl.Window'
D [2016-07-19 03:20:59.174] BlueStacks Window not found
L [2016-07-19 03:20:59.175] BlueStacks supported version 0.8.x - 0.11.x not found
D [2016-07-19 03:20:59.175] InitAndroid(False): BlueStacks END, initialization successful = False
D [2016-07-19 03:20:59.175] UpdateAndroidConfig("") END
D [2016-07-19 03:20:59.175] UpdateAndroidConfig("MEmu")
D [2016-07-19 03:20:59.176] InitAndroid(False): MEmu
D [2016-07-19 03:21:00.102] Cannot read MEmu guestproperty phone_layout!
D [2016-07-19 03:21:00.102] Searching MEmu Window: Title = 'MEmu 2.', Class = '[CLASS:subWin; INSTANCE:1]', Text = ''
D [2016-07-19 03:21:00.106] MEmu Window not found
D [2016-07-19 03:21:00.106] Android: MEmu
D [2016-07-19 03:21:00.106] Android Config: 0
D [2016-07-19 03:21:00.108] Android Version: 2.5.0
D [2016-07-19 03:21:00.108] Android Instance: MEmu
D [2016-07-19 03:21:00.108] Android Window Title: MEmu 2.
D [2016-07-19 03:21:00.108] Android Program Path: C:\Program Files\Microvirt\MEmu\MEmu.exe
D [2016-07-19 03:21:00.108] Android Program Parameter: MEmu
D [2016-07-19 03:21:00.109] Android ADB Path: C:\Program Files\Microvirt\MEmu\adb.exe
D [2016-07-19 03:21:00.109] Android ADB Device: 127.0.0.1:21503
D [2016-07-19 03:21:00.109] Android ADB Shared Folder: /mnt/shell/emulated/0/Pictures/
D [2016-07-19 03:21:00.109] Android ADB Shared Folder on Host: C:\Users\Amin\Pictures\MEmu Photo\
D [2016-07-19 03:21:00.110] Android ADB Shared SubFolder: mybot.run\
D [2016-07-19 03:21:00.110] Android Mouse Device: Microvirt Virtual Input
D [2016-07-19 03:21:00.110] Android ADB screencap command enabled: True
D [2016-07-19 03:21:00.110] Android ADB input command enabled: False
D [2016-07-19 03:21:00.110] Android ADB Mouse Click enabled: False
D [2016-07-19 03:21:00.110] Android ADB Click Drag enabled: True
D [2016-07-19 03:21:00.111] Searching MEmu Window: Title = 'MEmu 2.', Class = '[CLASS:subWin; INSTANCE:1]', Text = ''
D [2016-07-19 03:21:00.114] MEmu Window not found
D [2016-07-19 03:21:00.114] InitAndroid(False): MEmu END, initialization successful = True
D [2016-07-19 03:21:00.115] UpdateAndroidConfig("MEmu") END
D [2016-07-19 03:21:00.115] Found no running Android Emulator
D [2016-07-19 03:21:00.115] DetectInstalledAndroid()
D [2016-07-19 03:21:00.115] UpdateAndroidConfig("MEmu")
D [2016-07-19 03:21:00.115] InitAndroid(False): MEmu
D [2016-07-19 03:21:01.054] Cannot read MEmu guestproperty phone_layout!
D [2016-07-19 03:21:01.054] Searching MEmu Window: Title = 'MEmu 2.', Class = '[CLASS:subWin; INSTANCE:1]', Text = ''
D [2016-07-19 03:21:01.058] MEmu Window not found
D [2016-07-19 03:21:01.058] Android: MEmu
D [2016-07-19 03:21:01.058] Android Config: 0
D [2016-07-19 03:21:01.058] Android Version: 2.5.0
D [2016-07-19 03:21:01.059] Android Instance: MEmu
D [2016-07-19 03:21:01.059] Android Window Title: MEmu 2.
D [2016-07-19 03:21:01.059] Android Program Path: C:\Program Files\Microvirt\MEmu\MEmu.exe
D [2016-07-19 03:21:01.059] Android Program Parameter: MEmu
D [2016-07-19 03:21:01.059] Android ADB Path: C:\Program Files\Microvirt\MEmu\adb.exe
D [2016-07-19 03:21:01.060] Android ADB Device: 127.0.0.1:21503
D [2016-07-19 03:21:01.060] Android ADB Shared Folder: /mnt/shell/emulated/0/Pictures/
D [2016-07-19 03:21:01.060] Android ADB Shared Folder on Host: C:\Users\Amin\Pictures\MEmu Photo\
D [2016-07-19 03:21:01.060] Android ADB Shared SubFolder: mybot.run\
D [2016-07-19 03:21:01.060] Android Mouse Device: Microvirt Virtual Input
D [2016-07-19 03:21:01.061] Android ADB screencap command enabled: True
D [2016-07-19 03:21:01.061] Android ADB input command enabled: False
D [2016-07-19 03:21:01.061] Android ADB Mouse Click enabled: False
D [2016-07-19 03:21:01.061] Android ADB Click Drag enabled: True
D [2016-07-19 03:21:01.061] Searching MEmu Window: Title = 'MEmu 2.', Class = '[CLASS:subWin; INSTANCE:1]', Text = ''
D [2016-07-19 03:21:01.065] MEmu Window not found
D [2016-07-19 03:21:01.066] InitAndroid(False): MEmu END, initialization successful = True
D [2016-07-19 03:21:01.066] UpdateAndroidConfig("MEmu") END
D [2016-07-19 03:21:01.066] Found installed MEmu 2.5.0
D [2016-07-19 03:21:01.067] My Bot is the only running instance
D [2016-07-19 03:21:05.026] UpdateAndroidConfig("MEmu")
D [2016-07-19 03:21:05.026] InitAndroid(False): MEmu
D [2016-07-19 03:21:05.966] Cannot read MEmu guestproperty phone_layout!
D [2016-07-19 03:21:05.966] Searching MEmu Window: Title = 'MEmu 2.', Class = '[CLASS:subWin; INSTANCE:1]', Text = ''
D [2016-07-19 03:21:05.973] MEmu Window not found
D [2016-07-19 03:21:05.973] Android: MEmu
D [2016-07-19 03:21:05.974] Android Config: 0
D [2016-07-19 03:21:05.974] Android Version: 2.5.0
D [2016-07-19 03:21:05.974] Android Instance: MEmu
D [2016-07-19 03:21:05.974] Android Window Title: MEmu 2.
D [2016-07-19 03:21:05.974] Android Program Path: C:\Program Files\Microvirt\MEmu\MEmu.exe
D [2016-07-19 03:21:05.975] Android Program Parameter: MEmu
D [2016-07-19 03:21:05.975] Android ADB Path: C:\Program Files\Microvirt\MEmu\adb.exe
D [2016-07-19 03:21:05.975] Android ADB Device: 127.0.0.1:21503
D [2016-07-19 03:21:05.975] Android ADB Shared Folder: /mnt/shell/emulated/0/Pictures/
D [2016-07-19 03:21:05.975] Android ADB Shared Folder on Host: C:\Users\Amin\Pictures\MEmu Photo\
D [2016-07-19 03:21:05.976] Android ADB Shared SubFolder: mybot.run\
D [2016-07-19 03:21:05.976] Android Mouse Device: Microvirt Virtual Input
D [2016-07-19 03:21:05.976] Android ADB screencap command enabled: True
D [2016-07-19 03:21:05.976] Android ADB input command enabled: False
D [2016-07-19 03:21:05.976] Android ADB Mouse Click enabled: False
D [2016-07-19 03:21:05.977] Android ADB Click Drag enabled: True
D [2016-07-19 03:21:05.977] Searching MEmu Window: Title = 'MEmu 2.', Class = '[CLASS:subWin; INSTANCE:1]', Text = ''
D [2016-07-19 03:21:05.981] MEmu Window not found
D [2016-07-19 03:21:05.982] InitAndroid(False): MEmu END, initialization successful = True
D [2016-07-19 03:21:05.982] UpdateAndroidConfig("MEmu") END
D [2016-07-19 03:21:05.982] UpdateAndroidConfig("droid4x")
D [2016-07-19 03:21:05.982] InitAndroid(False): Droid4X
L [2016-07-19 03:21:05.983] Serious error has occurred: Cannot find Droid4X:
L [2016-07-19 03:21:05.983] C:\Program Files (x86)\Droid4X\Droid4X.exe
D [2016-07-19 03:21:05.983] InitAndroid(False): Droid4X END, initialization successful = False
D [2016-07-19 03:21:05.983] UpdateAndroidConfig("droid4x") END
D [2016-07-19 03:21:05.984] UpdateAndroidConfig("nox")
D [2016-07-19 03:21:05.984] InitAndroid(False): Nox
D [2016-07-19 03:21:06.683] Android: Nox
D [2016-07-19 03:21:06.683] Android Config: 2
D [2016-07-19 03:21:06.683] Android Version: 3.1.0.0
D [2016-07-19 03:21:06.683] Android Instance: nox
D [2016-07-19 03:21:06.683] Android Window Title: No
D [2016-07-19 03:21:06.683] Android Program Path: C:\Users\Amin\AppData\Roaming\Nox\bin\Nox.exe
D [2016-07-19 03:21:06.684] Android Program Parameter: -resolution:860x732 -dpi:160 "-clone:nox"
D [2016-07-19 03:21:06.684] Android ADB Path: C:\Program Files\Microvirt\MEmu\adb.exe
D [2016-07-19 03:21:06.684] Android ADB Device: 127.0.0.1:62001
D [2016-07-19 03:21:06.684] Android ADB Shared Folder: /mnt/shared/Other/
D [2016-07-19 03:21:06.685] Android ADB Shared Folder on Host: C:\Users\Amin\Documents\Nox_share\Other\
D [2016-07-19 03:21:06.685] Android ADB Shared SubFolder: mybot.run\
D [2016-07-19 03:21:06.685] Android Mouse Device: nox Virtual Input
D [2016-07-19 03:21:06.685] Android ADB screencap command enabled: True
D [2016-07-19 03:21:06.685] Android ADB input command enabled: False
D [2016-07-19 03:21:06.685] Android ADB Mouse Click enabled: False
D [2016-07-19 03:21:06.686] Android ADB Click Drag enabled: True
D [2016-07-19 03:21:06.686] Searching Nox Window: Title = 'No', Class = '[CLASS:Qt5QWindowIcon;INSTANCE:4]', Text = ''
D [2016-07-19 03:21:06.691] Nox Window not found
D [2016-07-19 03:21:06.692] InitAndroid(False): Nox END, initialization successful = True
D [2016-07-19 03:21:06.692] UpdateAndroidConfig("nox") END
D [2016-07-19 03:21:06.692] UpdateAndroidConfig("")
D [2016-07-19 03:21:06.692] InitAndroid(False): BlueStacks2
D [2016-07-19 03:21:06.693] BlueStacks2 Engine 'Plus'-Mode: False
D [2016-07-19 03:21:06.693] BlueStacks2 OEM Features: 2754561
D [2016-07-19 03:21:06.693] BlueStacks2 System Bar is not available
D [2016-07-19 03:21:06.693] Searching BlueStacks2 Window: Title = 'BlueStacks ', Class = '[CLASS:BlueStacksApp; INSTANCE:1]', Text = '_ctl.Window'
D [2016-07-19 03:21:06.700] BlueStacks2 Window not found
D [2016-07-19 03:21:06.700] Android: BlueStacks2
D [2016-07-19 03:21:06.700] Android Config: 3
D [2016-07-19 03:21:06.701] Android Version: 2.0.2.5623
D [2016-07-19 03:21:06.701] Android Instance: 
D [2016-07-19 03:21:06.701] Android Window Title: BlueStacks 
D [2016-07-19 03:21:06.701] Android Program Path: C:\Program Files (x86)\BlueStacks\HD-Frontend.exe
D [2016-07-19 03:21:06.701] Android Program Parameter: Android
D [2016-07-19 03:21:06.701] Android ADB Path: C:\Program Files\Microvirt\MEmu\adb.exe
D [2016-07-19 03:21:06.702] Android ADB Device: emulator-5554
D [2016-07-19 03:21:06.702] Android ADB Shared Folder: /storage/sdcard/windows/BstSharedFolder/
D [2016-07-19 03:21:06.702] Android ADB Shared Folder on Host: C:\ProgramData\BlueStacks\UserData\SharedFolder\
D [2016-07-19 03:21:06.702] Android ADB Shared SubFolder: mybot.run\
D [2016-07-19 03:21:06.702] Android Mouse Device: BlueStacks Virtual Touch
D [2016-07-19 03:21:06.704] Android ADB screencap command enabled: False
D [2016-07-19 03:21:06.704] Android ADB input command enabled: False
D [2016-07-19 03:21:06.704] Android ADB Mouse Click enabled: False
D [2016-07-19 03:21:06.704] Android ADB Click Drag enabled: False
D [2016-07-19 03:21:06.705] Searching BlueStacks2 Window: Title = 'BlueStacks ', Class = '[CLASS:BlueStacksApp; INSTANCE:1]', Text = '_ctl.Window'
D [2016-07-19 03:21:06.710] BlueStacks2 Window not found
D [2016-07-19 03:21:06.710] InitAndroid(False): BlueStacks2 END, initialization successful = True
D [2016-07-19 03:21:06.710] UpdateAndroidConfig("") END
D [2016-07-19 03:21:06.710] UpdateAndroidConfig("")
D [2016-07-19 03:21:06.710] InitAndroid(False): BlueStacks
D [2016-07-19 03:21:06.711] BlueStacks Engine 'Plus'-Mode: False
D [2016-07-19 03:21:06.711] BlueStacks OEM Features: 2754561
D [2016-07-19 03:21:06.711] BlueStacks System Bar is not available
D [2016-07-19 03:21:06.712] Searching BlueStacks Window: Title = 'BlueStacks App Player', Class = '[CLASS:BlueStacksApp; INSTANCE:1]', Text = '_ctl.Window'
D [2016-07-19 03:21:06.718] BlueStacks Window not found
L [2016-07-19 03:21:06.718] BlueStacks supported version 0.8.x - 0.11.x not found
D [2016-07-19 03:21:06.718] InitAndroid(False): BlueStacks END, initialization successful = False
D [2016-07-19 03:21:06.718] UpdateAndroidConfig("") END
D [2016-07-19 03:21:06.718] UpdateAndroidConfig("MEmu")
D [2016-07-19 03:21:06.719] InitAndroid(False): MEmu
D [2016-07-19 03:21:07.657] Cannot read MEmu guestproperty phone_layout!
D [2016-07-19 03:21:07.658] Searching MEmu Window: Title = 'MEmu 2.', Class = '[CLASS:subWin; INSTANCE:1]', Text = ''
D [2016-07-19 03:21:07.664] MEmu Window not found
D [2016-07-19 03:21:07.664] Android: MEmu
D [2016-07-19 03:21:07.664] Android Config: 0
D [2016-07-19 03:21:07.664] Android Version: 2.5.0
D [2016-07-19 03:21:07.665] Android Instance: MEmu
D [2016-07-19 03:21:07.665] Android Window Title: MEmu 2.
D [2016-07-19 03:21:07.665] Android Program Path: C:\Program Files\Microvirt\MEmu\MEmu.exe
D [2016-07-19 03:21:07.665] Android Program Parameter: MEmu
D [2016-07-19 03:21:07.665] Android ADB Path: C:\Program Files\Microvirt\MEmu\adb.exe
D [2016-07-19 03:21:07.666] Android ADB Device: 127.0.0.1:21503
D [2016-07-19 03:21:07.666] Android ADB Shared Folder: /mnt/shell/emulated/0/Pictures/
D [2016-07-19 03:21:07.666] Android ADB Shared Folder on Host: C:\Users\Amin\Pictures\MEmu Photo\
D [2016-07-19 03:21:07.666] Android ADB Shared SubFolder: mybot.run\
D [2016-07-19 03:21:07.666] Android Mouse Device: Microvirt Virtual Input
D [2016-07-19 03:21:07.667] Android ADB screencap command enabled: True
D [2016-07-19 03:21:07.667] Android ADB input command enabled: False
D [2016-07-19 03:21:07.667] Android ADB Mouse Click enabled: False
D [2016-07-19 03:21:07.667] Android ADB Click Drag enabled: True
D [2016-07-19 03:21:07.667] Searching MEmu Window: Title = 'MEmu 2.', Class = '[CLASS:subWin; INSTANCE:1]', Text = ''
D [2016-07-19 03:21:07.674] MEmu Window not found
D [2016-07-19 03:21:07.674] InitAndroid(False): MEmu END, initialization successful = True
D [2016-07-19 03:21:07.674] UpdateAndroidConfig("MEmu") END
D [2016-07-19 03:21:08.302] Read Building Config C:\Users\Amin\Desktop\MyBot.Run\MOD AIO\MyBot-AIO-2.1.4\Profiles\MyVillage\building.ini
D [2016-07-19 03:21:08.313] Read Config C:\Users\Amin\Desktop\MyBot.Run\MOD AIO\MyBot-AIO-2.1.4\Profiles\MyVillage\config.ini
D [2016-07-19 03:21:08.367] Apply Config
D [2016-07-19 03:21:08.496] UpdateAndroidConfig("MEmu_1")
D [2016-07-19 03:21:08.496] InitAndroid(False): MEmu
D [2016-07-19 03:21:09.433] Cannot read MEmu guestproperty phone_layout!
D [2016-07-19 03:21:09.433] Searching MEmu Window: Title = 'MEmu 2.', Class = '[CLASS:subWin; INSTANCE:1]', Text = ''
D [2016-07-19 03:21:09.439] MEmu Window not found
D [2016-07-19 03:21:09.439] Android: MEmu
D [2016-07-19 03:21:09.440] Android Config: 0
D [2016-07-19 03:21:09.440] Android Version: 2.5.0
D [2016-07-19 03:21:09.440] Android Instance: MEmu_1
D [2016-07-19 03:21:09.440] Android Window Title: MEmu 2.
D [2016-07-19 03:21:09.440] Android Program Path: C:\Program Files\Microvirt\MEmu\MEmu.exe
D [2016-07-19 03:21:09.441] Android Program Parameter: MEmu_1
D [2016-07-19 03:21:09.441] Android ADB Path: C:\Program Files\Microvirt\MEmu\adb.exe
D [2016-07-19 03:21:09.441] Android ADB Device: 127.0.0.1:21513
D [2016-07-19 03:21:09.441] Android ADB Shared Folder: /mnt/shell/emulated/0/Pictures/
D [2016-07-19 03:21:09.442] Android ADB Shared Folder on Host: C:\Users\Amin\Pictures\MEmu Photo\
D [2016-07-19 03:21:09.442] Android ADB Shared SubFolder: mybot.run\
D [2016-07-19 03:21:09.442] Android Mouse Device: Microvirt Virtual Input
D [2016-07-19 03:21:09.442] Android ADB screencap command enabled: True
D [2016-07-19 03:21:09.442] Android ADB input command enabled: False
D [2016-07-19 03:21:09.443] Android ADB Mouse Click enabled: False
D [2016-07-19 03:21:09.443] Android ADB Click Drag enabled: True
D [2016-07-19 03:21:09.443] Searching MEmu Window: Title = 'MEmu 2.', Class = '[CLASS:subWin; INSTANCE:1]', Text = ''
D [2016-07-19 03:21:09.449] MEmu Window not found
D [2016-07-19 03:21:09.449] InitAndroid(False): MEmu END, initialization successful = True
D [2016-07-19 03:21:09.450] UpdateAndroidConfig("MEmu_1") END
D [2016-07-19 03:21:09.478] Redraw MyBot Window
L [2016-07-19 03:21:10.119] Found installed MEmu 2.5.0
L [2016-07-19 03:21:10.126] Android Emulator Configuration: MEmu (instance MEmu_1)
L [2016-07-19 03:21:12.914] WELCOME CHIEF, YOU HAVE THE LATEST VERSION OF THE BOT
L [2016-07-19 03:21:12.916]  
L [2016-07-19 03:21:12.920] Fully working with May update
L [2016-07-19 03:21:12.923] New GUI and lots of new features
L [2016-07-19 03:21:12.926] For more information, go to 
L [2016-07-19 03:21:12.928] https://mybot.run
L [2016-07-19 03:21:12.931] 
L [2016-07-19 03:21:12.933]  Always free and open source.
D [2016-07-19 03:21:14.245] MyBot.run launch time 16962 ms.
L [2016-07-19 03:34:39.420] Closing Merged My Bot v6.1.4 All In One v2.1.4 (MEmu_1) ...
D [2016-07-19 03:34:39.430] Save Config C:\Users\Amin\Desktop\MyBot.Run\MOD AIO\MyBot-AIO-2.1.4\Profiles\MyVillage\config.ini
D [2016-07-19 03:34:39.854] Save Building Config C:\Users\Amin\Desktop\MyBot.Run\MOD AIO\MyBot-AIO-2.1.4\Profiles\MyVillage\building.ini
