D [2016-07-19 03:13:43.399] @AutoItExe: C:\Program Files (x86)\AutoIt3\AutoIt3.exe
D [2016-07-19 03:13:43.400] @ScriptFullPath: C:\Users\Amin\Desktop\MyBot.Run\MOD AIO\MyBot-AIO-2.1.4\MyBot.run.au3
D [2016-07-19 03:13:43.400] @WorkingDir: C:\Users\Amin\Desktop\MyBot.Run\MOD AIO\MyBot-AIO-2.1.4
D [2016-07-19 03:13:43.400] @AutoItPID: 5836
D [2016-07-19 03:13:43.431] DetectRunningAndroid()
D [2016-07-19 03:13:43.431] UpdateAndroidConfig("MEmu")
D [2016-07-19 03:13:43.432] InitAndroid(False): MEmu
D [2016-07-19 03:13:44.439] Cannot read MEmu guestproperty phone_layout!
D [2016-07-19 03:13:44.439] Searching MEmu Window: Title = 'MEmu 2.', Class = '[CLASS:subWin; INSTANCE:1]', Text = ''
D [2016-07-19 03:13:44.444] MEmu Window not found
D [2016-07-19 03:13:44.445] Android: MEmu
D [2016-07-19 03:13:44.445] Android Config: 0
D [2016-07-19 03:13:44.445] Android Version: 2.5.0
D [2016-07-19 03:13:44.445] Android Instance: MEmu
D [2016-07-19 03:13:44.445] Android Window Title: MEmu 2.
D [2016-07-19 03:13:44.446] Android Program Path: C:\Program Files\Microvirt\MEmu\MEmu.exe
D [2016-07-19 03:13:44.446] Android Program Parameter: MEmu
D [2016-07-19 03:13:44.446] Android ADB Path: C:\Program Files\Microvirt\MEmu\adb.exe
D [2016-07-19 03:13:44.446] Android ADB Device: 127.0.0.1:21503
D [2016-07-19 03:13:44.446] Android ADB Shared Folder: /mnt/shell/emulated/0/Pictures/
D [2016-07-19 03:13:44.447] Android ADB Shared Folder on Host: C:\Users\Amin\Pictures\MEmu Photo\
D [2016-07-19 03:13:44.447] Android ADB Shared SubFolder: mybot.run\
D [2016-07-19 03:13:44.447] Android Mouse Device: Microvirt Virtual Input
D [2016-07-19 03:13:44.447] Android ADB screencap command enabled: True
D [2016-07-19 03:13:44.447] Android ADB input command enabled: False
D [2016-07-19 03:13:44.447] Android ADB Mouse Click enabled: False
D [2016-07-19 03:13:44.448] Android ADB Click Drag enabled: True
D [2016-07-19 03:13:44.448] Searching MEmu Window: Title = 'MEmu 2.', Class = '[CLASS:subWin; INSTANCE:1]', Text = ''
D [2016-07-19 03:13:44.451] MEmu Window not found
D [2016-07-19 03:13:44.451] InitAndroid(False): MEmu END, initialization successful = True
D [2016-07-19 03:13:44.452] UpdateAndroidConfig("MEmu") END
D [2016-07-19 03:13:44.452] GetAndroidRunningInstance: Try to find "C:\Program Files\Microvirt\MEmu\MEmu.exe"
D [2016-07-19 03:13:44.459] ObjGet("winmgmts:\\.\root\cimv2")
D [2016-07-19 03:13:44.459] WMI Query: Select * from Win32_Process where ExecutablePath like "%C:\\Program Files\\Microvirt\\MEmu\\MEmu.exe%"
D [2016-07-19 03:13:44.501] Process by CommandLine not found: C:\Program Files\Microvirt\MEmu\MEmu.exe
D [2016-07-19 03:13:44.501] UpdateAndroidConfig("droid4x")
D [2016-07-19 03:13:44.502] InitAndroid(False): Droid4X
L [2016-07-19 03:13:44.502] Serious error has occurred: Cannot find Droid4X:
L [2016-07-19 03:13:44.503] C:\Program Files (x86)\Droid4X\Droid4X.exe
D [2016-07-19 03:13:44.503] InitAndroid(False): Droid4X END, initialization successful = False
D [2016-07-19 03:13:44.503] UpdateAndroidConfig("droid4x") END
D [2016-07-19 03:13:44.503] UpdateAndroidConfig("nox")
D [2016-07-19 03:13:44.503] InitAndroid(False): Nox
D [2016-07-19 03:13:45.192] Android: Nox
D [2016-07-19 03:13:45.193] Android Config: 2
D [2016-07-19 03:13:45.193] Android Version: 3.1.0.0
D [2016-07-19 03:13:45.193] Android Instance: nox
D [2016-07-19 03:13:45.193] Android Window Title: No
D [2016-07-19 03:13:45.193] Android Program Path: C:\Users\Amin\AppData\Roaming\Nox\bin\Nox.exe
D [2016-07-19 03:13:45.194] Android Program Parameter: -resolution:860x732 -dpi:160 "-clone:nox"
D [2016-07-19 03:13:45.194] Android ADB Path: C:\Program Files\Microvirt\MEmu\adb.exe
D [2016-07-19 03:13:45.194] Android ADB Device: 127.0.0.1:62001
D [2016-07-19 03:13:45.194] Android ADB Shared Folder: /mnt/shared/Other/
D [2016-07-19 03:13:45.195] Android ADB Shared Folder on Host: C:\Users\Amin\Documents\Nox_share\Other\
D [2016-07-19 03:13:45.195] Android ADB Shared SubFolder: mybot.run\
D [2016-07-19 03:13:45.195] Android Mouse Device: nox Virtual Input
D [2016-07-19 03:13:45.195] Android ADB screencap command enabled: True
D [2016-07-19 03:13:45.195] Android ADB input command enabled: False
D [2016-07-19 03:13:45.196] Android ADB Mouse Click enabled: False
D [2016-07-19 03:13:45.196] Android ADB Click Drag enabled: True
D [2016-07-19 03:13:45.196] Searching Nox Window: Title = 'No', Class = '[CLASS:Qt5QWindowIcon;INSTANCE:4]', Text = ''
D [2016-07-19 03:13:45.200] Nox Window not found
D [2016-07-19 03:13:45.200] InitAndroid(False): Nox END, initialization successful = True
D [2016-07-19 03:13:45.200] UpdateAndroidConfig("nox") END
D [2016-07-19 03:13:45.200] GetAndroidRunningInstance: Try to find "C:\Users\Amin\AppData\Roaming\Nox\bin\Nox.exe"
D [2016-07-19 03:13:45.202] ObjGet("winmgmts:\\.\root\cimv2")
D [2016-07-19 03:13:45.202] WMI Query: Select * from Win32_Process where ExecutablePath like "%C:\\Users\\Amin\\AppData\\Roaming\\Nox\\bin\\Nox.exe%"
D [2016-07-19 03:13:45.243] No process found by CommandLine: C:\Users\Amin\AppData\Roaming\Nox\bin\Nox.exe
D [2016-07-19 03:13:45.244] UpdateAndroidConfig("")
D [2016-07-19 03:13:45.244] InitAndroid(False): BlueStacks2
D [2016-07-19 03:13:45.245] BlueStacks2 Engine 'Plus'-Mode: False
D [2016-07-19 03:13:45.245] BlueStacks2 OEM Features: 2754561
D [2016-07-19 03:13:45.245] BlueStacks2 System Bar is not available
D [2016-07-19 03:13:45.245] Searching BlueStacks2 Window: Title = 'BlueStacks ', Class = '[CLASS:BlueStacksApp; INSTANCE:1]', Text = '_ctl.Window'
D [2016-07-19 03:13:45.249] BlueStacks2 Window not found
D [2016-07-19 03:13:45.249] Android: BlueStacks2
D [2016-07-19 03:13:45.249] Android Config: 3
D [2016-07-19 03:13:45.250] Android Version: 2.0.2.5623
D [2016-07-19 03:13:45.250] Android Instance: 
D [2016-07-19 03:13:45.250] Android Window Title: BlueStacks 
D [2016-07-19 03:13:45.250] Android Program Path: C:\Program Files (x86)\BlueStacks\HD-Frontend.exe
D [2016-07-19 03:13:45.250] Android Program Parameter: Android
D [2016-07-19 03:13:45.251] Android ADB Path: C:\Program Files\Microvirt\MEmu\adb.exe
D [2016-07-19 03:13:45.251] Android ADB Device: emulator-5554
D [2016-07-19 03:13:45.251] Android ADB Shared Folder: /storage/sdcard/windows/BstSharedFolder/
D [2016-07-19 03:13:45.251] Android ADB Shared Folder on Host: C:\ProgramData\BlueStacks\UserData\SharedFolder\
D [2016-07-19 03:13:45.251] Android ADB Shared SubFolder: mybot.run\
D [2016-07-19 03:13:45.252] Android Mouse Device: BlueStacks Virtual Touch
D [2016-07-19 03:13:45.252] Android ADB screencap command enabled: False
D [2016-07-19 03:13:45.252] Android ADB input command enabled: False
D [2016-07-19 03:13:45.252] Android ADB Mouse Click enabled: False
D [2016-07-19 03:13:45.252] Android ADB Click Drag enabled: False
D [2016-07-19 03:13:45.253] Searching BlueStacks2 Window: Title = 'BlueStacks ', Class = '[CLASS:BlueStacksApp; INSTANCE:1]', Text = '_ctl.Window'
D [2016-07-19 03:13:45.257] BlueStacks2 Window not found
D [2016-07-19 03:13:45.257] InitAndroid(False): BlueStacks2 END, initialization successful = True
D [2016-07-19 03:13:45.258] UpdateAndroidConfig("") END
D [2016-07-19 03:13:45.258] Searching BlueStacks2 Window: Title = 'BlueStacks ', Class = '[CLASS:BlueStacksApp; INSTANCE:1]', Text = '_ctl.Window'
D [2016-07-19 03:13:45.261] BlueStacks2 Window not found
D [2016-07-19 03:13:45.262] UpdateAndroidConfig("")
D [2016-07-19 03:13:45.263] InitAndroid(False): BlueStacks
D [2016-07-19 03:13:45.263] BlueStacks Engine 'Plus'-Mode: False
D [2016-07-19 03:13:45.263] BlueStacks OEM Features: 2754561
D [2016-07-19 03:13:45.264] BlueStacks System Bar is not available
D [2016-07-19 03:13:45.264] Searching BlueStacks Window: Title = 'BlueStacks App Player', Class = '[CLASS:BlueStacksApp; INSTANCE:1]', Text = '_ctl.Window'
D [2016-07-19 03:13:45.268] BlueStacks Window not found
L [2016-07-19 03:13:45.269] BlueStacks supported version 0.8.x - 0.11.x not found
D [2016-07-19 03:13:45.269] InitAndroid(False): BlueStacks END, initialization successful = False
D [2016-07-19 03:13:45.269] UpdateAndroidConfig("") END
D [2016-07-19 03:13:45.269] UpdateAndroidConfig("MEmu")
D [2016-07-19 03:13:45.270] InitAndroid(False): MEmu
D [2016-07-19 03:13:46.208] Cannot read MEmu guestproperty phone_layout!
D [2016-07-19 03:13:46.208] Searching MEmu Window: Title = 'MEmu 2.', Class = '[CLASS:subWin; INSTANCE:1]', Text = ''
D [2016-07-19 03:13:46.211] MEmu Window not found
D [2016-07-19 03:13:46.211] Android: MEmu
D [2016-07-19 03:13:46.212] Android Config: 0
D [2016-07-19 03:13:46.212] Android Version: 2.5.0
D [2016-07-19 03:13:46.212] Android Instance: MEmu
D [2016-07-19 03:13:46.212] Android Window Title: MEmu 2.
D [2016-07-19 03:13:46.212] Android Program Path: C:\Program Files\Microvirt\MEmu\MEmu.exe
D [2016-07-19 03:13:46.213] Android Program Parameter: MEmu
D [2016-07-19 03:13:46.213] Android ADB Path: C:\Program Files\Microvirt\MEmu\adb.exe
D [2016-07-19 03:13:46.213] Android ADB Device: 127.0.0.1:21503
D [2016-07-19 03:13:46.213] Android ADB Shared Folder: /mnt/shell/emulated/0/Pictures/
D [2016-07-19 03:13:46.213] Android ADB Shared Folder on Host: C:\Users\Amin\Pictures\MEmu Photo\
D [2016-07-19 03:13:46.214] Android ADB Shared SubFolder: mybot.run\
D [2016-07-19 03:13:46.214] Android Mouse Device: Microvirt Virtual Input
D [2016-07-19 03:13:46.214] Android ADB screencap command enabled: True
D [2016-07-19 03:13:46.214] Android ADB input command enabled: False
D [2016-07-19 03:13:46.214] Android ADB Mouse Click enabled: False
D [2016-07-19 03:13:46.214] Android ADB Click Drag enabled: True
D [2016-07-19 03:13:46.215] Searching MEmu Window: Title = 'MEmu 2.', Class = '[CLASS:subWin; INSTANCE:1]', Text = ''
D [2016-07-19 03:13:46.219] MEmu Window not found
D [2016-07-19 03:13:46.219] InitAndroid(False): MEmu END, initialization successful = True
D [2016-07-19 03:13:46.219] UpdateAndroidConfig("MEmu") END
D [2016-07-19 03:13:46.220] Found no running Android Emulator
D [2016-07-19 03:13:46.220] DetectInstalledAndroid()
D [2016-07-19 03:13:46.220] UpdateAndroidConfig("MEmu")
D [2016-07-19 03:13:46.220] InitAndroid(False): MEmu
D [2016-07-19 03:13:47.156] Cannot read MEmu guestproperty phone_layout!
D [2016-07-19 03:13:47.156] Searching MEmu Window: Title = 'MEmu 2.', Class = '[CLASS:subWin; INSTANCE:1]', Text = ''
D [2016-07-19 03:13:47.161] MEmu Window not found
D [2016-07-19 03:13:47.161] Android: MEmu
D [2016-07-19 03:13:47.162] Android Config: 0
D [2016-07-19 03:13:47.162] Android Version: 2.5.0
D [2016-07-19 03:13:47.162] Android Instance: MEmu
D [2016-07-19 03:13:47.162] Android Window Title: MEmu 2.
D [2016-07-19 03:13:47.162] Android Program Path: C:\Program Files\Microvirt\MEmu\MEmu.exe
D [2016-07-19 03:13:47.163] Android Program Parameter: MEmu
D [2016-07-19 03:13:47.163] Android ADB Path: C:\Program Files\Microvirt\MEmu\adb.exe
D [2016-07-19 03:13:47.163] Android ADB Device: 127.0.0.1:21503
D [2016-07-19 03:13:47.163] Android ADB Shared Folder: /mnt/shell/emulated/0/Pictures/
D [2016-07-19 03:13:47.164] Android ADB Shared Folder on Host: C:\Users\Amin\Pictures\MEmu Photo\
D [2016-07-19 03:13:47.164] Android ADB Shared SubFolder: mybot.run\
D [2016-07-19 03:13:47.164] Android Mouse Device: Microvirt Virtual Input
D [2016-07-19 03:13:47.164] Android ADB screencap command enabled: True
D [2016-07-19 03:13:47.164] Android ADB input command enabled: False
D [2016-07-19 03:13:47.164] Android ADB Mouse Click enabled: False
D [2016-07-19 03:13:47.165] Android ADB Click Drag enabled: True
D [2016-07-19 03:13:47.165] Searching MEmu Window: Title = 'MEmu 2.', Class = '[CLASS:subWin; INSTANCE:1]', Text = ''
D [2016-07-19 03:13:47.168] MEmu Window not found
D [2016-07-19 03:13:47.168] InitAndroid(False): MEmu END, initialization successful = True
D [2016-07-19 03:13:47.169] UpdateAndroidConfig("MEmu") END
D [2016-07-19 03:13:47.169] Found installed MEmu 2.5.0
D [2016-07-19 03:13:47.170] My Bot is the only running instance
D [2016-07-19 03:13:51.391] UpdateAndroidConfig("MEmu")
D [2016-07-19 03:13:51.391] InitAndroid(False): MEmu
D [2016-07-19 03:13:52.330] Cannot read MEmu guestproperty phone_layout!
D [2016-07-19 03:13:52.331] Searching MEmu Window: Title = 'MEmu 2.', Class = '[CLASS:subWin; INSTANCE:1]', Text = ''
D [2016-07-19 03:13:52.337] MEmu Window not found
D [2016-07-19 03:13:52.337] Android: MEmu
D [2016-07-19 03:13:52.337] Android Config: 0
D [2016-07-19 03:13:52.337] Android Version: 2.5.0
D [2016-07-19 03:13:52.337] Android Instance: MEmu
D [2016-07-19 03:13:52.338] Android Window Title: MEmu 2.
D [2016-07-19 03:13:52.338] Android Program Path: C:\Program Files\Microvirt\MEmu\MEmu.exe
D [2016-07-19 03:13:52.338] Android Program Parameter: MEmu
D [2016-07-19 03:13:52.338] Android ADB Path: C:\Program Files\Microvirt\MEmu\adb.exe
D [2016-07-19 03:13:52.338] Android ADB Device: 127.0.0.1:21503
D [2016-07-19 03:13:52.339] Android ADB Shared Folder: /mnt/shell/emulated/0/Pictures/
D [2016-07-19 03:13:52.339] Android ADB Shared Folder on Host: C:\Users\Amin\Pictures\MEmu Photo\
D [2016-07-19 03:13:52.339] Android ADB Shared SubFolder: mybot.run\
D [2016-07-19 03:13:52.339] Android Mouse Device: Microvirt Virtual Input
D [2016-07-19 03:13:52.339] Android ADB screencap command enabled: True
D [2016-07-19 03:13:52.340] Android ADB input command enabled: False
D [2016-07-19 03:13:52.340] Android ADB Mouse Click enabled: False
D [2016-07-19 03:13:52.340] Android ADB Click Drag enabled: True
D [2016-07-19 03:13:52.340] Searching MEmu Window: Title = 'MEmu 2.', Class = '[CLASS:subWin; INSTANCE:1]', Text = ''
D [2016-07-19 03:13:52.346] MEmu Window not found
D [2016-07-19 03:13:52.346] InitAndroid(False): MEmu END, initialization successful = True
D [2016-07-19 03:13:52.347] UpdateAndroidConfig("MEmu") END
D [2016-07-19 03:13:52.347] UpdateAndroidConfig("droid4x")
D [2016-07-19 03:13:52.347] InitAndroid(False): Droid4X
L [2016-07-19 03:13:52.348] Serious error has occurred: Cannot find Droid4X:
L [2016-07-19 03:13:52.348] C:\Program Files (x86)\Droid4X\Droid4X.exe
D [2016-07-19 03:13:52.348] InitAndroid(False): Droid4X END, initialization successful = False
D [2016-07-19 03:13:52.348] UpdateAndroidConfig("droid4x") END
D [2016-07-19 03:13:52.349] UpdateAndroidConfig("nox")
D [2016-07-19 03:13:52.349] InitAndroid(False): Nox
D [2016-07-19 03:13:53.050] Android: Nox
D [2016-07-19 03:13:53.050] Android Config: 2
D [2016-07-19 03:13:53.050] Android Version: 3.1.0.0
D [2016-07-19 03:13:53.050] Android Instance: nox
D [2016-07-19 03:13:53.050] Android Window Title: No
D [2016-07-19 03:13:53.051] Android Program Path: C:\Users\Amin\AppData\Roaming\Nox\bin\Nox.exe
D [2016-07-19 03:13:53.051] Android Program Parameter: -resolution:860x732 -dpi:160 "-clone:nox"
D [2016-07-19 03:13:53.051] Android ADB Path: C:\Program Files\Microvirt\MEmu\adb.exe
D [2016-07-19 03:13:53.051] Android ADB Device: 127.0.0.1:62001
D [2016-07-19 03:13:53.051] Android ADB Shared Folder: /mnt/shared/Other/
D [2016-07-19 03:13:53.052] Android ADB Shared Folder on Host: C:\Users\Amin\Documents\Nox_share\Other\
D [2016-07-19 03:13:53.052] Android ADB Shared SubFolder: mybot.run\
D [2016-07-19 03:13:53.052] Android Mouse Device: nox Virtual Input
D [2016-07-19 03:13:53.052] Android ADB screencap command enabled: True
D [2016-07-19 03:13:53.052] Android ADB input command enabled: False
D [2016-07-19 03:13:53.053] Android ADB Mouse Click enabled: False
D [2016-07-19 03:13:53.053] Android ADB Click Drag enabled: True
D [2016-07-19 03:13:53.053] Searching Nox Window: Title = 'No', Class = '[CLASS:Qt5QWindowIcon;INSTANCE:4]', Text = ''
D [2016-07-19 03:13:53.058] Nox Window not found
D [2016-07-19 03:13:53.058] InitAndroid(False): Nox END, initialization successful = True
D [2016-07-19 03:13:53.059] UpdateAndroidConfig("nox") END
D [2016-07-19 03:13:53.059] UpdateAndroidConfig("")
D [2016-07-19 03:13:53.059] InitAndroid(False): BlueStacks2
D [2016-07-19 03:13:53.060] BlueStacks2 Engine 'Plus'-Mode: False
D [2016-07-19 03:13:53.060] BlueStacks2 OEM Features: 2754561
D [2016-07-19 03:13:53.060] BlueStacks2 System Bar is not available
D [2016-07-19 03:13:53.060] Searching BlueStacks2 Window: Title = 'BlueStacks ', Class = '[CLASS:BlueStacksApp; INSTANCE:1]', Text = '_ctl.Window'
D [2016-07-19 03:13:53.067] BlueStacks2 Window not found
D [2016-07-19 03:13:53.067] Android: BlueStacks2
D [2016-07-19 03:13:53.067] Android Config: 3
D [2016-07-19 03:13:53.067] Android Version: 2.0.2.5623
D [2016-07-19 03:13:53.067] Android Instance: 
D [2016-07-19 03:13:53.068] Android Window Title: BlueStacks 
D [2016-07-19 03:13:53.068] Android Program Path: C:\Program Files (x86)\BlueStacks\HD-Frontend.exe
D [2016-07-19 03:13:53.068] Android Program Parameter: Android
D [2016-07-19 03:13:53.068] Android ADB Path: C:\Program Files\Microvirt\MEmu\adb.exe
D [2016-07-19 03:13:53.068] Android ADB Device: emulator-5554
D [2016-07-19 03:13:53.068] Android ADB Shared Folder: /storage/sdcard/windows/BstSharedFolder/
D [2016-07-19 03:13:53.069] Android ADB Shared Folder on Host: C:\ProgramData\BlueStacks\UserData\SharedFolder\
D [2016-07-19 03:13:53.069] Android ADB Shared SubFolder: mybot.run\
D [2016-07-19 03:13:53.069] Android Mouse Device: BlueStacks Virtual Touch
D [2016-07-19 03:13:53.069] Android ADB screencap command enabled: False
D [2016-07-19 03:13:53.069] Android ADB input command enabled: False
D [2016-07-19 03:13:53.070] Android ADB Mouse Click enabled: False
D [2016-07-19 03:13:53.070] Android ADB Click Drag enabled: False
D [2016-07-19 03:13:53.070] Searching BlueStacks2 Window: Title = 'BlueStacks ', Class = '[CLASS:BlueStacksApp; INSTANCE:1]', Text = '_ctl.Window'
D [2016-07-19 03:13:53.076] BlueStacks2 Window not found
D [2016-07-19 03:13:53.076] InitAndroid(False): BlueStacks2 END, initialization successful = True
D [2016-07-19 03:13:53.076] UpdateAndroidConfig("") END
D [2016-07-19 03:13:53.076] UpdateAndroidConfig("")
D [2016-07-19 03:13:53.076] InitAndroid(False): BlueStacks
D [2016-07-19 03:13:53.077] BlueStacks Engine 'Plus'-Mode: False
D [2016-07-19 03:13:53.077] BlueStacks OEM Features: 2754561
D [2016-07-19 03:13:53.077] BlueStacks System Bar is not available
D [2016-07-19 03:13:53.078] Searching BlueStacks Window: Title = 'BlueStacks App Player', Class = '[CLASS:BlueStacksApp; INSTANCE:1]', Text = '_ctl.Window'
D [2016-07-19 03:13:53.084] BlueStacks Window not found
L [2016-07-19 03:13:53.084] BlueStacks supported version 0.8.x - 0.11.x not found
D [2016-07-19 03:13:53.084] InitAndroid(False): BlueStacks END, initialization successful = False
D [2016-07-19 03:13:53.084] UpdateAndroidConfig("") END
D [2016-07-19 03:13:53.085] UpdateAndroidConfig("MEmu")
D [2016-07-19 03:13:53.085] InitAndroid(False): MEmu
D [2016-07-19 03:13:54.026] Cannot read MEmu guestproperty phone_layout!
D [2016-07-19 03:13:54.026] Searching MEmu Window: Title = 'MEmu 2.', Class = '[CLASS:subWin; INSTANCE:1]', Text = ''
D [2016-07-19 03:13:54.033] MEmu Window not found
D [2016-07-19 03:13:54.033] Android: MEmu
D [2016-07-19 03:13:54.033] Android Config: 0
D [2016-07-19 03:13:54.033] Android Version: 2.5.0
D [2016-07-19 03:13:54.033] Android Instance: MEmu
D [2016-07-19 03:13:54.034] Android Window Title: MEmu 2.
D [2016-07-19 03:13:54.034] Android Program Path: C:\Program Files\Microvirt\MEmu\MEmu.exe
D [2016-07-19 03:13:54.034] Android Program Parameter: MEmu
D [2016-07-19 03:13:54.034] Android ADB Path: C:\Program Files\Microvirt\MEmu\adb.exe
D [2016-07-19 03:13:54.034] Android ADB Device: 127.0.0.1:21503
D [2016-07-19 03:13:54.034] Android ADB Shared Folder: /mnt/shell/emulated/0/Pictures/
D [2016-07-19 03:13:54.035] Android ADB Shared Folder on Host: C:\Users\Amin\Pictures\MEmu Photo\
D [2016-07-19 03:13:54.035] Android ADB Shared SubFolder: mybot.run\
D [2016-07-19 03:13:54.035] Android Mouse Device: Microvirt Virtual Input
D [2016-07-19 03:13:54.035] Android ADB screencap command enabled: True
D [2016-07-19 03:13:54.035] Android ADB input command enabled: False
D [2016-07-19 03:13:54.036] Android ADB Mouse Click enabled: False
D [2016-07-19 03:13:54.036] Android ADB Click Drag enabled: True
D [2016-07-19 03:13:54.036] Searching MEmu Window: Title = 'MEmu 2.', Class = '[CLASS:subWin; INSTANCE:1]', Text = ''
D [2016-07-19 03:13:54.041] MEmu Window not found
D [2016-07-19 03:13:54.041] InitAndroid(False): MEmu END, initialization successful = True
D [2016-07-19 03:13:54.041] UpdateAndroidConfig("MEmu") END
D [2016-07-19 03:13:54.689] Read Building Config C:\Users\Amin\Desktop\MyBot.Run\MOD AIO\MyBot-AIO-2.1.4\Profiles\MyVillage\building.ini
D [2016-07-19 03:13:54.700] Read Config C:\Users\Amin\Desktop\MyBot.Run\MOD AIO\MyBot-AIO-2.1.4\Profiles\MyVillage\config.ini
D [2016-07-19 03:13:54.754] Apply Config
D [2016-07-19 03:13:54.884] UpdateAndroidConfig("MEmu_1")
D [2016-07-19 03:13:54.884] InitAndroid(False): MEmu
D [2016-07-19 03:13:55.824] Cannot read MEmu guestproperty phone_layout!
D [2016-07-19 03:13:55.824] Searching MEmu Window: Title = 'MEmu 2.', Class = '[CLASS:subWin; INSTANCE:1]', Text = ''
D [2016-07-19 03:13:55.831] MEmu Window not found
D [2016-07-19 03:13:55.831] Android: MEmu
D [2016-07-19 03:13:55.832] Android Config: 0
D [2016-07-19 03:13:55.832] Android Version: 2.5.0
D [2016-07-19 03:13:55.832] Android Instance: MEmu_1
D [2016-07-19 03:13:55.832] Android Window Title: MEmu 2.
D [2016-07-19 03:13:55.832] Android Program Path: C:\Program Files\Microvirt\MEmu\MEmu.exe
D [2016-07-19 03:13:55.833] Android Program Parameter: MEmu_1
D [2016-07-19 03:13:55.833] Android ADB Path: C:\Program Files\Microvirt\MEmu\adb.exe
D [2016-07-19 03:13:55.833] Android ADB Device: 127.0.0.1:21513
D [2016-07-19 03:13:55.833] Android ADB Shared Folder: /mnt/shell/emulated/0/Pictures/
D [2016-07-19 03:13:55.834] Android ADB Shared Folder on Host: C:\Users\Amin\Pictures\MEmu Photo\
D [2016-07-19 03:13:55.834] Android ADB Shared SubFolder: mybot.run\
D [2016-07-19 03:13:55.834] Android Mouse Device: Microvirt Virtual Input
D [2016-07-19 03:13:55.834] Android ADB screencap command enabled: True
D [2016-07-19 03:13:55.834] Android ADB input command enabled: False
D [2016-07-19 03:13:55.835] Android ADB Mouse Click enabled: False
D [2016-07-19 03:13:55.835] Android ADB Click Drag enabled: True
D [2016-07-19 03:13:55.835] Searching MEmu Window: Title = 'MEmu 2.', Class = '[CLASS:subWin; INSTANCE:1]', Text = ''
D [2016-07-19 03:13:55.848] MEmu Window not found
D [2016-07-19 03:13:55.848] InitAndroid(False): MEmu END, initialization successful = True
D [2016-07-19 03:13:55.848] UpdateAndroidConfig("MEmu_1") END
D [2016-07-19 03:13:55.849] Redraw MyBot Window
L [2016-07-19 03:13:56.448] Found installed MEmu 2.5.0
L [2016-07-19 03:13:56.496] Android Emulator Configuration: MEmu (instance MEmu_1)
D [2016-07-19 03:13:59.329] Redraw MyBot ControlIds (forced): 0x00131CE8, 0x001408B4
L [2016-07-19 03:13:59.346] WELCOME CHIEF, YOU HAVE THE LATEST VERSION OF THE BOT
L [2016-07-19 03:13:59.351]  
L [2016-07-19 03:13:59.355] Fully working with May update
L [2016-07-19 03:13:59.361] New GUI and lots of new features
L [2016-07-19 03:13:59.365] For more information, go to 
L [2016-07-19 03:13:59.370] https://mybot.run
L [2016-07-19 03:13:59.375] 
L [2016-07-19 03:13:59.379]  Always free and open source.
D [2016-07-19 03:14:00.945] MyBot.run launch time 17554 ms.
L [2016-07-19 03:14:47.000] Closing Merged My Bot v6.1.4 All In One v2.1.4 (MEmu_1) ...
D [2016-07-19 03:14:47.009] Save Config C:\Users\Amin\Desktop\MyBot.Run\MOD AIO\MyBot-AIO-2.1.4\Profiles\MyVillage\config.ini
D [2016-07-19 03:14:47.446] Save Building Config C:\Users\Amin\Desktop\MyBot.Run\MOD AIO\MyBot-AIO-2.1.4\Profiles\MyVillage\building.ini
