D [2016-07-19 03:53:52.527] @AutoItExe: C:\Program Files (x86)\AutoIt3\AutoIt3.exe
D [2016-07-19 03:53:52.528] @ScriptFullPath: C:\Users\Amin\Desktop\MyBot.Run\MOD AIO\MyBot-AIO-2.1.4\MyBot.run.au3
D [2016-07-19 03:53:52.528] @WorkingDir: C:\Users\Amin\Desktop\MyBot.Run\MOD AIO\MyBot-AIO-2.1.4
D [2016-07-19 03:53:52.528] @AutoItPID: 4164
D [2016-07-19 03:53:52.557] DetectRunningAndroid()
D [2016-07-19 03:53:52.557] UpdateAndroidConfig("MEmu")
D [2016-07-19 03:53:52.557] InitAndroid(False): MEmu
D [2016-07-19 03:53:53.569] Cannot read MEmu guestproperty phone_layout!
D [2016-07-19 03:53:53.570] Searching MEmu Window: Title = 'MEmu 2.', Class = '[CLASS:subWin; INSTANCE:1]', Text = ''
D [2016-07-19 03:53:53.574] MEmu Window not found
D [2016-07-19 03:53:53.574] Android: MEmu
D [2016-07-19 03:53:53.575] Android Config: 0
D [2016-07-19 03:53:53.575] Android Version: 2.5.0
D [2016-07-19 03:53:53.575] Android Instance: MEmu
D [2016-07-19 03:53:53.575] Android Window Title: MEmu 2.
D [2016-07-19 03:53:53.575] Android Program Path: C:\Program Files\Microvirt\MEmu\MEmu.exe
D [2016-07-19 03:53:53.576] Android Program Parameter: MEmu
D [2016-07-19 03:53:53.576] Android ADB Path: C:\Program Files\Microvirt\MEmu\adb.exe
D [2016-07-19 03:53:53.576] Android ADB Device: 127.0.0.1:21503
D [2016-07-19 03:53:53.576] Android ADB Shared Folder: /mnt/shell/emulated/0/Pictures/
D [2016-07-19 03:53:53.576] Android ADB Shared Folder on Host: C:\Users\Amin\Pictures\MEmu Photo\
D [2016-07-19 03:53:53.577] Android ADB Shared SubFolder: mybot.run\
D [2016-07-19 03:53:53.577] Android Mouse Device: Microvirt Virtual Input
D [2016-07-19 03:53:53.577] Android ADB screencap command enabled: True
D [2016-07-19 03:53:53.577] Android ADB input command enabled: False
D [2016-07-19 03:53:53.577] Android ADB Mouse Click enabled: False
D [2016-07-19 03:53:53.577] Android ADB Click Drag enabled: True
D [2016-07-19 03:53:53.578] Searching MEmu Window: Title = 'MEmu 2.', Class = '[CLASS:subWin; INSTANCE:1]', Text = ''
D [2016-07-19 03:53:53.581] MEmu Window not found
D [2016-07-19 03:53:53.581] InitAndroid(False): MEmu END, initialization successful = True
D [2016-07-19 03:53:53.582] UpdateAndroidConfig("MEmu") END
D [2016-07-19 03:53:53.582] GetAndroidRunningInstance: Try to find "C:\Program Files\Microvirt\MEmu\MEmu.exe"
D [2016-07-19 03:53:53.588] ObjGet("winmgmts:\\.\root\cimv2")
D [2016-07-19 03:53:53.588] WMI Query: Select * from Win32_Process where ExecutablePath like "%C:\\Program Files\\Microvirt\\MEmu\\MEmu.exe%"
D [2016-07-19 03:53:53.632] Process by CommandLine not found: C:\Program Files\Microvirt\MEmu\MEmu.exe
D [2016-07-19 03:53:53.633] UpdateAndroidConfig("droid4x")
D [2016-07-19 03:53:53.633] InitAndroid(False): Droid4X
L [2016-07-19 03:53:53.634] Serious error has occurred: Cannot find Droid4X:
L [2016-07-19 03:53:53.634] C:\Program Files (x86)\Droid4X\Droid4X.exe
D [2016-07-19 03:53:53.634] InitAndroid(False): Droid4X END, initialization successful = False
D [2016-07-19 03:53:53.635] UpdateAndroidConfig("droid4x") END
D [2016-07-19 03:53:53.635] UpdateAndroidConfig("nox")
D [2016-07-19 03:53:53.635] InitAndroid(False): Nox
D [2016-07-19 03:53:54.330] Android: Nox
D [2016-07-19 03:53:54.330] Android Config: 2
D [2016-07-19 03:53:54.330] Android Version: 3.1.0.0
D [2016-07-19 03:53:54.330] Android Instance: nox
D [2016-07-19 03:53:54.331] Android Window Title: No
D [2016-07-19 03:53:54.331] Android Program Path: C:\Users\Amin\AppData\Roaming\Nox\bin\Nox.exe
D [2016-07-19 03:53:54.331] Android Program Parameter: -resolution:860x732 -dpi:160 "-clone:nox"
D [2016-07-19 03:53:54.331] Android ADB Path: C:\Program Files\Microvirt\MEmu\adb.exe
D [2016-07-19 03:53:54.331] Android ADB Device: 127.0.0.1:62001
D [2016-07-19 03:53:54.332] Android ADB Shared Folder: /mnt/shared/Other/
D [2016-07-19 03:53:54.332] Android ADB Shared Folder on Host: C:\Users\Amin\Documents\Nox_share\Other\
D [2016-07-19 03:53:54.332] Android ADB Shared SubFolder: mybot.run\
D [2016-07-19 03:53:54.332] Android Mouse Device: nox Virtual Input
D [2016-07-19 03:53:54.332] Android ADB screencap command enabled: True
D [2016-07-19 03:53:54.333] Android ADB input command enabled: False
D [2016-07-19 03:53:54.333] Android ADB Mouse Click enabled: False
D [2016-07-19 03:53:54.333] Android ADB Click Drag enabled: True
D [2016-07-19 03:53:54.333] Searching Nox Window: Title = 'No', Class = '[CLASS:Qt5QWindowIcon;INSTANCE:4]', Text = ''
D [2016-07-19 03:53:54.337] Nox Window not found
D [2016-07-19 03:53:54.337] InitAndroid(False): Nox END, initialization successful = True
D [2016-07-19 03:53:54.338] UpdateAndroidConfig("nox") END
D [2016-07-19 03:53:54.338] GetAndroidRunningInstance: Try to find "C:\Users\Amin\AppData\Roaming\Nox\bin\Nox.exe"
D [2016-07-19 03:53:54.339] ObjGet("winmgmts:\\.\root\cimv2")
D [2016-07-19 03:53:54.340] WMI Query: Select * from Win32_Process where ExecutablePath like "%C:\\Users\\Amin\\AppData\\Roaming\\Nox\\bin\\Nox.exe%"
D [2016-07-19 03:53:54.382] No process found by CommandLine: C:\Users\Amin\AppData\Roaming\Nox\bin\Nox.exe
D [2016-07-19 03:53:54.382] UpdateAndroidConfig("")
D [2016-07-19 03:53:54.383] InitAndroid(False): BlueStacks2
D [2016-07-19 03:53:54.383] BlueStacks2 Engine 'Plus'-Mode: False
D [2016-07-19 03:53:54.383] BlueStacks2 OEM Features: 2754561
D [2016-07-19 03:53:54.384] BlueStacks2 System Bar is not available
D [2016-07-19 03:53:54.384] Searching BlueStacks2 Window: Title = 'BlueStacks ', Class = '[CLASS:BlueStacksApp; INSTANCE:1]', Text = '_ctl.Window'
D [2016-07-19 03:53:54.388] BlueStacks2 Window not found
D [2016-07-19 03:53:54.388] Android: BlueStacks2
D [2016-07-19 03:53:54.388] Android Config: 3
D [2016-07-19 03:53:54.388] Android Version: 2.0.2.5623
D [2016-07-19 03:53:54.388] Android Instance: 
D [2016-07-19 03:53:54.389] Android Window Title: BlueStacks 
D [2016-07-19 03:53:54.389] Android Program Path: C:\Program Files (x86)\BlueStacks\HD-Frontend.exe
D [2016-07-19 03:53:54.389] Android Program Parameter: Android
D [2016-07-19 03:53:54.389] Android ADB Path: C:\Program Files\Microvirt\MEmu\adb.exe
D [2016-07-19 03:53:54.389] Android ADB Device: emulator-5554
D [2016-07-19 03:53:54.389] Android ADB Shared Folder: /storage/sdcard/windows/BstSharedFolder/
D [2016-07-19 03:53:54.390] Android ADB Shared Folder on Host: C:\ProgramData\BlueStacks\UserData\SharedFolder\
D [2016-07-19 03:53:54.390] Android ADB Shared SubFolder: mybot.run\
D [2016-07-19 03:53:54.390] Android Mouse Device: BlueStacks Virtual Touch
D [2016-07-19 03:53:54.390] Android ADB screencap command enabled: False
D [2016-07-19 03:53:54.391] Android ADB input command enabled: False
D [2016-07-19 03:53:54.391] Android ADB Mouse Click enabled: False
D [2016-07-19 03:53:54.391] Android ADB Click Drag enabled: False
D [2016-07-19 03:53:54.391] Searching BlueStacks2 Window: Title = 'BlueStacks ', Class = '[CLASS:BlueStacksApp; INSTANCE:1]', Text = '_ctl.Window'
D [2016-07-19 03:53:54.395] BlueStacks2 Window not found
D [2016-07-19 03:53:54.396] InitAndroid(False): BlueStacks2 END, initialization successful = True
D [2016-07-19 03:53:54.396] UpdateAndroidConfig("") END
D [2016-07-19 03:53:54.396] Searching BlueStacks2 Window: Title = 'BlueStacks ', Class = '[CLASS:BlueStacksApp; INSTANCE:1]', Text = '_ctl.Window'
D [2016-07-19 03:53:54.400] BlueStacks2 Window not found
D [2016-07-19 03:53:54.401] UpdateAndroidConfig("")
D [2016-07-19 03:53:54.401] InitAndroid(False): BlueStacks
D [2016-07-19 03:53:54.402] BlueStacks Engine 'Plus'-Mode: False
D [2016-07-19 03:53:54.402] BlueStacks OEM Features: 2754561
D [2016-07-19 03:53:54.402] BlueStacks System Bar is not available
D [2016-07-19 03:53:54.402] Searching BlueStacks Window: Title = 'BlueStacks App Player', Class = '[CLASS:BlueStacksApp; INSTANCE:1]', Text = '_ctl.Window'
D [2016-07-19 03:53:54.407] BlueStacks Window not found
L [2016-07-19 03:53:54.407] BlueStacks supported version 0.8.x - 0.11.x not found
D [2016-07-19 03:53:54.407] InitAndroid(False): BlueStacks END, initialization successful = False
D [2016-07-19 03:53:54.408] UpdateAndroidConfig("") END
D [2016-07-19 03:53:54.408] UpdateAndroidConfig("MEmu")
D [2016-07-19 03:53:54.408] InitAndroid(False): MEmu
D [2016-07-19 03:53:55.341] Cannot read MEmu guestproperty phone_layout!
D [2016-07-19 03:53:55.341] Searching MEmu Window: Title = 'MEmu 2.', Class = '[CLASS:subWin; INSTANCE:1]', Text = ''
D [2016-07-19 03:53:55.346] MEmu Window not found
D [2016-07-19 03:53:55.346] Android: MEmu
D [2016-07-19 03:53:55.346] Android Config: 0
D [2016-07-19 03:53:55.346] Android Version: 2.5.0
D [2016-07-19 03:53:55.347] Android Instance: MEmu
D [2016-07-19 03:53:55.347] Android Window Title: MEmu 2.
D [2016-07-19 03:53:55.347] Android Program Path: C:\Program Files\Microvirt\MEmu\MEmu.exe
D [2016-07-19 03:53:55.347] Android Program Parameter: MEmu
D [2016-07-19 03:53:55.347] Android ADB Path: C:\Program Files\Microvirt\MEmu\adb.exe
D [2016-07-19 03:53:55.348] Android ADB Device: 127.0.0.1:21503
D [2016-07-19 03:53:55.348] Android ADB Shared Folder: /mnt/shell/emulated/0/Pictures/
D [2016-07-19 03:53:55.348] Android ADB Shared Folder on Host: C:\Users\Amin\Pictures\MEmu Photo\
D [2016-07-19 03:53:55.348] Android ADB Shared SubFolder: mybot.run\
D [2016-07-19 03:53:55.349] Android Mouse Device: Microvirt Virtual Input
D [2016-07-19 03:53:55.349] Android ADB screencap command enabled: True
D [2016-07-19 03:53:55.349] Android ADB input command enabled: False
D [2016-07-19 03:53:55.349] Android ADB Mouse Click enabled: False
D [2016-07-19 03:53:55.349] Android ADB Click Drag enabled: True
D [2016-07-19 03:53:55.350] Searching MEmu Window: Title = 'MEmu 2.', Class = '[CLASS:subWin; INSTANCE:1]', Text = ''
D [2016-07-19 03:53:55.353] MEmu Window not found
D [2016-07-19 03:53:55.354] InitAndroid(False): MEmu END, initialization successful = True
D [2016-07-19 03:53:55.354] UpdateAndroidConfig("MEmu") END
D [2016-07-19 03:53:55.354] Found no running Android Emulator
D [2016-07-19 03:53:55.354] DetectInstalledAndroid()
D [2016-07-19 03:53:55.355] UpdateAndroidConfig("MEmu")
D [2016-07-19 03:53:55.355] InitAndroid(False): MEmu
D [2016-07-19 03:53:56.288] Cannot read MEmu guestproperty phone_layout!
D [2016-07-19 03:53:56.288] Searching MEmu Window: Title = 'MEmu 2.', Class = '[CLASS:subWin; INSTANCE:1]', Text = ''
D [2016-07-19 03:53:56.292] MEmu Window not found
D [2016-07-19 03:53:56.292] Android: MEmu
D [2016-07-19 03:53:56.292] Android Config: 0
D [2016-07-19 03:53:56.292] Android Version: 2.5.0
D [2016-07-19 03:53:56.293] Android Instance: MEmu
D [2016-07-19 03:53:56.293] Android Window Title: MEmu 2.
D [2016-07-19 03:53:56.293] Android Program Path: C:\Program Files\Microvirt\MEmu\MEmu.exe
D [2016-07-19 03:53:56.293] Android Program Parameter: MEmu
D [2016-07-19 03:53:56.293] Android ADB Path: C:\Program Files\Microvirt\MEmu\adb.exe
D [2016-07-19 03:53:56.294] Android ADB Device: 127.0.0.1:21503
D [2016-07-19 03:53:56.294] Android ADB Shared Folder: /mnt/shell/emulated/0/Pictures/
D [2016-07-19 03:53:56.294] Android ADB Shared Folder on Host: C:\Users\Amin\Pictures\MEmu Photo\
D [2016-07-19 03:53:56.294] Android ADB Shared SubFolder: mybot.run\
D [2016-07-19 03:53:56.295] Android Mouse Device: Microvirt Virtual Input
D [2016-07-19 03:53:56.295] Android ADB screencap command enabled: True
D [2016-07-19 03:53:56.295] Android ADB input command enabled: False
D [2016-07-19 03:53:56.295] Android ADB Mouse Click enabled: False
D [2016-07-19 03:53:56.295] Android ADB Click Drag enabled: True
D [2016-07-19 03:53:56.296] Searching MEmu Window: Title = 'MEmu 2.', Class = '[CLASS:subWin; INSTANCE:1]', Text = ''
D [2016-07-19 03:53:56.299] MEmu Window not found
D [2016-07-19 03:53:56.299] InitAndroid(False): MEmu END, initialization successful = True
D [2016-07-19 03:53:56.300] UpdateAndroidConfig("MEmu") END
D [2016-07-19 03:53:56.300] Found installed MEmu 2.5.0
D [2016-07-19 03:53:56.301] My Bot is the only running instance
D [2016-07-19 03:54:00.483] UpdateAndroidConfig("MEmu")
D [2016-07-19 03:54:00.484] InitAndroid(False): MEmu
D [2016-07-19 03:54:01.422] Cannot read MEmu guestproperty phone_layout!
D [2016-07-19 03:54:01.423] Searching MEmu Window: Title = 'MEmu 2.', Class = '[CLASS:subWin; INSTANCE:1]', Text = ''
D [2016-07-19 03:54:01.428] MEmu Window not found
D [2016-07-19 03:54:01.428] Android: MEmu
D [2016-07-19 03:54:01.428] Android Config: 0
D [2016-07-19 03:54:01.429] Android Version: 2.5.0
D [2016-07-19 03:54:01.429] Android Instance: MEmu
D [2016-07-19 03:54:01.429] Android Window Title: MEmu 2.
D [2016-07-19 03:54:01.429] Android Program Path: C:\Program Files\Microvirt\MEmu\MEmu.exe
D [2016-07-19 03:54:01.429] Android Program Parameter: MEmu
D [2016-07-19 03:54:01.430] Android ADB Path: C:\Program Files\Microvirt\MEmu\adb.exe
D [2016-07-19 03:54:01.430] Android ADB Device: 127.0.0.1:21503
D [2016-07-19 03:54:01.430] Android ADB Shared Folder: /mnt/shell/emulated/0/Pictures/
D [2016-07-19 03:54:01.430] Android ADB Shared Folder on Host: C:\Users\Amin\Pictures\MEmu Photo\
D [2016-07-19 03:54:01.430] Android ADB Shared SubFolder: mybot.run\
D [2016-07-19 03:54:01.431] Android Mouse Device: Microvirt Virtual Input
D [2016-07-19 03:54:01.431] Android ADB screencap command enabled: True
D [2016-07-19 03:54:01.431] Android ADB input command enabled: False
D [2016-07-19 03:54:01.431] Android ADB Mouse Click enabled: False
D [2016-07-19 03:54:01.431] Android ADB Click Drag enabled: True
D [2016-07-19 03:54:01.431] Searching MEmu Window: Title = 'MEmu 2.', Class = '[CLASS:subWin; INSTANCE:1]', Text = ''
D [2016-07-19 03:54:01.436] MEmu Window not found
D [2016-07-19 03:54:01.437] InitAndroid(False): MEmu END, initialization successful = True
D [2016-07-19 03:54:01.437] UpdateAndroidConfig("MEmu") END
D [2016-07-19 03:54:01.437] UpdateAndroidConfig("droid4x")
D [2016-07-19 03:54:01.437] InitAndroid(False): Droid4X
L [2016-07-19 03:54:01.438] Serious error has occurred: Cannot find Droid4X:
L [2016-07-19 03:54:01.438] C:\Program Files (x86)\Droid4X\Droid4X.exe
D [2016-07-19 03:54:01.438] InitAndroid(False): Droid4X END, initialization successful = False
D [2016-07-19 03:54:01.439] UpdateAndroidConfig("droid4x") END
D [2016-07-19 03:54:01.439] UpdateAndroidConfig("nox")
D [2016-07-19 03:54:01.439] InitAndroid(False): Nox
D [2016-07-19 03:54:02.127] Android: Nox
D [2016-07-19 03:54:02.127] Android Config: 2
D [2016-07-19 03:54:02.128] Android Version: 3.1.0.0
D [2016-07-19 03:54:02.128] Android Instance: nox
D [2016-07-19 03:54:02.128] Android Window Title: No
D [2016-07-19 03:54:02.128] Android Program Path: C:\Users\Amin\AppData\Roaming\Nox\bin\Nox.exe
D [2016-07-19 03:54:02.129] Android Program Parameter: -resolution:860x732 -dpi:160 "-clone:nox"
D [2016-07-19 03:54:02.129] Android ADB Path: C:\Program Files\Microvirt\MEmu\adb.exe
D [2016-07-19 03:54:02.129] Android ADB Device: 127.0.0.1:62001
D [2016-07-19 03:54:02.130] Android ADB Shared Folder: /mnt/shared/Other/
D [2016-07-19 03:54:02.130] Android ADB Shared Folder on Host: C:\Users\Amin\Documents\Nox_share\Other\
D [2016-07-19 03:54:02.131] Android ADB Shared SubFolder: mybot.run\
D [2016-07-19 03:54:02.131] Android Mouse Device: nox Virtual Input
D [2016-07-19 03:54:02.131] Android ADB screencap command enabled: True
D [2016-07-19 03:54:02.132] Android ADB input command enabled: False
D [2016-07-19 03:54:02.132] Android ADB Mouse Click enabled: False
D [2016-07-19 03:54:02.132] Android ADB Click Drag enabled: True
D [2016-07-19 03:54:02.132] Searching Nox Window: Title = 'No', Class = '[CLASS:Qt5QWindowIcon;INSTANCE:4]', Text = ''
D [2016-07-19 03:54:02.139] Nox Window not found
D [2016-07-19 03:54:02.139] InitAndroid(False): Nox END, initialization successful = True
D [2016-07-19 03:54:02.139] UpdateAndroidConfig("nox") END
D [2016-07-19 03:54:02.140] UpdateAndroidConfig("")
D [2016-07-19 03:54:02.140] InitAndroid(False): BlueStacks2
D [2016-07-19 03:54:02.140] BlueStacks2 Engine 'Plus'-Mode: False
D [2016-07-19 03:54:02.141] BlueStacks2 OEM Features: 2754561
D [2016-07-19 03:54:02.141] BlueStacks2 System Bar is not available
D [2016-07-19 03:54:02.141] Searching BlueStacks2 Window: Title = 'BlueStacks ', Class = '[CLASS:BlueStacksApp; INSTANCE:1]', Text = '_ctl.Window'
D [2016-07-19 03:54:02.147] BlueStacks2 Window not found
D [2016-07-19 03:54:02.147] Android: BlueStacks2
D [2016-07-19 03:54:02.147] Android Config: 3
D [2016-07-19 03:54:02.147] Android Version: 2.0.2.5623
D [2016-07-19 03:54:02.147] Android Instance: 
D [2016-07-19 03:54:02.148] Android Window Title: BlueStacks 
D [2016-07-19 03:54:02.148] Android Program Path: C:\Program Files (x86)\BlueStacks\HD-Frontend.exe
D [2016-07-19 03:54:02.148] Android Program Parameter: Android
D [2016-07-19 03:54:02.148] Android ADB Path: C:\Program Files\Microvirt\MEmu\adb.exe
D [2016-07-19 03:54:02.148] Android ADB Device: emulator-5554
D [2016-07-19 03:54:02.148] Android ADB Shared Folder: /storage/sdcard/windows/BstSharedFolder/
D [2016-07-19 03:54:02.149] Android ADB Shared Folder on Host: C:\ProgramData\BlueStacks\UserData\SharedFolder\
D [2016-07-19 03:54:02.149] Android ADB Shared SubFolder: mybot.run\
D [2016-07-19 03:54:02.149] Android Mouse Device: BlueStacks Virtual Touch
D [2016-07-19 03:54:02.149] Android ADB screencap command enabled: False
D [2016-07-19 03:54:02.149] Android ADB input command enabled: False
D [2016-07-19 03:54:02.150] Android ADB Mouse Click enabled: False
D [2016-07-19 03:54:02.150] Android ADB Click Drag enabled: False
D [2016-07-19 03:54:02.150] Searching BlueStacks2 Window: Title = 'BlueStacks ', Class = '[CLASS:BlueStacksApp; INSTANCE:1]', Text = '_ctl.Window'
D [2016-07-19 03:54:02.155] BlueStacks2 Window not found
D [2016-07-19 03:54:02.155] InitAndroid(False): BlueStacks2 END, initialization successful = True
D [2016-07-19 03:54:02.156] UpdateAndroidConfig("") END
D [2016-07-19 03:54:02.156] UpdateAndroidConfig("")
D [2016-07-19 03:54:02.156] InitAndroid(False): BlueStacks
D [2016-07-19 03:54:02.157] BlueStacks Engine 'Plus'-Mode: False
D [2016-07-19 03:54:02.157] BlueStacks OEM Features: 2754561
D [2016-07-19 03:54:02.157] BlueStacks System Bar is not available
D [2016-07-19 03:54:02.157] Searching BlueStacks Window: Title = 'BlueStacks App Player', Class = '[CLASS:BlueStacksApp; INSTANCE:1]', Text = '_ctl.Window'
D [2016-07-19 03:54:02.163] BlueStacks Window not found
L [2016-07-19 03:54:02.163] BlueStacks supported version 0.8.x - 0.11.x not found
D [2016-07-19 03:54:02.164] InitAndroid(False): BlueStacks END, initialization successful = False
D [2016-07-19 03:54:02.164] UpdateAndroidConfig("") END
D [2016-07-19 03:54:02.164] UpdateAndroidConfig("MEmu")
D [2016-07-19 03:54:02.164] InitAndroid(False): MEmu
D [2016-07-19 03:54:03.101] Cannot read MEmu guestproperty phone_layout!
D [2016-07-19 03:54:03.101] Searching MEmu Window: Title = 'MEmu 2.', Class = '[CLASS:subWin; INSTANCE:1]', Text = ''
D [2016-07-19 03:54:03.108] MEmu Window not found
D [2016-07-19 03:54:03.109] Android: MEmu
D [2016-07-19 03:54:03.109] Android Config: 0
D [2016-07-19 03:54:03.109] Android Version: 2.5.0
D [2016-07-19 03:54:03.109] Android Instance: MEmu
D [2016-07-19 03:54:03.110] Android Window Title: MEmu 2.
D [2016-07-19 03:54:03.110] Android Program Path: C:\Program Files\Microvirt\MEmu\MEmu.exe
D [2016-07-19 03:54:03.110] Android Program Parameter: MEmu
D [2016-07-19 03:54:03.110] Android ADB Path: C:\Program Files\Microvirt\MEmu\adb.exe
D [2016-07-19 03:54:03.111] Android ADB Device: 127.0.0.1:21503
D [2016-07-19 03:54:03.111] Android ADB Shared Folder: /mnt/shell/emulated/0/Pictures/
D [2016-07-19 03:54:03.111] Android ADB Shared Folder on Host: C:\Users\Amin\Pictures\MEmu Photo\
D [2016-07-19 03:54:03.111] Android ADB Shared SubFolder: mybot.run\
D [2016-07-19 03:54:03.111] Android Mouse Device: Microvirt Virtual Input
D [2016-07-19 03:54:03.112] Android ADB screencap command enabled: True
D [2016-07-19 03:54:03.112] Android ADB input command enabled: False
D [2016-07-19 03:54:03.112] Android ADB Mouse Click enabled: False
D [2016-07-19 03:54:03.112] Android ADB Click Drag enabled: True
D [2016-07-19 03:54:03.112] Searching MEmu Window: Title = 'MEmu 2.', Class = '[CLASS:subWin; INSTANCE:1]', Text = ''
D [2016-07-19 03:54:03.118] MEmu Window not found
D [2016-07-19 03:54:03.119] InitAndroid(False): MEmu END, initialization successful = True
D [2016-07-19 03:54:03.119] UpdateAndroidConfig("MEmu") END
D [2016-07-19 03:54:03.753] Read Building Config C:\Users\Amin\Desktop\MyBot.Run\MOD AIO\MyBot-AIO-2.1.4\Profiles\MyVillage\building.ini
D [2016-07-19 03:54:03.766] Read Config C:\Users\Amin\Desktop\MyBot.Run\MOD AIO\MyBot-AIO-2.1.4\Profiles\MyVillage\config.ini
D [2016-07-19 03:54:03.827] Apply Config
D [2016-07-19 03:54:03.960] UpdateAndroidConfig("MEmu_1")
D [2016-07-19 03:54:03.961] InitAndroid(False): MEmu
D [2016-07-19 03:54:04.903] Cannot read MEmu guestproperty phone_layout!
D [2016-07-19 03:54:04.904] Searching MEmu Window: Title = 'MEmu 2.', Class = '[CLASS:subWin; INSTANCE:1]', Text = ''
D [2016-07-19 03:54:04.910] MEmu Window not found
D [2016-07-19 03:54:04.910] Android: MEmu
D [2016-07-19 03:54:04.910] Android Config: 0
D [2016-07-19 03:54:04.910] Android Version: 2.5.0
D [2016-07-19 03:54:04.911] Android Instance: MEmu_1
D [2016-07-19 03:54:04.911] Android Window Title: MEmu 2.
D [2016-07-19 03:54:04.911] Android Program Path: C:\Program Files\Microvirt\MEmu\MEmu.exe
D [2016-07-19 03:54:04.911] Android Program Parameter: MEmu_1
D [2016-07-19 03:54:04.911] Android ADB Path: C:\Program Files\Microvirt\MEmu\adb.exe
D [2016-07-19 03:54:04.912] Android ADB Device: 127.0.0.1:21513
D [2016-07-19 03:54:04.912] Android ADB Shared Folder: /mnt/shell/emulated/0/Pictures/
D [2016-07-19 03:54:04.912] Android ADB Shared Folder on Host: C:\Users\Amin\Pictures\MEmu Photo\
D [2016-07-19 03:54:04.912] Android ADB Shared SubFolder: mybot.run\
D [2016-07-19 03:54:04.912] Android Mouse Device: Microvirt Virtual Input
D [2016-07-19 03:54:04.913] Android ADB screencap command enabled: True
D [2016-07-19 03:54:04.913] Android ADB input command enabled: False
D [2016-07-19 03:54:04.913] Android ADB Mouse Click enabled: False
D [2016-07-19 03:54:04.913] Android ADB Click Drag enabled: True
D [2016-07-19 03:54:04.913] Searching MEmu Window: Title = 'MEmu 2.', Class = '[CLASS:subWin; INSTANCE:1]', Text = ''
D [2016-07-19 03:54:04.919] MEmu Window not found
D [2016-07-19 03:54:04.919] InitAndroid(False): MEmu END, initialization successful = True
D [2016-07-19 03:54:04.919] UpdateAndroidConfig("MEmu_1") END
D [2016-07-19 03:54:04.923] Redraw MyBot Window
L [2016-07-19 03:54:05.687] Found installed MEmu 2.5.0
L [2016-07-19 03:54:05.692] Android Emulator Configuration: MEmu (instance MEmu_1)
L [2016-07-19 03:54:08.469] WELCOME CHIEF, YOU HAVE THE LATEST VERSION OF THE BOT
L [2016-07-19 03:54:08.472]  
L [2016-07-19 03:54:08.474] Fully working with May update
L [2016-07-19 03:54:08.476] New GUI and lots of new features
L [2016-07-19 03:54:08.478] For more information, go to 
L [2016-07-19 03:54:08.481] https://mybot.run
L [2016-07-19 03:54:08.484] 
L [2016-07-19 03:54:08.486]  Always free and open source.
D [2016-07-19 03:54:09.799] MyBot.run launch time 17280 ms.
L [2016-07-19 03:54:57.287] Closing Merged My Bot v6.1.4 All In One v2.1.4 (MEmu_1) ...
D [2016-07-19 03:54:57.295] Save Config C:\Users\Amin\Desktop\MyBot.Run\MOD AIO\MyBot-AIO-2.1.4\Profiles\MyVillage\config.ini
D [2016-07-19 03:54:57.744] Save Building Config C:\Users\Amin\Desktop\MyBot.Run\MOD AIO\MyBot-AIO-2.1.4\Profiles\MyVillage\building.ini
