D [2016-07-14 17:12:09.369] @AutoItExe: C:\Program Files (x86)\AutoIt3\AutoIt3.exe
D [2016-07-14 17:12:09.369] @ScriptFullPath: C:\Users\Amin\Desktop\MyBot.Run\MOD AIO\MyBot-AIO-2.1.3+Latest Fix-With-LimitDonations-byCutidudz\MyBot.run.au3
D [2016-07-14 17:12:09.369] @WorkingDir: C:\Users\Amin\Desktop\MyBot.Run\MOD AIO\MyBot-AIO-2.1.3+Latest Fix-With-LimitDonations-byCutidudz
D [2016-07-14 17:12:09.369] @AutoItPID: 740
D [2016-07-14 17:12:09.389] DetectRunningAndroid()
D [2016-07-14 17:12:09.390] UpdateAndroidConfig("MEmu")
D [2016-07-14 17:12:09.390] InitAndroid(False): MEmu
D [2016-07-14 17:12:10.386] Cannot read MEmu guestproperty phone_layout!
D [2016-07-14 17:12:10.386] Searching MEmu Window: Title = 'MEmu 2.', Class = '[CLASS:subWin; INSTANCE:1]', Text = ''
D [2016-07-14 17:12:10.388] MEmu Window not found
D [2016-07-14 17:12:10.388] Android: MEmu
D [2016-07-14 17:12:10.388] Android Config: 0
D [2016-07-14 17:12:10.389] Android Version: 2.5.0
D [2016-07-14 17:12:10.389] Android Instance: MEmu
D [2016-07-14 17:12:10.389] Android Window Title: MEmu 2.
D [2016-07-14 17:12:10.389] Android Program Path: C:\Program Files\Microvirt\MEmu\MEmu.exe
D [2016-07-14 17:12:10.389] Android Program Parameter: MEmu
D [2016-07-14 17:12:10.390] Android ADB Path: C:\Program Files\Microvirt\MEmu\adb.exe
D [2016-07-14 17:12:10.390] Android ADB Device: 127.0.0.1:21503
D [2016-07-14 17:12:10.390] Android ADB Shared Folder: /mnt/shell/emulated/0/Pictures/
D [2016-07-14 17:12:10.390] Android ADB Shared Folder on Host: C:\Users\Amin\Pictures\MEmu Photo\
D [2016-07-14 17:12:10.390] Android ADB Shared SubFolder: mybot.run\
D [2016-07-14 17:12:10.391] Android Mouse Device: Microvirt Virtual Input
D [2016-07-14 17:12:10.391] Android ADB screencap command enabled: True
D [2016-07-14 17:12:10.391] Android ADB input command enabled: False
D [2016-07-14 17:12:10.391] Android ADB Mouse Click enabled: False
D [2016-07-14 17:12:10.391] Android ADB Click Drag enabled: True
D [2016-07-14 17:12:10.392] Searching MEmu Window: Title = 'MEmu 2.', Class = '[CLASS:subWin; INSTANCE:1]', Text = ''
D [2016-07-14 17:12:10.393] MEmu Window not found
D [2016-07-14 17:12:10.393] InitAndroid(False): MEmu END, initialization successful = True
D [2016-07-14 17:12:10.393] UpdateAndroidConfig("MEmu") END
D [2016-07-14 17:12:10.393] GetAndroidRunningInstance: Try to find "C:\Program Files\Microvirt\MEmu\MEmu.exe"
D [2016-07-14 17:12:10.399] ObjGet("winmgmts:\\.\root\cimv2")
D [2016-07-14 17:12:10.400] WMI Query: Select * from Win32_Process where ExecutablePath like "%C:\\Program Files\\Microvirt\\MEmu\\MEmu.exe%"
D [2016-07-14 17:12:10.446] Process by CommandLine not found: C:\Program Files\Microvirt\MEmu\MEmu.exe
D [2016-07-14 17:12:10.447] UpdateAndroidConfig("droid4x")
D [2016-07-14 17:12:10.447] InitAndroid(False): Droid4X
L [2016-07-14 17:12:10.448] Serious error has occurred: Cannot find Droid4X:
L [2016-07-14 17:12:10.448] C:\Program Files (x86)\Droid4X\Droid4X.exe
D [2016-07-14 17:12:10.448] InitAndroid(False): Droid4X END, initialization successful = False
D [2016-07-14 17:12:10.448] UpdateAndroidConfig("droid4x") END
D [2016-07-14 17:12:10.449] UpdateAndroidConfig("nox")
D [2016-07-14 17:12:10.449] InitAndroid(False): Nox
D [2016-07-14 17:12:11.130] Android: Nox
D [2016-07-14 17:12:11.130] Android Config: 2
D [2016-07-14 17:12:11.131] Android Version: 3.1.0.0
D [2016-07-14 17:12:11.131] Android Instance: nox
D [2016-07-14 17:12:11.131] Android Window Title: No
D [2016-07-14 17:12:11.131] Android Program Path: C:\Users\Amin\AppData\Roaming\Nox\bin\Nox.exe
D [2016-07-14 17:12:11.131] Android Program Parameter: -resolution:860x732 -dpi:160 "-clone:nox"
D [2016-07-14 17:12:11.132] Android ADB Path: C:\Program Files\Microvirt\MEmu\adb.exe
D [2016-07-14 17:12:11.132] Android ADB Device: 127.0.0.1:62001
D [2016-07-14 17:12:11.132] Android ADB Shared Folder: /mnt/shared/Other/
D [2016-07-14 17:12:11.132] Android ADB Shared Folder on Host: C:\Users\Amin\Documents\Nox_share\Other\
D [2016-07-14 17:12:11.133] Android ADB Shared SubFolder: mybot.run\
D [2016-07-14 17:12:11.133] Android Mouse Device: nox Virtual Input
D [2016-07-14 17:12:11.133] Android ADB screencap command enabled: True
D [2016-07-14 17:12:11.133] Android ADB input command enabled: False
D [2016-07-14 17:12:11.133] Android ADB Mouse Click enabled: False
D [2016-07-14 17:12:11.134] Android ADB Click Drag enabled: True
D [2016-07-14 17:12:11.134] Searching Nox Window: Title = 'No', Class = '[CLASS:Qt5QWindowIcon;INSTANCE:4]', Text = ''
D [2016-07-14 17:12:11.135] Nox Window not found
D [2016-07-14 17:12:11.135] InitAndroid(False): Nox END, initialization successful = True
D [2016-07-14 17:12:11.136] UpdateAndroidConfig("nox") END
D [2016-07-14 17:12:11.136] GetAndroidRunningInstance: Try to find "C:\Users\Amin\AppData\Roaming\Nox\bin\Nox.exe"
D [2016-07-14 17:12:11.137] ObjGet("winmgmts:\\.\root\cimv2")
D [2016-07-14 17:12:11.138] WMI Query: Select * from Win32_Process where ExecutablePath like "%C:\\Users\\Amin\\AppData\\Roaming\\Nox\\bin\\Nox.exe%"
D [2016-07-14 17:12:11.182] No process found by CommandLine: C:\Users\Amin\AppData\Roaming\Nox\bin\Nox.exe
D [2016-07-14 17:12:11.182] UpdateAndroidConfig("")
D [2016-07-14 17:12:11.182] InitAndroid(False): BlueStacks2
D [2016-07-14 17:12:11.183] BlueStacks2 Engine 'Plus'-Mode: False
D [2016-07-14 17:12:11.183] BlueStacks2 OEM Features: 2754561
D [2016-07-14 17:12:11.183] BlueStacks2 System Bar is not available
D [2016-07-14 17:12:11.184] Searching BlueStacks2 Window: Title = 'BlueStacks ', Class = '[CLASS:BlueStacksApp; INSTANCE:1]', Text = '_ctl.Window'
D [2016-07-14 17:12:11.185] BlueStacks2 Window not found
D [2016-07-14 17:12:11.185] Android: BlueStacks2
D [2016-07-14 17:12:11.185] Android Config: 3
D [2016-07-14 17:12:11.186] Android Version: 2.0.2.5623
D [2016-07-14 17:12:11.186] Android Instance: 
D [2016-07-14 17:12:11.186] Android Window Title: BlueStacks 
D [2016-07-14 17:12:11.186] Android Program Path: C:\Program Files (x86)\BlueStacks\HD-Frontend.exe
D [2016-07-14 17:12:11.186] Android Program Parameter: Android
D [2016-07-14 17:12:11.186] Android ADB Path: C:\Program Files\Microvirt\MEmu\adb.exe
D [2016-07-14 17:12:11.187] Android ADB Device: emulator-5554
D [2016-07-14 17:12:11.187] Android ADB Shared Folder: /storage/sdcard/windows/BstSharedFolder/
D [2016-07-14 17:12:11.187] Android ADB Shared Folder on Host: C:\ProgramData\BlueStacks\UserData\SharedFolder\
D [2016-07-14 17:12:11.187] Android ADB Shared SubFolder: mybot.run\
D [2016-07-14 17:12:11.188] Android Mouse Device: BlueStacks Virtual Touch
D [2016-07-14 17:12:11.188] Android ADB screencap command enabled: False
D [2016-07-14 17:12:11.188] Android ADB input command enabled: False
D [2016-07-14 17:12:11.188] Android ADB Mouse Click enabled: False
D [2016-07-14 17:12:11.188] Android ADB Click Drag enabled: False
D [2016-07-14 17:12:11.188] Searching BlueStacks2 Window: Title = 'BlueStacks ', Class = '[CLASS:BlueStacksApp; INSTANCE:1]', Text = '_ctl.Window'
D [2016-07-14 17:12:11.190] BlueStacks2 Window not found
D [2016-07-14 17:12:11.190] InitAndroid(False): BlueStacks2 END, initialization successful = True
D [2016-07-14 17:12:11.190] UpdateAndroidConfig("") END
D [2016-07-14 17:12:11.190] Searching BlueStacks2 Window: Title = 'BlueStacks ', Class = '[CLASS:BlueStacksApp; INSTANCE:1]', Text = '_ctl.Window'
D [2016-07-14 17:12:11.192] BlueStacks2 Window not found
D [2016-07-14 17:12:11.194] UpdateAndroidConfig("")
D [2016-07-14 17:12:11.194] InitAndroid(False): BlueStacks
D [2016-07-14 17:12:11.195] BlueStacks Engine 'Plus'-Mode: False
D [2016-07-14 17:12:11.195] BlueStacks OEM Features: 2754561
D [2016-07-14 17:12:11.195] BlueStacks System Bar is not available
D [2016-07-14 17:12:11.196] Searching BlueStacks Window: Title = 'BlueStacks App Player', Class = '[CLASS:BlueStacksApp; INSTANCE:1]', Text = '_ctl.Window'
D [2016-07-14 17:12:11.197] BlueStacks Window not found
L [2016-07-14 17:12:11.197] BlueStacks supported version 0.8.x - 0.11.x not found
D [2016-07-14 17:12:11.197] InitAndroid(False): BlueStacks END, initialization successful = False
D [2016-07-14 17:12:11.198] UpdateAndroidConfig("") END
D [2016-07-14 17:12:11.198] UpdateAndroidConfig("MEmu")
D [2016-07-14 17:12:11.198] InitAndroid(False): MEmu
D [2016-07-14 17:12:12.117] Cannot read MEmu guestproperty phone_layout!
D [2016-07-14 17:12:12.117] Searching MEmu Window: Title = 'MEmu 2.', Class = '[CLASS:subWin; INSTANCE:1]', Text = ''
D [2016-07-14 17:12:12.118] MEmu Window not found
D [2016-07-14 17:12:12.118] Android: MEmu
D [2016-07-14 17:12:12.119] Android Config: 0
D [2016-07-14 17:12:12.119] Android Version: 2.5.0
D [2016-07-14 17:12:12.119] Android Instance: MEmu
D [2016-07-14 17:12:12.119] Android Window Title: MEmu 2.
D [2016-07-14 17:12:12.119] Android Program Path: C:\Program Files\Microvirt\MEmu\MEmu.exe
D [2016-07-14 17:12:12.120] Android Program Parameter: MEmu
D [2016-07-14 17:12:12.120] Android ADB Path: C:\Program Files\Microvirt\MEmu\adb.exe
D [2016-07-14 17:12:12.120] Android ADB Device: 127.0.0.1:21503
D [2016-07-14 17:12:12.120] Android ADB Shared Folder: /mnt/shell/emulated/0/Pictures/
D [2016-07-14 17:12:12.120] Android ADB Shared Folder on Host: C:\Users\Amin\Pictures\MEmu Photo\
D [2016-07-14 17:12:12.121] Android ADB Shared SubFolder: mybot.run\
D [2016-07-14 17:12:12.121] Android Mouse Device: Microvirt Virtual Input
D [2016-07-14 17:12:12.121] Android ADB screencap command enabled: True
D [2016-07-14 17:12:12.121] Android ADB input command enabled: False
D [2016-07-14 17:12:12.121] Android ADB Mouse Click enabled: False
D [2016-07-14 17:12:12.122] Android ADB Click Drag enabled: True
D [2016-07-14 17:12:12.122] Searching MEmu Window: Title = 'MEmu 2.', Class = '[CLASS:subWin; INSTANCE:1]', Text = ''
D [2016-07-14 17:12:12.124] MEmu Window not found
D [2016-07-14 17:12:12.124] InitAndroid(False): MEmu END, initialization successful = True
D [2016-07-14 17:12:12.124] UpdateAndroidConfig("MEmu") END
D [2016-07-14 17:12:12.125] Found no running Android Emulator
D [2016-07-14 17:12:12.125] DetectInstalledAndroid()
D [2016-07-14 17:12:12.125] UpdateAndroidConfig("MEmu")
D [2016-07-14 17:12:12.125] InitAndroid(False): MEmu
D [2016-07-14 17:12:13.053] Cannot read MEmu guestproperty phone_layout!
D [2016-07-14 17:12:13.053] Searching MEmu Window: Title = 'MEmu 2.', Class = '[CLASS:subWin; INSTANCE:1]', Text = ''
D [2016-07-14 17:12:13.055] MEmu Window not found
D [2016-07-14 17:12:13.056] Android: MEmu
D [2016-07-14 17:12:13.056] Android Config: 0
D [2016-07-14 17:12:13.056] Android Version: 2.5.0
D [2016-07-14 17:12:13.056] Android Instance: MEmu
D [2016-07-14 17:12:13.056] Android Window Title: MEmu 2.
D [2016-07-14 17:12:13.057] Android Program Path: C:\Program Files\Microvirt\MEmu\MEmu.exe
D [2016-07-14 17:12:13.057] Android Program Parameter: MEmu
D [2016-07-14 17:12:13.057] Android ADB Path: C:\Program Files\Microvirt\MEmu\adb.exe
D [2016-07-14 17:12:13.057] Android ADB Device: 127.0.0.1:21503
D [2016-07-14 17:12:13.057] Android ADB Shared Folder: /mnt/shell/emulated/0/Pictures/
D [2016-07-14 17:12:13.058] Android ADB Shared Folder on Host: C:\Users\Amin\Pictures\MEmu Photo\
D [2016-07-14 17:12:13.058] Android ADB Shared SubFolder: mybot.run\
D [2016-07-14 17:12:13.058] Android Mouse Device: Microvirt Virtual Input
D [2016-07-14 17:12:13.058] Android ADB screencap command enabled: True
D [2016-07-14 17:12:13.059] Android ADB input command enabled: False
D [2016-07-14 17:12:13.059] Android ADB Mouse Click enabled: False
D [2016-07-14 17:12:13.059] Android ADB Click Drag enabled: True
D [2016-07-14 17:12:13.059] Searching MEmu Window: Title = 'MEmu 2.', Class = '[CLASS:subWin; INSTANCE:1]', Text = ''
D [2016-07-14 17:12:13.061] MEmu Window not found
D [2016-07-14 17:12:13.061] InitAndroid(False): MEmu END, initialization successful = True
D [2016-07-14 17:12:13.061] UpdateAndroidConfig("MEmu") END
D [2016-07-14 17:12:13.061] Found installed MEmu 2.5.0
D [2016-07-14 17:12:13.062] My Bot is the only running instance
D [2016-07-14 17:12:15.392] UpdateAndroidConfig("MEmu")
D [2016-07-14 17:12:15.393] InitAndroid(False): MEmu
D [2016-07-14 17:12:16.331] Cannot read MEmu guestproperty phone_layout!
D [2016-07-14 17:12:16.331] Searching MEmu Window: Title = 'MEmu 2.', Class = '[CLASS:subWin; INSTANCE:1]', Text = ''
D [2016-07-14 17:12:16.334] MEmu Window not found
D [2016-07-14 17:12:16.334] Android: MEmu
D [2016-07-14 17:12:16.335] Android Config: 0
D [2016-07-14 17:12:16.335] Android Version: 2.5.0
D [2016-07-14 17:12:16.335] Android Instance: MEmu
D [2016-07-14 17:12:16.335] Android Window Title: MEmu 2.
D [2016-07-14 17:12:16.335] Android Program Path: C:\Program Files\Microvirt\MEmu\MEmu.exe
D [2016-07-14 17:12:16.336] Android Program Parameter: MEmu
D [2016-07-14 17:12:16.336] Android ADB Path: C:\Program Files\Microvirt\MEmu\adb.exe
D [2016-07-14 17:12:16.336] Android ADB Device: 127.0.0.1:21503
D [2016-07-14 17:12:16.336] Android ADB Shared Folder: /mnt/shell/emulated/0/Pictures/
D [2016-07-14 17:12:16.337] Android ADB Shared Folder on Host: C:\Users\Amin\Pictures\MEmu Photo\
D [2016-07-14 17:12:16.337] Android ADB Shared SubFolder: mybot.run\
D [2016-07-14 17:12:16.337] Android Mouse Device: Microvirt Virtual Input
D [2016-07-14 17:12:16.337] Android ADB screencap command enabled: True
D [2016-07-14 17:12:16.337] Android ADB input command enabled: False
D [2016-07-14 17:12:16.337] Android ADB Mouse Click enabled: False
D [2016-07-14 17:12:16.338] Android ADB Click Drag enabled: True
D [2016-07-14 17:12:16.338] Searching MEmu Window: Title = 'MEmu 2.', Class = '[CLASS:subWin; INSTANCE:1]', Text = ''
D [2016-07-14 17:12:16.341] MEmu Window not found
D [2016-07-14 17:12:16.341] InitAndroid(False): MEmu END, initialization successful = True
D [2016-07-14 17:12:16.341] UpdateAndroidConfig("MEmu") END
D [2016-07-14 17:12:16.341] UpdateAndroidConfig("droid4x")
D [2016-07-14 17:12:16.341] InitAndroid(False): Droid4X
L [2016-07-14 17:12:16.342] Serious error has occurred: Cannot find Droid4X:
L [2016-07-14 17:12:16.342] C:\Program Files (x86)\Droid4X\Droid4X.exe
D [2016-07-14 17:12:16.343] InitAndroid(False): Droid4X END, initialization successful = False
D [2016-07-14 17:12:16.343] UpdateAndroidConfig("droid4x") END
D [2016-07-14 17:12:16.343] UpdateAndroidConfig("nox")
D [2016-07-14 17:12:16.343] InitAndroid(False): Nox
D [2016-07-14 17:12:17.035] Android: Nox
D [2016-07-14 17:12:17.035] Android Config: 2
D [2016-07-14 17:12:17.035] Android Version: 3.1.0.0
D [2016-07-14 17:12:17.035] Android Instance: nox
D [2016-07-14 17:12:17.035] Android Window Title: No
D [2016-07-14 17:12:17.035] Android Program Path: C:\Users\Amin\AppData\Roaming\Nox\bin\Nox.exe
D [2016-07-14 17:12:17.036] Android Program Parameter: -resolution:860x732 -dpi:160 "-clone:nox"
D [2016-07-14 17:12:17.036] Android ADB Path: C:\Program Files\Microvirt\MEmu\adb.exe
D [2016-07-14 17:12:17.036] Android ADB Device: 127.0.0.1:62001
D [2016-07-14 17:12:17.036] Android ADB Shared Folder: /mnt/shared/Other/
D [2016-07-14 17:12:17.037] Android ADB Shared Folder on Host: C:\Users\Amin\Documents\Nox_share\Other\
D [2016-07-14 17:12:17.037] Android ADB Shared SubFolder: mybot.run\
D [2016-07-14 17:12:17.037] Android Mouse Device: nox Virtual Input
D [2016-07-14 17:12:17.037] Android ADB screencap command enabled: True
D [2016-07-14 17:12:17.037] Android ADB input command enabled: False
D [2016-07-14 17:12:17.037] Android ADB Mouse Click enabled: False
D [2016-07-14 17:12:17.038] Android ADB Click Drag enabled: True
D [2016-07-14 17:12:17.038] Searching Nox Window: Title = 'No', Class = '[CLASS:Qt5QWindowIcon;INSTANCE:4]', Text = ''
D [2016-07-14 17:12:17.043] Nox Window not found
D [2016-07-14 17:12:17.043] InitAndroid(False): Nox END, initialization successful = True
D [2016-07-14 17:12:17.043] UpdateAndroidConfig("nox") END
D [2016-07-14 17:12:17.043] UpdateAndroidConfig("")
D [2016-07-14 17:12:17.043] InitAndroid(False): BlueStacks2
D [2016-07-14 17:12:17.044] BlueStacks2 Engine 'Plus'-Mode: False
D [2016-07-14 17:12:17.044] BlueStacks2 OEM Features: 2754561
D [2016-07-14 17:12:17.044] BlueStacks2 System Bar is not available
D [2016-07-14 17:12:17.045] Searching BlueStacks2 Window: Title = 'BlueStacks ', Class = '[CLASS:BlueStacksApp; INSTANCE:1]', Text = '_ctl.Window'
D [2016-07-14 17:12:17.050] BlueStacks2 Window not found
D [2016-07-14 17:12:17.050] Android: BlueStacks2
D [2016-07-14 17:12:17.050] Android Config: 3
D [2016-07-14 17:12:17.050] Android Version: 2.0.2.5623
D [2016-07-14 17:12:17.050] Android Instance: 
D [2016-07-14 17:12:17.051] Android Window Title: BlueStacks 
D [2016-07-14 17:12:17.051] Android Program Path: C:\Program Files (x86)\BlueStacks\HD-Frontend.exe
D [2016-07-14 17:12:17.051] Android Program Parameter: Android
D [2016-07-14 17:12:17.051] Android ADB Path: C:\Program Files\Microvirt\MEmu\adb.exe
D [2016-07-14 17:12:17.051] Android ADB Device: emulator-5554
D [2016-07-14 17:12:17.052] Android ADB Shared Folder: /storage/sdcard/windows/BstSharedFolder/
D [2016-07-14 17:12:17.052] Android ADB Shared Folder on Host: C:\ProgramData\BlueStacks\UserData\SharedFolder\
D [2016-07-14 17:12:17.052] Android ADB Shared SubFolder: mybot.run\
D [2016-07-14 17:12:17.052] Android Mouse Device: BlueStacks Virtual Touch
D [2016-07-14 17:12:17.052] Android ADB screencap command enabled: False
D [2016-07-14 17:12:17.053] Android ADB input command enabled: False
D [2016-07-14 17:12:17.053] Android ADB Mouse Click enabled: False
D [2016-07-14 17:12:17.053] Android ADB Click Drag enabled: False
D [2016-07-14 17:12:17.053] Searching BlueStacks2 Window: Title = 'BlueStacks ', Class = '[CLASS:BlueStacksApp; INSTANCE:1]', Text = '_ctl.Window'
D [2016-07-14 17:12:17.056] BlueStacks2 Window not found
D [2016-07-14 17:12:17.056] InitAndroid(False): BlueStacks2 END, initialization successful = True
D [2016-07-14 17:12:17.056] UpdateAndroidConfig("") END
D [2016-07-14 17:12:17.057] UpdateAndroidConfig("")
D [2016-07-14 17:12:17.057] InitAndroid(False): BlueStacks
D [2016-07-14 17:12:17.057] BlueStacks Engine 'Plus'-Mode: False
D [2016-07-14 17:12:17.058] BlueStacks OEM Features: 2754561
D [2016-07-14 17:12:17.058] BlueStacks System Bar is not available
D [2016-07-14 17:12:17.058] Searching BlueStacks Window: Title = 'BlueStacks App Player', Class = '[CLASS:BlueStacksApp; INSTANCE:1]', Text = '_ctl.Window'
D [2016-07-14 17:12:17.062] BlueStacks Window not found
L [2016-07-14 17:12:17.062] BlueStacks supported version 0.8.x - 0.11.x not found
D [2016-07-14 17:12:17.062] InitAndroid(False): BlueStacks END, initialization successful = False
D [2016-07-14 17:12:17.062] UpdateAndroidConfig("") END
D [2016-07-14 17:12:17.063] UpdateAndroidConfig("MEmu")
D [2016-07-14 17:12:17.063] InitAndroid(False): MEmu
D [2016-07-14 17:12:17.995] Cannot read MEmu guestproperty phone_layout!
D [2016-07-14 17:12:17.995] Searching MEmu Window: Title = 'MEmu 2.', Class = '[CLASS:subWin; INSTANCE:1]', Text = ''
D [2016-07-14 17:12:17.998] MEmu Window not found
D [2016-07-14 17:12:17.998] Android: MEmu
D [2016-07-14 17:12:17.998] Android Config: 0
D [2016-07-14 17:12:17.998] Android Version: 2.5.0
D [2016-07-14 17:12:17.999] Android Instance: MEmu
D [2016-07-14 17:12:17.999] Android Window Title: MEmu 2.
D [2016-07-14 17:12:17.999] Android Program Path: C:\Program Files\Microvirt\MEmu\MEmu.exe
D [2016-07-14 17:12:17.999] Android Program Parameter: MEmu
D [2016-07-14 17:12:17.999] Android ADB Path: C:\Program Files\Microvirt\MEmu\adb.exe
D [2016-07-14 17:12:17.999] Android ADB Device: 127.0.0.1:21503
D [2016-07-14 17:12:18.000] Android ADB Shared Folder: /mnt/shell/emulated/0/Pictures/
D [2016-07-14 17:12:18.000] Android ADB Shared Folder on Host: C:\Users\Amin\Pictures\MEmu Photo\
D [2016-07-14 17:12:18.000] Android ADB Shared SubFolder: mybot.run\
D [2016-07-14 17:12:18.000] Android Mouse Device: Microvirt Virtual Input
D [2016-07-14 17:12:18.001] Android ADB screencap command enabled: True
D [2016-07-14 17:12:18.001] Android ADB input command enabled: False
D [2016-07-14 17:12:18.001] Android ADB Mouse Click enabled: False
D [2016-07-14 17:12:18.001] Android ADB Click Drag enabled: True
D [2016-07-14 17:12:18.001] Searching MEmu Window: Title = 'MEmu 2.', Class = '[CLASS:subWin; INSTANCE:1]', Text = ''
D [2016-07-14 17:12:18.005] MEmu Window not found
D [2016-07-14 17:12:18.005] InitAndroid(False): MEmu END, initialization successful = True
D [2016-07-14 17:12:18.006] UpdateAndroidConfig("MEmu") END
D [2016-07-14 17:12:18.452] Read Building Config C:\Users\Amin\Desktop\MyBot.Run\MOD AIO\MyBot-AIO-2.1.3+Latest Fix-With-LimitDonations-byCutidudz\Profiles\MyVillage\building.ini
D [2016-07-14 17:12:18.464] Read Config C:\Users\Amin\Desktop\MyBot.Run\MOD AIO\MyBot-AIO-2.1.3+Latest Fix-With-LimitDonations-byCutidudz\Profiles\MyVillage\config.ini
D [2016-07-14 17:12:18.520] Apply Config
D [2016-07-14 17:12:18.606] UpdateAndroidConfig("MEmu")
D [2016-07-14 17:12:18.607] InitAndroid(False): MEmu
D [2016-07-14 17:12:19.543] Cannot read MEmu guestproperty phone_layout!
D [2016-07-14 17:12:19.544] Searching MEmu Window: Title = 'MEmu 2.', Class = '[CLASS:subWin; INSTANCE:1]', Text = ''
D [2016-07-14 17:12:19.548] MEmu Window not found
D [2016-07-14 17:12:19.548] Android: MEmu
D [2016-07-14 17:12:19.548] Android Config: 0
D [2016-07-14 17:12:19.548] Android Version: 2.5.0
D [2016-07-14 17:12:19.548] Android Instance: MEmu
D [2016-07-14 17:12:19.549] Android Window Title: MEmu 2.
D [2016-07-14 17:12:19.549] Android Program Path: C:\Program Files\Microvirt\MEmu\MEmu.exe
D [2016-07-14 17:12:19.549] Android Program Parameter: MEmu
D [2016-07-14 17:12:19.549] Android ADB Path: C:\Program Files\Microvirt\MEmu\adb.exe
D [2016-07-14 17:12:19.550] Android ADB Device: 127.0.0.1:21503
D [2016-07-14 17:12:19.550] Android ADB Shared Folder: /mnt/shell/emulated/0/Pictures/
D [2016-07-14 17:12:19.550] Android ADB Shared Folder on Host: C:\Users\Amin\Pictures\MEmu Photo\
D [2016-07-14 17:12:19.550] Android ADB Shared SubFolder: mybot.run\
D [2016-07-14 17:12:19.550] Android Mouse Device: Microvirt Virtual Input
D [2016-07-14 17:12:19.551] Android ADB screencap command enabled: True
D [2016-07-14 17:12:19.551] Android ADB input command enabled: False
D [2016-07-14 17:12:19.551] Android ADB Mouse Click enabled: False
D [2016-07-14 17:12:19.551] Android ADB Click Drag enabled: True
D [2016-07-14 17:12:19.551] Searching MEmu Window: Title = 'MEmu 2.', Class = '[CLASS:subWin; INSTANCE:1]', Text = ''
D [2016-07-14 17:12:19.556] MEmu Window not found
D [2016-07-14 17:12:19.557] InitAndroid(False): MEmu END, initialization successful = True
D [2016-07-14 17:12:19.557] UpdateAndroidConfig("MEmu") END
D [2016-07-14 17:12:19.559] Redraw MyBot Window
L [2016-07-14 17:12:20.301] Found installed MEmu 2.5.0
L [2016-07-14 17:12:20.306] Android Emulator Configuration: MEmu (instance MEmu)
L [2016-07-14 17:12:22.436] WELCOME CHIEF, YOU HAVE THE LATEST VERSION OF THE BOT
L [2016-07-14 17:12:22.443]  
L [2016-07-14 17:12:22.447] Fully working with May update
L [2016-07-14 17:12:22.451] New GUI and lots of new features
L [2016-07-14 17:12:22.457] For more information, go to 
L [2016-07-14 17:12:22.461] https://mybot.run
L [2016-07-14 17:12:22.466] 
L [2016-07-14 17:12:22.471]  Always free and open source.
D [2016-07-14 17:12:26.687] MyBot.run launch time 17326 ms.
D [2016-07-14 17:15:00.581] Redraw MyBot ControlIds (forced): 0x000B105A, 0x001010BE
L [2016-07-14 17:15:01.944] Closing Merged My Bot v6.1.4 All In One v2.1.4 (MEmu) ...
D [2016-07-14 17:15:01.956] Save Config C:\Users\Amin\Desktop\MyBot.Run\MOD AIO\MyBot-AIO-2.1.3+Latest Fix-With-LimitDonations-byCutidudz\Profiles\MyVillage\config.ini
D [2016-07-14 17:15:02.403] Save Building Config C:\Users\Amin\Desktop\MyBot.Run\MOD AIO\MyBot-AIO-2.1.3+Latest Fix-With-LimitDonations-byCutidudz\Profiles\MyVillage\building.ini
