D [2016-07-19 03:41:57.686] @AutoItExe: C:\Program Files (x86)\AutoIt3\AutoIt3.exe
D [2016-07-19 03:41:57.687] @ScriptFullPath: C:\Users\Amin\Desktop\MyBot.Run\MOD AIO\MyBot-AIO-2.1.4\MyBot.run.au3
D [2016-07-19 03:41:57.687] @WorkingDir: C:\Users\Amin\Desktop\MyBot.Run\MOD AIO\MyBot-AIO-2.1.4
D [2016-07-19 03:41:57.687] @AutoItPID: 4788
D [2016-07-19 03:41:57.716] DetectRunningAndroid()
D [2016-07-19 03:41:57.716] UpdateAndroidConfig("MEmu")
D [2016-07-19 03:41:57.716] InitAndroid(False): MEmu
D [2016-07-19 03:41:58.735] Cannot read MEmu guestproperty phone_layout!
D [2016-07-19 03:41:58.735] Searching MEmu Window: Title = 'MEmu 2.', Class = '[CLASS:subWin; INSTANCE:1]', Text = ''
D [2016-07-19 03:41:58.740] MEmu Window not found
D [2016-07-19 03:41:58.740] Android: MEmu
D [2016-07-19 03:41:58.740] Android Config: 0
D [2016-07-19 03:41:58.740] Android Version: 2.5.0
D [2016-07-19 03:41:58.741] Android Instance: MEmu
D [2016-07-19 03:41:58.741] Android Window Title: MEmu 2.
D [2016-07-19 03:41:58.741] Android Program Path: C:\Program Files\Microvirt\MEmu\MEmu.exe
D [2016-07-19 03:41:58.741] Android Program Parameter: MEmu
D [2016-07-19 03:41:58.741] Android ADB Path: C:\Program Files\Microvirt\MEmu\adb.exe
D [2016-07-19 03:41:58.741] Android ADB Device: 127.0.0.1:21503
D [2016-07-19 03:41:58.742] Android ADB Shared Folder: /mnt/shell/emulated/0/Pictures/
D [2016-07-19 03:41:58.742] Android ADB Shared Folder on Host: C:\Users\Amin\Pictures\MEmu Photo\
D [2016-07-19 03:41:58.742] Android ADB Shared SubFolder: mybot.run\
D [2016-07-19 03:41:58.742] Android Mouse Device: Microvirt Virtual Input
D [2016-07-19 03:41:58.742] Android ADB screencap command enabled: True
D [2016-07-19 03:41:58.743] Android ADB input command enabled: False
D [2016-07-19 03:41:58.743] Android ADB Mouse Click enabled: False
D [2016-07-19 03:41:58.743] Android ADB Click Drag enabled: True
D [2016-07-19 03:41:58.743] Searching MEmu Window: Title = 'MEmu 2.', Class = '[CLASS:subWin; INSTANCE:1]', Text = ''
D [2016-07-19 03:41:58.746] MEmu Window not found
D [2016-07-19 03:41:58.747] InitAndroid(False): MEmu END, initialization successful = True
D [2016-07-19 03:41:58.747] UpdateAndroidConfig("MEmu") END
D [2016-07-19 03:41:58.747] GetAndroidRunningInstance: Try to find "C:\Program Files\Microvirt\MEmu\MEmu.exe"
D [2016-07-19 03:41:58.755] ObjGet("winmgmts:\\.\root\cimv2")
D [2016-07-19 03:41:58.755] WMI Query: Select * from Win32_Process where ExecutablePath like "%C:\\Program Files\\Microvirt\\MEmu\\MEmu.exe%"
D [2016-07-19 03:41:58.800] Process by CommandLine not found: C:\Program Files\Microvirt\MEmu\MEmu.exe
D [2016-07-19 03:41:58.801] UpdateAndroidConfig("droid4x")
D [2016-07-19 03:41:58.801] InitAndroid(False): Droid4X
L [2016-07-19 03:41:58.802] Serious error has occurred: Cannot find Droid4X:
L [2016-07-19 03:41:58.802] C:\Program Files (x86)\Droid4X\Droid4X.exe
D [2016-07-19 03:41:58.802] InitAndroid(False): Droid4X END, initialization successful = False
D [2016-07-19 03:41:58.802] UpdateAndroidConfig("droid4x") END
D [2016-07-19 03:41:58.803] UpdateAndroidConfig("nox")
D [2016-07-19 03:41:58.803] InitAndroid(False): Nox
D [2016-07-19 03:41:59.486] Android: Nox
D [2016-07-19 03:41:59.486] Android Config: 2
D [2016-07-19 03:41:59.486] Android Version: 3.1.0.0
D [2016-07-19 03:41:59.487] Android Instance: nox
D [2016-07-19 03:41:59.487] Android Window Title: No
D [2016-07-19 03:41:59.487] Android Program Path: C:\Users\Amin\AppData\Roaming\Nox\bin\Nox.exe
D [2016-07-19 03:41:59.487] Android Program Parameter: -resolution:860x732 -dpi:160 "-clone:nox"
D [2016-07-19 03:41:59.487] Android ADB Path: C:\Program Files\Microvirt\MEmu\adb.exe
D [2016-07-19 03:41:59.487] Android ADB Device: 127.0.0.1:62001
D [2016-07-19 03:41:59.488] Android ADB Shared Folder: /mnt/shared/Other/
D [2016-07-19 03:41:59.488] Android ADB Shared Folder on Host: C:\Users\Amin\Documents\Nox_share\Other\
D [2016-07-19 03:41:59.488] Android ADB Shared SubFolder: mybot.run\
D [2016-07-19 03:41:59.488] Android Mouse Device: nox Virtual Input
D [2016-07-19 03:41:59.489] Android ADB screencap command enabled: True
D [2016-07-19 03:41:59.489] Android ADB input command enabled: False
D [2016-07-19 03:41:59.489] Android ADB Mouse Click enabled: False
D [2016-07-19 03:41:59.489] Android ADB Click Drag enabled: True
D [2016-07-19 03:41:59.489] Searching Nox Window: Title = 'No', Class = '[CLASS:Qt5QWindowIcon;INSTANCE:4]', Text = ''
D [2016-07-19 03:41:59.493] Nox Window not found
D [2016-07-19 03:41:59.493] InitAndroid(False): Nox END, initialization successful = True
D [2016-07-19 03:41:59.493] UpdateAndroidConfig("nox") END
D [2016-07-19 03:41:59.493] GetAndroidRunningInstance: Try to find "C:\Users\Amin\AppData\Roaming\Nox\bin\Nox.exe"
D [2016-07-19 03:41:59.495] ObjGet("winmgmts:\\.\root\cimv2")
D [2016-07-19 03:41:59.496] WMI Query: Select * from Win32_Process where ExecutablePath like "%C:\\Users\\Amin\\AppData\\Roaming\\Nox\\bin\\Nox.exe%"
D [2016-07-19 03:41:59.539] No process found by CommandLine: C:\Users\Amin\AppData\Roaming\Nox\bin\Nox.exe
D [2016-07-19 03:41:59.540] UpdateAndroidConfig("")
D [2016-07-19 03:41:59.540] InitAndroid(False): BlueStacks2
D [2016-07-19 03:41:59.541] BlueStacks2 Engine 'Plus'-Mode: False
D [2016-07-19 03:41:59.541] BlueStacks2 OEM Features: 2754561
D [2016-07-19 03:41:59.541] BlueStacks2 System Bar is not available
D [2016-07-19 03:41:59.541] Searching BlueStacks2 Window: Title = 'BlueStacks ', Class = '[CLASS:BlueStacksApp; INSTANCE:1]', Text = '_ctl.Window'
D [2016-07-19 03:41:59.545] BlueStacks2 Window not found
D [2016-07-19 03:41:59.545] Android: BlueStacks2
D [2016-07-19 03:41:59.545] Android Config: 3
D [2016-07-19 03:41:59.546] Android Version: 2.0.2.5623
D [2016-07-19 03:41:59.546] Android Instance: 
D [2016-07-19 03:41:59.546] Android Window Title: BlueStacks 
D [2016-07-19 03:41:59.546] Android Program Path: C:\Program Files (x86)\BlueStacks\HD-Frontend.exe
D [2016-07-19 03:41:59.546] Android Program Parameter: Android
D [2016-07-19 03:41:59.546] Android ADB Path: C:\Program Files\Microvirt\MEmu\adb.exe
D [2016-07-19 03:41:59.547] Android ADB Device: emulator-5554
D [2016-07-19 03:41:59.547] Android ADB Shared Folder: /storage/sdcard/windows/BstSharedFolder/
D [2016-07-19 03:41:59.547] Android ADB Shared Folder on Host: C:\ProgramData\BlueStacks\UserData\SharedFolder\
D [2016-07-19 03:41:59.547] Android ADB Shared SubFolder: mybot.run\
D [2016-07-19 03:41:59.547] Android Mouse Device: BlueStacks Virtual Touch
D [2016-07-19 03:41:59.548] Android ADB screencap command enabled: False
D [2016-07-19 03:41:59.548] Android ADB input command enabled: False
D [2016-07-19 03:41:59.548] Android ADB Mouse Click enabled: False
D [2016-07-19 03:41:59.548] Android ADB Click Drag enabled: False
D [2016-07-19 03:41:59.548] Searching BlueStacks2 Window: Title = 'BlueStacks ', Class = '[CLASS:BlueStacksApp; INSTANCE:1]', Text = '_ctl.Window'
D [2016-07-19 03:41:59.552] BlueStacks2 Window not found
D [2016-07-19 03:41:59.552] InitAndroid(False): BlueStacks2 END, initialization successful = True
D [2016-07-19 03:41:59.553] UpdateAndroidConfig("") END
D [2016-07-19 03:41:59.553] Searching BlueStacks2 Window: Title = 'BlueStacks ', Class = '[CLASS:BlueStacksApp; INSTANCE:1]', Text = '_ctl.Window'
D [2016-07-19 03:41:59.556] BlueStacks2 Window not found
D [2016-07-19 03:41:59.557] UpdateAndroidConfig("")
D [2016-07-19 03:41:59.558] InitAndroid(False): BlueStacks
D [2016-07-19 03:41:59.558] BlueStacks Engine 'Plus'-Mode: False
D [2016-07-19 03:41:59.558] BlueStacks OEM Features: 2754561
D [2016-07-19 03:41:59.559] BlueStacks System Bar is not available
D [2016-07-19 03:41:59.559] Searching BlueStacks Window: Title = 'BlueStacks App Player', Class = '[CLASS:BlueStacksApp; INSTANCE:1]', Text = '_ctl.Window'
D [2016-07-19 03:41:59.563] BlueStacks Window not found
L [2016-07-19 03:41:59.563] BlueStacks supported version 0.8.x - 0.11.x not found
D [2016-07-19 03:41:59.564] InitAndroid(False): BlueStacks END, initialization successful = False
D [2016-07-19 03:41:59.564] UpdateAndroidConfig("") END
D [2016-07-19 03:41:59.564] UpdateAndroidConfig("MEmu")
D [2016-07-19 03:41:59.564] InitAndroid(False): MEmu
D [2016-07-19 03:42:00.503] Cannot read MEmu guestproperty phone_layout!
D [2016-07-19 03:42:00.504] Searching MEmu Window: Title = 'MEmu 2.', Class = '[CLASS:subWin; INSTANCE:1]', Text = ''
D [2016-07-19 03:42:00.508] MEmu Window not found
D [2016-07-19 03:42:00.509] Android: MEmu
D [2016-07-19 03:42:00.509] Android Config: 0
D [2016-07-19 03:42:00.509] Android Version: 2.5.0
D [2016-07-19 03:42:00.509] Android Instance: MEmu
D [2016-07-19 03:42:00.509] Android Window Title: MEmu 2.
D [2016-07-19 03:42:00.509] Android Program Path: C:\Program Files\Microvirt\MEmu\MEmu.exe
D [2016-07-19 03:42:00.510] Android Program Parameter: MEmu
D [2016-07-19 03:42:00.510] Android ADB Path: C:\Program Files\Microvirt\MEmu\adb.exe
D [2016-07-19 03:42:00.510] Android ADB Device: 127.0.0.1:21503
D [2016-07-19 03:42:00.510] Android ADB Shared Folder: /mnt/shell/emulated/0/Pictures/
D [2016-07-19 03:42:00.511] Android ADB Shared Folder on Host: C:\Users\Amin\Pictures\MEmu Photo\
D [2016-07-19 03:42:00.511] Android ADB Shared SubFolder: mybot.run\
D [2016-07-19 03:42:00.511] Android Mouse Device: Microvirt Virtual Input
D [2016-07-19 03:42:00.511] Android ADB screencap command enabled: True
D [2016-07-19 03:42:00.511] Android ADB input command enabled: False
D [2016-07-19 03:42:00.512] Android ADB Mouse Click enabled: False
D [2016-07-19 03:42:00.512] Android ADB Click Drag enabled: True
D [2016-07-19 03:42:00.512] Searching MEmu Window: Title = 'MEmu 2.', Class = '[CLASS:subWin; INSTANCE:1]', Text = ''
D [2016-07-19 03:42:00.517] MEmu Window not found
D [2016-07-19 03:42:00.517] InitAndroid(False): MEmu END, initialization successful = True
D [2016-07-19 03:42:00.517] UpdateAndroidConfig("MEmu") END
D [2016-07-19 03:42:00.518] Found no running Android Emulator
D [2016-07-19 03:42:00.518] DetectInstalledAndroid()
D [2016-07-19 03:42:00.518] UpdateAndroidConfig("MEmu")
D [2016-07-19 03:42:00.518] InitAndroid(False): MEmu
D [2016-07-19 03:42:01.452] Cannot read MEmu guestproperty phone_layout!
D [2016-07-19 03:42:01.453] Searching MEmu Window: Title = 'MEmu 2.', Class = '[CLASS:subWin; INSTANCE:1]', Text = ''
D [2016-07-19 03:42:01.457] MEmu Window not found
D [2016-07-19 03:42:01.458] Android: MEmu
D [2016-07-19 03:42:01.458] Android Config: 0
D [2016-07-19 03:42:01.458] Android Version: 2.5.0
D [2016-07-19 03:42:01.458] Android Instance: MEmu
D [2016-07-19 03:42:01.458] Android Window Title: MEmu 2.
D [2016-07-19 03:42:01.459] Android Program Path: C:\Program Files\Microvirt\MEmu\MEmu.exe
D [2016-07-19 03:42:01.459] Android Program Parameter: MEmu
D [2016-07-19 03:42:01.459] Android ADB Path: C:\Program Files\Microvirt\MEmu\adb.exe
D [2016-07-19 03:42:01.459] Android ADB Device: 127.0.0.1:21503
D [2016-07-19 03:42:01.459] Android ADB Shared Folder: /mnt/shell/emulated/0/Pictures/
D [2016-07-19 03:42:01.460] Android ADB Shared Folder on Host: C:\Users\Amin\Pictures\MEmu Photo\
D [2016-07-19 03:42:01.460] Android ADB Shared SubFolder: mybot.run\
D [2016-07-19 03:42:01.460] Android Mouse Device: Microvirt Virtual Input
D [2016-07-19 03:42:01.460] Android ADB screencap command enabled: True
D [2016-07-19 03:42:01.460] Android ADB input command enabled: False
D [2016-07-19 03:42:01.461] Android ADB Mouse Click enabled: False
D [2016-07-19 03:42:01.461] Android ADB Click Drag enabled: True
D [2016-07-19 03:42:01.461] Searching MEmu Window: Title = 'MEmu 2.', Class = '[CLASS:subWin; INSTANCE:1]', Text = ''
D [2016-07-19 03:42:01.464] MEmu Window not found
D [2016-07-19 03:42:01.465] InitAndroid(False): MEmu END, initialization successful = True
D [2016-07-19 03:42:01.465] UpdateAndroidConfig("MEmu") END
D [2016-07-19 03:42:01.465] Found installed MEmu 2.5.0
D [2016-07-19 03:42:01.466] My Bot is the only running instance
D [2016-07-19 03:42:05.550] UpdateAndroidConfig("MEmu")
D [2016-07-19 03:42:05.550] InitAndroid(False): MEmu
D [2016-07-19 03:42:06.491] Cannot read MEmu guestproperty phone_layout!
D [2016-07-19 03:42:06.491] Searching MEmu Window: Title = 'MEmu 2.', Class = '[CLASS:subWin; INSTANCE:1]', Text = ''
D [2016-07-19 03:42:06.497] MEmu Window not found
D [2016-07-19 03:42:06.497] Android: MEmu
D [2016-07-19 03:42:06.498] Android Config: 0
D [2016-07-19 03:42:06.498] Android Version: 2.5.0
D [2016-07-19 03:42:06.498] Android Instance: MEmu
D [2016-07-19 03:42:06.498] Android Window Title: MEmu 2.
D [2016-07-19 03:42:06.498] Android Program Path: C:\Program Files\Microvirt\MEmu\MEmu.exe
D [2016-07-19 03:42:06.500] Android Program Parameter: MEmu
D [2016-07-19 03:42:06.500] Android ADB Path: C:\Program Files\Microvirt\MEmu\adb.exe
D [2016-07-19 03:42:06.500] Android ADB Device: 127.0.0.1:21503
D [2016-07-19 03:42:06.500] Android ADB Shared Folder: /mnt/shell/emulated/0/Pictures/
D [2016-07-19 03:42:06.501] Android ADB Shared Folder on Host: C:\Users\Amin\Pictures\MEmu Photo\
D [2016-07-19 03:42:06.501] Android ADB Shared SubFolder: mybot.run\
D [2016-07-19 03:42:06.501] Android Mouse Device: Microvirt Virtual Input
D [2016-07-19 03:42:06.501] Android ADB screencap command enabled: True
D [2016-07-19 03:42:06.501] Android ADB input command enabled: False
D [2016-07-19 03:42:06.502] Android ADB Mouse Click enabled: False
D [2016-07-19 03:42:06.502] Android ADB Click Drag enabled: True
D [2016-07-19 03:42:06.502] Searching MEmu Window: Title = 'MEmu 2.', Class = '[CLASS:subWin; INSTANCE:1]', Text = ''
D [2016-07-19 03:42:06.507] MEmu Window not found
D [2016-07-19 03:42:06.507] InitAndroid(False): MEmu END, initialization successful = True
D [2016-07-19 03:42:06.507] UpdateAndroidConfig("MEmu") END
D [2016-07-19 03:42:06.507] UpdateAndroidConfig("droid4x")
D [2016-07-19 03:42:06.508] InitAndroid(False): Droid4X
L [2016-07-19 03:42:06.508] Serious error has occurred: Cannot find Droid4X:
L [2016-07-19 03:42:06.508] C:\Program Files (x86)\Droid4X\Droid4X.exe
D [2016-07-19 03:42:06.509] InitAndroid(False): Droid4X END, initialization successful = False
D [2016-07-19 03:42:06.509] UpdateAndroidConfig("droid4x") END
D [2016-07-19 03:42:06.509] UpdateAndroidConfig("nox")
D [2016-07-19 03:42:06.509] InitAndroid(False): Nox
D [2016-07-19 03:42:07.199] Android: Nox
D [2016-07-19 03:42:07.200] Android Config: 2
D [2016-07-19 03:42:07.200] Android Version: 3.1.0.0
D [2016-07-19 03:42:07.201] Android Instance: nox
D [2016-07-19 03:42:07.201] Android Window Title: No
D [2016-07-19 03:42:07.201] Android Program Path: C:\Users\Amin\AppData\Roaming\Nox\bin\Nox.exe
D [2016-07-19 03:42:07.201] Android Program Parameter: -resolution:860x732 -dpi:160 "-clone:nox"
D [2016-07-19 03:42:07.201] Android ADB Path: C:\Program Files\Microvirt\MEmu\adb.exe
D [2016-07-19 03:42:07.203] Android ADB Device: 127.0.0.1:62001
D [2016-07-19 03:42:07.203] Android ADB Shared Folder: /mnt/shared/Other/
D [2016-07-19 03:42:07.203] Android ADB Shared Folder on Host: C:\Users\Amin\Documents\Nox_share\Other\
D [2016-07-19 03:42:07.203] Android ADB Shared SubFolder: mybot.run\
D [2016-07-19 03:42:07.203] Android Mouse Device: nox Virtual Input
D [2016-07-19 03:42:07.204] Android ADB screencap command enabled: True
D [2016-07-19 03:42:07.204] Android ADB input command enabled: False
D [2016-07-19 03:42:07.204] Android ADB Mouse Click enabled: False
D [2016-07-19 03:42:07.204] Android ADB Click Drag enabled: True
D [2016-07-19 03:42:07.204] Searching Nox Window: Title = 'No', Class = '[CLASS:Qt5QWindowIcon;INSTANCE:4]', Text = ''
D [2016-07-19 03:42:07.210] Nox Window not found
D [2016-07-19 03:42:07.210] InitAndroid(False): Nox END, initialization successful = True
D [2016-07-19 03:42:07.210] UpdateAndroidConfig("nox") END
D [2016-07-19 03:42:07.210] UpdateAndroidConfig("")
D [2016-07-19 03:42:07.211] InitAndroid(False): BlueStacks2
D [2016-07-19 03:42:07.211] BlueStacks2 Engine 'Plus'-Mode: False
D [2016-07-19 03:42:07.211] BlueStacks2 OEM Features: 2754561
D [2016-07-19 03:42:07.212] BlueStacks2 System Bar is not available
D [2016-07-19 03:42:07.212] Searching BlueStacks2 Window: Title = 'BlueStacks ', Class = '[CLASS:BlueStacksApp; INSTANCE:1]', Text = '_ctl.Window'
D [2016-07-19 03:42:07.217] BlueStacks2 Window not found
D [2016-07-19 03:42:07.217] Android: BlueStacks2
D [2016-07-19 03:42:07.217] Android Config: 3
D [2016-07-19 03:42:07.217] Android Version: 2.0.2.5623
D [2016-07-19 03:42:07.217] Android Instance: 
D [2016-07-19 03:42:07.218] Android Window Title: BlueStacks 
D [2016-07-19 03:42:07.218] Android Program Path: C:\Program Files (x86)\BlueStacks\HD-Frontend.exe
D [2016-07-19 03:42:07.218] Android Program Parameter: Android
D [2016-07-19 03:42:07.218] Android ADB Path: C:\Program Files\Microvirt\MEmu\adb.exe
D [2016-07-19 03:42:07.218] Android ADB Device: emulator-5554
D [2016-07-19 03:42:07.219] Android ADB Shared Folder: /storage/sdcard/windows/BstSharedFolder/
D [2016-07-19 03:42:07.219] Android ADB Shared Folder on Host: C:\ProgramData\BlueStacks\UserData\SharedFolder\
D [2016-07-19 03:42:07.219] Android ADB Shared SubFolder: mybot.run\
D [2016-07-19 03:42:07.219] Android Mouse Device: BlueStacks Virtual Touch
D [2016-07-19 03:42:07.219] Android ADB screencap command enabled: False
D [2016-07-19 03:42:07.220] Android ADB input command enabled: False
D [2016-07-19 03:42:07.220] Android ADB Mouse Click enabled: False
D [2016-07-19 03:42:07.220] Android ADB Click Drag enabled: False
D [2016-07-19 03:42:07.220] Searching BlueStacks2 Window: Title = 'BlueStacks ', Class = '[CLASS:BlueStacksApp; INSTANCE:1]', Text = '_ctl.Window'
D [2016-07-19 03:42:07.227] BlueStacks2 Window not found
D [2016-07-19 03:42:07.227] InitAndroid(False): BlueStacks2 END, initialization successful = True
D [2016-07-19 03:42:07.227] UpdateAndroidConfig("") END
D [2016-07-19 03:42:07.227] UpdateAndroidConfig("")
D [2016-07-19 03:42:07.227] InitAndroid(False): BlueStacks
D [2016-07-19 03:42:07.228] BlueStacks Engine 'Plus'-Mode: False
D [2016-07-19 03:42:07.228] BlueStacks OEM Features: 2754561
D [2016-07-19 03:42:07.228] BlueStacks System Bar is not available
D [2016-07-19 03:42:07.229] Searching BlueStacks Window: Title = 'BlueStacks App Player', Class = '[CLASS:BlueStacksApp; INSTANCE:1]', Text = '_ctl.Window'
D [2016-07-19 03:42:07.234] BlueStacks Window not found
L [2016-07-19 03:42:07.234] BlueStacks supported version 0.8.x - 0.11.x not found
D [2016-07-19 03:42:07.235] InitAndroid(False): BlueStacks END, initialization successful = False
D [2016-07-19 03:42:07.235] UpdateAndroidConfig("") END
D [2016-07-19 03:42:07.235] UpdateAndroidConfig("MEmu")
D [2016-07-19 03:42:07.235] InitAndroid(False): MEmu
D [2016-07-19 03:42:08.175] Cannot read MEmu guestproperty phone_layout!
D [2016-07-19 03:42:08.176] Searching MEmu Window: Title = 'MEmu 2.', Class = '[CLASS:subWin; INSTANCE:1]', Text = ''
D [2016-07-19 03:42:08.181] MEmu Window not found
D [2016-07-19 03:42:08.181] Android: MEmu
D [2016-07-19 03:42:08.181] Android Config: 0
D [2016-07-19 03:42:08.182] Android Version: 2.5.0
D [2016-07-19 03:42:08.182] Android Instance: MEmu
D [2016-07-19 03:42:08.182] Android Window Title: MEmu 2.
D [2016-07-19 03:42:08.182] Android Program Path: C:\Program Files\Microvirt\MEmu\MEmu.exe
D [2016-07-19 03:42:08.182] Android Program Parameter: MEmu
D [2016-07-19 03:42:08.183] Android ADB Path: C:\Program Files\Microvirt\MEmu\adb.exe
D [2016-07-19 03:42:08.183] Android ADB Device: 127.0.0.1:21503
D [2016-07-19 03:42:08.183] Android ADB Shared Folder: /mnt/shell/emulated/0/Pictures/
D [2016-07-19 03:42:08.183] Android ADB Shared Folder on Host: C:\Users\Amin\Pictures\MEmu Photo\
D [2016-07-19 03:42:08.183] Android ADB Shared SubFolder: mybot.run\
D [2016-07-19 03:42:08.184] Android Mouse Device: Microvirt Virtual Input
D [2016-07-19 03:42:08.184] Android ADB screencap command enabled: True
D [2016-07-19 03:42:08.184] Android ADB input command enabled: False
D [2016-07-19 03:42:08.184] Android ADB Mouse Click enabled: False
D [2016-07-19 03:42:08.184] Android ADB Click Drag enabled: True
D [2016-07-19 03:42:08.184] Searching MEmu Window: Title = 'MEmu 2.', Class = '[CLASS:subWin; INSTANCE:1]', Text = ''
D [2016-07-19 03:42:08.190] MEmu Window not found
D [2016-07-19 03:42:08.190] InitAndroid(False): MEmu END, initialization successful = True
D [2016-07-19 03:42:08.190] UpdateAndroidConfig("MEmu") END
D [2016-07-19 03:42:08.826] Read Building Config C:\Users\Amin\Desktop\MyBot.Run\MOD AIO\MyBot-AIO-2.1.4\Profiles\MyVillage\building.ini
D [2016-07-19 03:42:08.837] Read Config C:\Users\Amin\Desktop\MyBot.Run\MOD AIO\MyBot-AIO-2.1.4\Profiles\MyVillage\config.ini
D [2016-07-19 03:42:08.892] Apply Config
D [2016-07-19 03:42:09.020] UpdateAndroidConfig("MEmu_1")
D [2016-07-19 03:42:09.020] InitAndroid(False): MEmu
D [2016-07-19 03:42:09.961] Cannot read MEmu guestproperty phone_layout!
D [2016-07-19 03:42:09.962] Searching MEmu Window: Title = 'MEmu 2.', Class = '[CLASS:subWin; INSTANCE:1]', Text = ''
D [2016-07-19 03:42:09.968] MEmu Window not found
D [2016-07-19 03:42:09.968] Android: MEmu
D [2016-07-19 03:42:09.968] Android Config: 0
D [2016-07-19 03:42:09.968] Android Version: 2.5.0
D [2016-07-19 03:42:09.968] Android Instance: MEmu_1
D [2016-07-19 03:42:09.969] Android Window Title: MEmu 2.
D [2016-07-19 03:42:09.969] Android Program Path: C:\Program Files\Microvirt\MEmu\MEmu.exe
D [2016-07-19 03:42:09.969] Android Program Parameter: MEmu_1
D [2016-07-19 03:42:09.969] Android ADB Path: C:\Program Files\Microvirt\MEmu\adb.exe
D [2016-07-19 03:42:09.969] Android ADB Device: 127.0.0.1:21513
D [2016-07-19 03:42:09.970] Android ADB Shared Folder: /mnt/shell/emulated/0/Pictures/
D [2016-07-19 03:42:09.970] Android ADB Shared Folder on Host: C:\Users\Amin\Pictures\MEmu Photo\
D [2016-07-19 03:42:09.970] Android ADB Shared SubFolder: mybot.run\
D [2016-07-19 03:42:09.970] Android Mouse Device: Microvirt Virtual Input
D [2016-07-19 03:42:09.970] Android ADB screencap command enabled: True
D [2016-07-19 03:42:09.971] Android ADB input command enabled: False
D [2016-07-19 03:42:09.971] Android ADB Mouse Click enabled: False
D [2016-07-19 03:42:09.971] Android ADB Click Drag enabled: True
D [2016-07-19 03:42:09.971] Searching MEmu Window: Title = 'MEmu 2.', Class = '[CLASS:subWin; INSTANCE:1]', Text = ''
D [2016-07-19 03:42:09.978] MEmu Window not found
D [2016-07-19 03:42:09.978] InitAndroid(False): MEmu END, initialization successful = True
D [2016-07-19 03:42:09.978] UpdateAndroidConfig("MEmu_1") END
D [2016-07-19 03:42:10.009] Redraw MyBot Window
L [2016-07-19 03:42:10.760] Found installed MEmu 2.5.0
L [2016-07-19 03:42:10.763] Android Emulator Configuration: MEmu (instance MEmu_1)
L [2016-07-19 03:42:13.523] WELCOME CHIEF, YOU HAVE THE LATEST VERSION OF THE BOT
L [2016-07-19 03:42:13.527]  
L [2016-07-19 03:42:13.531] Fully working with May update
L [2016-07-19 03:42:13.533] New GUI and lots of new features
L [2016-07-19 03:42:13.535] For more information, go to 
L [2016-07-19 03:42:13.538] https://mybot.run
L [2016-07-19 03:42:13.540] 
L [2016-07-19 03:42:13.543]  Always free and open source.
D [2016-07-19 03:42:14.857] MyBot.run launch time 17179 ms.
L [2016-07-19 03:43:15.774] Closing Merged My Bot v6.1.4 All In One v2.1.4 (MEmu_1) ...
D [2016-07-19 03:43:15.782] Save Config C:\Users\Amin\Desktop\MyBot.Run\MOD AIO\MyBot-AIO-2.1.4\Profiles\MyVillage\config.ini
D [2016-07-19 03:43:16.224] Save Building Config C:\Users\Amin\Desktop\MyBot.Run\MOD AIO\MyBot-AIO-2.1.4\Profiles\MyVillage\building.ini
