D [2016-07-19 02:53:15.186] @AutoItExe: C:\Program Files (x86)\AutoIt3\AutoIt3.exe
D [2016-07-19 02:53:15.186] @ScriptFullPath: C:\Users\Amin\Desktop\MyBot.Run\MOD AIO\MyBot-AIO-2.1.4\MyBot.run.au3
D [2016-07-19 02:53:15.186] @WorkingDir: C:\Users\Amin\Desktop\MyBot.Run\MOD AIO\MyBot-AIO-2.1.4
D [2016-07-19 02:53:15.186] @AutoItPID: 5716
D [2016-07-19 02:53:15.208] DetectRunningAndroid()
D [2016-07-19 02:53:15.208] UpdateAndroidConfig("MEmu")
D [2016-07-19 02:53:15.208] InitAndroid(False): MEmu
D [2016-07-19 02:53:16.202] Cannot read MEmu guestproperty phone_layout!
D [2016-07-19 02:53:16.202] Searching MEmu Window: Title = 'MEmu 2.', Class = '[CLASS:subWin; INSTANCE:1]', Text = ''
D [2016-07-19 02:53:16.204] MEmu Window not found
D [2016-07-19 02:53:16.204] Android: MEmu
D [2016-07-19 02:53:16.204] Android Config: 0
D [2016-07-19 02:53:16.205] Android Version: 2.5.0
D [2016-07-19 02:53:16.205] Android Instance: MEmu
D [2016-07-19 02:53:16.205] Android Window Title: MEmu 2.
D [2016-07-19 02:53:16.205] Android Program Path: C:\Program Files\Microvirt\MEmu\MEmu.exe
D [2016-07-19 02:53:16.205] Android Program Parameter: MEmu
D [2016-07-19 02:53:16.206] Android ADB Path: C:\Program Files\Microvirt\MEmu\adb.exe
D [2016-07-19 02:53:16.206] Android ADB Device: 127.0.0.1:21503
D [2016-07-19 02:53:16.206] Android ADB Shared Folder: /mnt/shell/emulated/0/Pictures/
D [2016-07-19 02:53:16.206] Android ADB Shared Folder on Host: C:\Users\Amin\Pictures\MEmu Photo\
D [2016-07-19 02:53:16.206] Android ADB Shared SubFolder: mybot.run\
D [2016-07-19 02:53:16.207] Android Mouse Device: Microvirt Virtual Input
D [2016-07-19 02:53:16.207] Android ADB screencap command enabled: True
D [2016-07-19 02:53:16.207] Android ADB input command enabled: False
D [2016-07-19 02:53:16.207] Android ADB Mouse Click enabled: False
D [2016-07-19 02:53:16.207] Android ADB Click Drag enabled: True
D [2016-07-19 02:53:16.207] Searching MEmu Window: Title = 'MEmu 2.', Class = '[CLASS:subWin; INSTANCE:1]', Text = ''
D [2016-07-19 02:53:16.209] MEmu Window not found
D [2016-07-19 02:53:16.209] InitAndroid(False): MEmu END, initialization successful = True
D [2016-07-19 02:53:16.209] UpdateAndroidConfig("MEmu") END
D [2016-07-19 02:53:16.209] GetAndroidRunningInstance: Try to find "C:\Program Files\Microvirt\MEmu\MEmu.exe"
D [2016-07-19 02:53:16.216] ObjGet("winmgmts:\\.\root\cimv2")
D [2016-07-19 02:53:16.217] WMI Query: Select * from Win32_Process where ExecutablePath like "%C:\\Program Files\\Microvirt\\MEmu\\MEmu.exe%"
D [2016-07-19 02:53:16.262] Process by CommandLine not found: C:\Program Files\Microvirt\MEmu\MEmu.exe
D [2016-07-19 02:53:16.262] UpdateAndroidConfig("droid4x")
D [2016-07-19 02:53:16.262] InitAndroid(False): Droid4X
L [2016-07-19 02:53:16.263] Serious error has occurred: Cannot find Droid4X:
L [2016-07-19 02:53:16.263] C:\Program Files (x86)\Droid4X\Droid4X.exe
D [2016-07-19 02:53:16.264] InitAndroid(False): Droid4X END, initialization successful = False
D [2016-07-19 02:53:16.264] UpdateAndroidConfig("droid4x") END
D [2016-07-19 02:53:16.264] UpdateAndroidConfig("nox")
D [2016-07-19 02:53:16.265] InitAndroid(False): Nox
D [2016-07-19 02:53:16.936] Android: Nox
D [2016-07-19 02:53:16.937] Android Config: 2
D [2016-07-19 02:53:16.937] Android Version: 3.1.0.0
D [2016-07-19 02:53:16.937] Android Instance: nox
D [2016-07-19 02:53:16.937] Android Window Title: No
D [2016-07-19 02:53:16.937] Android Program Path: C:\Users\Amin\AppData\Roaming\Nox\bin\Nox.exe
D [2016-07-19 02:53:16.937] Android Program Parameter: -resolution:860x732 -dpi:160 "-clone:nox"
D [2016-07-19 02:53:16.938] Android ADB Path: C:\Program Files\Microvirt\MEmu\adb.exe
D [2016-07-19 02:53:16.938] Android ADB Device: 127.0.0.1:62001
D [2016-07-19 02:53:16.938] Android ADB Shared Folder: /mnt/shared/Other/
D [2016-07-19 02:53:16.938] Android ADB Shared Folder on Host: C:\Users\Amin\Documents\Nox_share\Other\
D [2016-07-19 02:53:16.939] Android ADB Shared SubFolder: mybot.run\
D [2016-07-19 02:53:16.939] Android Mouse Device: nox Virtual Input
D [2016-07-19 02:53:16.939] Android ADB screencap command enabled: True
D [2016-07-19 02:53:16.939] Android ADB input command enabled: False
D [2016-07-19 02:53:16.939] Android ADB Mouse Click enabled: False
D [2016-07-19 02:53:16.939] Android ADB Click Drag enabled: True
D [2016-07-19 02:53:16.940] Searching Nox Window: Title = 'No', Class = '[CLASS:Qt5QWindowIcon;INSTANCE:4]', Text = ''
D [2016-07-19 02:53:16.941] Nox Window not found
D [2016-07-19 02:53:16.941] InitAndroid(False): Nox END, initialization successful = True
D [2016-07-19 02:53:16.941] UpdateAndroidConfig("nox") END
D [2016-07-19 02:53:16.942] GetAndroidRunningInstance: Try to find "C:\Users\Amin\AppData\Roaming\Nox\bin\Nox.exe"
D [2016-07-19 02:53:16.943] ObjGet("winmgmts:\\.\root\cimv2")
D [2016-07-19 02:53:16.944] WMI Query: Select * from Win32_Process where ExecutablePath like "%C:\\Users\\Amin\\AppData\\Roaming\\Nox\\bin\\Nox.exe%"
D [2016-07-19 02:53:16.984] No process found by CommandLine: C:\Users\Amin\AppData\Roaming\Nox\bin\Nox.exe
D [2016-07-19 02:53:16.985] UpdateAndroidConfig("")
D [2016-07-19 02:53:16.985] InitAndroid(False): BlueStacks2
D [2016-07-19 02:53:16.986] BlueStacks2 Engine 'Plus'-Mode: False
D [2016-07-19 02:53:16.986] BlueStacks2 OEM Features: 2754561
D [2016-07-19 02:53:16.986] BlueStacks2 System Bar is not available
D [2016-07-19 02:53:16.986] Searching BlueStacks2 Window: Title = 'BlueStacks ', Class = '[CLASS:BlueStacksApp; INSTANCE:1]', Text = '_ctl.Window'
D [2016-07-19 02:53:16.987] BlueStacks2 Window not found
D [2016-07-19 02:53:16.988] Android: BlueStacks2
D [2016-07-19 02:53:16.988] Android Config: 3
D [2016-07-19 02:53:16.988] Android Version: 2.0.2.5623
D [2016-07-19 02:53:16.988] Android Instance: 
D [2016-07-19 02:53:16.988] Android Window Title: BlueStacks 
D [2016-07-19 02:53:16.989] Android Program Path: C:\Program Files (x86)\BlueStacks\HD-Frontend.exe
D [2016-07-19 02:53:16.989] Android Program Parameter: Android
D [2016-07-19 02:53:16.989] Android ADB Path: C:\Program Files\Microvirt\MEmu\adb.exe
D [2016-07-19 02:53:16.989] Android ADB Device: emulator-5554
D [2016-07-19 02:53:16.989] Android ADB Shared Folder: /storage/sdcard/windows/BstSharedFolder/
D [2016-07-19 02:53:16.990] Android ADB Shared Folder on Host: C:\ProgramData\BlueStacks\UserData\SharedFolder\
D [2016-07-19 02:53:16.990] Android ADB Shared SubFolder: mybot.run\
D [2016-07-19 02:53:16.990] Android Mouse Device: BlueStacks Virtual Touch
D [2016-07-19 02:53:16.990] Android ADB screencap command enabled: False
D [2016-07-19 02:53:16.990] Android ADB input command enabled: False
D [2016-07-19 02:53:16.990] Android ADB Mouse Click enabled: False
D [2016-07-19 02:53:16.991] Android ADB Click Drag enabled: False
D [2016-07-19 02:53:16.991] Searching BlueStacks2 Window: Title = 'BlueStacks ', Class = '[CLASS:BlueStacksApp; INSTANCE:1]', Text = '_ctl.Window'
D [2016-07-19 02:53:16.992] BlueStacks2 Window not found
D [2016-07-19 02:53:16.992] InitAndroid(False): BlueStacks2 END, initialization successful = True
D [2016-07-19 02:53:16.992] UpdateAndroidConfig("") END
D [2016-07-19 02:53:16.993] Searching BlueStacks2 Window: Title = 'BlueStacks ', Class = '[CLASS:BlueStacksApp; INSTANCE:1]', Text = '_ctl.Window'
D [2016-07-19 02:53:16.994] BlueStacks2 Window not found
D [2016-07-19 02:53:16.994] UpdateAndroidConfig("")
D [2016-07-19 02:53:16.994] InitAndroid(False): BlueStacks
D [2016-07-19 02:53:16.995] BlueStacks Engine 'Plus'-Mode: False
D [2016-07-19 02:53:16.995] BlueStacks OEM Features: 2754561
D [2016-07-19 02:53:16.995] BlueStacks System Bar is not available
D [2016-07-19 02:53:16.996] Searching BlueStacks Window: Title = 'BlueStacks App Player', Class = '[CLASS:BlueStacksApp; INSTANCE:1]', Text = '_ctl.Window'
D [2016-07-19 02:53:16.997] BlueStacks Window not found
L [2016-07-19 02:53:16.997] BlueStacks supported version 0.8.x - 0.11.x not found
D [2016-07-19 02:53:16.997] InitAndroid(False): BlueStacks END, initialization successful = False
D [2016-07-19 02:53:16.998] UpdateAndroidConfig("") END
D [2016-07-19 02:53:16.998] UpdateAndroidConfig("MEmu")
D [2016-07-19 02:53:16.998] InitAndroid(False): MEmu
D [2016-07-19 02:53:17.903] Cannot read MEmu guestproperty phone_layout!
D [2016-07-19 02:53:17.903] Searching MEmu Window: Title = 'MEmu 2.', Class = '[CLASS:subWin; INSTANCE:1]', Text = ''
D [2016-07-19 02:53:17.906] MEmu Window not found
D [2016-07-19 02:53:17.906] Android: MEmu
D [2016-07-19 02:53:17.906] Android Config: 0
D [2016-07-19 02:53:17.906] Android Version: 2.5.0
D [2016-07-19 02:53:17.906] Android Instance: MEmu
D [2016-07-19 02:53:17.907] Android Window Title: MEmu 2.
D [2016-07-19 02:53:17.907] Android Program Path: C:\Program Files\Microvirt\MEmu\MEmu.exe
D [2016-07-19 02:53:17.907] Android Program Parameter: MEmu
D [2016-07-19 02:53:17.907] Android ADB Path: C:\Program Files\Microvirt\MEmu\adb.exe
D [2016-07-19 02:53:17.907] Android ADB Device: 127.0.0.1:21503
D [2016-07-19 02:53:17.907] Android ADB Shared Folder: /mnt/shell/emulated/0/Pictures/
D [2016-07-19 02:53:17.908] Android ADB Shared Folder on Host: C:\Users\Amin\Pictures\MEmu Photo\
D [2016-07-19 02:53:17.908] Android ADB Shared SubFolder: mybot.run\
D [2016-07-19 02:53:17.908] Android Mouse Device: Microvirt Virtual Input
D [2016-07-19 02:53:17.908] Android ADB screencap command enabled: True
D [2016-07-19 02:53:17.909] Android ADB input command enabled: False
D [2016-07-19 02:53:17.909] Android ADB Mouse Click enabled: False
D [2016-07-19 02:53:17.909] Android ADB Click Drag enabled: True
D [2016-07-19 02:53:17.909] Searching MEmu Window: Title = 'MEmu 2.', Class = '[CLASS:subWin; INSTANCE:1]', Text = ''
D [2016-07-19 02:53:17.910] MEmu Window not found
D [2016-07-19 02:53:17.910] InitAndroid(False): MEmu END, initialization successful = True
D [2016-07-19 02:53:17.911] UpdateAndroidConfig("MEmu") END
D [2016-07-19 02:53:17.911] Found no running Android Emulator
D [2016-07-19 02:53:17.911] DetectInstalledAndroid()
D [2016-07-19 02:53:17.911] UpdateAndroidConfig("MEmu")
D [2016-07-19 02:53:17.911] InitAndroid(False): MEmu
D [2016-07-19 02:53:18.819] Cannot read MEmu guestproperty phone_layout!
D [2016-07-19 02:53:18.819] Searching MEmu Window: Title = 'MEmu 2.', Class = '[CLASS:subWin; INSTANCE:1]', Text = ''
D [2016-07-19 02:53:18.821] MEmu Window not found
D [2016-07-19 02:53:18.821] Android: MEmu
D [2016-07-19 02:53:18.821] Android Config: 0
D [2016-07-19 02:53:18.821] Android Version: 2.5.0
D [2016-07-19 02:53:18.822] Android Instance: MEmu
D [2016-07-19 02:53:18.822] Android Window Title: MEmu 2.
D [2016-07-19 02:53:18.822] Android Program Path: C:\Program Files\Microvirt\MEmu\MEmu.exe
D [2016-07-19 02:53:18.822] Android Program Parameter: MEmu
D [2016-07-19 02:53:18.822] Android ADB Path: C:\Program Files\Microvirt\MEmu\adb.exe
D [2016-07-19 02:53:18.822] Android ADB Device: 127.0.0.1:21503
D [2016-07-19 02:53:18.823] Android ADB Shared Folder: /mnt/shell/emulated/0/Pictures/
D [2016-07-19 02:53:18.823] Android ADB Shared Folder on Host: C:\Users\Amin\Pictures\MEmu Photo\
D [2016-07-19 02:53:18.823] Android ADB Shared SubFolder: mybot.run\
D [2016-07-19 02:53:18.823] Android Mouse Device: Microvirt Virtual Input
D [2016-07-19 02:53:18.823] Android ADB screencap command enabled: True
D [2016-07-19 02:53:18.824] Android ADB input command enabled: False
D [2016-07-19 02:53:18.824] Android ADB Mouse Click enabled: False
D [2016-07-19 02:53:18.824] Android ADB Click Drag enabled: True
D [2016-07-19 02:53:18.824] Searching MEmu Window: Title = 'MEmu 2.', Class = '[CLASS:subWin; INSTANCE:1]', Text = ''
D [2016-07-19 02:53:18.825] MEmu Window not found
D [2016-07-19 02:53:18.825] InitAndroid(False): MEmu END, initialization successful = True
D [2016-07-19 02:53:18.826] UpdateAndroidConfig("MEmu") END
D [2016-07-19 02:53:18.826] Found installed MEmu 2.5.0
D [2016-07-19 02:53:18.827] My Bot is the only running instance
D [2016-07-19 02:53:21.132] UpdateAndroidConfig("MEmu")
D [2016-07-19 02:53:21.132] InitAndroid(False): MEmu
D [2016-07-19 02:53:22.051] Cannot read MEmu guestproperty phone_layout!
D [2016-07-19 02:53:22.051] Searching MEmu Window: Title = 'MEmu 2.', Class = '[CLASS:subWin; INSTANCE:1]', Text = ''
D [2016-07-19 02:53:22.054] MEmu Window not found
D [2016-07-19 02:53:22.054] Android: MEmu
D [2016-07-19 02:53:22.055] Android Config: 0
D [2016-07-19 02:53:22.055] Android Version: 2.5.0
D [2016-07-19 02:53:22.055] Android Instance: MEmu
D [2016-07-19 02:53:22.055] Android Window Title: MEmu 2.
D [2016-07-19 02:53:22.055] Android Program Path: C:\Program Files\Microvirt\MEmu\MEmu.exe
D [2016-07-19 02:53:22.055] Android Program Parameter: MEmu
D [2016-07-19 02:53:22.056] Android ADB Path: C:\Program Files\Microvirt\MEmu\adb.exe
D [2016-07-19 02:53:22.056] Android ADB Device: 127.0.0.1:21503
D [2016-07-19 02:53:22.056] Android ADB Shared Folder: /mnt/shell/emulated/0/Pictures/
D [2016-07-19 02:53:22.056] Android ADB Shared Folder on Host: C:\Users\Amin\Pictures\MEmu Photo\
D [2016-07-19 02:53:22.057] Android ADB Shared SubFolder: mybot.run\
D [2016-07-19 02:53:22.057] Android Mouse Device: Microvirt Virtual Input
D [2016-07-19 02:53:22.057] Android ADB screencap command enabled: True
D [2016-07-19 02:53:22.057] Android ADB input command enabled: False
D [2016-07-19 02:53:22.057] Android ADB Mouse Click enabled: False
D [2016-07-19 02:53:22.058] Android ADB Click Drag enabled: True
D [2016-07-19 02:53:22.058] Searching MEmu Window: Title = 'MEmu 2.', Class = '[CLASS:subWin; INSTANCE:1]', Text = ''
D [2016-07-19 02:53:22.061] MEmu Window not found
D [2016-07-19 02:53:22.061] InitAndroid(False): MEmu END, initialization successful = True
D [2016-07-19 02:53:22.061] UpdateAndroidConfig("MEmu") END
D [2016-07-19 02:53:22.061] UpdateAndroidConfig("droid4x")
D [2016-07-19 02:53:22.062] InitAndroid(False): Droid4X
L [2016-07-19 02:53:22.062] Serious error has occurred: Cannot find Droid4X:
L [2016-07-19 02:53:22.063] C:\Program Files (x86)\Droid4X\Droid4X.exe
D [2016-07-19 02:53:22.063] InitAndroid(False): Droid4X END, initialization successful = False
D [2016-07-19 02:53:22.063] UpdateAndroidConfig("droid4x") END
D [2016-07-19 02:53:22.063] UpdateAndroidConfig("nox")
D [2016-07-19 02:53:22.063] InitAndroid(False): Nox
D [2016-07-19 02:53:22.746] Android: Nox
D [2016-07-19 02:53:22.746] Android Config: 2
D [2016-07-19 02:53:22.746] Android Version: 3.1.0.0
D [2016-07-19 02:53:22.746] Android Instance: nox
D [2016-07-19 02:53:22.747] Android Window Title: No
D [2016-07-19 02:53:22.747] Android Program Path: C:\Users\Amin\AppData\Roaming\Nox\bin\Nox.exe
D [2016-07-19 02:53:22.747] Android Program Parameter: -resolution:860x732 -dpi:160 "-clone:nox"
D [2016-07-19 02:53:22.747] Android ADB Path: C:\Program Files\Microvirt\MEmu\adb.exe
D [2016-07-19 02:53:22.747] Android ADB Device: 127.0.0.1:62001
D [2016-07-19 02:53:22.748] Android ADB Shared Folder: /mnt/shared/Other/
D [2016-07-19 02:53:22.748] Android ADB Shared Folder on Host: C:\Users\Amin\Documents\Nox_share\Other\
D [2016-07-19 02:53:22.748] Android ADB Shared SubFolder: mybot.run\
D [2016-07-19 02:53:22.748] Android Mouse Device: nox Virtual Input
D [2016-07-19 02:53:22.749] Android ADB screencap command enabled: True
D [2016-07-19 02:53:22.749] Android ADB input command enabled: False
D [2016-07-19 02:53:22.749] Android ADB Mouse Click enabled: False
D [2016-07-19 02:53:22.749] Android ADB Click Drag enabled: True
D [2016-07-19 02:53:22.749] Searching Nox Window: Title = 'No', Class = '[CLASS:Qt5QWindowIcon;INSTANCE:4]', Text = ''
D [2016-07-19 02:53:22.752] Nox Window not found
D [2016-07-19 02:53:22.752] InitAndroid(False): Nox END, initialization successful = True
D [2016-07-19 02:53:22.753] UpdateAndroidConfig("nox") END
D [2016-07-19 02:53:22.753] UpdateAndroidConfig("")
D [2016-07-19 02:53:22.753] InitAndroid(False): BlueStacks2
D [2016-07-19 02:53:22.754] BlueStacks2 Engine 'Plus'-Mode: False
D [2016-07-19 02:53:22.754] BlueStacks2 OEM Features: 2754561
D [2016-07-19 02:53:22.754] BlueStacks2 System Bar is not available
D [2016-07-19 02:53:22.754] Searching BlueStacks2 Window: Title = 'BlueStacks ', Class = '[CLASS:BlueStacksApp; INSTANCE:1]', Text = '_ctl.Window'
D [2016-07-19 02:53:22.757] BlueStacks2 Window not found
D [2016-07-19 02:53:22.757] Android: BlueStacks2
D [2016-07-19 02:53:22.757] Android Config: 3
D [2016-07-19 02:53:22.757] Android Version: 2.0.2.5623
D [2016-07-19 02:53:22.758] Android Instance: 
D [2016-07-19 02:53:22.758] Android Window Title: BlueStacks 
D [2016-07-19 02:53:22.758] Android Program Path: C:\Program Files (x86)\BlueStacks\HD-Frontend.exe
D [2016-07-19 02:53:22.758] Android Program Parameter: Android
D [2016-07-19 02:53:22.758] Android ADB Path: C:\Program Files\Microvirt\MEmu\adb.exe
D [2016-07-19 02:53:22.759] Android ADB Device: emulator-5554
D [2016-07-19 02:53:22.759] Android ADB Shared Folder: /storage/sdcard/windows/BstSharedFolder/
D [2016-07-19 02:53:22.759] Android ADB Shared Folder on Host: C:\ProgramData\BlueStacks\UserData\SharedFolder\
D [2016-07-19 02:53:22.759] Android ADB Shared SubFolder: mybot.run\
D [2016-07-19 02:53:22.759] Android Mouse Device: BlueStacks Virtual Touch
D [2016-07-19 02:53:22.760] Android ADB screencap command enabled: False
D [2016-07-19 02:53:22.760] Android ADB input command enabled: False
D [2016-07-19 02:53:22.760] Android ADB Mouse Click enabled: False
D [2016-07-19 02:53:22.760] Android ADB Click Drag enabled: False
D [2016-07-19 02:53:22.760] Searching BlueStacks2 Window: Title = 'BlueStacks ', Class = '[CLASS:BlueStacksApp; INSTANCE:1]', Text = '_ctl.Window'
D [2016-07-19 02:53:22.764] BlueStacks2 Window not found
D [2016-07-19 02:53:22.765] InitAndroid(False): BlueStacks2 END, initialization successful = True
D [2016-07-19 02:53:22.765] UpdateAndroidConfig("") END
D [2016-07-19 02:53:22.765] UpdateAndroidConfig("")
D [2016-07-19 02:53:22.765] InitAndroid(False): BlueStacks
D [2016-07-19 02:53:22.766] BlueStacks Engine 'Plus'-Mode: False
D [2016-07-19 02:53:22.766] BlueStacks OEM Features: 2754561
D [2016-07-19 02:53:22.766] BlueStacks System Bar is not available
D [2016-07-19 02:53:22.766] Searching BlueStacks Window: Title = 'BlueStacks App Player', Class = '[CLASS:BlueStacksApp; INSTANCE:1]', Text = '_ctl.Window'
D [2016-07-19 02:53:22.769] BlueStacks Window not found
L [2016-07-19 02:53:22.770] BlueStacks supported version 0.8.x - 0.11.x not found
D [2016-07-19 02:53:22.770] InitAndroid(False): BlueStacks END, initialization successful = False
D [2016-07-19 02:53:22.770] UpdateAndroidConfig("") END
D [2016-07-19 02:53:22.770] UpdateAndroidConfig("MEmu")
D [2016-07-19 02:53:22.770] InitAndroid(False): MEmu
D [2016-07-19 02:53:23.704] Cannot read MEmu guestproperty phone_layout!
D [2016-07-19 02:53:23.704] Searching MEmu Window: Title = 'MEmu 2.', Class = '[CLASS:subWin; INSTANCE:1]', Text = ''
D [2016-07-19 02:53:23.707] MEmu Window not found
D [2016-07-19 02:53:23.707] Android: MEmu
D [2016-07-19 02:53:23.707] Android Config: 0
D [2016-07-19 02:53:23.708] Android Version: 2.5.0
D [2016-07-19 02:53:23.708] Android Instance: MEmu
D [2016-07-19 02:53:23.708] Android Window Title: MEmu 2.
D [2016-07-19 02:53:23.708] Android Program Path: C:\Program Files\Microvirt\MEmu\MEmu.exe
D [2016-07-19 02:53:23.708] Android Program Parameter: MEmu
D [2016-07-19 02:53:23.709] Android ADB Path: C:\Program Files\Microvirt\MEmu\adb.exe
D [2016-07-19 02:53:23.709] Android ADB Device: 127.0.0.1:21503
D [2016-07-19 02:53:23.709] Android ADB Shared Folder: /mnt/shell/emulated/0/Pictures/
D [2016-07-19 02:53:23.709] Android ADB Shared Folder on Host: C:\Users\Amin\Pictures\MEmu Photo\
D [2016-07-19 02:53:23.709] Android ADB Shared SubFolder: mybot.run\
D [2016-07-19 02:53:23.710] Android Mouse Device: Microvirt Virtual Input
D [2016-07-19 02:53:23.710] Android ADB screencap command enabled: True
D [2016-07-19 02:53:23.710] Android ADB input command enabled: False
D [2016-07-19 02:53:23.710] Android ADB Mouse Click enabled: False
D [2016-07-19 02:53:23.710] Android ADB Click Drag enabled: True
D [2016-07-19 02:53:23.711] Searching MEmu Window: Title = 'MEmu 2.', Class = '[CLASS:subWin; INSTANCE:1]', Text = ''
D [2016-07-19 02:53:23.713] MEmu Window not found
D [2016-07-19 02:53:23.713] InitAndroid(False): MEmu END, initialization successful = True
D [2016-07-19 02:53:23.714] UpdateAndroidConfig("MEmu") END
D [2016-07-19 02:53:24.106] Read Building Config C:\Users\Amin\Desktop\MyBot.Run\MOD AIO\MyBot-AIO-2.1.4\Profiles\MyVillage\building.ini
D [2016-07-19 02:53:24.117] Read Config C:\Users\Amin\Desktop\MyBot.Run\MOD AIO\MyBot-AIO-2.1.4\Profiles\MyVillage\config.ini
D [2016-07-19 02:53:24.172] Apply Config
D [2016-07-19 02:53:24.266] UpdateAndroidConfig("MEmu_1")
D [2016-07-19 02:53:24.267] InitAndroid(False): MEmu
D [2016-07-19 02:53:25.205] Cannot read MEmu guestproperty phone_layout!
D [2016-07-19 02:53:25.206] Searching MEmu Window: Title = 'MEmu 2.', Class = '[CLASS:subWin; INSTANCE:1]', Text = ''
D [2016-07-19 02:53:25.210] MEmu Window not found
D [2016-07-19 02:53:25.210] Android: MEmu
D [2016-07-19 02:53:25.211] Android Config: 0
D [2016-07-19 02:53:25.211] Android Version: 2.5.0
D [2016-07-19 02:53:25.211] Android Instance: MEmu_1
D [2016-07-19 02:53:25.211] Android Window Title: MEmu 2.
D [2016-07-19 02:53:25.211] Android Program Path: C:\Program Files\Microvirt\MEmu\MEmu.exe
D [2016-07-19 02:53:25.212] Android Program Parameter: MEmu_1
D [2016-07-19 02:53:25.212] Android ADB Path: C:\Program Files\Microvirt\MEmu\adb.exe
D [2016-07-19 02:53:25.212] Android ADB Device: 127.0.0.1:21513
D [2016-07-19 02:53:25.212] Android ADB Shared Folder: /mnt/shell/emulated/0/Pictures/
D [2016-07-19 02:53:25.212] Android ADB Shared Folder on Host: C:\Users\Amin\Pictures\MEmu Photo\
D [2016-07-19 02:53:25.213] Android ADB Shared SubFolder: mybot.run\
D [2016-07-19 02:53:25.213] Android Mouse Device: Microvirt Virtual Input
D [2016-07-19 02:53:25.213] Android ADB screencap command enabled: True
D [2016-07-19 02:53:25.213] Android ADB input command enabled: False
D [2016-07-19 02:53:25.213] Android ADB Mouse Click enabled: False
D [2016-07-19 02:53:25.214] Android ADB Click Drag enabled: True
D [2016-07-19 02:53:25.214] Searching MEmu Window: Title = 'MEmu 2.', Class = '[CLASS:subWin; INSTANCE:1]', Text = ''
D [2016-07-19 02:53:25.220] MEmu Window not found
D [2016-07-19 02:53:25.220] InitAndroid(False): MEmu END, initialization successful = True
D [2016-07-19 02:53:25.220] UpdateAndroidConfig("MEmu_1") END
D [2016-07-19 02:53:25.234] Redraw MyBot Window
L [2016-07-19 02:53:25.973] Found installed MEmu 2.5.0
L [2016-07-19 02:53:25.976] Android Emulator Configuration: MEmu (instance MEmu_1)
L [2016-07-19 02:53:28.734] WELCOME CHIEF, YOU HAVE THE LATEST VERSION OF THE BOT
L [2016-07-19 02:53:28.736]  
L [2016-07-19 02:53:28.739] Fully working with May update
L [2016-07-19 02:53:28.741] New GUI and lots of new features
L [2016-07-19 02:53:28.743] For more information, go to 
L [2016-07-19 02:53:28.746] https://mybot.run
L [2016-07-19 02:53:28.748] 
L [2016-07-19 02:53:28.751]  Always free and open source.
D [2016-07-19 02:53:30.073] MyBot.run launch time 14896 ms.
L [2016-07-19 02:54:38.789] Closing Merged My Bot v6.1.4 All In One v2.1.4 (MEmu_1) ...
D [2016-07-19 02:54:38.797] Save Config C:\Users\Amin\Desktop\MyBot.Run\MOD AIO\MyBot-AIO-2.1.4\Profiles\MyVillage\config.ini
D [2016-07-19 02:54:39.231] Save Building Config C:\Users\Amin\Desktop\MyBot.Run\MOD AIO\MyBot-AIO-2.1.4\Profiles\MyVillage\building.ini
