D [2016-07-20 05:59:43.752] @AutoItExe: C:\Program Files (x86)\AutoIt3\AutoIt3.exe
D [2016-07-20 05:59:43.762] @ScriptFullPath: C:\Users\Amin\Desktop\MyBot.Run\MOD AIO\MyBot-AIO-2.1.4\MyBot.run.au3
D [2016-07-20 05:59:43.762] @WorkingDir: C:\Users\Amin\Desktop\MyBot.Run\MOD AIO\MyBot-AIO-2.1.4
D [2016-07-20 05:59:43.763] @AutoItPID: 8516
D [2016-07-20 05:59:43.803] DetectRunningAndroid()
D [2016-07-20 05:59:43.803] UpdateAndroidConfig("MEmu")
D [2016-07-20 05:59:43.805] InitAndroid(False): MEmu
D [2016-07-20 05:59:44.820] Cannot read MEmu guestproperty phone_layout!
D [2016-07-20 05:59:44.820] Searching MEmu Window: Title = 'MEmu 2.', Class = '[CLASS:subWin; INSTANCE:1]', Text = ''
D [2016-07-20 05:59:44.821] MEmu Window not found
D [2016-07-20 05:59:44.821] Android: MEmu
D [2016-07-20 05:59:44.822] Android Config: 0
D [2016-07-20 05:59:44.822] Android Version: 2.5.0
D [2016-07-20 05:59:44.822] Android Instance: MEmu
D [2016-07-20 05:59:44.822] Android Window Title: MEmu 2.
D [2016-07-20 05:59:44.823] Android Program Path: C:\Program Files\Microvirt\MEmu\MEmu.exe
D [2016-07-20 05:59:44.823] Android Program Parameter: MEmu
D [2016-07-20 05:59:44.823] Android ADB Path: C:\Program Files\Microvirt\MEmu\adb.exe
D [2016-07-20 05:59:44.823] Android ADB Device: 127.0.0.1:21503
D [2016-07-20 05:59:44.823] Android ADB Shared Folder: /mnt/shell/emulated/0/Pictures/
D [2016-07-20 05:59:44.824] Android ADB Shared Folder on Host: C:\Users\Amin\Pictures\MEmu Photo\
D [2016-07-20 05:59:44.824] Android ADB Shared SubFolder: mybot.run\
D [2016-07-20 05:59:44.824] Android Mouse Device: Microvirt Virtual Input
D [2016-07-20 05:59:44.824] Android ADB screencap command enabled: True
D [2016-07-20 05:59:44.824] Android ADB input command enabled: False
D [2016-07-20 05:59:44.824] Android ADB Mouse Click enabled: False
D [2016-07-20 05:59:44.825] Android ADB Click Drag enabled: True
D [2016-07-20 05:59:44.825] Searching MEmu Window: Title = 'MEmu 2.', Class = '[CLASS:subWin; INSTANCE:1]', Text = ''
D [2016-07-20 05:59:44.826] MEmu Window not found
D [2016-07-20 05:59:44.826] InitAndroid(False): MEmu END, initialization successful = True
D [2016-07-20 05:59:44.826] UpdateAndroidConfig("MEmu") END
D [2016-07-20 05:59:44.826] GetAndroidRunningInstance: Try to find "C:\Program Files\Microvirt\MEmu\MEmu.exe"
D [2016-07-20 05:59:44.834] ObjGet("winmgmts:\\.\root\cimv2")
D [2016-07-20 05:59:44.835] WMI Query: Select * from Win32_Process where ExecutablePath like "%C:\\Program Files\\Microvirt\\MEmu\\MEmu.exe%"
D [2016-07-20 05:59:44.871] Process by CommandLine not found: C:\Program Files\Microvirt\MEmu\MEmu.exe
D [2016-07-20 05:59:44.872] UpdateAndroidConfig("droid4x")
D [2016-07-20 05:59:44.872] InitAndroid(False): Droid4X
L [2016-07-20 05:59:44.873] Serious error has occurred: Cannot find Droid4X:
L [2016-07-20 05:59:44.873] C:\Program Files (x86)\Droid4X\Droid4X.exe
D [2016-07-20 05:59:44.873] InitAndroid(False): Droid4X END, initialization successful = False
D [2016-07-20 05:59:44.873] UpdateAndroidConfig("droid4x") END
D [2016-07-20 05:59:44.874] UpdateAndroidConfig("nox")
D [2016-07-20 05:59:44.874] InitAndroid(False): Nox
D [2016-07-20 05:59:45.564] Android: Nox
D [2016-07-20 05:59:45.564] Android Config: 2
D [2016-07-20 05:59:45.564] Android Version: 3.1.0.0
D [2016-07-20 05:59:45.565] Android Instance: nox
D [2016-07-20 05:59:45.565] Android Window Title: No
D [2016-07-20 05:59:45.565] Android Program Path: C:\Users\Amin\AppData\Roaming\Nox\bin\Nox.exe
D [2016-07-20 05:59:45.565] Android Program Parameter: -resolution:860x732 -dpi:160 "-clone:nox"
D [2016-07-20 05:59:45.565] Android ADB Path: C:\Program Files\Microvirt\MEmu\adb.exe
D [2016-07-20 05:59:45.566] Android ADB Device: 127.0.0.1:62001
D [2016-07-20 05:59:45.566] Android ADB Shared Folder: /mnt/shared/Other/
D [2016-07-20 05:59:45.566] Android ADB Shared Folder on Host: C:\Users\Amin\Documents\Nox_share\Other\
D [2016-07-20 05:59:45.566] Android ADB Shared SubFolder: mybot.run\
D [2016-07-20 05:59:45.566] Android Mouse Device: nox Virtual Input
D [2016-07-20 05:59:45.567] Android ADB screencap command enabled: True
D [2016-07-20 05:59:45.567] Android ADB input command enabled: False
D [2016-07-20 05:59:45.567] Android ADB Mouse Click enabled: False
D [2016-07-20 05:59:45.567] Android ADB Click Drag enabled: True
D [2016-07-20 05:59:45.567] Searching Nox Window: Title = 'No', Class = '[CLASS:Qt5QWindowIcon;INSTANCE:4]', Text = ''
D [2016-07-20 05:59:45.568] Nox Window not found
D [2016-07-20 05:59:45.568] InitAndroid(False): Nox END, initialization successful = True
D [2016-07-20 05:59:45.569] UpdateAndroidConfig("nox") END
D [2016-07-20 05:59:45.569] GetAndroidRunningInstance: Try to find "C:\Users\Amin\AppData\Roaming\Nox\bin\Nox.exe"
D [2016-07-20 05:59:45.571] ObjGet("winmgmts:\\.\root\cimv2")
D [2016-07-20 05:59:45.571] WMI Query: Select * from Win32_Process where ExecutablePath like "%C:\\Users\\Amin\\AppData\\Roaming\\Nox\\bin\\Nox.exe%"
D [2016-07-20 05:59:45.605] No process found by CommandLine: C:\Users\Amin\AppData\Roaming\Nox\bin\Nox.exe
D [2016-07-20 05:59:45.606] UpdateAndroidConfig("")
D [2016-07-20 05:59:45.606] InitAndroid(False): BlueStacks2
D [2016-07-20 05:59:45.606] BlueStacks2 Engine 'Plus'-Mode: False
D [2016-07-20 05:59:45.607] BlueStacks2 OEM Features: 2754561
D [2016-07-20 05:59:45.607] BlueStacks2 System Bar is not available
D [2016-07-20 05:59:45.607] Searching BlueStacks2 Window: Title = 'BlueStacks ', Class = '[CLASS:BlueStacksApp; INSTANCE:1]', Text = '_ctl.Window'
D [2016-07-20 05:59:45.608] BlueStacks2 Window not found
D [2016-07-20 05:59:45.608] Android: BlueStacks2
D [2016-07-20 05:59:45.608] Android Config: 3
D [2016-07-20 05:59:45.609] Android Version: 2.0.2.5623
D [2016-07-20 05:59:45.609] Android Instance: 
D [2016-07-20 05:59:45.609] Android Window Title: BlueStacks 
D [2016-07-20 05:59:45.609] Android Program Path: C:\Program Files (x86)\BlueStacks\HD-Frontend.exe
D [2016-07-20 05:59:45.609] Android Program Parameter: Android
D [2016-07-20 05:59:45.609] Android ADB Path: C:\Program Files\Microvirt\MEmu\adb.exe
D [2016-07-20 05:59:45.610] Android ADB Device: emulator-5554
D [2016-07-20 05:59:45.610] Android ADB Shared Folder: /storage/sdcard/windows/BstSharedFolder/
D [2016-07-20 05:59:45.610] Android ADB Shared Folder on Host: C:\ProgramData\BlueStacks\UserData\SharedFolder\
D [2016-07-20 05:59:45.610] Android ADB Shared SubFolder: mybot.run\
D [2016-07-20 05:59:45.610] Android Mouse Device: BlueStacks Virtual Touch
D [2016-07-20 05:59:45.611] Android ADB screencap command enabled: False
D [2016-07-20 05:59:45.611] Android ADB input command enabled: False
D [2016-07-20 05:59:45.611] Android ADB Mouse Click enabled: False
D [2016-07-20 05:59:45.611] Android ADB Click Drag enabled: False
D [2016-07-20 05:59:45.611] Searching BlueStacks2 Window: Title = 'BlueStacks ', Class = '[CLASS:BlueStacksApp; INSTANCE:1]', Text = '_ctl.Window'
D [2016-07-20 05:59:45.612] BlueStacks2 Window not found
D [2016-07-20 05:59:45.612] InitAndroid(False): BlueStacks2 END, initialization successful = True
D [2016-07-20 05:59:45.612] UpdateAndroidConfig("") END
D [2016-07-20 05:59:45.613] Searching BlueStacks2 Window: Title = 'BlueStacks ', Class = '[CLASS:BlueStacksApp; INSTANCE:1]', Text = '_ctl.Window'
D [2016-07-20 05:59:45.614] BlueStacks2 Window not found
D [2016-07-20 05:59:45.614] UpdateAndroidConfig("")
D [2016-07-20 05:59:45.614] InitAndroid(False): BlueStacks
D [2016-07-20 05:59:45.615] BlueStacks Engine 'Plus'-Mode: False
D [2016-07-20 05:59:45.615] BlueStacks OEM Features: 2754561
D [2016-07-20 05:59:45.615] BlueStacks System Bar is not available
D [2016-07-20 05:59:45.615] Searching BlueStacks Window: Title = 'BlueStacks App Player', Class = '[CLASS:BlueStacksApp; INSTANCE:1]', Text = '_ctl.Window'
D [2016-07-20 05:59:45.616] BlueStacks Window not found
L [2016-07-20 05:59:45.617] BlueStacks supported version 0.8.x - 0.11.x not found
D [2016-07-20 05:59:45.617] InitAndroid(False): BlueStacks END, initialization successful = False
D [2016-07-20 05:59:45.617] UpdateAndroidConfig("") END
D [2016-07-20 05:59:45.617] UpdateAndroidConfig("MEmu")
D [2016-07-20 05:59:45.617] InitAndroid(False): MEmu
D [2016-07-20 05:59:46.523] Cannot read MEmu guestproperty phone_layout!
D [2016-07-20 05:59:46.523] Searching MEmu Window: Title = 'MEmu 2.', Class = '[CLASS:subWin; INSTANCE:1]', Text = ''
D [2016-07-20 05:59:46.524] MEmu Window not found
D [2016-07-20 05:59:46.524] Android: MEmu
D [2016-07-20 05:59:46.524] Android Config: 0
D [2016-07-20 05:59:46.524] Android Version: 2.5.0
D [2016-07-20 05:59:46.525] Android Instance: MEmu
D [2016-07-20 05:59:46.525] Android Window Title: MEmu 2.
D [2016-07-20 05:59:46.525] Android Program Path: C:\Program Files\Microvirt\MEmu\MEmu.exe
D [2016-07-20 05:59:46.525] Android Program Parameter: MEmu
D [2016-07-20 05:59:46.525] Android ADB Path: C:\Program Files\Microvirt\MEmu\adb.exe
D [2016-07-20 05:59:46.526] Android ADB Device: 127.0.0.1:21503
D [2016-07-20 05:59:46.526] Android ADB Shared Folder: /mnt/shell/emulated/0/Pictures/
D [2016-07-20 05:59:46.526] Android ADB Shared Folder on Host: C:\Users\Amin\Pictures\MEmu Photo\
D [2016-07-20 05:59:46.526] Android ADB Shared SubFolder: mybot.run\
D [2016-07-20 05:59:46.526] Android Mouse Device: Microvirt Virtual Input
D [2016-07-20 05:59:46.527] Android ADB screencap command enabled: True
D [2016-07-20 05:59:46.527] Android ADB input command enabled: False
D [2016-07-20 05:59:46.527] Android ADB Mouse Click enabled: False
D [2016-07-20 05:59:46.527] Android ADB Click Drag enabled: True
D [2016-07-20 05:59:46.527] Searching MEmu Window: Title = 'MEmu 2.', Class = '[CLASS:subWin; INSTANCE:1]', Text = ''
D [2016-07-20 05:59:46.528] MEmu Window not found
D [2016-07-20 05:59:46.528] InitAndroid(False): MEmu END, initialization successful = True
D [2016-07-20 05:59:46.528] UpdateAndroidConfig("MEmu") END
D [2016-07-20 05:59:46.529] Found no running Android Emulator
D [2016-07-20 05:59:46.529] DetectInstalledAndroid()
D [2016-07-20 05:59:46.529] UpdateAndroidConfig("MEmu")
D [2016-07-20 05:59:46.529] InitAndroid(False): MEmu
D [2016-07-20 05:59:47.445] Cannot read MEmu guestproperty phone_layout!
D [2016-07-20 05:59:47.445] Searching MEmu Window: Title = 'MEmu 2.', Class = '[CLASS:subWin; INSTANCE:1]', Text = ''
D [2016-07-20 05:59:47.446] MEmu Window not found
D [2016-07-20 05:59:47.446] Android: MEmu
D [2016-07-20 05:59:47.446] Android Config: 0
D [2016-07-20 05:59:47.447] Android Version: 2.5.0
D [2016-07-20 05:59:47.447] Android Instance: MEmu
D [2016-07-20 05:59:47.447] Android Window Title: MEmu 2.
D [2016-07-20 05:59:47.447] Android Program Path: C:\Program Files\Microvirt\MEmu\MEmu.exe
D [2016-07-20 05:59:47.447] Android Program Parameter: MEmu
D [2016-07-20 05:59:47.447] Android ADB Path: C:\Program Files\Microvirt\MEmu\adb.exe
D [2016-07-20 05:59:47.448] Android ADB Device: 127.0.0.1:21503
D [2016-07-20 05:59:47.448] Android ADB Shared Folder: /mnt/shell/emulated/0/Pictures/
D [2016-07-20 05:59:47.448] Android ADB Shared Folder on Host: C:\Users\Amin\Pictures\MEmu Photo\
D [2016-07-20 05:59:47.448] Android ADB Shared SubFolder: mybot.run\
D [2016-07-20 05:59:47.448] Android Mouse Device: Microvirt Virtual Input
D [2016-07-20 05:59:47.449] Android ADB screencap command enabled: True
D [2016-07-20 05:59:47.449] Android ADB input command enabled: False
D [2016-07-20 05:59:47.449] Android ADB Mouse Click enabled: False
D [2016-07-20 05:59:47.450] Android ADB Click Drag enabled: True
D [2016-07-20 05:59:47.450] Searching MEmu Window: Title = 'MEmu 2.', Class = '[CLASS:subWin; INSTANCE:1]', Text = ''
D [2016-07-20 05:59:47.450] MEmu Window not found
D [2016-07-20 05:59:47.451] InitAndroid(False): MEmu END, initialization successful = True
D [2016-07-20 05:59:47.451] UpdateAndroidConfig("MEmu") END
D [2016-07-20 05:59:47.451] Found installed MEmu 2.5.0
D [2016-07-20 05:59:47.452] My Bot is the only running instance
D [2016-07-20 05:59:50.020] UpdateAndroidConfig("MEmu")
D [2016-07-20 05:59:50.020] InitAndroid(False): MEmu
D [2016-07-20 05:59:50.956] Cannot read MEmu guestproperty phone_layout!
D [2016-07-20 05:59:50.956] Searching MEmu Window: Title = 'MEmu 2.', Class = '[CLASS:subWin; INSTANCE:1]', Text = ''
D [2016-07-20 05:59:50.959] MEmu Window not found
D [2016-07-20 05:59:50.960] Android: MEmu
D [2016-07-20 05:59:50.960] Android Config: 0
D [2016-07-20 05:59:50.960] Android Version: 2.5.0
D [2016-07-20 05:59:50.960] Android Instance: MEmu
D [2016-07-20 05:59:50.960] Android Window Title: MEmu 2.
D [2016-07-20 05:59:50.961] Android Program Path: C:\Program Files\Microvirt\MEmu\MEmu.exe
D [2016-07-20 05:59:50.961] Android Program Parameter: MEmu
D [2016-07-20 05:59:50.961] Android ADB Path: C:\Program Files\Microvirt\MEmu\adb.exe
D [2016-07-20 05:59:50.961] Android ADB Device: 127.0.0.1:21503
D [2016-07-20 05:59:50.961] Android ADB Shared Folder: /mnt/shell/emulated/0/Pictures/
D [2016-07-20 05:59:50.962] Android ADB Shared Folder on Host: C:\Users\Amin\Pictures\MEmu Photo\
D [2016-07-20 05:59:50.962] Android ADB Shared SubFolder: mybot.run\
D [2016-07-20 05:59:50.962] Android Mouse Device: Microvirt Virtual Input
D [2016-07-20 05:59:50.962] Android ADB screencap command enabled: True
D [2016-07-20 05:59:50.962] Android ADB input command enabled: False
D [2016-07-20 05:59:50.962] Android ADB Mouse Click enabled: False
D [2016-07-20 05:59:50.963] Android ADB Click Drag enabled: True
D [2016-07-20 05:59:50.963] Searching MEmu Window: Title = 'MEmu 2.', Class = '[CLASS:subWin; INSTANCE:1]', Text = ''
D [2016-07-20 05:59:50.967] MEmu Window not found
D [2016-07-20 05:59:50.967] InitAndroid(False): MEmu END, initialization successful = True
D [2016-07-20 05:59:50.967] UpdateAndroidConfig("MEmu") END
D [2016-07-20 05:59:50.967] UpdateAndroidConfig("droid4x")
D [2016-07-20 05:59:50.967] InitAndroid(False): Droid4X
L [2016-07-20 05:59:50.968] Serious error has occurred: Cannot find Droid4X:
L [2016-07-20 05:59:50.968] C:\Program Files (x86)\Droid4X\Droid4X.exe
D [2016-07-20 05:59:50.969] InitAndroid(False): Droid4X END, initialization successful = False
D [2016-07-20 05:59:50.969] UpdateAndroidConfig("droid4x") END
D [2016-07-20 05:59:50.969] UpdateAndroidConfig("nox")
D [2016-07-20 05:59:50.969] InitAndroid(False): Nox
D [2016-07-20 05:59:51.658] Android: Nox
D [2016-07-20 05:59:51.658] Android Config: 2
D [2016-07-20 05:59:51.658] Android Version: 3.1.0.0
D [2016-07-20 05:59:51.659] Android Instance: nox
D [2016-07-20 05:59:51.659] Android Window Title: No
D [2016-07-20 05:59:51.659] Android Program Path: C:\Users\Amin\AppData\Roaming\Nox\bin\Nox.exe
D [2016-07-20 05:59:51.659] Android Program Parameter: -resolution:860x732 -dpi:160 "-clone:nox"
D [2016-07-20 05:59:51.659] Android ADB Path: C:\Program Files\Microvirt\MEmu\adb.exe
D [2016-07-20 05:59:51.659] Android ADB Device: 127.0.0.1:62001
D [2016-07-20 05:59:51.660] Android ADB Shared Folder: /mnt/shared/Other/
D [2016-07-20 05:59:51.660] Android ADB Shared Folder on Host: C:\Users\Amin\Documents\Nox_share\Other\
D [2016-07-20 05:59:51.660] Android ADB Shared SubFolder: mybot.run\
D [2016-07-20 05:59:51.660] Android Mouse Device: nox Virtual Input
D [2016-07-20 05:59:51.660] Android ADB screencap command enabled: True
D [2016-07-20 05:59:51.661] Android ADB input command enabled: False
D [2016-07-20 05:59:51.661] Android ADB Mouse Click enabled: False
D [2016-07-20 05:59:51.661] Android ADB Click Drag enabled: True
D [2016-07-20 05:59:51.661] Searching Nox Window: Title = 'No', Class = '[CLASS:Qt5QWindowIcon;INSTANCE:4]', Text = ''
D [2016-07-20 05:59:51.665] Nox Window not found
D [2016-07-20 05:59:51.665] InitAndroid(False): Nox END, initialization successful = True
D [2016-07-20 05:59:51.665] UpdateAndroidConfig("nox") END
D [2016-07-20 05:59:51.666] UpdateAndroidConfig("")
D [2016-07-20 05:59:51.666] InitAndroid(False): BlueStacks2
D [2016-07-20 05:59:51.666] BlueStacks2 Engine 'Plus'-Mode: False
D [2016-07-20 05:59:51.667] BlueStacks2 OEM Features: 2754561
D [2016-07-20 05:59:51.667] BlueStacks2 System Bar is not available
D [2016-07-20 05:59:51.667] Searching BlueStacks2 Window: Title = 'BlueStacks ', Class = '[CLASS:BlueStacksApp; INSTANCE:1]', Text = '_ctl.Window'
D [2016-07-20 05:59:51.669] BlueStacks2 Window not found
D [2016-07-20 05:59:51.669] Android: BlueStacks2
D [2016-07-20 05:59:51.670] Android Config: 3
D [2016-07-20 05:59:51.670] Android Version: 2.0.2.5623
D [2016-07-20 05:59:51.670] Android Instance: 
D [2016-07-20 05:59:51.670] Android Window Title: BlueStacks 
D [2016-07-20 05:59:51.670] Android Program Path: C:\Program Files (x86)\BlueStacks\HD-Frontend.exe
D [2016-07-20 05:59:51.671] Android Program Parameter: Android
D [2016-07-20 05:59:51.671] Android ADB Path: C:\Program Files\Microvirt\MEmu\adb.exe
D [2016-07-20 05:59:51.671] Android ADB Device: emulator-5554
D [2016-07-20 05:59:51.671] Android ADB Shared Folder: /storage/sdcard/windows/BstSharedFolder/
D [2016-07-20 05:59:51.671] Android ADB Shared Folder on Host: C:\ProgramData\BlueStacks\UserData\SharedFolder\
D [2016-07-20 05:59:51.671] Android ADB Shared SubFolder: mybot.run\
D [2016-07-20 05:59:51.672] Android Mouse Device: BlueStacks Virtual Touch
D [2016-07-20 05:59:51.672] Android ADB screencap command enabled: False
D [2016-07-20 05:59:51.672] Android ADB input command enabled: False
D [2016-07-20 05:59:51.672] Android ADB Mouse Click enabled: False
D [2016-07-20 05:59:51.672] Android ADB Click Drag enabled: False
D [2016-07-20 05:59:51.673] Searching BlueStacks2 Window: Title = 'BlueStacks ', Class = '[CLASS:BlueStacksApp; INSTANCE:1]', Text = '_ctl.Window'
D [2016-07-20 05:59:51.676] BlueStacks2 Window not found
D [2016-07-20 05:59:51.676] InitAndroid(False): BlueStacks2 END, initialization successful = True
D [2016-07-20 05:59:51.677] UpdateAndroidConfig("") END
D [2016-07-20 05:59:51.677] UpdateAndroidConfig("")
D [2016-07-20 05:59:51.677] InitAndroid(False): BlueStacks
D [2016-07-20 05:59:51.678] BlueStacks Engine 'Plus'-Mode: False
D [2016-07-20 05:59:51.678] BlueStacks OEM Features: 2754561
D [2016-07-20 05:59:51.678] BlueStacks System Bar is not available
D [2016-07-20 05:59:51.678] Searching BlueStacks Window: Title = 'BlueStacks App Player', Class = '[CLASS:BlueStacksApp; INSTANCE:1]', Text = '_ctl.Window'
D [2016-07-20 05:59:51.681] BlueStacks Window not found
L [2016-07-20 05:59:51.681] BlueStacks supported version 0.8.x - 0.11.x not found
D [2016-07-20 05:59:51.682] InitAndroid(False): BlueStacks END, initialization successful = False
D [2016-07-20 05:59:51.682] UpdateAndroidConfig("") END
D [2016-07-20 05:59:51.682] UpdateAndroidConfig("MEmu")
D [2016-07-20 05:59:51.682] InitAndroid(False): MEmu
D [2016-07-20 05:59:52.605] Cannot read MEmu guestproperty phone_layout!
D [2016-07-20 05:59:52.605] Searching MEmu Window: Title = 'MEmu 2.', Class = '[CLASS:subWin; INSTANCE:1]', Text = ''
D [2016-07-20 05:59:52.608] MEmu Window not found
D [2016-07-20 05:59:52.608] Android: MEmu
D [2016-07-20 05:59:52.608] Android Config: 0
D [2016-07-20 05:59:52.608] Android Version: 2.5.0
D [2016-07-20 05:59:52.608] Android Instance: MEmu
D [2016-07-20 05:59:52.609] Android Window Title: MEmu 2.
D [2016-07-20 05:59:52.609] Android Program Path: C:\Program Files\Microvirt\MEmu\MEmu.exe
D [2016-07-20 05:59:52.609] Android Program Parameter: MEmu
D [2016-07-20 05:59:52.609] Android ADB Path: C:\Program Files\Microvirt\MEmu\adb.exe
D [2016-07-20 05:59:52.609] Android ADB Device: 127.0.0.1:21503
D [2016-07-20 05:59:52.610] Android ADB Shared Folder: /mnt/shell/emulated/0/Pictures/
D [2016-07-20 05:59:52.610] Android ADB Shared Folder on Host: C:\Users\Amin\Pictures\MEmu Photo\
D [2016-07-20 05:59:52.610] Android ADB Shared SubFolder: mybot.run\
D [2016-07-20 05:59:52.610] Android Mouse Device: Microvirt Virtual Input
D [2016-07-20 05:59:52.610] Android ADB screencap command enabled: True
D [2016-07-20 05:59:52.611] Android ADB input command enabled: False
D [2016-07-20 05:59:52.611] Android ADB Mouse Click enabled: False
D [2016-07-20 05:59:52.611] Android ADB Click Drag enabled: True
D [2016-07-20 05:59:52.611] Searching MEmu Window: Title = 'MEmu 2.', Class = '[CLASS:subWin; INSTANCE:1]', Text = ''
D [2016-07-20 05:59:52.615] MEmu Window not found
D [2016-07-20 05:59:52.615] InitAndroid(False): MEmu END, initialization successful = True
D [2016-07-20 05:59:52.615] UpdateAndroidConfig("MEmu") END
D [2016-07-20 05:59:53.192] Read Building Config C:\Users\Amin\Desktop\MyBot.Run\MOD AIO\MyBot-AIO-2.1.4\Profiles\MyVillage\building.ini
D [2016-07-20 05:59:53.215] Read Config C:\Users\Amin\Desktop\MyBot.Run\MOD AIO\MyBot-AIO-2.1.4\Profiles\MyVillage\config.ini
D [2016-07-20 05:59:53.269] Apply Config
D [2016-07-20 05:59:53.374] UpdateAndroidConfig("MEmu_1")
D [2016-07-20 05:59:53.374] InitAndroid(False): MEmu
D [2016-07-20 05:59:54.309] Cannot read MEmu guestproperty phone_layout!
D [2016-07-20 05:59:54.309] Searching MEmu Window: Title = 'MEmu 2.', Class = '[CLASS:subWin; INSTANCE:1]', Text = ''
D [2016-07-20 05:59:54.313] MEmu Window not found
D [2016-07-20 05:59:54.313] Android: MEmu
D [2016-07-20 05:59:54.313] Android Config: 0
D [2016-07-20 05:59:54.314] Android Version: 2.5.0
D [2016-07-20 05:59:54.314] Android Instance: MEmu_1
D [2016-07-20 05:59:54.314] Android Window Title: MEmu 2.
D [2016-07-20 05:59:54.314] Android Program Path: C:\Program Files\Microvirt\MEmu\MEmu.exe
D [2016-07-20 05:59:54.314] Android Program Parameter: MEmu_1
D [2016-07-20 05:59:54.315] Android ADB Path: C:\Program Files\Microvirt\MEmu\adb.exe
D [2016-07-20 05:59:54.315] Android ADB Device: 127.0.0.1:21513
D [2016-07-20 05:59:54.315] Android ADB Shared Folder: /mnt/shell/emulated/0/Pictures/
D [2016-07-20 05:59:54.315] Android ADB Shared Folder on Host: C:\Users\Amin\Pictures\MEmu Photo\
D [2016-07-20 05:59:54.315] Android ADB Shared SubFolder: mybot.run\
D [2016-07-20 05:59:54.316] Android Mouse Device: Microvirt Virtual Input
D [2016-07-20 05:59:54.316] Android ADB screencap command enabled: True
D [2016-07-20 05:59:54.316] Android ADB input command enabled: False
D [2016-07-20 05:59:54.316] Android ADB Mouse Click enabled: False
D [2016-07-20 05:59:54.316] Android ADB Click Drag enabled: True
D [2016-07-20 05:59:54.317] Searching MEmu Window: Title = 'MEmu 2.', Class = '[CLASS:subWin; INSTANCE:1]', Text = ''
D [2016-07-20 05:59:54.320] MEmu Window not found
D [2016-07-20 05:59:54.320] InitAndroid(False): MEmu END, initialization successful = True
D [2016-07-20 05:59:54.321] UpdateAndroidConfig("MEmu_1") END
D [2016-07-20 05:59:54.321] Redraw MyBot Window
L [2016-07-20 05:59:55.184] Found installed MEmu 2.5.0
L [2016-07-20 05:59:55.191] Android Emulator Configuration: MEmu (instance MEmu_1)
L [2016-07-20 05:59:58.359] WELCOME CHIEF, YOU HAVE THE LATEST VERSION OF THE BOT
L [2016-07-20 05:59:58.364]  
L [2016-07-20 05:59:58.368] Fully working with May update
L [2016-07-20 05:59:58.372] New GUI and lots of new features
L [2016-07-20 05:59:58.376] For more information, go to 
L [2016-07-20 05:59:58.380] https://mybot.run
L [2016-07-20 05:59:58.384] 
L [2016-07-20 05:59:58.394]  Always free and open source.
D [2016-07-20 05:59:59.694] MyBot.run launch time 15951 ms.
L [2016-07-20 06:00:14.141] Closing Merged My Bot v6.1.4 All In One v2.1.4 (MEmu_1) ...
D [2016-07-20 06:00:14.149] Save Config C:\Users\Amin\Desktop\MyBot.Run\MOD AIO\MyBot-AIO-2.1.4\Profiles\MyVillage\config.ini
D [2016-07-20 06:00:14.575] Save Building Config C:\Users\Amin\Desktop\MyBot.Run\MOD AIO\MyBot-AIO-2.1.4\Profiles\MyVillage\building.ini
