D [2016-07-19 02:59:16.707] @AutoItExe: C:\Program Files (x86)\AutoIt3\AutoIt3.exe
D [2016-07-19 02:59:16.707] @ScriptFullPath: C:\Users\Amin\Desktop\MyBot.Run\MOD AIO\MyBot-AIO-2.1.4\MyBot.run.au3
D [2016-07-19 02:59:16.708] @WorkingDir: C:\Users\Amin\Desktop\MyBot.Run\MOD AIO\MyBot-AIO-2.1.4
D [2016-07-19 02:59:16.708] @AutoItPID: 6100
D [2016-07-19 02:59:16.728] DetectRunningAndroid()
D [2016-07-19 02:59:16.729] UpdateAndroidConfig("MEmu")
D [2016-07-19 02:59:16.729] InitAndroid(False): MEmu
D [2016-07-19 02:59:17.720] Cannot read MEmu guestproperty phone_layout!
D [2016-07-19 02:59:17.721] Searching MEmu Window: Title = 'MEmu 2.', Class = '[CLASS:subWin; INSTANCE:1]', Text = ''
D [2016-07-19 02:59:17.723] MEmu Window not found
D [2016-07-19 02:59:17.723] Android: MEmu
D [2016-07-19 02:59:17.723] Android Config: 0
D [2016-07-19 02:59:17.723] Android Version: 2.5.0
D [2016-07-19 02:59:17.724] Android Instance: MEmu
D [2016-07-19 02:59:17.724] Android Window Title: MEmu 2.
D [2016-07-19 02:59:17.724] Android Program Path: C:\Program Files\Microvirt\MEmu\MEmu.exe
D [2016-07-19 02:59:17.724] Android Program Parameter: MEmu
D [2016-07-19 02:59:17.724] Android ADB Path: C:\Program Files\Microvirt\MEmu\adb.exe
D [2016-07-19 02:59:17.725] Android ADB Device: 127.0.0.1:21503
D [2016-07-19 02:59:17.725] Android ADB Shared Folder: /mnt/shell/emulated/0/Pictures/
D [2016-07-19 02:59:17.725] Android ADB Shared Folder on Host: C:\Users\Amin\Pictures\MEmu Photo\
D [2016-07-19 02:59:17.725] Android ADB Shared SubFolder: mybot.run\
D [2016-07-19 02:59:17.726] Android Mouse Device: Microvirt Virtual Input
D [2016-07-19 02:59:17.726] Android ADB screencap command enabled: True
D [2016-07-19 02:59:17.726] Android ADB input command enabled: False
D [2016-07-19 02:59:17.726] Android ADB Mouse Click enabled: False
D [2016-07-19 02:59:17.726] Android ADB Click Drag enabled: True
D [2016-07-19 02:59:17.726] Searching MEmu Window: Title = 'MEmu 2.', Class = '[CLASS:subWin; INSTANCE:1]', Text = ''
D [2016-07-19 02:59:17.728] MEmu Window not found
D [2016-07-19 02:59:17.728] InitAndroid(False): MEmu END, initialization successful = True
D [2016-07-19 02:59:17.728] UpdateAndroidConfig("MEmu") END
D [2016-07-19 02:59:17.728] GetAndroidRunningInstance: Try to find "C:\Program Files\Microvirt\MEmu\MEmu.exe"
D [2016-07-19 02:59:17.735] ObjGet("winmgmts:\\.\root\cimv2")
D [2016-07-19 02:59:17.736] WMI Query: Select * from Win32_Process where ExecutablePath like "%C:\\Program Files\\Microvirt\\MEmu\\MEmu.exe%"
D [2016-07-19 02:59:17.781] Process by CommandLine not found: C:\Program Files\Microvirt\MEmu\MEmu.exe
D [2016-07-19 02:59:17.781] UpdateAndroidConfig("droid4x")
D [2016-07-19 02:59:17.781] InitAndroid(False): Droid4X
L [2016-07-19 02:59:17.782] Serious error has occurred: Cannot find Droid4X:
L [2016-07-19 02:59:17.782] C:\Program Files (x86)\Droid4X\Droid4X.exe
D [2016-07-19 02:59:17.782] InitAndroid(False): Droid4X END, initialization successful = False
D [2016-07-19 02:59:17.783] UpdateAndroidConfig("droid4x") END
D [2016-07-19 02:59:17.783] UpdateAndroidConfig("nox")
D [2016-07-19 02:59:17.783] InitAndroid(False): Nox
D [2016-07-19 02:59:18.458] Android: Nox
D [2016-07-19 02:59:18.458] Android Config: 2
D [2016-07-19 02:59:18.458] Android Version: 3.1.0.0
D [2016-07-19 02:59:18.458] Android Instance: nox
D [2016-07-19 02:59:18.458] Android Window Title: No
D [2016-07-19 02:59:18.459] Android Program Path: C:\Users\Amin\AppData\Roaming\Nox\bin\Nox.exe
D [2016-07-19 02:59:18.459] Android Program Parameter: -resolution:860x732 -dpi:160 "-clone:nox"
D [2016-07-19 02:59:18.459] Android ADB Path: C:\Program Files\Microvirt\MEmu\adb.exe
D [2016-07-19 02:59:18.459] Android ADB Device: 127.0.0.1:62001
D [2016-07-19 02:59:18.459] Android ADB Shared Folder: /mnt/shared/Other/
D [2016-07-19 02:59:18.460] Android ADB Shared Folder on Host: C:\Users\Amin\Documents\Nox_share\Other\
D [2016-07-19 02:59:18.460] Android ADB Shared SubFolder: mybot.run\
D [2016-07-19 02:59:18.460] Android Mouse Device: nox Virtual Input
D [2016-07-19 02:59:18.460] Android ADB screencap command enabled: True
D [2016-07-19 02:59:18.460] Android ADB input command enabled: False
D [2016-07-19 02:59:18.461] Android ADB Mouse Click enabled: False
D [2016-07-19 02:59:18.461] Android ADB Click Drag enabled: True
D [2016-07-19 02:59:18.461] Searching Nox Window: Title = 'No', Class = '[CLASS:Qt5QWindowIcon;INSTANCE:4]', Text = ''
D [2016-07-19 02:59:18.462] Nox Window not found
D [2016-07-19 02:59:18.462] InitAndroid(False): Nox END, initialization successful = True
D [2016-07-19 02:59:18.463] UpdateAndroidConfig("nox") END
D [2016-07-19 02:59:18.463] GetAndroidRunningInstance: Try to find "C:\Users\Amin\AppData\Roaming\Nox\bin\Nox.exe"
D [2016-07-19 02:59:18.465] ObjGet("winmgmts:\\.\root\cimv2")
D [2016-07-19 02:59:18.465] WMI Query: Select * from Win32_Process where ExecutablePath like "%C:\\Users\\Amin\\AppData\\Roaming\\Nox\\bin\\Nox.exe%"
D [2016-07-19 02:59:18.506] No process found by CommandLine: C:\Users\Amin\AppData\Roaming\Nox\bin\Nox.exe
D [2016-07-19 02:59:18.506] UpdateAndroidConfig("")
D [2016-07-19 02:59:18.507] InitAndroid(False): BlueStacks2
D [2016-07-19 02:59:18.507] BlueStacks2 Engine 'Plus'-Mode: False
D [2016-07-19 02:59:18.508] BlueStacks2 OEM Features: 2754561
D [2016-07-19 02:59:18.508] BlueStacks2 System Bar is not available
D [2016-07-19 02:59:18.508] Searching BlueStacks2 Window: Title = 'BlueStacks ', Class = '[CLASS:BlueStacksApp; INSTANCE:1]', Text = '_ctl.Window'
D [2016-07-19 02:59:18.509] BlueStacks2 Window not found
D [2016-07-19 02:59:18.509] Android: BlueStacks2
D [2016-07-19 02:59:18.510] Android Config: 3
D [2016-07-19 02:59:18.510] Android Version: 2.0.2.5623
D [2016-07-19 02:59:18.510] Android Instance: 
D [2016-07-19 02:59:18.510] Android Window Title: BlueStacks 
D [2016-07-19 02:59:18.510] Android Program Path: C:\Program Files (x86)\BlueStacks\HD-Frontend.exe
D [2016-07-19 02:59:18.510] Android Program Parameter: Android
D [2016-07-19 02:59:18.511] Android ADB Path: C:\Program Files\Microvirt\MEmu\adb.exe
D [2016-07-19 02:59:18.511] Android ADB Device: emulator-5554
D [2016-07-19 02:59:18.511] Android ADB Shared Folder: /storage/sdcard/windows/BstSharedFolder/
D [2016-07-19 02:59:18.511] Android ADB Shared Folder on Host: C:\ProgramData\BlueStacks\UserData\SharedFolder\
D [2016-07-19 02:59:18.512] Android ADB Shared SubFolder: mybot.run\
D [2016-07-19 02:59:18.512] Android Mouse Device: BlueStacks Virtual Touch
D [2016-07-19 02:59:18.512] Android ADB screencap command enabled: False
D [2016-07-19 02:59:18.512] Android ADB input command enabled: False
D [2016-07-19 02:59:18.512] Android ADB Mouse Click enabled: False
D [2016-07-19 02:59:18.512] Android ADB Click Drag enabled: False
D [2016-07-19 02:59:18.513] Searching BlueStacks2 Window: Title = 'BlueStacks ', Class = '[CLASS:BlueStacksApp; INSTANCE:1]', Text = '_ctl.Window'
D [2016-07-19 02:59:18.515] BlueStacks2 Window not found
D [2016-07-19 02:59:18.515] InitAndroid(False): BlueStacks2 END, initialization successful = True
D [2016-07-19 02:59:18.515] UpdateAndroidConfig("") END
D [2016-07-19 02:59:18.515] Searching BlueStacks2 Window: Title = 'BlueStacks ', Class = '[CLASS:BlueStacksApp; INSTANCE:1]', Text = '_ctl.Window'
D [2016-07-19 02:59:18.517] BlueStacks2 Window not found
D [2016-07-19 02:59:18.517] UpdateAndroidConfig("")
D [2016-07-19 02:59:18.517] InitAndroid(False): BlueStacks
D [2016-07-19 02:59:18.518] BlueStacks Engine 'Plus'-Mode: False
D [2016-07-19 02:59:18.518] BlueStacks OEM Features: 2754561
D [2016-07-19 02:59:18.518] BlueStacks System Bar is not available
D [2016-07-19 02:59:18.518] Searching BlueStacks Window: Title = 'BlueStacks App Player', Class = '[CLASS:BlueStacksApp; INSTANCE:1]', Text = '_ctl.Window'
D [2016-07-19 02:59:18.521] BlueStacks Window not found
L [2016-07-19 02:59:18.521] BlueStacks supported version 0.8.x - 0.11.x not found
D [2016-07-19 02:59:18.521] InitAndroid(False): BlueStacks END, initialization successful = False
D [2016-07-19 02:59:18.522] UpdateAndroidConfig("") END
D [2016-07-19 02:59:18.522] UpdateAndroidConfig("MEmu")
D [2016-07-19 02:59:18.522] InitAndroid(False): MEmu
D [2016-07-19 02:59:19.438] Cannot read MEmu guestproperty phone_layout!
D [2016-07-19 02:59:19.439] Searching MEmu Window: Title = 'MEmu 2.', Class = '[CLASS:subWin; INSTANCE:1]', Text = ''
D [2016-07-19 02:59:19.440] MEmu Window not found
D [2016-07-19 02:59:19.440] Android: MEmu
D [2016-07-19 02:59:19.440] Android Config: 0
D [2016-07-19 02:59:19.440] Android Version: 2.5.0
D [2016-07-19 02:59:19.441] Android Instance: MEmu
D [2016-07-19 02:59:19.441] Android Window Title: MEmu 2.
D [2016-07-19 02:59:19.441] Android Program Path: C:\Program Files\Microvirt\MEmu\MEmu.exe
D [2016-07-19 02:59:19.441] Android Program Parameter: MEmu
D [2016-07-19 02:59:19.441] Android ADB Path: C:\Program Files\Microvirt\MEmu\adb.exe
D [2016-07-19 02:59:19.441] Android ADB Device: 127.0.0.1:21503
D [2016-07-19 02:59:19.442] Android ADB Shared Folder: /mnt/shell/emulated/0/Pictures/
D [2016-07-19 02:59:19.442] Android ADB Shared Folder on Host: C:\Users\Amin\Pictures\MEmu Photo\
D [2016-07-19 02:59:19.442] Android ADB Shared SubFolder: mybot.run\
D [2016-07-19 02:59:19.442] Android Mouse Device: Microvirt Virtual Input
D [2016-07-19 02:59:19.442] Android ADB screencap command enabled: True
D [2016-07-19 02:59:19.443] Android ADB input command enabled: False
D [2016-07-19 02:59:19.443] Android ADB Mouse Click enabled: False
D [2016-07-19 02:59:19.443] Android ADB Click Drag enabled: True
D [2016-07-19 02:59:19.443] Searching MEmu Window: Title = 'MEmu 2.', Class = '[CLASS:subWin; INSTANCE:1]', Text = ''
D [2016-07-19 02:59:19.444] MEmu Window not found
D [2016-07-19 02:59:19.444] InitAndroid(False): MEmu END, initialization successful = True
D [2016-07-19 02:59:19.445] UpdateAndroidConfig("MEmu") END
D [2016-07-19 02:59:19.445] Found no running Android Emulator
D [2016-07-19 02:59:19.445] DetectInstalledAndroid()
D [2016-07-19 02:59:19.445] UpdateAndroidConfig("MEmu")
D [2016-07-19 02:59:19.445] InitAndroid(False): MEmu
D [2016-07-19 02:59:20.350] Cannot read MEmu guestproperty phone_layout!
D [2016-07-19 02:59:20.350] Searching MEmu Window: Title = 'MEmu 2.', Class = '[CLASS:subWin; INSTANCE:1]', Text = ''
D [2016-07-19 02:59:20.352] MEmu Window not found
D [2016-07-19 02:59:20.352] Android: MEmu
D [2016-07-19 02:59:20.352] Android Config: 0
D [2016-07-19 02:59:20.352] Android Version: 2.5.0
D [2016-07-19 02:59:20.352] Android Instance: MEmu
D [2016-07-19 02:59:20.352] Android Window Title: MEmu 2.
D [2016-07-19 02:59:20.353] Android Program Path: C:\Program Files\Microvirt\MEmu\MEmu.exe
D [2016-07-19 02:59:20.353] Android Program Parameter: MEmu
D [2016-07-19 02:59:20.353] Android ADB Path: C:\Program Files\Microvirt\MEmu\adb.exe
D [2016-07-19 02:59:20.353] Android ADB Device: 127.0.0.1:21503
D [2016-07-19 02:59:20.353] Android ADB Shared Folder: /mnt/shell/emulated/0/Pictures/
D [2016-07-19 02:59:20.354] Android ADB Shared Folder on Host: C:\Users\Amin\Pictures\MEmu Photo\
D [2016-07-19 02:59:20.354] Android ADB Shared SubFolder: mybot.run\
D [2016-07-19 02:59:20.354] Android Mouse Device: Microvirt Virtual Input
D [2016-07-19 02:59:20.354] Android ADB screencap command enabled: True
D [2016-07-19 02:59:20.354] Android ADB input command enabled: False
D [2016-07-19 02:59:20.355] Android ADB Mouse Click enabled: False
D [2016-07-19 02:59:20.355] Android ADB Click Drag enabled: True
D [2016-07-19 02:59:20.355] Searching MEmu Window: Title = 'MEmu 2.', Class = '[CLASS:subWin; INSTANCE:1]', Text = ''
D [2016-07-19 02:59:20.356] MEmu Window not found
D [2016-07-19 02:59:20.356] InitAndroid(False): MEmu END, initialization successful = True
D [2016-07-19 02:59:20.356] UpdateAndroidConfig("MEmu") END
D [2016-07-19 02:59:20.356] Found installed MEmu 2.5.0
D [2016-07-19 02:59:20.357] My Bot is the only running instance
D [2016-07-19 02:59:22.663] UpdateAndroidConfig("MEmu")
D [2016-07-19 02:59:22.663] InitAndroid(False): MEmu
D [2016-07-19 02:59:23.602] Cannot read MEmu guestproperty phone_layout!
D [2016-07-19 02:59:23.602] Searching MEmu Window: Title = 'MEmu 2.', Class = '[CLASS:subWin; INSTANCE:1]', Text = ''
D [2016-07-19 02:59:23.605] MEmu Window not found
D [2016-07-19 02:59:23.606] Android: MEmu
D [2016-07-19 02:59:23.606] Android Config: 0
D [2016-07-19 02:59:23.606] Android Version: 2.5.0
D [2016-07-19 02:59:23.606] Android Instance: MEmu
D [2016-07-19 02:59:23.606] Android Window Title: MEmu 2.
D [2016-07-19 02:59:23.606] Android Program Path: C:\Program Files\Microvirt\MEmu\MEmu.exe
D [2016-07-19 02:59:23.607] Android Program Parameter: MEmu
D [2016-07-19 02:59:23.607] Android ADB Path: C:\Program Files\Microvirt\MEmu\adb.exe
D [2016-07-19 02:59:23.607] Android ADB Device: 127.0.0.1:21503
D [2016-07-19 02:59:23.607] Android ADB Shared Folder: /mnt/shell/emulated/0/Pictures/
D [2016-07-19 02:59:23.608] Android ADB Shared Folder on Host: C:\Users\Amin\Pictures\MEmu Photo\
D [2016-07-19 02:59:23.608] Android ADB Shared SubFolder: mybot.run\
D [2016-07-19 02:59:23.608] Android Mouse Device: Microvirt Virtual Input
D [2016-07-19 02:59:23.608] Android ADB screencap command enabled: True
D [2016-07-19 02:59:23.608] Android ADB input command enabled: False
D [2016-07-19 02:59:23.609] Android ADB Mouse Click enabled: False
D [2016-07-19 02:59:23.609] Android ADB Click Drag enabled: True
D [2016-07-19 02:59:23.609] Searching MEmu Window: Title = 'MEmu 2.', Class = '[CLASS:subWin; INSTANCE:1]', Text = ''
D [2016-07-19 02:59:23.611] MEmu Window not found
D [2016-07-19 02:59:23.612] InitAndroid(False): MEmu END, initialization successful = True
D [2016-07-19 02:59:23.612] UpdateAndroidConfig("MEmu") END
D [2016-07-19 02:59:23.612] UpdateAndroidConfig("droid4x")
D [2016-07-19 02:59:23.612] InitAndroid(False): Droid4X
L [2016-07-19 02:59:23.613] Serious error has occurred: Cannot find Droid4X:
L [2016-07-19 02:59:23.613] C:\Program Files (x86)\Droid4X\Droid4X.exe
D [2016-07-19 02:59:23.613] InitAndroid(False): Droid4X END, initialization successful = False
D [2016-07-19 02:59:23.614] UpdateAndroidConfig("droid4x") END
D [2016-07-19 02:59:23.614] UpdateAndroidConfig("nox")
D [2016-07-19 02:59:23.614] InitAndroid(False): Nox
D [2016-07-19 02:59:24.308] Android: Nox
D [2016-07-19 02:59:24.309] Android Config: 2
D [2016-07-19 02:59:24.309] Android Version: 3.1.0.0
D [2016-07-19 02:59:24.309] Android Instance: nox
D [2016-07-19 02:59:24.309] Android Window Title: No
D [2016-07-19 02:59:24.309] Android Program Path: C:\Users\Amin\AppData\Roaming\Nox\bin\Nox.exe
D [2016-07-19 02:59:24.310] Android Program Parameter: -resolution:860x732 -dpi:160 "-clone:nox"
D [2016-07-19 02:59:24.310] Android ADB Path: C:\Program Files\Microvirt\MEmu\adb.exe
D [2016-07-19 02:59:24.310] Android ADB Device: 127.0.0.1:62001
D [2016-07-19 02:59:24.310] Android ADB Shared Folder: /mnt/shared/Other/
D [2016-07-19 02:59:24.310] Android ADB Shared Folder on Host: C:\Users\Amin\Documents\Nox_share\Other\
D [2016-07-19 02:59:24.311] Android ADB Shared SubFolder: mybot.run\
D [2016-07-19 02:59:24.311] Android Mouse Device: nox Virtual Input
D [2016-07-19 02:59:24.311] Android ADB screencap command enabled: True
D [2016-07-19 02:59:24.311] Android ADB input command enabled: False
D [2016-07-19 02:59:24.311] Android ADB Mouse Click enabled: False
D [2016-07-19 02:59:24.312] Android ADB Click Drag enabled: True
D [2016-07-19 02:59:24.312] Searching Nox Window: Title = 'No', Class = '[CLASS:Qt5QWindowIcon;INSTANCE:4]', Text = ''
D [2016-07-19 02:59:24.315] Nox Window not found
D [2016-07-19 02:59:24.315] InitAndroid(False): Nox END, initialization successful = True
D [2016-07-19 02:59:24.316] UpdateAndroidConfig("nox") END
D [2016-07-19 02:59:24.316] UpdateAndroidConfig("")
D [2016-07-19 02:59:24.316] InitAndroid(False): BlueStacks2
D [2016-07-19 02:59:24.317] BlueStacks2 Engine 'Plus'-Mode: False
D [2016-07-19 02:59:24.317] BlueStacks2 OEM Features: 2754561
D [2016-07-19 02:59:24.317] BlueStacks2 System Bar is not available
D [2016-07-19 02:59:24.317] Searching BlueStacks2 Window: Title = 'BlueStacks ', Class = '[CLASS:BlueStacksApp; INSTANCE:1]', Text = '_ctl.Window'
D [2016-07-19 02:59:24.321] BlueStacks2 Window not found
D [2016-07-19 02:59:24.321] Android: BlueStacks2
D [2016-07-19 02:59:24.321] Android Config: 3
D [2016-07-19 02:59:24.322] Android Version: 2.0.2.5623
D [2016-07-19 02:59:24.322] Android Instance: 
D [2016-07-19 02:59:24.322] Android Window Title: BlueStacks 
D [2016-07-19 02:59:24.322] Android Program Path: C:\Program Files (x86)\BlueStacks\HD-Frontend.exe
D [2016-07-19 02:59:24.322] Android Program Parameter: Android
D [2016-07-19 02:59:24.323] Android ADB Path: C:\Program Files\Microvirt\MEmu\adb.exe
D [2016-07-19 02:59:24.323] Android ADB Device: emulator-5554
D [2016-07-19 02:59:24.323] Android ADB Shared Folder: /storage/sdcard/windows/BstSharedFolder/
D [2016-07-19 02:59:24.323] Android ADB Shared Folder on Host: C:\ProgramData\BlueStacks\UserData\SharedFolder\
D [2016-07-19 02:59:24.323] Android ADB Shared SubFolder: mybot.run\
D [2016-07-19 02:59:24.324] Android Mouse Device: BlueStacks Virtual Touch
D [2016-07-19 02:59:24.324] Android ADB screencap command enabled: False
D [2016-07-19 02:59:24.324] Android ADB input command enabled: False
D [2016-07-19 02:59:24.324] Android ADB Mouse Click enabled: False
D [2016-07-19 02:59:24.324] Android ADB Click Drag enabled: False
D [2016-07-19 02:59:24.325] Searching BlueStacks2 Window: Title = 'BlueStacks ', Class = '[CLASS:BlueStacksApp; INSTANCE:1]', Text = '_ctl.Window'
D [2016-07-19 02:59:24.328] BlueStacks2 Window not found
D [2016-07-19 02:59:24.329] InitAndroid(False): BlueStacks2 END, initialization successful = True
D [2016-07-19 02:59:24.329] UpdateAndroidConfig("") END
D [2016-07-19 02:59:24.329] UpdateAndroidConfig("")
D [2016-07-19 02:59:24.329] InitAndroid(False): BlueStacks
D [2016-07-19 02:59:24.330] BlueStacks Engine 'Plus'-Mode: False
D [2016-07-19 02:59:24.330] BlueStacks OEM Features: 2754561
D [2016-07-19 02:59:24.330] BlueStacks System Bar is not available
D [2016-07-19 02:59:24.330] Searching BlueStacks Window: Title = 'BlueStacks App Player', Class = '[CLASS:BlueStacksApp; INSTANCE:1]', Text = '_ctl.Window'
D [2016-07-19 02:59:24.333] BlueStacks Window not found
L [2016-07-19 02:59:24.333] BlueStacks supported version 0.8.x - 0.11.x not found
D [2016-07-19 02:59:24.333] InitAndroid(False): BlueStacks END, initialization successful = False
D [2016-07-19 02:59:24.334] UpdateAndroidConfig("") END
D [2016-07-19 02:59:24.334] UpdateAndroidConfig("MEmu")
D [2016-07-19 02:59:24.334] InitAndroid(False): MEmu
D [2016-07-19 02:59:25.271] Cannot read MEmu guestproperty phone_layout!
D [2016-07-19 02:59:25.271] Searching MEmu Window: Title = 'MEmu 2.', Class = '[CLASS:subWin; INSTANCE:1]', Text = ''
D [2016-07-19 02:59:25.274] MEmu Window not found
D [2016-07-19 02:59:25.274] Android: MEmu
D [2016-07-19 02:59:25.275] Android Config: 0
D [2016-07-19 02:59:25.275] Android Version: 2.5.0
D [2016-07-19 02:59:25.275] Android Instance: MEmu
D [2016-07-19 02:59:25.275] Android Window Title: MEmu 2.
D [2016-07-19 02:59:25.275] Android Program Path: C:\Program Files\Microvirt\MEmu\MEmu.exe
D [2016-07-19 02:59:25.275] Android Program Parameter: MEmu
D [2016-07-19 02:59:25.276] Android ADB Path: C:\Program Files\Microvirt\MEmu\adb.exe
D [2016-07-19 02:59:25.276] Android ADB Device: 127.0.0.1:21503
D [2016-07-19 02:59:25.276] Android ADB Shared Folder: /mnt/shell/emulated/0/Pictures/
D [2016-07-19 02:59:25.276] Android ADB Shared Folder on Host: C:\Users\Amin\Pictures\MEmu Photo\
D [2016-07-19 02:59:25.276] Android ADB Shared SubFolder: mybot.run\
D [2016-07-19 02:59:25.277] Android Mouse Device: Microvirt Virtual Input
D [2016-07-19 02:59:25.277] Android ADB screencap command enabled: True
D [2016-07-19 02:59:25.277] Android ADB input command enabled: False
D [2016-07-19 02:59:25.277] Android ADB Mouse Click enabled: False
D [2016-07-19 02:59:25.277] Android ADB Click Drag enabled: True
D [2016-07-19 02:59:25.278] Searching MEmu Window: Title = 'MEmu 2.', Class = '[CLASS:subWin; INSTANCE:1]', Text = ''
D [2016-07-19 02:59:25.281] MEmu Window not found
D [2016-07-19 02:59:25.281] InitAndroid(False): MEmu END, initialization successful = True
D [2016-07-19 02:59:25.281] UpdateAndroidConfig("MEmu") END
D [2016-07-19 02:59:25.687] Read Building Config C:\Users\Amin\Desktop\MyBot.Run\MOD AIO\MyBot-AIO-2.1.4\Profiles\MyVillage\building.ini
D [2016-07-19 02:59:25.699] Read Config C:\Users\Amin\Desktop\MyBot.Run\MOD AIO\MyBot-AIO-2.1.4\Profiles\MyVillage\config.ini
D [2016-07-19 02:59:25.753] Apply Config
D [2016-07-19 02:59:25.845] UpdateAndroidConfig("MEmu_1")
D [2016-07-19 02:59:25.845] InitAndroid(False): MEmu
D [2016-07-19 02:59:26.784] Cannot read MEmu guestproperty phone_layout!
D [2016-07-19 02:59:26.784] Searching MEmu Window: Title = 'MEmu 2.', Class = '[CLASS:subWin; INSTANCE:1]', Text = ''
D [2016-07-19 02:59:26.789] MEmu Window not found
D [2016-07-19 02:59:26.789] Android: MEmu
D [2016-07-19 02:59:26.789] Android Config: 0
D [2016-07-19 02:59:26.789] Android Version: 2.5.0
D [2016-07-19 02:59:26.790] Android Instance: MEmu_1
D [2016-07-19 02:59:26.790] Android Window Title: MEmu 2.
D [2016-07-19 02:59:26.790] Android Program Path: C:\Program Files\Microvirt\MEmu\MEmu.exe
D [2016-07-19 02:59:26.790] Android Program Parameter: MEmu_1
D [2016-07-19 02:59:26.790] Android ADB Path: C:\Program Files\Microvirt\MEmu\adb.exe
D [2016-07-19 02:59:26.791] Android ADB Device: 127.0.0.1:21513
D [2016-07-19 02:59:26.791] Android ADB Shared Folder: /mnt/shell/emulated/0/Pictures/
D [2016-07-19 02:59:26.791] Android ADB Shared Folder on Host: C:\Users\Amin\Pictures\MEmu Photo\
D [2016-07-19 02:59:26.791] Android ADB Shared SubFolder: mybot.run\
D [2016-07-19 02:59:26.791] Android Mouse Device: Microvirt Virtual Input
D [2016-07-19 02:59:26.792] Android ADB screencap command enabled: True
D [2016-07-19 02:59:26.792] Android ADB input command enabled: False
D [2016-07-19 02:59:26.792] Android ADB Mouse Click enabled: False
D [2016-07-19 02:59:26.792] Android ADB Click Drag enabled: True
D [2016-07-19 02:59:26.792] Searching MEmu Window: Title = 'MEmu 2.', Class = '[CLASS:subWin; INSTANCE:1]', Text = ''
D [2016-07-19 02:59:26.797] MEmu Window not found
D [2016-07-19 02:59:26.797] InitAndroid(False): MEmu END, initialization successful = True
D [2016-07-19 02:59:26.797] UpdateAndroidConfig("MEmu_1") END
D [2016-07-19 02:59:26.814] Redraw MyBot Window
L [2016-07-19 02:59:27.556] Found installed MEmu 2.5.0
L [2016-07-19 02:59:27.560] Android Emulator Configuration: MEmu (instance MEmu_1)
L [2016-07-19 03:00:47.205] Closing Merged My Bot v6.1.4 All In One v2.1.4 (MEmu_1) ...
D [2016-07-19 03:00:47.226] Save Config C:\Users\Amin\Desktop\MyBot.Run\MOD AIO\MyBot-AIO-2.1.4\Profiles\MyVillage\config.ini
D [2016-07-19 03:00:47.661] Save Building Config C:\Users\Amin\Desktop\MyBot.Run\MOD AIO\MyBot-AIO-2.1.4\Profiles\MyVillage\building.ini
