D [2016-07-14 17:09:27.007] @AutoItExe: C:\Program Files (x86)\AutoIt3\AutoIt3.exe
D [2016-07-14 17:09:27.007] @ScriptFullPath: C:\Users\Amin\Desktop\MyBot.Run\MOD AIO\MyBot-AIO-2.1.3+Latest Fix-With-LimitDonations-byCutidudz\MyBot.run.au3
D [2016-07-14 17:09:27.007] @WorkingDir: C:\Users\Amin\Desktop\MyBot.Run\MOD AIO\MyBot-AIO-2.1.3+Latest Fix-With-LimitDonations-byCutidudz
D [2016-07-14 17:09:27.008] @AutoItPID: 7448
D [2016-07-14 17:09:27.028] DetectRunningAndroid()
D [2016-07-14 17:09:27.029] UpdateAndroidConfig("MEmu")
D [2016-07-14 17:09:27.029] InitAndroid(False): MEmu
D [2016-07-14 17:09:28.549] Cannot read MEmu guestproperty phone_layout!
D [2016-07-14 17:09:28.549] Searching MEmu Window: Title = 'MEmu 2.', Class = '[CLASS:subWin; INSTANCE:1]', Text = ''
D [2016-07-14 17:09:28.552] MEmu Window not found
D [2016-07-14 17:09:28.552] Android: MEmu
D [2016-07-14 17:09:28.552] Android Config: 0
D [2016-07-14 17:09:28.552] Android Version: 2.5.0
D [2016-07-14 17:09:28.553] Android Instance: MEmu
D [2016-07-14 17:09:28.553] Android Window Title: MEmu 2.
D [2016-07-14 17:09:28.553] Android Program Path: C:\Program Files\Microvirt\MEmu\MEmu.exe
D [2016-07-14 17:09:28.553] Android Program Parameter: MEmu
D [2016-07-14 17:09:28.553] Android ADB Path: C:\Program Files\Microvirt\MEmu\adb.exe
D [2016-07-14 17:09:28.554] Android ADB Device: 127.0.0.1:21503
D [2016-07-14 17:09:28.554] Android ADB Shared Folder: /mnt/shell/emulated/0/Pictures/
D [2016-07-14 17:09:28.554] Android ADB Shared Folder on Host: C:\Users\Amin\Pictures\MEmu Photo\
D [2016-07-14 17:09:28.554] Android ADB Shared SubFolder: mybot.run\
D [2016-07-14 17:09:28.555] Android Mouse Device: Microvirt Virtual Input
D [2016-07-14 17:09:28.555] Android ADB screencap command enabled: True
D [2016-07-14 17:09:28.555] Android ADB input command enabled: False
D [2016-07-14 17:09:28.555] Android ADB Mouse Click enabled: False
D [2016-07-14 17:09:28.555] Android ADB Click Drag enabled: True
D [2016-07-14 17:09:28.555] Searching MEmu Window: Title = 'MEmu 2.', Class = '[CLASS:subWin; INSTANCE:1]', Text = ''
D [2016-07-14 17:09:28.558] MEmu Window not found
D [2016-07-14 17:09:28.558] InitAndroid(False): MEmu END, initialization successful = True
D [2016-07-14 17:09:28.558] UpdateAndroidConfig("MEmu") END
D [2016-07-14 17:09:28.558] GetAndroidRunningInstance: Try to find "C:\Program Files\Microvirt\MEmu\MEmu.exe"
D [2016-07-14 17:09:28.566] ObjGet("winmgmts:\\.\root\cimv2")
D [2016-07-14 17:09:28.566] WMI Query: Select * from Win32_Process where ExecutablePath like "%C:\\Program Files\\Microvirt\\MEmu\\MEmu.exe%"
D [2016-07-14 17:09:28.611] Process by CommandLine not found: C:\Program Files\Microvirt\MEmu\MEmu.exe
D [2016-07-14 17:09:28.611] UpdateAndroidConfig("droid4x")
D [2016-07-14 17:09:28.612] InitAndroid(False): Droid4X
L [2016-07-14 17:09:28.612] Serious error has occurred: Cannot find Droid4X:
L [2016-07-14 17:09:28.613] C:\Program Files (x86)\Droid4X\Droid4X.exe
D [2016-07-14 17:09:28.613] InitAndroid(False): Droid4X END, initialization successful = False
D [2016-07-14 17:09:28.613] UpdateAndroidConfig("droid4x") END
D [2016-07-14 17:09:28.613] UpdateAndroidConfig("nox")
D [2016-07-14 17:09:28.614] InitAndroid(False): Nox
D [2016-07-14 17:09:29.289] Android: Nox
D [2016-07-14 17:09:29.289] Android Config: 2
D [2016-07-14 17:09:29.289] Android Version: 3.1.0.0
D [2016-07-14 17:09:29.289] Android Instance: nox
D [2016-07-14 17:09:29.289] Android Window Title: No
D [2016-07-14 17:09:29.290] Android Program Path: C:\Users\Amin\AppData\Roaming\Nox\bin\Nox.exe
D [2016-07-14 17:09:29.290] Android Program Parameter: -resolution:860x732 -dpi:160 "-clone:nox"
D [2016-07-14 17:09:29.290] Android ADB Path: C:\Program Files\Microvirt\MEmu\adb.exe
D [2016-07-14 17:09:29.290] Android ADB Device: 127.0.0.1:62001
D [2016-07-14 17:09:29.290] Android ADB Shared Folder: /mnt/shared/Other/
D [2016-07-14 17:09:29.291] Android ADB Shared Folder on Host: C:\Users\Amin\Documents\Nox_share\Other\
D [2016-07-14 17:09:29.291] Android ADB Shared SubFolder: mybot.run\
D [2016-07-14 17:09:29.291] Android Mouse Device: nox Virtual Input
D [2016-07-14 17:09:29.291] Android ADB screencap command enabled: True
D [2016-07-14 17:09:29.291] Android ADB input command enabled: False
D [2016-07-14 17:09:29.292] Android ADB Mouse Click enabled: False
D [2016-07-14 17:09:29.292] Android ADB Click Drag enabled: True
D [2016-07-14 17:09:29.292] Searching Nox Window: Title = 'No', Class = '[CLASS:Qt5QWindowIcon;INSTANCE:4]', Text = ''
D [2016-07-14 17:09:29.293] Nox Window not found
D [2016-07-14 17:09:29.294] InitAndroid(False): Nox END, initialization successful = True
D [2016-07-14 17:09:29.294] UpdateAndroidConfig("nox") END
D [2016-07-14 17:09:29.294] GetAndroidRunningInstance: Try to find "C:\Users\Amin\AppData\Roaming\Nox\bin\Nox.exe"
D [2016-07-14 17:09:29.296] ObjGet("winmgmts:\\.\root\cimv2")
D [2016-07-14 17:09:29.296] WMI Query: Select * from Win32_Process where ExecutablePath like "%C:\\Users\\Amin\\AppData\\Roaming\\Nox\\bin\\Nox.exe%"
D [2016-07-14 17:09:29.341] No process found by CommandLine: C:\Users\Amin\AppData\Roaming\Nox\bin\Nox.exe
D [2016-07-14 17:09:29.341] UpdateAndroidConfig("")
D [2016-07-14 17:09:29.341] InitAndroid(False): BlueStacks2
D [2016-07-14 17:09:29.342] BlueStacks2 Engine 'Plus'-Mode: False
D [2016-07-14 17:09:29.342] BlueStacks2 OEM Features: 2754561
D [2016-07-14 17:09:29.342] BlueStacks2 System Bar is not available
D [2016-07-14 17:09:29.343] Searching BlueStacks2 Window: Title = 'BlueStacks ', Class = '[CLASS:BlueStacksApp; INSTANCE:1]', Text = '_ctl.Window'
D [2016-07-14 17:09:29.345] BlueStacks2 Window not found
D [2016-07-14 17:09:29.345] Android: BlueStacks2
D [2016-07-14 17:09:29.345] Android Config: 3
D [2016-07-14 17:09:29.346] Android Version: 2.0.2.5623
D [2016-07-14 17:09:29.346] Android Instance: 
D [2016-07-14 17:09:29.346] Android Window Title: BlueStacks 
D [2016-07-14 17:09:29.346] Android Program Path: C:\Program Files (x86)\BlueStacks\HD-Frontend.exe
D [2016-07-14 17:09:29.346] Android Program Parameter: Android
D [2016-07-14 17:09:29.347] Android ADB Path: C:\Program Files\Microvirt\MEmu\adb.exe
D [2016-07-14 17:09:29.347] Android ADB Device: emulator-5554
D [2016-07-14 17:09:29.347] Android ADB Shared Folder: /storage/sdcard/windows/BstSharedFolder/
D [2016-07-14 17:09:29.347] Android ADB Shared Folder on Host: C:\ProgramData\BlueStacks\UserData\SharedFolder\
D [2016-07-14 17:09:29.347] Android ADB Shared SubFolder: mybot.run\
D [2016-07-14 17:09:29.348] Android Mouse Device: BlueStacks Virtual Touch
D [2016-07-14 17:09:29.348] Android ADB screencap command enabled: False
D [2016-07-14 17:09:29.348] Android ADB input command enabled: False
D [2016-07-14 17:09:29.349] Android ADB Mouse Click enabled: False
D [2016-07-14 17:09:29.349] Android ADB Click Drag enabled: False
D [2016-07-14 17:09:29.349] Searching BlueStacks2 Window: Title = 'BlueStacks ', Class = '[CLASS:BlueStacksApp; INSTANCE:1]', Text = '_ctl.Window'
D [2016-07-14 17:09:29.350] BlueStacks2 Window not found
D [2016-07-14 17:09:29.351] InitAndroid(False): BlueStacks2 END, initialization successful = True
D [2016-07-14 17:09:29.351] UpdateAndroidConfig("") END
D [2016-07-14 17:09:29.351] Searching BlueStacks2 Window: Title = 'BlueStacks ', Class = '[CLASS:BlueStacksApp; INSTANCE:1]', Text = '_ctl.Window'
D [2016-07-14 17:09:29.353] BlueStacks2 Window not found
D [2016-07-14 17:09:29.353] UpdateAndroidConfig("")
D [2016-07-14 17:09:29.353] InitAndroid(False): BlueStacks
D [2016-07-14 17:09:29.354] BlueStacks Engine 'Plus'-Mode: False
D [2016-07-14 17:09:29.354] BlueStacks OEM Features: 2754561
D [2016-07-14 17:09:29.354] BlueStacks System Bar is not available
D [2016-07-14 17:09:29.355] Searching BlueStacks Window: Title = 'BlueStacks App Player', Class = '[CLASS:BlueStacksApp; INSTANCE:1]', Text = '_ctl.Window'
D [2016-07-14 17:09:29.356] BlueStacks Window not found
L [2016-07-14 17:09:29.356] BlueStacks supported version 0.8.x - 0.11.x not found
D [2016-07-14 17:09:29.357] InitAndroid(False): BlueStacks END, initialization successful = False
D [2016-07-14 17:09:29.357] UpdateAndroidConfig("") END
D [2016-07-14 17:09:29.357] UpdateAndroidConfig("MEmu")
D [2016-07-14 17:09:29.357] InitAndroid(False): MEmu
D [2016-07-14 17:09:30.277] Cannot read MEmu guestproperty phone_layout!
D [2016-07-14 17:09:30.277] Searching MEmu Window: Title = 'MEmu 2.', Class = '[CLASS:subWin; INSTANCE:1]', Text = ''
D [2016-07-14 17:09:30.279] MEmu Window not found
D [2016-07-14 17:09:30.279] Android: MEmu
D [2016-07-14 17:09:30.279] Android Config: 0
D [2016-07-14 17:09:30.279] Android Version: 2.5.0
D [2016-07-14 17:09:30.280] Android Instance: MEmu
D [2016-07-14 17:09:30.280] Android Window Title: MEmu 2.
D [2016-07-14 17:09:30.280] Android Program Path: C:\Program Files\Microvirt\MEmu\MEmu.exe
D [2016-07-14 17:09:30.280] Android Program Parameter: MEmu
D [2016-07-14 17:09:30.280] Android ADB Path: C:\Program Files\Microvirt\MEmu\adb.exe
D [2016-07-14 17:09:30.281] Android ADB Device: 127.0.0.1:21503
D [2016-07-14 17:09:30.281] Android ADB Shared Folder: /mnt/shell/emulated/0/Pictures/
D [2016-07-14 17:09:30.281] Android ADB Shared Folder on Host: C:\Users\Amin\Pictures\MEmu Photo\
D [2016-07-14 17:09:30.281] Android ADB Shared SubFolder: mybot.run\
D [2016-07-14 17:09:30.281] Android Mouse Device: Microvirt Virtual Input
D [2016-07-14 17:09:30.282] Android ADB screencap command enabled: True
D [2016-07-14 17:09:30.282] Android ADB input command enabled: False
D [2016-07-14 17:09:30.282] Android ADB Mouse Click enabled: False
D [2016-07-14 17:09:30.282] Android ADB Click Drag enabled: True
D [2016-07-14 17:09:30.282] Searching MEmu Window: Title = 'MEmu 2.', Class = '[CLASS:subWin; INSTANCE:1]', Text = ''
D [2016-07-14 17:09:30.284] MEmu Window not found
D [2016-07-14 17:09:30.284] InitAndroid(False): MEmu END, initialization successful = True
D [2016-07-14 17:09:30.284] UpdateAndroidConfig("MEmu") END
D [2016-07-14 17:09:30.284] Found no running Android Emulator
D [2016-07-14 17:09:30.284] DetectInstalledAndroid()
D [2016-07-14 17:09:30.285] UpdateAndroidConfig("MEmu")
D [2016-07-14 17:09:30.285] InitAndroid(False): MEmu
D [2016-07-14 17:09:31.195] Cannot read MEmu guestproperty phone_layout!
D [2016-07-14 17:09:31.195] Searching MEmu Window: Title = 'MEmu 2.', Class = '[CLASS:subWin; INSTANCE:1]', Text = ''
D [2016-07-14 17:09:31.197] MEmu Window not found
D [2016-07-14 17:09:31.197] Android: MEmu
D [2016-07-14 17:09:31.197] Android Config: 0
D [2016-07-14 17:09:31.198] Android Version: 2.5.0
D [2016-07-14 17:09:31.198] Android Instance: MEmu
D [2016-07-14 17:09:31.198] Android Window Title: MEmu 2.
D [2016-07-14 17:09:31.198] Android Program Path: C:\Program Files\Microvirt\MEmu\MEmu.exe
D [2016-07-14 17:09:31.198] Android Program Parameter: MEmu
D [2016-07-14 17:09:31.199] Android ADB Path: C:\Program Files\Microvirt\MEmu\adb.exe
D [2016-07-14 17:09:31.199] Android ADB Device: 127.0.0.1:21503
D [2016-07-14 17:09:31.199] Android ADB Shared Folder: /mnt/shell/emulated/0/Pictures/
D [2016-07-14 17:09:31.199] Android ADB Shared Folder on Host: C:\Users\Amin\Pictures\MEmu Photo\
D [2016-07-14 17:09:31.199] Android ADB Shared SubFolder: mybot.run\
D [2016-07-14 17:09:31.200] Android Mouse Device: Microvirt Virtual Input
D [2016-07-14 17:09:31.200] Android ADB screencap command enabled: True
D [2016-07-14 17:09:31.200] Android ADB input command enabled: False
D [2016-07-14 17:09:31.200] Android ADB Mouse Click enabled: False
D [2016-07-14 17:09:31.200] Android ADB Click Drag enabled: True
D [2016-07-14 17:09:31.200] Searching MEmu Window: Title = 'MEmu 2.', Class = '[CLASS:subWin; INSTANCE:1]', Text = ''
D [2016-07-14 17:09:31.202] MEmu Window not found
D [2016-07-14 17:09:31.202] InitAndroid(False): MEmu END, initialization successful = True
D [2016-07-14 17:09:31.202] UpdateAndroidConfig("MEmu") END
D [2016-07-14 17:09:31.202] Found installed MEmu 2.5.0
D [2016-07-14 17:09:31.203] My Bot is the only running instance
D [2016-07-14 17:09:33.464] UpdateAndroidConfig("MEmu")
D [2016-07-14 17:09:33.465] InitAndroid(False): MEmu
D [2016-07-14 17:09:34.398] Cannot read MEmu guestproperty phone_layout!
D [2016-07-14 17:09:34.398] Searching MEmu Window: Title = 'MEmu 2.', Class = '[CLASS:subWin; INSTANCE:1]', Text = ''
D [2016-07-14 17:09:34.401] MEmu Window not found
D [2016-07-14 17:09:34.402] Android: MEmu
D [2016-07-14 17:09:34.402] Android Config: 0
D [2016-07-14 17:09:34.402] Android Version: 2.5.0
D [2016-07-14 17:09:34.402] Android Instance: MEmu
D [2016-07-14 17:09:34.402] Android Window Title: MEmu 2.
D [2016-07-14 17:09:34.402] Android Program Path: C:\Program Files\Microvirt\MEmu\MEmu.exe
D [2016-07-14 17:09:34.403] Android Program Parameter: MEmu
D [2016-07-14 17:09:34.403] Android ADB Path: C:\Program Files\Microvirt\MEmu\adb.exe
D [2016-07-14 17:09:34.403] Android ADB Device: 127.0.0.1:21503
D [2016-07-14 17:09:34.403] Android ADB Shared Folder: /mnt/shell/emulated/0/Pictures/
D [2016-07-14 17:09:34.404] Android ADB Shared Folder on Host: C:\Users\Amin\Pictures\MEmu Photo\
D [2016-07-14 17:09:34.404] Android ADB Shared SubFolder: mybot.run\
D [2016-07-14 17:09:34.404] Android Mouse Device: Microvirt Virtual Input
D [2016-07-14 17:09:34.404] Android ADB screencap command enabled: True
D [2016-07-14 17:09:34.404] Android ADB input command enabled: False
D [2016-07-14 17:09:34.404] Android ADB Mouse Click enabled: False
D [2016-07-14 17:09:34.405] Android ADB Click Drag enabled: True
D [2016-07-14 17:09:34.405] Searching MEmu Window: Title = 'MEmu 2.', Class = '[CLASS:subWin; INSTANCE:1]', Text = ''
D [2016-07-14 17:09:34.409] MEmu Window not found
D [2016-07-14 17:09:34.409] InitAndroid(False): MEmu END, initialization successful = True
D [2016-07-14 17:09:34.410] UpdateAndroidConfig("MEmu") END
D [2016-07-14 17:09:34.410] UpdateAndroidConfig("droid4x")
D [2016-07-14 17:09:34.410] InitAndroid(False): Droid4X
L [2016-07-14 17:09:34.410] Serious error has occurred: Cannot find Droid4X:
L [2016-07-14 17:09:34.411] C:\Program Files (x86)\Droid4X\Droid4X.exe
D [2016-07-14 17:09:34.411] InitAndroid(False): Droid4X END, initialization successful = False
D [2016-07-14 17:09:34.411] UpdateAndroidConfig("droid4x") END
D [2016-07-14 17:09:34.411] UpdateAndroidConfig("nox")
D [2016-07-14 17:09:34.412] InitAndroid(False): Nox
D [2016-07-14 17:09:35.105] Android: Nox
D [2016-07-14 17:09:35.105] Android Config: 2
D [2016-07-14 17:09:35.105] Android Version: 3.1.0.0
D [2016-07-14 17:09:35.106] Android Instance: nox
D [2016-07-14 17:09:35.106] Android Window Title: No
D [2016-07-14 17:09:35.106] Android Program Path: C:\Users\Amin\AppData\Roaming\Nox\bin\Nox.exe
D [2016-07-14 17:09:35.106] Android Program Parameter: -resolution:860x732 -dpi:160 "-clone:nox"
D [2016-07-14 17:09:35.106] Android ADB Path: C:\Program Files\Microvirt\MEmu\adb.exe
D [2016-07-14 17:09:35.106] Android ADB Device: 127.0.0.1:62001
D [2016-07-14 17:09:35.107] Android ADB Shared Folder: /mnt/shared/Other/
D [2016-07-14 17:09:35.107] Android ADB Shared Folder on Host: C:\Users\Amin\Documents\Nox_share\Other\
D [2016-07-14 17:09:35.107] Android ADB Shared SubFolder: mybot.run\
D [2016-07-14 17:09:35.107] Android Mouse Device: nox Virtual Input
D [2016-07-14 17:09:35.108] Android ADB screencap command enabled: True
D [2016-07-14 17:09:35.108] Android ADB input command enabled: False
D [2016-07-14 17:09:35.108] Android ADB Mouse Click enabled: False
D [2016-07-14 17:09:35.108] Android ADB Click Drag enabled: True
D [2016-07-14 17:09:35.108] Searching Nox Window: Title = 'No', Class = '[CLASS:Qt5QWindowIcon;INSTANCE:4]', Text = ''
D [2016-07-14 17:09:35.113] Nox Window not found
D [2016-07-14 17:09:35.113] InitAndroid(False): Nox END, initialization successful = True
D [2016-07-14 17:09:35.114] UpdateAndroidConfig("nox") END
D [2016-07-14 17:09:35.114] UpdateAndroidConfig("")
D [2016-07-14 17:09:35.114] InitAndroid(False): BlueStacks2
D [2016-07-14 17:09:35.115] BlueStacks2 Engine 'Plus'-Mode: False
D [2016-07-14 17:09:35.115] BlueStacks2 OEM Features: 2754561
D [2016-07-14 17:09:35.115] BlueStacks2 System Bar is not available
D [2016-07-14 17:09:35.115] Searching BlueStacks2 Window: Title = 'BlueStacks ', Class = '[CLASS:BlueStacksApp; INSTANCE:1]', Text = '_ctl.Window'
D [2016-07-14 17:09:35.119] BlueStacks2 Window not found
D [2016-07-14 17:09:35.119] Android: BlueStacks2
D [2016-07-14 17:09:35.120] Android Config: 3
D [2016-07-14 17:09:35.120] Android Version: 2.0.2.5623
D [2016-07-14 17:09:35.120] Android Instance: 
D [2016-07-14 17:09:35.120] Android Window Title: BlueStacks 
D [2016-07-14 17:09:35.120] Android Program Path: C:\Program Files (x86)\BlueStacks\HD-Frontend.exe
D [2016-07-14 17:09:35.121] Android Program Parameter: Android
D [2016-07-14 17:09:35.121] Android ADB Path: C:\Program Files\Microvirt\MEmu\adb.exe
D [2016-07-14 17:09:35.121] Android ADB Device: emulator-5554
D [2016-07-14 17:09:35.121] Android ADB Shared Folder: /storage/sdcard/windows/BstSharedFolder/
D [2016-07-14 17:09:35.121] Android ADB Shared Folder on Host: C:\ProgramData\BlueStacks\UserData\SharedFolder\
D [2016-07-14 17:09:35.122] Android ADB Shared SubFolder: mybot.run\
D [2016-07-14 17:09:35.122] Android Mouse Device: BlueStacks Virtual Touch
D [2016-07-14 17:09:35.122] Android ADB screencap command enabled: False
D [2016-07-14 17:09:35.122] Android ADB input command enabled: False
D [2016-07-14 17:09:35.122] Android ADB Mouse Click enabled: False
D [2016-07-14 17:09:35.123] Android ADB Click Drag enabled: False
D [2016-07-14 17:09:35.123] Searching BlueStacks2 Window: Title = 'BlueStacks ', Class = '[CLASS:BlueStacksApp; INSTANCE:1]', Text = '_ctl.Window'
D [2016-07-14 17:09:35.125] BlueStacks2 Window not found
D [2016-07-14 17:09:35.126] InitAndroid(False): BlueStacks2 END, initialization successful = True
D [2016-07-14 17:09:35.126] UpdateAndroidConfig("") END
D [2016-07-14 17:09:35.126] UpdateAndroidConfig("")
D [2016-07-14 17:09:35.126] InitAndroid(False): BlueStacks
D [2016-07-14 17:09:35.127] BlueStacks Engine 'Plus'-Mode: False
D [2016-07-14 17:09:35.127] BlueStacks OEM Features: 2754561
D [2016-07-14 17:09:35.127] BlueStacks System Bar is not available
D [2016-07-14 17:09:35.127] Searching BlueStacks Window: Title = 'BlueStacks App Player', Class = '[CLASS:BlueStacksApp; INSTANCE:1]', Text = '_ctl.Window'
D [2016-07-14 17:09:35.130] BlueStacks Window not found
L [2016-07-14 17:09:35.130] BlueStacks supported version 0.8.x - 0.11.x not found
D [2016-07-14 17:09:35.131] InitAndroid(False): BlueStacks END, initialization successful = False
D [2016-07-14 17:09:35.131] UpdateAndroidConfig("") END
D [2016-07-14 17:09:35.131] UpdateAndroidConfig("MEmu")
D [2016-07-14 17:09:35.131] InitAndroid(False): MEmu
D [2016-07-14 17:09:36.076] Cannot read MEmu guestproperty phone_layout!
D [2016-07-14 17:09:36.076] Searching MEmu Window: Title = 'MEmu 2.', Class = '[CLASS:subWin; INSTANCE:1]', Text = ''
D [2016-07-14 17:09:36.079] MEmu Window not found
D [2016-07-14 17:09:36.079] Android: MEmu
D [2016-07-14 17:09:36.079] Android Config: 0
D [2016-07-14 17:09:36.079] Android Version: 2.5.0
D [2016-07-14 17:09:36.080] Android Instance: MEmu
D [2016-07-14 17:09:36.080] Android Window Title: MEmu 2.
D [2016-07-14 17:09:36.080] Android Program Path: C:\Program Files\Microvirt\MEmu\MEmu.exe
D [2016-07-14 17:09:36.080] Android Program Parameter: MEmu
D [2016-07-14 17:09:36.080] Android ADB Path: C:\Program Files\Microvirt\MEmu\adb.exe
D [2016-07-14 17:09:36.080] Android ADB Device: 127.0.0.1:21503
D [2016-07-14 17:09:36.081] Android ADB Shared Folder: /mnt/shell/emulated/0/Pictures/
D [2016-07-14 17:09:36.081] Android ADB Shared Folder on Host: C:\Users\Amin\Pictures\MEmu Photo\
D [2016-07-14 17:09:36.081] Android ADB Shared SubFolder: mybot.run\
D [2016-07-14 17:09:36.081] Android Mouse Device: Microvirt Virtual Input
D [2016-07-14 17:09:36.082] Android ADB screencap command enabled: True
D [2016-07-14 17:09:36.082] Android ADB input command enabled: False
D [2016-07-14 17:09:36.082] Android ADB Mouse Click enabled: False
D [2016-07-14 17:09:36.082] Android ADB Click Drag enabled: True
D [2016-07-14 17:09:36.082] Searching MEmu Window: Title = 'MEmu 2.', Class = '[CLASS:subWin; INSTANCE:1]', Text = ''
D [2016-07-14 17:09:36.087] MEmu Window not found
D [2016-07-14 17:09:36.087] InitAndroid(False): MEmu END, initialization successful = True
D [2016-07-14 17:09:36.087] UpdateAndroidConfig("MEmu") END
D [2016-07-14 17:09:36.448] Read Building Config C:\Users\Amin\Desktop\MyBot.Run\MOD AIO\MyBot-AIO-2.1.3+Latest Fix-With-LimitDonations-byCutidudz\Profiles\MyVillage\building.ini
D [2016-07-14 17:09:36.459] Read Config C:\Users\Amin\Desktop\MyBot.Run\MOD AIO\MyBot-AIO-2.1.3+Latest Fix-With-LimitDonations-byCutidudz\Profiles\MyVillage\config.ini
D [2016-07-14 17:09:36.517] Apply Config
D [2016-07-14 17:09:36.599] UpdateAndroidConfig("MEmu")
D [2016-07-14 17:09:36.599] InitAndroid(False): MEmu
D [2016-07-14 17:09:37.537] Cannot read MEmu guestproperty phone_layout!
D [2016-07-14 17:09:37.538] Searching MEmu Window: Title = 'MEmu 2.', Class = '[CLASS:subWin; INSTANCE:1]', Text = ''
D [2016-07-14 17:09:37.542] MEmu Window not found
D [2016-07-14 17:09:37.542] Android: MEmu
D [2016-07-14 17:09:37.543] Android Config: 0
D [2016-07-14 17:09:37.543] Android Version: 2.5.0
D [2016-07-14 17:09:37.543] Android Instance: MEmu
D [2016-07-14 17:09:37.543] Android Window Title: MEmu 2.
D [2016-07-14 17:09:37.543] Android Program Path: C:\Program Files\Microvirt\MEmu\MEmu.exe
D [2016-07-14 17:09:37.544] Android Program Parameter: MEmu
D [2016-07-14 17:09:37.544] Android ADB Path: C:\Program Files\Microvirt\MEmu\adb.exe
D [2016-07-14 17:09:37.544] Android ADB Device: 127.0.0.1:21503
D [2016-07-14 17:09:37.544] Android ADB Shared Folder: /mnt/shell/emulated/0/Pictures/
D [2016-07-14 17:09:37.545] Android ADB Shared Folder on Host: C:\Users\Amin\Pictures\MEmu Photo\
D [2016-07-14 17:09:37.545] Android ADB Shared SubFolder: mybot.run\
D [2016-07-14 17:09:37.545] Android Mouse Device: Microvirt Virtual Input
D [2016-07-14 17:09:37.545] Android ADB screencap command enabled: True
D [2016-07-14 17:09:37.546] Android ADB input command enabled: False
D [2016-07-14 17:09:37.546] Android ADB Mouse Click enabled: False
D [2016-07-14 17:09:37.546] Android ADB Click Drag enabled: True
D [2016-07-14 17:09:37.546] Searching MEmu Window: Title = 'MEmu 2.', Class = '[CLASS:subWin; INSTANCE:1]', Text = ''
D [2016-07-14 17:09:37.551] MEmu Window not found
D [2016-07-14 17:09:37.551] InitAndroid(False): MEmu END, initialization successful = True
D [2016-07-14 17:09:37.552] UpdateAndroidConfig("MEmu") END
D [2016-07-14 17:09:37.556] Redraw MyBot Window
L [2016-07-14 17:09:38.295] Found installed MEmu 2.5.0
L [2016-07-14 17:09:38.301] Android Emulator Configuration: MEmu (instance MEmu)
L [2016-07-14 17:09:40.878] WELCOME CHIEF, YOU HAVE THE LATEST VERSION OF THE BOT
L [2016-07-14 17:09:40.884]  
L [2016-07-14 17:09:40.888] Fully working with May update
L [2016-07-14 17:09:40.895] New GUI and lots of new features
L [2016-07-14 17:09:40.899] For more information, go to 
L [2016-07-14 17:09:40.903] https://mybot.run
L [2016-07-14 17:09:40.908] 
L [2016-07-14 17:09:40.913]  Always free and open source.
D [2016-07-14 17:09:41.978] MyBot.run launch time 14981 ms.
L [2016-07-14 17:12:03.329] Closing Merged My Bot v6.1.4 All In One v2.1.3 (MEmu) ...
D [2016-07-14 17:12:03.339] Save Config C:\Users\Amin\Desktop\MyBot.Run\MOD AIO\MyBot-AIO-2.1.3+Latest Fix-With-LimitDonations-byCutidudz\Profiles\MyVillage\config.ini
D [2016-07-14 17:12:03.794] Save Building Config C:\Users\Amin\Desktop\MyBot.Run\MOD AIO\MyBot-AIO-2.1.3+Latest Fix-With-LimitDonations-byCutidudz\Profiles\MyVillage\building.ini
