D [2016-07-19 03:38:16.667] @AutoItExe: C:\Program Files (x86)\AutoIt3\AutoIt3.exe
D [2016-07-19 03:38:16.668] @ScriptFullPath: C:\Users\Amin\Desktop\MyBot.Run\MOD AIO\MyBot-AIO-2.1.4\MyBot.run.au3
D [2016-07-19 03:38:16.668] @WorkingDir: C:\Users\Amin\Desktop\MyBot.Run\MOD AIO\MyBot-AIO-2.1.4
D [2016-07-19 03:38:16.668] @AutoItPID: 2264
D [2016-07-19 03:38:16.696] DetectRunningAndroid()
D [2016-07-19 03:38:16.696] UpdateAndroidConfig("MEmu")
D [2016-07-19 03:38:16.696] InitAndroid(False): MEmu
D [2016-07-19 03:38:17.704] Cannot read MEmu guestproperty phone_layout!
D [2016-07-19 03:38:17.704] Searching MEmu Window: Title = 'MEmu 2.', Class = '[CLASS:subWin; INSTANCE:1]', Text = ''
D [2016-07-19 03:38:17.710] MEmu Window not found
D [2016-07-19 03:38:17.710] Android: MEmu
D [2016-07-19 03:38:17.710] Android Config: 0
D [2016-07-19 03:38:17.710] Android Version: 2.5.0
D [2016-07-19 03:38:17.710] Android Instance: MEmu
D [2016-07-19 03:38:17.711] Android Window Title: MEmu 2.
D [2016-07-19 03:38:17.711] Android Program Path: C:\Program Files\Microvirt\MEmu\MEmu.exe
D [2016-07-19 03:38:17.711] Android Program Parameter: MEmu
D [2016-07-19 03:38:17.711] Android ADB Path: C:\Program Files\Microvirt\MEmu\adb.exe
D [2016-07-19 03:38:17.711] Android ADB Device: 127.0.0.1:21503
D [2016-07-19 03:38:17.712] Android ADB Shared Folder: /mnt/shell/emulated/0/Pictures/
D [2016-07-19 03:38:17.712] Android ADB Shared Folder on Host: C:\Users\Amin\Pictures\MEmu Photo\
D [2016-07-19 03:38:17.712] Android ADB Shared SubFolder: mybot.run\
D [2016-07-19 03:38:17.712] Android Mouse Device: Microvirt Virtual Input
D [2016-07-19 03:38:17.713] Android ADB screencap command enabled: True
D [2016-07-19 03:38:17.713] Android ADB input command enabled: False
D [2016-07-19 03:38:17.713] Android ADB Mouse Click enabled: False
D [2016-07-19 03:38:17.713] Android ADB Click Drag enabled: True
D [2016-07-19 03:38:17.713] Searching MEmu Window: Title = 'MEmu 2.', Class = '[CLASS:subWin; INSTANCE:1]', Text = ''
D [2016-07-19 03:38:17.718] MEmu Window not found
D [2016-07-19 03:38:17.718] InitAndroid(False): MEmu END, initialization successful = True
D [2016-07-19 03:38:17.718] UpdateAndroidConfig("MEmu") END
D [2016-07-19 03:38:17.718] GetAndroidRunningInstance: Try to find "C:\Program Files\Microvirt\MEmu\MEmu.exe"
D [2016-07-19 03:38:17.726] ObjGet("winmgmts:\\.\root\cimv2")
D [2016-07-19 03:38:17.726] WMI Query: Select * from Win32_Process where ExecutablePath like "%C:\\Program Files\\Microvirt\\MEmu\\MEmu.exe%"
D [2016-07-19 03:38:17.768] Process by CommandLine not found: C:\Program Files\Microvirt\MEmu\MEmu.exe
D [2016-07-19 03:38:17.768] UpdateAndroidConfig("droid4x")
D [2016-07-19 03:38:17.768] InitAndroid(False): Droid4X
L [2016-07-19 03:38:17.769] Serious error has occurred: Cannot find Droid4X:
L [2016-07-19 03:38:17.769] C:\Program Files (x86)\Droid4X\Droid4X.exe
D [2016-07-19 03:38:17.770] InitAndroid(False): Droid4X END, initialization successful = False
D [2016-07-19 03:38:17.770] UpdateAndroidConfig("droid4x") END
D [2016-07-19 03:38:17.770] UpdateAndroidConfig("nox")
D [2016-07-19 03:38:17.770] InitAndroid(False): Nox
D [2016-07-19 03:38:18.461] Android: Nox
D [2016-07-19 03:38:18.461] Android Config: 2
D [2016-07-19 03:38:18.462] Android Version: 3.1.0.0
D [2016-07-19 03:38:18.462] Android Instance: nox
D [2016-07-19 03:38:18.462] Android Window Title: No
D [2016-07-19 03:38:18.462] Android Program Path: C:\Users\Amin\AppData\Roaming\Nox\bin\Nox.exe
D [2016-07-19 03:38:18.462] Android Program Parameter: -resolution:860x732 -dpi:160 "-clone:nox"
D [2016-07-19 03:38:18.463] Android ADB Path: C:\Program Files\Microvirt\MEmu\adb.exe
D [2016-07-19 03:38:18.463] Android ADB Device: 127.0.0.1:62001
D [2016-07-19 03:38:18.463] Android ADB Shared Folder: /mnt/shared/Other/
D [2016-07-19 03:38:18.463] Android ADB Shared Folder on Host: C:\Users\Amin\Documents\Nox_share\Other\
D [2016-07-19 03:38:18.464] Android ADB Shared SubFolder: mybot.run\
D [2016-07-19 03:38:18.464] Android Mouse Device: nox Virtual Input
D [2016-07-19 03:38:18.464] Android ADB screencap command enabled: True
D [2016-07-19 03:38:18.464] Android ADB input command enabled: False
D [2016-07-19 03:38:18.464] Android ADB Mouse Click enabled: False
D [2016-07-19 03:38:18.464] Android ADB Click Drag enabled: True
D [2016-07-19 03:38:18.465] Searching Nox Window: Title = 'No', Class = '[CLASS:Qt5QWindowIcon;INSTANCE:4]', Text = ''
D [2016-07-19 03:38:18.468] Nox Window not found
D [2016-07-19 03:38:18.468] InitAndroid(False): Nox END, initialization successful = True
D [2016-07-19 03:38:18.469] UpdateAndroidConfig("nox") END
D [2016-07-19 03:38:18.469] GetAndroidRunningInstance: Try to find "C:\Users\Amin\AppData\Roaming\Nox\bin\Nox.exe"
D [2016-07-19 03:38:18.471] ObjGet("winmgmts:\\.\root\cimv2")
D [2016-07-19 03:38:18.472] WMI Query: Select * from Win32_Process where ExecutablePath like "%C:\\Users\\Amin\\AppData\\Roaming\\Nox\\bin\\Nox.exe%"
D [2016-07-19 03:38:18.514] No process found by CommandLine: C:\Users\Amin\AppData\Roaming\Nox\bin\Nox.exe
D [2016-07-19 03:38:18.515] UpdateAndroidConfig("")
D [2016-07-19 03:38:18.515] InitAndroid(False): BlueStacks2
D [2016-07-19 03:38:18.516] BlueStacks2 Engine 'Plus'-Mode: False
D [2016-07-19 03:38:18.516] BlueStacks2 OEM Features: 2754561
D [2016-07-19 03:38:18.516] BlueStacks2 System Bar is not available
D [2016-07-19 03:38:18.516] Searching BlueStacks2 Window: Title = 'BlueStacks ', Class = '[CLASS:BlueStacksApp; INSTANCE:1]', Text = '_ctl.Window'
D [2016-07-19 03:38:18.520] BlueStacks2 Window not found
D [2016-07-19 03:38:18.520] Android: BlueStacks2
D [2016-07-19 03:38:18.520] Android Config: 3
D [2016-07-19 03:38:18.520] Android Version: 2.0.2.5623
D [2016-07-19 03:38:18.521] Android Instance: 
D [2016-07-19 03:38:18.521] Android Window Title: BlueStacks 
D [2016-07-19 03:38:18.521] Android Program Path: C:\Program Files (x86)\BlueStacks\HD-Frontend.exe
D [2016-07-19 03:38:18.521] Android Program Parameter: Android
D [2016-07-19 03:38:18.521] Android ADB Path: C:\Program Files\Microvirt\MEmu\adb.exe
D [2016-07-19 03:38:18.521] Android ADB Device: emulator-5554
D [2016-07-19 03:38:18.522] Android ADB Shared Folder: /storage/sdcard/windows/BstSharedFolder/
D [2016-07-19 03:38:18.522] Android ADB Shared Folder on Host: C:\ProgramData\BlueStacks\UserData\SharedFolder\
D [2016-07-19 03:38:18.522] Android ADB Shared SubFolder: mybot.run\
D [2016-07-19 03:38:18.522] Android Mouse Device: BlueStacks Virtual Touch
D [2016-07-19 03:38:18.523] Android ADB screencap command enabled: False
D [2016-07-19 03:38:18.523] Android ADB input command enabled: False
D [2016-07-19 03:38:18.523] Android ADB Mouse Click enabled: False
D [2016-07-19 03:38:18.523] Android ADB Click Drag enabled: False
D [2016-07-19 03:38:18.523] Searching BlueStacks2 Window: Title = 'BlueStacks ', Class = '[CLASS:BlueStacksApp; INSTANCE:1]', Text = '_ctl.Window'
D [2016-07-19 03:38:18.528] BlueStacks2 Window not found
D [2016-07-19 03:38:18.528] InitAndroid(False): BlueStacks2 END, initialization successful = True
D [2016-07-19 03:38:18.530] UpdateAndroidConfig("") END
D [2016-07-19 03:38:18.530] Searching BlueStacks2 Window: Title = 'BlueStacks ', Class = '[CLASS:BlueStacksApp; INSTANCE:1]', Text = '_ctl.Window'
D [2016-07-19 03:38:18.534] BlueStacks2 Window not found
D [2016-07-19 03:38:18.535] UpdateAndroidConfig("")
D [2016-07-19 03:38:18.535] InitAndroid(False): BlueStacks
D [2016-07-19 03:38:18.536] BlueStacks Engine 'Plus'-Mode: False
D [2016-07-19 03:38:18.536] BlueStacks OEM Features: 2754561
D [2016-07-19 03:38:18.536] BlueStacks System Bar is not available
D [2016-07-19 03:38:18.536] Searching BlueStacks Window: Title = 'BlueStacks App Player', Class = '[CLASS:BlueStacksApp; INSTANCE:1]', Text = '_ctl.Window'
D [2016-07-19 03:38:18.540] BlueStacks Window not found
L [2016-07-19 03:38:18.540] BlueStacks supported version 0.8.x - 0.11.x not found
D [2016-07-19 03:38:18.540] InitAndroid(False): BlueStacks END, initialization successful = False
D [2016-07-19 03:38:18.541] UpdateAndroidConfig("") END
D [2016-07-19 03:38:18.541] UpdateAndroidConfig("MEmu")
D [2016-07-19 03:38:18.541] InitAndroid(False): MEmu
D [2016-07-19 03:38:19.478] Cannot read MEmu guestproperty phone_layout!
D [2016-07-19 03:38:19.478] Searching MEmu Window: Title = 'MEmu 2.', Class = '[CLASS:subWin; INSTANCE:1]', Text = ''
D [2016-07-19 03:38:19.483] MEmu Window not found
D [2016-07-19 03:38:19.483] Android: MEmu
D [2016-07-19 03:38:19.484] Android Config: 0
D [2016-07-19 03:38:19.484] Android Version: 2.5.0
D [2016-07-19 03:38:19.484] Android Instance: MEmu
D [2016-07-19 03:38:19.484] Android Window Title: MEmu 2.
D [2016-07-19 03:38:19.484] Android Program Path: C:\Program Files\Microvirt\MEmu\MEmu.exe
D [2016-07-19 03:38:19.485] Android Program Parameter: MEmu
D [2016-07-19 03:38:19.485] Android ADB Path: C:\Program Files\Microvirt\MEmu\adb.exe
D [2016-07-19 03:38:19.485] Android ADB Device: 127.0.0.1:21503
D [2016-07-19 03:38:19.485] Android ADB Shared Folder: /mnt/shell/emulated/0/Pictures/
D [2016-07-19 03:38:19.485] Android ADB Shared Folder on Host: C:\Users\Amin\Pictures\MEmu Photo\
D [2016-07-19 03:38:19.486] Android ADB Shared SubFolder: mybot.run\
D [2016-07-19 03:38:19.486] Android Mouse Device: Microvirt Virtual Input
D [2016-07-19 03:38:19.486] Android ADB screencap command enabled: True
D [2016-07-19 03:38:19.486] Android ADB input command enabled: False
D [2016-07-19 03:38:19.486] Android ADB Mouse Click enabled: False
D [2016-07-19 03:38:19.487] Android ADB Click Drag enabled: True
D [2016-07-19 03:38:19.487] Searching MEmu Window: Title = 'MEmu 2.', Class = '[CLASS:subWin; INSTANCE:1]', Text = ''
D [2016-07-19 03:38:19.492] MEmu Window not found
D [2016-07-19 03:38:19.492] InitAndroid(False): MEmu END, initialization successful = True
D [2016-07-19 03:38:19.492] UpdateAndroidConfig("MEmu") END
D [2016-07-19 03:38:19.492] Found no running Android Emulator
D [2016-07-19 03:38:19.492] DetectInstalledAndroid()
D [2016-07-19 03:38:19.493] UpdateAndroidConfig("MEmu")
D [2016-07-19 03:38:19.493] InitAndroid(False): MEmu
D [2016-07-19 03:38:20.430] Cannot read MEmu guestproperty phone_layout!
D [2016-07-19 03:38:20.430] Searching MEmu Window: Title = 'MEmu 2.', Class = '[CLASS:subWin; INSTANCE:1]', Text = ''
D [2016-07-19 03:38:20.434] MEmu Window not found
D [2016-07-19 03:38:20.434] Android: MEmu
D [2016-07-19 03:38:20.434] Android Config: 0
D [2016-07-19 03:38:20.434] Android Version: 2.5.0
D [2016-07-19 03:38:20.434] Android Instance: MEmu
D [2016-07-19 03:38:20.435] Android Window Title: MEmu 2.
D [2016-07-19 03:38:20.435] Android Program Path: C:\Program Files\Microvirt\MEmu\MEmu.exe
D [2016-07-19 03:38:20.435] Android Program Parameter: MEmu
D [2016-07-19 03:38:20.435] Android ADB Path: C:\Program Files\Microvirt\MEmu\adb.exe
D [2016-07-19 03:38:20.435] Android ADB Device: 127.0.0.1:21503
D [2016-07-19 03:38:20.436] Android ADB Shared Folder: /mnt/shell/emulated/0/Pictures/
D [2016-07-19 03:38:20.436] Android ADB Shared Folder on Host: C:\Users\Amin\Pictures\MEmu Photo\
D [2016-07-19 03:38:20.436] Android ADB Shared SubFolder: mybot.run\
D [2016-07-19 03:38:20.436] Android Mouse Device: Microvirt Virtual Input
D [2016-07-19 03:38:20.436] Android ADB screencap command enabled: True
D [2016-07-19 03:38:20.437] Android ADB input command enabled: False
D [2016-07-19 03:38:20.437] Android ADB Mouse Click enabled: False
D [2016-07-19 03:38:20.437] Android ADB Click Drag enabled: True
D [2016-07-19 03:38:20.437] Searching MEmu Window: Title = 'MEmu 2.', Class = '[CLASS:subWin; INSTANCE:1]', Text = ''
D [2016-07-19 03:38:20.440] MEmu Window not found
D [2016-07-19 03:38:20.441] InitAndroid(False): MEmu END, initialization successful = True
D [2016-07-19 03:38:20.441] UpdateAndroidConfig("MEmu") END
D [2016-07-19 03:38:20.441] Found installed MEmu 2.5.0
D [2016-07-19 03:38:20.442] My Bot is the only running instance
D [2016-07-19 03:38:24.458] UpdateAndroidConfig("MEmu")
D [2016-07-19 03:38:24.459] InitAndroid(False): MEmu
D [2016-07-19 03:38:25.406] Cannot read MEmu guestproperty phone_layout!
D [2016-07-19 03:38:25.406] Searching MEmu Window: Title = 'MEmu 2.', Class = '[CLASS:subWin; INSTANCE:1]', Text = ''
D [2016-07-19 03:38:25.411] MEmu Window not found
D [2016-07-19 03:38:25.411] Android: MEmu
D [2016-07-19 03:38:25.411] Android Config: 0
D [2016-07-19 03:38:25.412] Android Version: 2.5.0
D [2016-07-19 03:38:25.412] Android Instance: MEmu
D [2016-07-19 03:38:25.412] Android Window Title: MEmu 2.
D [2016-07-19 03:38:25.412] Android Program Path: C:\Program Files\Microvirt\MEmu\MEmu.exe
D [2016-07-19 03:38:25.412] Android Program Parameter: MEmu
D [2016-07-19 03:38:25.413] Android ADB Path: C:\Program Files\Microvirt\MEmu\adb.exe
D [2016-07-19 03:38:25.413] Android ADB Device: 127.0.0.1:21503
D [2016-07-19 03:38:25.413] Android ADB Shared Folder: /mnt/shell/emulated/0/Pictures/
D [2016-07-19 03:38:25.413] Android ADB Shared Folder on Host: C:\Users\Amin\Pictures\MEmu Photo\
D [2016-07-19 03:38:25.413] Android ADB Shared SubFolder: mybot.run\
D [2016-07-19 03:38:25.414] Android Mouse Device: Microvirt Virtual Input
D [2016-07-19 03:38:25.414] Android ADB screencap command enabled: True
D [2016-07-19 03:38:25.414] Android ADB input command enabled: False
D [2016-07-19 03:38:25.414] Android ADB Mouse Click enabled: False
D [2016-07-19 03:38:25.414] Android ADB Click Drag enabled: True
D [2016-07-19 03:38:25.414] Searching MEmu Window: Title = 'MEmu 2.', Class = '[CLASS:subWin; INSTANCE:1]', Text = ''
D [2016-07-19 03:38:25.420] MEmu Window not found
D [2016-07-19 03:38:25.420] InitAndroid(False): MEmu END, initialization successful = True
D [2016-07-19 03:38:25.420] UpdateAndroidConfig("MEmu") END
D [2016-07-19 03:38:25.422] UpdateAndroidConfig("droid4x")
D [2016-07-19 03:38:25.422] InitAndroid(False): Droid4X
L [2016-07-19 03:38:25.422] Serious error has occurred: Cannot find Droid4X:
L [2016-07-19 03:38:25.423] C:\Program Files (x86)\Droid4X\Droid4X.exe
D [2016-07-19 03:38:25.423] InitAndroid(False): Droid4X END, initialization successful = False
D [2016-07-19 03:38:25.423] UpdateAndroidConfig("droid4x") END
D [2016-07-19 03:38:25.423] UpdateAndroidConfig("nox")
D [2016-07-19 03:38:25.424] InitAndroid(False): Nox
D [2016-07-19 03:38:26.114] Android: Nox
D [2016-07-19 03:38:26.114] Android Config: 2
D [2016-07-19 03:38:26.114] Android Version: 3.1.0.0
D [2016-07-19 03:38:26.114] Android Instance: nox
D [2016-07-19 03:38:26.114] Android Window Title: No
D [2016-07-19 03:38:26.115] Android Program Path: C:\Users\Amin\AppData\Roaming\Nox\bin\Nox.exe
D [2016-07-19 03:38:26.115] Android Program Parameter: -resolution:860x732 -dpi:160 "-clone:nox"
D [2016-07-19 03:38:26.115] Android ADB Path: C:\Program Files\Microvirt\MEmu\adb.exe
D [2016-07-19 03:38:26.115] Android ADB Device: 127.0.0.1:62001
D [2016-07-19 03:38:26.115] Android ADB Shared Folder: /mnt/shared/Other/
D [2016-07-19 03:38:26.116] Android ADB Shared Folder on Host: C:\Users\Amin\Documents\Nox_share\Other\
D [2016-07-19 03:38:26.116] Android ADB Shared SubFolder: mybot.run\
D [2016-07-19 03:38:26.116] Android Mouse Device: nox Virtual Input
D [2016-07-19 03:38:26.116] Android ADB screencap command enabled: True
D [2016-07-19 03:38:26.116] Android ADB input command enabled: False
D [2016-07-19 03:38:26.117] Android ADB Mouse Click enabled: False
D [2016-07-19 03:38:26.117] Android ADB Click Drag enabled: True
D [2016-07-19 03:38:26.117] Searching Nox Window: Title = 'No', Class = '[CLASS:Qt5QWindowIcon;INSTANCE:4]', Text = ''
D [2016-07-19 03:38:26.123] Nox Window not found
D [2016-07-19 03:38:26.123] InitAndroid(False): Nox END, initialization successful = True
D [2016-07-19 03:38:26.123] UpdateAndroidConfig("nox") END
D [2016-07-19 03:38:26.123] UpdateAndroidConfig("")
D [2016-07-19 03:38:26.124] InitAndroid(False): BlueStacks2
D [2016-07-19 03:38:26.125] BlueStacks2 Engine 'Plus'-Mode: False
D [2016-07-19 03:38:26.125] BlueStacks2 OEM Features: 2754561
D [2016-07-19 03:38:26.125] BlueStacks2 System Bar is not available
D [2016-07-19 03:38:26.125] Searching BlueStacks2 Window: Title = 'BlueStacks ', Class = '[CLASS:BlueStacksApp; INSTANCE:1]', Text = '_ctl.Window'
D [2016-07-19 03:38:26.130] BlueStacks2 Window not found
D [2016-07-19 03:38:26.130] Android: BlueStacks2
D [2016-07-19 03:38:26.131] Android Config: 3
D [2016-07-19 03:38:26.131] Android Version: 2.0.2.5623
D [2016-07-19 03:38:26.131] Android Instance: 
D [2016-07-19 03:38:26.131] Android Window Title: BlueStacks 
D [2016-07-19 03:38:26.131] Android Program Path: C:\Program Files (x86)\BlueStacks\HD-Frontend.exe
D [2016-07-19 03:38:26.131] Android Program Parameter: Android
D [2016-07-19 03:38:26.132] Android ADB Path: C:\Program Files\Microvirt\MEmu\adb.exe
D [2016-07-19 03:38:26.132] Android ADB Device: emulator-5554
D [2016-07-19 03:38:26.132] Android ADB Shared Folder: /storage/sdcard/windows/BstSharedFolder/
D [2016-07-19 03:38:26.132] Android ADB Shared Folder on Host: C:\ProgramData\BlueStacks\UserData\SharedFolder\
D [2016-07-19 03:38:26.132] Android ADB Shared SubFolder: mybot.run\
D [2016-07-19 03:38:26.133] Android Mouse Device: BlueStacks Virtual Touch
D [2016-07-19 03:38:26.133] Android ADB screencap command enabled: False
D [2016-07-19 03:38:26.133] Android ADB input command enabled: False
D [2016-07-19 03:38:26.133] Android ADB Mouse Click enabled: False
D [2016-07-19 03:38:26.133] Android ADB Click Drag enabled: False
D [2016-07-19 03:38:26.133] Searching BlueStacks2 Window: Title = 'BlueStacks ', Class = '[CLASS:BlueStacksApp; INSTANCE:1]', Text = '_ctl.Window'
D [2016-07-19 03:38:26.138] BlueStacks2 Window not found
D [2016-07-19 03:38:26.139] InitAndroid(False): BlueStacks2 END, initialization successful = True
D [2016-07-19 03:38:26.139] UpdateAndroidConfig("") END
D [2016-07-19 03:38:26.139] UpdateAndroidConfig("")
D [2016-07-19 03:38:26.139] InitAndroid(False): BlueStacks
D [2016-07-19 03:38:26.140] BlueStacks Engine 'Plus'-Mode: False
D [2016-07-19 03:38:26.140] BlueStacks OEM Features: 2754561
D [2016-07-19 03:38:26.140] BlueStacks System Bar is not available
D [2016-07-19 03:38:26.140] Searching BlueStacks Window: Title = 'BlueStacks App Player', Class = '[CLASS:BlueStacksApp; INSTANCE:1]', Text = '_ctl.Window'
D [2016-07-19 03:38:26.147] BlueStacks Window not found
L [2016-07-19 03:38:26.147] BlueStacks supported version 0.8.x - 0.11.x not found
D [2016-07-19 03:38:26.147] InitAndroid(False): BlueStacks END, initialization successful = False
D [2016-07-19 03:38:26.148] UpdateAndroidConfig("") END
D [2016-07-19 03:38:26.148] UpdateAndroidConfig("MEmu")
D [2016-07-19 03:38:26.148] InitAndroid(False): MEmu
D [2016-07-19 03:38:27.087] Cannot read MEmu guestproperty phone_layout!
D [2016-07-19 03:38:27.087] Searching MEmu Window: Title = 'MEmu 2.', Class = '[CLASS:subWin; INSTANCE:1]', Text = ''
D [2016-07-19 03:38:27.093] MEmu Window not found
D [2016-07-19 03:38:27.093] Android: MEmu
D [2016-07-19 03:38:27.093] Android Config: 0
D [2016-07-19 03:38:27.093] Android Version: 2.5.0
D [2016-07-19 03:38:27.093] Android Instance: MEmu
D [2016-07-19 03:38:27.093] Android Window Title: MEmu 2.
D [2016-07-19 03:38:27.094] Android Program Path: C:\Program Files\Microvirt\MEmu\MEmu.exe
D [2016-07-19 03:38:27.094] Android Program Parameter: MEmu
D [2016-07-19 03:38:27.094] Android ADB Path: C:\Program Files\Microvirt\MEmu\adb.exe
D [2016-07-19 03:38:27.094] Android ADB Device: 127.0.0.1:21503
D [2016-07-19 03:38:27.094] Android ADB Shared Folder: /mnt/shell/emulated/0/Pictures/
D [2016-07-19 03:38:27.095] Android ADB Shared Folder on Host: C:\Users\Amin\Pictures\MEmu Photo\
D [2016-07-19 03:38:27.095] Android ADB Shared SubFolder: mybot.run\
D [2016-07-19 03:38:27.095] Android Mouse Device: Microvirt Virtual Input
D [2016-07-19 03:38:27.095] Android ADB screencap command enabled: True
D [2016-07-19 03:38:27.095] Android ADB input command enabled: False
D [2016-07-19 03:38:27.096] Android ADB Mouse Click enabled: False
D [2016-07-19 03:38:27.096] Android ADB Click Drag enabled: True
D [2016-07-19 03:38:27.096] Searching MEmu Window: Title = 'MEmu 2.', Class = '[CLASS:subWin; INSTANCE:1]', Text = ''
D [2016-07-19 03:38:27.101] MEmu Window not found
D [2016-07-19 03:38:27.101] InitAndroid(False): MEmu END, initialization successful = True
D [2016-07-19 03:38:27.101] UpdateAndroidConfig("MEmu") END
D [2016-07-19 03:38:27.753] Read Building Config C:\Users\Amin\Desktop\MyBot.Run\MOD AIO\MyBot-AIO-2.1.4\Profiles\MyVillage\building.ini
D [2016-07-19 03:38:27.764] Read Config C:\Users\Amin\Desktop\MyBot.Run\MOD AIO\MyBot-AIO-2.1.4\Profiles\MyVillage\config.ini
D [2016-07-19 03:38:27.819] Apply Config
D [2016-07-19 03:38:27.953] UpdateAndroidConfig("MEmu_1")
D [2016-07-19 03:38:27.953] InitAndroid(False): MEmu
D [2016-07-19 03:38:28.892] Cannot read MEmu guestproperty phone_layout!
D [2016-07-19 03:38:28.892] Searching MEmu Window: Title = 'MEmu 2.', Class = '[CLASS:subWin; INSTANCE:1]', Text = ''
D [2016-07-19 03:38:28.898] MEmu Window not found
D [2016-07-19 03:38:28.898] Android: MEmu
D [2016-07-19 03:38:28.898] Android Config: 0
D [2016-07-19 03:38:28.900] Android Version: 2.5.0
D [2016-07-19 03:38:28.900] Android Instance: MEmu_1
D [2016-07-19 03:38:28.900] Android Window Title: MEmu 2.
D [2016-07-19 03:38:28.900] Android Program Path: C:\Program Files\Microvirt\MEmu\MEmu.exe
D [2016-07-19 03:38:28.900] Android Program Parameter: MEmu_1
D [2016-07-19 03:38:28.901] Android ADB Path: C:\Program Files\Microvirt\MEmu\adb.exe
D [2016-07-19 03:38:28.901] Android ADB Device: 127.0.0.1:21513
D [2016-07-19 03:38:28.901] Android ADB Shared Folder: /mnt/shell/emulated/0/Pictures/
D [2016-07-19 03:38:28.901] Android ADB Shared Folder on Host: C:\Users\Amin\Pictures\MEmu Photo\
D [2016-07-19 03:38:28.902] Android ADB Shared SubFolder: mybot.run\
D [2016-07-19 03:38:28.902] Android Mouse Device: Microvirt Virtual Input
D [2016-07-19 03:38:28.902] Android ADB screencap command enabled: True
D [2016-07-19 03:38:28.902] Android ADB input command enabled: False
D [2016-07-19 03:38:28.902] Android ADB Mouse Click enabled: False
D [2016-07-19 03:38:28.903] Android ADB Click Drag enabled: True
D [2016-07-19 03:38:28.903] Searching MEmu Window: Title = 'MEmu 2.', Class = '[CLASS:subWin; INSTANCE:1]', Text = ''
D [2016-07-19 03:38:28.909] MEmu Window not found
D [2016-07-19 03:38:28.909] InitAndroid(False): MEmu END, initialization successful = True
D [2016-07-19 03:38:28.909] UpdateAndroidConfig("MEmu_1") END
D [2016-07-19 03:38:28.940] Redraw MyBot Window
L [2016-07-19 03:38:29.601] Found installed MEmu 2.5.0
L [2016-07-19 03:38:29.604] Android Emulator Configuration: MEmu (instance MEmu_1)
L [2016-07-19 03:38:32.339] WELCOME CHIEF, YOU HAVE THE LATEST VERSION OF THE BOT
L [2016-07-19 03:38:32.343]  
L [2016-07-19 03:38:32.346] Fully working with May update
L [2016-07-19 03:38:32.348] New GUI and lots of new features
L [2016-07-19 03:38:32.351] For more information, go to 
L [2016-07-19 03:38:32.353] https://mybot.run
L [2016-07-19 03:38:32.356] 
L [2016-07-19 03:38:32.360]  Always free and open source.
D [2016-07-19 03:38:33.666] MyBot.run launch time 17008 ms.
L [2016-07-19 03:39:47.069] Closing Merged My Bot v6.1.4 All In One v2.1.4 (MEmu_1) ...
D [2016-07-19 03:39:47.080] Save Config C:\Users\Amin\Desktop\MyBot.Run\MOD AIO\MyBot-AIO-2.1.4\Profiles\MyVillage\config.ini
D [2016-07-19 03:39:47.549] Save Building Config C:\Users\Amin\Desktop\MyBot.Run\MOD AIO\MyBot-AIO-2.1.4\Profiles\MyVillage\building.ini
