D [2016-07-19 03:37:33.207] @AutoItExe: C:\Program Files (x86)\AutoIt3\AutoIt3.exe
D [2016-07-19 03:37:33.207] @ScriptFullPath: C:\Users\Amin\Desktop\MyBot.Run\MOD AIO\MyBot-AIO-2.1.4\MyBot.run.au3
D [2016-07-19 03:37:33.207] @WorkingDir: C:\Users\Amin\Desktop\MyBot.Run\MOD AIO\MyBot-AIO-2.1.4
D [2016-07-19 03:37:33.207] @AutoItPID: 8884
D [2016-07-19 03:37:33.235] DetectRunningAndroid()
D [2016-07-19 03:37:33.235] UpdateAndroidConfig("MEmu")
D [2016-07-19 03:37:33.235] InitAndroid(False): MEmu
D [2016-07-19 03:37:34.229] Cannot read MEmu guestproperty phone_layout!
D [2016-07-19 03:37:34.230] Searching MEmu Window: Title = 'MEmu 2.', Class = '[CLASS:subWin; INSTANCE:1]', Text = ''
D [2016-07-19 03:37:34.234] MEmu Window not found
D [2016-07-19 03:37:34.234] Android: MEmu
D [2016-07-19 03:37:34.236] Android Config: 0
D [2016-07-19 03:37:34.236] Android Version: 2.5.0
D [2016-07-19 03:37:34.236] Android Instance: MEmu
D [2016-07-19 03:37:34.236] Android Window Title: MEmu 2.
D [2016-07-19 03:37:34.236] Android Program Path: C:\Program Files\Microvirt\MEmu\MEmu.exe
D [2016-07-19 03:37:34.236] Android Program Parameter: MEmu
D [2016-07-19 03:37:34.237] Android ADB Path: C:\Program Files\Microvirt\MEmu\adb.exe
D [2016-07-19 03:37:34.237] Android ADB Device: 127.0.0.1:21503
D [2016-07-19 03:37:34.237] Android ADB Shared Folder: /mnt/shell/emulated/0/Pictures/
D [2016-07-19 03:37:34.237] Android ADB Shared Folder on Host: C:\Users\Amin\Pictures\MEmu Photo\
D [2016-07-19 03:37:34.237] Android ADB Shared SubFolder: mybot.run\
D [2016-07-19 03:37:34.238] Android Mouse Device: Microvirt Virtual Input
D [2016-07-19 03:37:34.238] Android ADB screencap command enabled: True
D [2016-07-19 03:37:34.238] Android ADB input command enabled: False
D [2016-07-19 03:37:34.238] Android ADB Mouse Click enabled: False
D [2016-07-19 03:37:34.238] Android ADB Click Drag enabled: True
D [2016-07-19 03:37:34.239] Searching MEmu Window: Title = 'MEmu 2.', Class = '[CLASS:subWin; INSTANCE:1]', Text = ''
D [2016-07-19 03:37:34.242] MEmu Window not found
D [2016-07-19 03:37:34.242] InitAndroid(False): MEmu END, initialization successful = True
D [2016-07-19 03:37:34.242] UpdateAndroidConfig("MEmu") END
D [2016-07-19 03:37:34.242] GetAndroidRunningInstance: Try to find "C:\Program Files\Microvirt\MEmu\MEmu.exe"
D [2016-07-19 03:37:34.249] ObjGet("winmgmts:\\.\root\cimv2")
D [2016-07-19 03:37:34.250] WMI Query: Select * from Win32_Process where ExecutablePath like "%C:\\Program Files\\Microvirt\\MEmu\\MEmu.exe%"
D [2016-07-19 03:37:34.295] Process by CommandLine not found: C:\Program Files\Microvirt\MEmu\MEmu.exe
D [2016-07-19 03:37:34.295] UpdateAndroidConfig("droid4x")
D [2016-07-19 03:37:34.296] InitAndroid(False): Droid4X
L [2016-07-19 03:37:34.296] Serious error has occurred: Cannot find Droid4X:
L [2016-07-19 03:37:34.297] C:\Program Files (x86)\Droid4X\Droid4X.exe
D [2016-07-19 03:37:34.297] InitAndroid(False): Droid4X END, initialization successful = False
D [2016-07-19 03:37:34.297] UpdateAndroidConfig("droid4x") END
D [2016-07-19 03:37:34.297] UpdateAndroidConfig("nox")
D [2016-07-19 03:37:34.298] InitAndroid(False): Nox
D [2016-07-19 03:37:34.980] Android: Nox
D [2016-07-19 03:37:34.980] Android Config: 2
D [2016-07-19 03:37:34.980] Android Version: 3.1.0.0
D [2016-07-19 03:37:34.980] Android Instance: nox
D [2016-07-19 03:37:34.980] Android Window Title: No
D [2016-07-19 03:37:34.981] Android Program Path: C:\Users\Amin\AppData\Roaming\Nox\bin\Nox.exe
D [2016-07-19 03:37:34.981] Android Program Parameter: -resolution:860x732 -dpi:160 "-clone:nox"
D [2016-07-19 03:37:34.981] Android ADB Path: C:\Program Files\Microvirt\MEmu\adb.exe
D [2016-07-19 03:37:34.981] Android ADB Device: 127.0.0.1:62001
D [2016-07-19 03:37:34.981] Android ADB Shared Folder: /mnt/shared/Other/
D [2016-07-19 03:37:34.983] Android ADB Shared Folder on Host: C:\Users\Amin\Documents\Nox_share\Other\
D [2016-07-19 03:37:34.983] Android ADB Shared SubFolder: mybot.run\
D [2016-07-19 03:37:34.983] Android Mouse Device: nox Virtual Input
D [2016-07-19 03:37:34.983] Android ADB screencap command enabled: True
D [2016-07-19 03:37:34.983] Android ADB input command enabled: False
D [2016-07-19 03:37:34.984] Android ADB Mouse Click enabled: False
D [2016-07-19 03:37:34.984] Android ADB Click Drag enabled: True
D [2016-07-19 03:37:34.984] Searching Nox Window: Title = 'No', Class = '[CLASS:Qt5QWindowIcon;INSTANCE:4]', Text = ''
D [2016-07-19 03:37:34.987] Nox Window not found
D [2016-07-19 03:37:34.988] InitAndroid(False): Nox END, initialization successful = True
D [2016-07-19 03:37:34.988] UpdateAndroidConfig("nox") END
D [2016-07-19 03:37:34.988] GetAndroidRunningInstance: Try to find "C:\Users\Amin\AppData\Roaming\Nox\bin\Nox.exe"
D [2016-07-19 03:37:34.990] ObjGet("winmgmts:\\.\root\cimv2")
D [2016-07-19 03:37:34.990] WMI Query: Select * from Win32_Process where ExecutablePath like "%C:\\Users\\Amin\\AppData\\Roaming\\Nox\\bin\\Nox.exe%"
D [2016-07-19 03:37:35.032] No process found by CommandLine: C:\Users\Amin\AppData\Roaming\Nox\bin\Nox.exe
D [2016-07-19 03:37:35.033] UpdateAndroidConfig("")
D [2016-07-19 03:37:35.033] InitAndroid(False): BlueStacks2
D [2016-07-19 03:37:35.033] BlueStacks2 Engine 'Plus'-Mode: False
D [2016-07-19 03:37:35.034] BlueStacks2 OEM Features: 2754561
D [2016-07-19 03:37:35.034] BlueStacks2 System Bar is not available
D [2016-07-19 03:37:35.034] Searching BlueStacks2 Window: Title = 'BlueStacks ', Class = '[CLASS:BlueStacksApp; INSTANCE:1]', Text = '_ctl.Window'
D [2016-07-19 03:37:35.038] BlueStacks2 Window not found
D [2016-07-19 03:37:35.039] Android: BlueStacks2
D [2016-07-19 03:37:35.039] Android Config: 3
D [2016-07-19 03:37:35.039] Android Version: 2.0.2.5623
D [2016-07-19 03:37:35.039] Android Instance: 
D [2016-07-19 03:37:35.039] Android Window Title: BlueStacks 
D [2016-07-19 03:37:35.040] Android Program Path: C:\Program Files (x86)\BlueStacks\HD-Frontend.exe
D [2016-07-19 03:37:35.040] Android Program Parameter: Android
D [2016-07-19 03:37:35.040] Android ADB Path: C:\Program Files\Microvirt\MEmu\adb.exe
D [2016-07-19 03:37:35.040] Android ADB Device: emulator-5554
D [2016-07-19 03:37:35.040] Android ADB Shared Folder: /storage/sdcard/windows/BstSharedFolder/
D [2016-07-19 03:37:35.041] Android ADB Shared Folder on Host: C:\ProgramData\BlueStacks\UserData\SharedFolder\
D [2016-07-19 03:37:35.041] Android ADB Shared SubFolder: mybot.run\
D [2016-07-19 03:37:35.041] Android Mouse Device: BlueStacks Virtual Touch
D [2016-07-19 03:37:35.041] Android ADB screencap command enabled: False
D [2016-07-19 03:37:35.041] Android ADB input command enabled: False
D [2016-07-19 03:37:35.041] Android ADB Mouse Click enabled: False
D [2016-07-19 03:37:35.042] Android ADB Click Drag enabled: False
D [2016-07-19 03:37:35.042] Searching BlueStacks2 Window: Title = 'BlueStacks ', Class = '[CLASS:BlueStacksApp; INSTANCE:1]', Text = '_ctl.Window'
D [2016-07-19 03:37:35.045] BlueStacks2 Window not found
D [2016-07-19 03:37:35.046] InitAndroid(False): BlueStacks2 END, initialization successful = True
D [2016-07-19 03:37:35.046] UpdateAndroidConfig("") END
D [2016-07-19 03:37:35.046] Searching BlueStacks2 Window: Title = 'BlueStacks ', Class = '[CLASS:BlueStacksApp; INSTANCE:1]', Text = '_ctl.Window'
D [2016-07-19 03:37:35.051] BlueStacks2 Window not found
D [2016-07-19 03:37:35.052] UpdateAndroidConfig("")
D [2016-07-19 03:37:35.052] InitAndroid(False): BlueStacks
D [2016-07-19 03:37:35.053] BlueStacks Engine 'Plus'-Mode: False
D [2016-07-19 03:37:35.053] BlueStacks OEM Features: 2754561
D [2016-07-19 03:37:35.053] BlueStacks System Bar is not available
D [2016-07-19 03:37:35.053] Searching BlueStacks Window: Title = 'BlueStacks App Player', Class = '[CLASS:BlueStacksApp; INSTANCE:1]', Text = '_ctl.Window'
D [2016-07-19 03:37:35.057] BlueStacks Window not found
L [2016-07-19 03:37:35.057] BlueStacks supported version 0.8.x - 0.11.x not found
D [2016-07-19 03:37:35.057] InitAndroid(False): BlueStacks END, initialization successful = False
D [2016-07-19 03:37:35.057] UpdateAndroidConfig("") END
D [2016-07-19 03:37:35.058] UpdateAndroidConfig("MEmu")
D [2016-07-19 03:37:35.058] InitAndroid(False): MEmu
D [2016-07-19 03:37:35.983] Cannot read MEmu guestproperty phone_layout!
D [2016-07-19 03:37:35.984] Searching MEmu Window: Title = 'MEmu 2.', Class = '[CLASS:subWin; INSTANCE:1]', Text = ''
D [2016-07-19 03:37:35.988] MEmu Window not found
D [2016-07-19 03:37:35.988] Android: MEmu
D [2016-07-19 03:37:35.988] Android Config: 0
D [2016-07-19 03:37:35.988] Android Version: 2.5.0
D [2016-07-19 03:37:35.989] Android Instance: MEmu
D [2016-07-19 03:37:35.989] Android Window Title: MEmu 2.
D [2016-07-19 03:37:35.989] Android Program Path: C:\Program Files\Microvirt\MEmu\MEmu.exe
D [2016-07-19 03:37:35.989] Android Program Parameter: MEmu
D [2016-07-19 03:37:35.989] Android ADB Path: C:\Program Files\Microvirt\MEmu\adb.exe
D [2016-07-19 03:37:35.990] Android ADB Device: 127.0.0.1:21503
D [2016-07-19 03:37:35.990] Android ADB Shared Folder: /mnt/shell/emulated/0/Pictures/
D [2016-07-19 03:37:35.990] Android ADB Shared Folder on Host: C:\Users\Amin\Pictures\MEmu Photo\
D [2016-07-19 03:37:35.990] Android ADB Shared SubFolder: mybot.run\
D [2016-07-19 03:37:35.990] Android Mouse Device: Microvirt Virtual Input
D [2016-07-19 03:37:35.991] Android ADB screencap command enabled: True
D [2016-07-19 03:37:35.991] Android ADB input command enabled: False
D [2016-07-19 03:37:35.991] Android ADB Mouse Click enabled: False
D [2016-07-19 03:37:35.991] Android ADB Click Drag enabled: True
D [2016-07-19 03:37:35.991] Searching MEmu Window: Title = 'MEmu 2.', Class = '[CLASS:subWin; INSTANCE:1]', Text = ''
D [2016-07-19 03:37:35.996] MEmu Window not found
D [2016-07-19 03:37:35.996] InitAndroid(False): MEmu END, initialization successful = True
D [2016-07-19 03:37:35.996] UpdateAndroidConfig("MEmu") END
D [2016-07-19 03:37:35.996] Found no running Android Emulator
D [2016-07-19 03:37:35.996] DetectInstalledAndroid()
D [2016-07-19 03:37:35.997] UpdateAndroidConfig("MEmu")
D [2016-07-19 03:37:35.997] InitAndroid(False): MEmu
D [2016-07-19 03:37:36.907] Cannot read MEmu guestproperty phone_layout!
D [2016-07-19 03:37:36.908] Searching MEmu Window: Title = 'MEmu 2.', Class = '[CLASS:subWin; INSTANCE:1]', Text = ''
D [2016-07-19 03:37:36.911] MEmu Window not found
D [2016-07-19 03:37:36.911] Android: MEmu
D [2016-07-19 03:37:36.912] Android Config: 0
D [2016-07-19 03:37:36.912] Android Version: 2.5.0
D [2016-07-19 03:37:36.912] Android Instance: MEmu
D [2016-07-19 03:37:36.912] Android Window Title: MEmu 2.
D [2016-07-19 03:37:36.912] Android Program Path: C:\Program Files\Microvirt\MEmu\MEmu.exe
D [2016-07-19 03:37:36.913] Android Program Parameter: MEmu
D [2016-07-19 03:37:36.913] Android ADB Path: C:\Program Files\Microvirt\MEmu\adb.exe
D [2016-07-19 03:37:36.913] Android ADB Device: 127.0.0.1:21503
D [2016-07-19 03:37:36.913] Android ADB Shared Folder: /mnt/shell/emulated/0/Pictures/
D [2016-07-19 03:37:36.914] Android ADB Shared Folder on Host: C:\Users\Amin\Pictures\MEmu Photo\
D [2016-07-19 03:37:36.914] Android ADB Shared SubFolder: mybot.run\
D [2016-07-19 03:37:36.914] Android Mouse Device: Microvirt Virtual Input
D [2016-07-19 03:37:36.914] Android ADB screencap command enabled: True
D [2016-07-19 03:37:36.914] Android ADB input command enabled: False
D [2016-07-19 03:37:36.915] Android ADB Mouse Click enabled: False
D [2016-07-19 03:37:36.915] Android ADB Click Drag enabled: True
D [2016-07-19 03:37:36.915] Searching MEmu Window: Title = 'MEmu 2.', Class = '[CLASS:subWin; INSTANCE:1]', Text = ''
D [2016-07-19 03:37:36.918] MEmu Window not found
D [2016-07-19 03:37:36.919] InitAndroid(False): MEmu END, initialization successful = True
D [2016-07-19 03:37:36.919] UpdateAndroidConfig("MEmu") END
D [2016-07-19 03:37:36.919] Found installed MEmu 2.5.0
D [2016-07-19 03:37:36.920] My Bot is the only running instance
D [2016-07-19 03:37:40.914] UpdateAndroidConfig("MEmu")
D [2016-07-19 03:37:40.914] InitAndroid(False): MEmu
D [2016-07-19 03:37:41.858] Cannot read MEmu guestproperty phone_layout!
D [2016-07-19 03:37:41.858] Searching MEmu Window: Title = 'MEmu 2.', Class = '[CLASS:subWin; INSTANCE:1]', Text = ''
D [2016-07-19 03:37:41.863] MEmu Window not found
D [2016-07-19 03:37:41.863] Android: MEmu
D [2016-07-19 03:37:41.864] Android Config: 0
D [2016-07-19 03:37:41.864] Android Version: 2.5.0
D [2016-07-19 03:37:41.864] Android Instance: MEmu
D [2016-07-19 03:37:41.864] Android Window Title: MEmu 2.
D [2016-07-19 03:37:41.864] Android Program Path: C:\Program Files\Microvirt\MEmu\MEmu.exe
D [2016-07-19 03:37:41.864] Android Program Parameter: MEmu
D [2016-07-19 03:37:41.865] Android ADB Path: C:\Program Files\Microvirt\MEmu\adb.exe
D [2016-07-19 03:37:41.865] Android ADB Device: 127.0.0.1:21503
D [2016-07-19 03:37:41.865] Android ADB Shared Folder: /mnt/shell/emulated/0/Pictures/
D [2016-07-19 03:37:41.865] Android ADB Shared Folder on Host: C:\Users\Amin\Pictures\MEmu Photo\
D [2016-07-19 03:37:41.866] Android ADB Shared SubFolder: mybot.run\
D [2016-07-19 03:37:41.866] Android Mouse Device: Microvirt Virtual Input
D [2016-07-19 03:37:41.866] Android ADB screencap command enabled: True
D [2016-07-19 03:37:41.866] Android ADB input command enabled: False
D [2016-07-19 03:37:41.866] Android ADB Mouse Click enabled: False
D [2016-07-19 03:37:41.866] Android ADB Click Drag enabled: True
D [2016-07-19 03:37:41.867] Searching MEmu Window: Title = 'MEmu 2.', Class = '[CLASS:subWin; INSTANCE:1]', Text = ''
D [2016-07-19 03:37:41.871] MEmu Window not found
D [2016-07-19 03:37:41.872] InitAndroid(False): MEmu END, initialization successful = True
D [2016-07-19 03:37:41.872] UpdateAndroidConfig("MEmu") END
D [2016-07-19 03:37:41.872] UpdateAndroidConfig("droid4x")
D [2016-07-19 03:37:41.872] InitAndroid(False): Droid4X
L [2016-07-19 03:37:41.873] Serious error has occurred: Cannot find Droid4X:
L [2016-07-19 03:37:41.873] C:\Program Files (x86)\Droid4X\Droid4X.exe
D [2016-07-19 03:37:41.873] InitAndroid(False): Droid4X END, initialization successful = False
D [2016-07-19 03:37:41.873] UpdateAndroidConfig("droid4x") END
D [2016-07-19 03:37:41.874] UpdateAndroidConfig("nox")
D [2016-07-19 03:37:41.874] InitAndroid(False): Nox
D [2016-07-19 03:37:42.577] Android: Nox
D [2016-07-19 03:37:42.577] Android Config: 2
D [2016-07-19 03:37:42.577] Android Version: 3.1.0.0
D [2016-07-19 03:37:42.577] Android Instance: nox
D [2016-07-19 03:37:42.578] Android Window Title: No
D [2016-07-19 03:37:42.578] Android Program Path: C:\Users\Amin\AppData\Roaming\Nox\bin\Nox.exe
D [2016-07-19 03:37:42.578] Android Program Parameter: -resolution:860x732 -dpi:160 "-clone:nox"
D [2016-07-19 03:37:42.578] Android ADB Path: C:\Program Files\Microvirt\MEmu\adb.exe
D [2016-07-19 03:37:42.578] Android ADB Device: 127.0.0.1:62001
D [2016-07-19 03:37:42.578] Android ADB Shared Folder: /mnt/shared/Other/
D [2016-07-19 03:37:42.579] Android ADB Shared Folder on Host: C:\Users\Amin\Documents\Nox_share\Other\
D [2016-07-19 03:37:42.579] Android ADB Shared SubFolder: mybot.run\
D [2016-07-19 03:37:42.579] Android Mouse Device: nox Virtual Input
D [2016-07-19 03:37:42.580] Android ADB screencap command enabled: True
D [2016-07-19 03:37:42.580] Android ADB input command enabled: False
D [2016-07-19 03:37:42.580] Android ADB Mouse Click enabled: False
D [2016-07-19 03:37:42.580] Android ADB Click Drag enabled: True
D [2016-07-19 03:37:42.580] Searching Nox Window: Title = 'No', Class = '[CLASS:Qt5QWindowIcon;INSTANCE:4]', Text = ''
D [2016-07-19 03:37:42.586] Nox Window not found
D [2016-07-19 03:37:42.586] InitAndroid(False): Nox END, initialization successful = True
D [2016-07-19 03:37:42.586] UpdateAndroidConfig("nox") END
D [2016-07-19 03:37:42.586] UpdateAndroidConfig("")
D [2016-07-19 03:37:42.586] InitAndroid(False): BlueStacks2
D [2016-07-19 03:37:42.587] BlueStacks2 Engine 'Plus'-Mode: False
D [2016-07-19 03:37:42.587] BlueStacks2 OEM Features: 2754561
D [2016-07-19 03:37:42.587] BlueStacks2 System Bar is not available
D [2016-07-19 03:37:42.588] Searching BlueStacks2 Window: Title = 'BlueStacks ', Class = '[CLASS:BlueStacksApp; INSTANCE:1]', Text = '_ctl.Window'
D [2016-07-19 03:37:42.594] BlueStacks2 Window not found
D [2016-07-19 03:37:42.595] Android: BlueStacks2
D [2016-07-19 03:37:42.595] Android Config: 3
D [2016-07-19 03:37:42.595] Android Version: 2.0.2.5623
D [2016-07-19 03:37:42.595] Android Instance: 
D [2016-07-19 03:37:42.595] Android Window Title: BlueStacks 
D [2016-07-19 03:37:42.595] Android Program Path: C:\Program Files (x86)\BlueStacks\HD-Frontend.exe
D [2016-07-19 03:37:42.596] Android Program Parameter: Android
D [2016-07-19 03:37:42.596] Android ADB Path: C:\Program Files\Microvirt\MEmu\adb.exe
D [2016-07-19 03:37:42.596] Android ADB Device: emulator-5554
D [2016-07-19 03:37:42.596] Android ADB Shared Folder: /storage/sdcard/windows/BstSharedFolder/
D [2016-07-19 03:37:42.596] Android ADB Shared Folder on Host: C:\ProgramData\BlueStacks\UserData\SharedFolder\
D [2016-07-19 03:37:42.597] Android ADB Shared SubFolder: mybot.run\
D [2016-07-19 03:37:42.597] Android Mouse Device: BlueStacks Virtual Touch
D [2016-07-19 03:37:42.597] Android ADB screencap command enabled: False
D [2016-07-19 03:37:42.597] Android ADB input command enabled: False
D [2016-07-19 03:37:42.597] Android ADB Mouse Click enabled: False
D [2016-07-19 03:37:42.598] Android ADB Click Drag enabled: False
D [2016-07-19 03:37:42.598] Searching BlueStacks2 Window: Title = 'BlueStacks ', Class = '[CLASS:BlueStacksApp; INSTANCE:1]', Text = '_ctl.Window'
D [2016-07-19 03:37:42.603] BlueStacks2 Window not found
D [2016-07-19 03:37:42.603] InitAndroid(False): BlueStacks2 END, initialization successful = True
D [2016-07-19 03:37:42.603] UpdateAndroidConfig("") END
D [2016-07-19 03:37:42.603] UpdateAndroidConfig("")
D [2016-07-19 03:37:42.604] InitAndroid(False): BlueStacks
D [2016-07-19 03:37:42.604] BlueStacks Engine 'Plus'-Mode: False
D [2016-07-19 03:37:42.604] BlueStacks OEM Features: 2754561
D [2016-07-19 03:37:42.605] BlueStacks System Bar is not available
D [2016-07-19 03:37:42.605] Searching BlueStacks Window: Title = 'BlueStacks App Player', Class = '[CLASS:BlueStacksApp; INSTANCE:1]', Text = '_ctl.Window'
D [2016-07-19 03:37:42.611] BlueStacks Window not found
L [2016-07-19 03:37:42.611] BlueStacks supported version 0.8.x - 0.11.x not found
D [2016-07-19 03:37:42.611] InitAndroid(False): BlueStacks END, initialization successful = False
D [2016-07-19 03:37:42.612] UpdateAndroidConfig("") END
D [2016-07-19 03:37:42.612] UpdateAndroidConfig("MEmu")
D [2016-07-19 03:37:42.612] InitAndroid(False): MEmu
D [2016-07-19 03:37:43.551] Cannot read MEmu guestproperty phone_layout!
D [2016-07-19 03:37:43.551] Searching MEmu Window: Title = 'MEmu 2.', Class = '[CLASS:subWin; INSTANCE:1]', Text = ''
D [2016-07-19 03:37:43.556] MEmu Window not found
D [2016-07-19 03:37:43.557] Android: MEmu
D [2016-07-19 03:37:43.557] Android Config: 0
D [2016-07-19 03:37:43.557] Android Version: 2.5.0
D [2016-07-19 03:37:43.557] Android Instance: MEmu
D [2016-07-19 03:37:43.557] Android Window Title: MEmu 2.
D [2016-07-19 03:37:43.557] Android Program Path: C:\Program Files\Microvirt\MEmu\MEmu.exe
D [2016-07-19 03:37:43.558] Android Program Parameter: MEmu
D [2016-07-19 03:37:43.558] Android ADB Path: C:\Program Files\Microvirt\MEmu\adb.exe
D [2016-07-19 03:37:43.558] Android ADB Device: 127.0.0.1:21503
D [2016-07-19 03:37:43.558] Android ADB Shared Folder: /mnt/shell/emulated/0/Pictures/
D [2016-07-19 03:37:43.559] Android ADB Shared Folder on Host: C:\Users\Amin\Pictures\MEmu Photo\
D [2016-07-19 03:37:43.559] Android ADB Shared SubFolder: mybot.run\
D [2016-07-19 03:37:43.559] Android Mouse Device: Microvirt Virtual Input
D [2016-07-19 03:37:43.559] Android ADB screencap command enabled: True
D [2016-07-19 03:37:43.559] Android ADB input command enabled: False
D [2016-07-19 03:37:43.559] Android ADB Mouse Click enabled: False
D [2016-07-19 03:37:43.560] Android ADB Click Drag enabled: True
D [2016-07-19 03:37:43.560] Searching MEmu Window: Title = 'MEmu 2.', Class = '[CLASS:subWin; INSTANCE:1]', Text = ''
D [2016-07-19 03:37:43.565] MEmu Window not found
D [2016-07-19 03:37:43.565] InitAndroid(False): MEmu END, initialization successful = True
D [2016-07-19 03:37:43.565] UpdateAndroidConfig("MEmu") END
D [2016-07-19 03:37:44.189] Read Building Config C:\Users\Amin\Desktop\MyBot.Run\MOD AIO\MyBot-AIO-2.1.4\Profiles\MyVillage\building.ini
D [2016-07-19 03:37:44.201] Read Config C:\Users\Amin\Desktop\MyBot.Run\MOD AIO\MyBot-AIO-2.1.4\Profiles\MyVillage\config.ini
D [2016-07-19 03:37:44.256] Apply Config
D [2016-07-19 03:37:44.398] UpdateAndroidConfig("MEmu_1")
D [2016-07-19 03:37:44.399] InitAndroid(False): MEmu
D [2016-07-19 03:37:45.338] Cannot read MEmu guestproperty phone_layout!
D [2016-07-19 03:37:45.338] Searching MEmu Window: Title = 'MEmu 2.', Class = '[CLASS:subWin; INSTANCE:1]', Text = ''
D [2016-07-19 03:37:45.346] MEmu Window not found
D [2016-07-19 03:37:45.346] Android: MEmu
D [2016-07-19 03:37:45.346] Android Config: 0
D [2016-07-19 03:37:45.346] Android Version: 2.5.0
D [2016-07-19 03:37:45.347] Android Instance: MEmu_1
D [2016-07-19 03:37:45.347] Android Window Title: MEmu 2.
D [2016-07-19 03:37:45.347] Android Program Path: C:\Program Files\Microvirt\MEmu\MEmu.exe
D [2016-07-19 03:37:45.347] Android Program Parameter: MEmu_1
D [2016-07-19 03:37:45.348] Android ADB Path: C:\Program Files\Microvirt\MEmu\adb.exe
D [2016-07-19 03:37:45.348] Android ADB Device: 127.0.0.1:21513
D [2016-07-19 03:37:45.348] Android ADB Shared Folder: /mnt/shell/emulated/0/Pictures/
D [2016-07-19 03:37:45.348] Android ADB Shared Folder on Host: C:\Users\Amin\Pictures\MEmu Photo\
D [2016-07-19 03:37:45.348] Android ADB Shared SubFolder: mybot.run\
D [2016-07-19 03:37:45.349] Android Mouse Device: Microvirt Virtual Input
D [2016-07-19 03:37:45.349] Android ADB screencap command enabled: True
D [2016-07-19 03:37:45.349] Android ADB input command enabled: False
D [2016-07-19 03:37:45.349] Android ADB Mouse Click enabled: False
D [2016-07-19 03:37:45.349] Android ADB Click Drag enabled: True
D [2016-07-19 03:37:45.350] Searching MEmu Window: Title = 'MEmu 2.', Class = '[CLASS:subWin; INSTANCE:1]', Text = ''
D [2016-07-19 03:37:45.357] MEmu Window not found
D [2016-07-19 03:37:45.357] InitAndroid(False): MEmu END, initialization successful = True
D [2016-07-19 03:37:45.357] UpdateAndroidConfig("MEmu_1") END
D [2016-07-19 03:37:45.386] Redraw MyBot Window
L [2016-07-19 03:37:46.039] Found installed MEmu 2.5.0
L [2016-07-19 03:37:46.042] Android Emulator Configuration: MEmu (instance MEmu_1)
L [2016-07-19 03:37:48.916] WELCOME CHIEF, YOU HAVE THE LATEST VERSION OF THE BOT
L [2016-07-19 03:37:48.918]  
L [2016-07-19 03:37:48.922] Fully working with May update
L [2016-07-19 03:37:48.924] New GUI and lots of new features
L [2016-07-19 03:37:48.927] For more information, go to 
L [2016-07-19 03:37:48.929] https://mybot.run
L [2016-07-19 03:37:48.931] 
L [2016-07-19 03:37:48.934]  Always free and open source.
D [2016-07-19 03:37:50.240] MyBot.run launch time 17042 ms.
L [2016-07-19 03:38:11.133] Closing Merged My Bot v6.1.4 All In One v2.1.4 (MEmu_1) ...
D [2016-07-19 03:38:11.140] Save Config C:\Users\Amin\Desktop\MyBot.Run\MOD AIO\MyBot-AIO-2.1.4\Profiles\MyVillage\config.ini
D [2016-07-19 03:38:11.573] Save Building Config C:\Users\Amin\Desktop\MyBot.Run\MOD AIO\MyBot-AIO-2.1.4\Profiles\MyVillage\building.ini
