D [2016-07-19 03:15:56.947] @AutoItExe: C:\Program Files (x86)\AutoIt3\AutoIt3.exe
D [2016-07-19 03:15:56.947] @ScriptFullPath: C:\Users\Amin\Desktop\MyBot.Run\MOD AIO\MyBot-AIO-2.1.4\MyBot.run.au3
D [2016-07-19 03:15:56.947] @WorkingDir: C:\Users\Amin\Desktop\MyBot.Run\MOD AIO\MyBot-AIO-2.1.4
D [2016-07-19 03:15:56.948] @AutoItPID: 4028
D [2016-07-19 03:15:56.977] DetectRunningAndroid()
D [2016-07-19 03:15:56.978] UpdateAndroidConfig("MEmu")
D [2016-07-19 03:15:56.978] InitAndroid(False): MEmu
D [2016-07-19 03:15:57.992] Cannot read MEmu guestproperty phone_layout!
D [2016-07-19 03:15:57.993] Searching MEmu Window: Title = 'MEmu 2.', Class = '[CLASS:subWin; INSTANCE:1]', Text = ''
D [2016-07-19 03:15:57.997] MEmu Window not found
D [2016-07-19 03:15:57.998] Android: MEmu
D [2016-07-19 03:15:57.998] Android Config: 0
D [2016-07-19 03:15:57.998] Android Version: 2.5.0
D [2016-07-19 03:15:57.998] Android Instance: MEmu
D [2016-07-19 03:15:57.998] Android Window Title: MEmu 2.
D [2016-07-19 03:15:57.999] Android Program Path: C:\Program Files\Microvirt\MEmu\MEmu.exe
D [2016-07-19 03:15:57.999] Android Program Parameter: MEmu
D [2016-07-19 03:15:57.999] Android ADB Path: C:\Program Files\Microvirt\MEmu\adb.exe
D [2016-07-19 03:15:57.999] Android ADB Device: 127.0.0.1:21503
D [2016-07-19 03:15:57.999] Android ADB Shared Folder: /mnt/shell/emulated/0/Pictures/
D [2016-07-19 03:15:57.000] Android ADB Shared Folder on Host: C:\Users\Amin\Pictures\MEmu Photo\
D [2016-07-19 03:15:58.000] Android ADB Shared SubFolder: mybot.run\
D [2016-07-19 03:15:58.000] Android Mouse Device: Microvirt Virtual Input
D [2016-07-19 03:15:58.000] Android ADB screencap command enabled: True
D [2016-07-19 03:15:58.000] Android ADB input command enabled: False
D [2016-07-19 03:15:58.001] Android ADB Mouse Click enabled: False
D [2016-07-19 03:15:58.001] Android ADB Click Drag enabled: True
D [2016-07-19 03:15:58.001] Searching MEmu Window: Title = 'MEmu 2.', Class = '[CLASS:subWin; INSTANCE:1]', Text = ''
D [2016-07-19 03:15:58.004] MEmu Window not found
D [2016-07-19 03:15:58.005] InitAndroid(False): MEmu END, initialization successful = True
D [2016-07-19 03:15:58.005] UpdateAndroidConfig("MEmu") END
D [2016-07-19 03:15:58.005] GetAndroidRunningInstance: Try to find "C:\Program Files\Microvirt\MEmu\MEmu.exe"
D [2016-07-19 03:15:58.012] ObjGet("winmgmts:\\.\root\cimv2")
D [2016-07-19 03:15:58.013] WMI Query: Select * from Win32_Process where ExecutablePath like "%C:\\Program Files\\Microvirt\\MEmu\\MEmu.exe%"
D [2016-07-19 03:15:58.056] Process by CommandLine not found: C:\Program Files\Microvirt\MEmu\MEmu.exe
D [2016-07-19 03:15:58.056] UpdateAndroidConfig("droid4x")
D [2016-07-19 03:15:58.056] InitAndroid(False): Droid4X
L [2016-07-19 03:15:58.057] Serious error has occurred: Cannot find Droid4X:
L [2016-07-19 03:15:58.057] C:\Program Files (x86)\Droid4X\Droid4X.exe
D [2016-07-19 03:15:58.057] InitAndroid(False): Droid4X END, initialization successful = False
D [2016-07-19 03:15:58.058] UpdateAndroidConfig("droid4x") END
D [2016-07-19 03:15:58.058] UpdateAndroidConfig("nox")
D [2016-07-19 03:15:58.058] InitAndroid(False): Nox
D [2016-07-19 03:15:58.763] Android: Nox
D [2016-07-19 03:15:58.763] Android Config: 2
D [2016-07-19 03:15:58.763] Android Version: 3.1.0.0
D [2016-07-19 03:15:58.764] Android Instance: nox
D [2016-07-19 03:15:58.764] Android Window Title: No
D [2016-07-19 03:15:58.764] Android Program Path: C:\Users\Amin\AppData\Roaming\Nox\bin\Nox.exe
D [2016-07-19 03:15:58.764] Android Program Parameter: -resolution:860x732 -dpi:160 "-clone:nox"
D [2016-07-19 03:15:58.764] Android ADB Path: C:\Program Files\Microvirt\MEmu\adb.exe
D [2016-07-19 03:15:58.765] Android ADB Device: 127.0.0.1:62001
D [2016-07-19 03:15:58.765] Android ADB Shared Folder: /mnt/shared/Other/
D [2016-07-19 03:15:58.765] Android ADB Shared Folder on Host: C:\Users\Amin\Documents\Nox_share\Other\
D [2016-07-19 03:15:58.765] Android ADB Shared SubFolder: mybot.run\
D [2016-07-19 03:15:58.765] Android Mouse Device: nox Virtual Input
D [2016-07-19 03:15:58.766] Android ADB screencap command enabled: True
D [2016-07-19 03:15:58.766] Android ADB input command enabled: False
D [2016-07-19 03:15:58.766] Android ADB Mouse Click enabled: False
D [2016-07-19 03:15:58.766] Android ADB Click Drag enabled: True
D [2016-07-19 03:15:58.766] Searching Nox Window: Title = 'No', Class = '[CLASS:Qt5QWindowIcon;INSTANCE:4]', Text = ''
D [2016-07-19 03:15:58.772] Nox Window not found
D [2016-07-19 03:15:58.772] InitAndroid(False): Nox END, initialization successful = True
D [2016-07-19 03:15:58.772] UpdateAndroidConfig("nox") END
D [2016-07-19 03:15:58.772] GetAndroidRunningInstance: Try to find "C:\Users\Amin\AppData\Roaming\Nox\bin\Nox.exe"
D [2016-07-19 03:15:58.774] ObjGet("winmgmts:\\.\root\cimv2")
D [2016-07-19 03:15:58.774] WMI Query: Select * from Win32_Process where ExecutablePath like "%C:\\Users\\Amin\\AppData\\Roaming\\Nox\\bin\\Nox.exe%"
D [2016-07-19 03:15:58.816] No process found by CommandLine: C:\Users\Amin\AppData\Roaming\Nox\bin\Nox.exe
D [2016-07-19 03:15:58.817] UpdateAndroidConfig("")
D [2016-07-19 03:15:58.817] InitAndroid(False): BlueStacks2
D [2016-07-19 03:15:58.818] BlueStacks2 Engine 'Plus'-Mode: False
D [2016-07-19 03:15:58.818] BlueStacks2 OEM Features: 2754561
D [2016-07-19 03:15:58.818] BlueStacks2 System Bar is not available
D [2016-07-19 03:15:58.818] Searching BlueStacks2 Window: Title = 'BlueStacks ', Class = '[CLASS:BlueStacksApp; INSTANCE:1]', Text = '_ctl.Window'
D [2016-07-19 03:15:58.823] BlueStacks2 Window not found
D [2016-07-19 03:15:58.823] Android: BlueStacks2
D [2016-07-19 03:15:58.823] Android Config: 3
D [2016-07-19 03:15:58.823] Android Version: 2.0.2.5623
D [2016-07-19 03:15:58.824] Android Instance: 
D [2016-07-19 03:15:58.824] Android Window Title: BlueStacks 
D [2016-07-19 03:15:58.824] Android Program Path: C:\Program Files (x86)\BlueStacks\HD-Frontend.exe
D [2016-07-19 03:15:58.824] Android Program Parameter: Android
D [2016-07-19 03:15:58.824] Android ADB Path: C:\Program Files\Microvirt\MEmu\adb.exe
D [2016-07-19 03:15:58.825] Android ADB Device: emulator-5554
D [2016-07-19 03:15:58.825] Android ADB Shared Folder: /storage/sdcard/windows/BstSharedFolder/
D [2016-07-19 03:15:58.825] Android ADB Shared Folder on Host: C:\ProgramData\BlueStacks\UserData\SharedFolder\
D [2016-07-19 03:15:58.825] Android ADB Shared SubFolder: mybot.run\
D [2016-07-19 03:15:58.825] Android Mouse Device: BlueStacks Virtual Touch
D [2016-07-19 03:15:58.826] Android ADB screencap command enabled: False
D [2016-07-19 03:15:58.826] Android ADB input command enabled: False
D [2016-07-19 03:15:58.826] Android ADB Mouse Click enabled: False
D [2016-07-19 03:15:58.826] Android ADB Click Drag enabled: False
D [2016-07-19 03:15:58.826] Searching BlueStacks2 Window: Title = 'BlueStacks ', Class = '[CLASS:BlueStacksApp; INSTANCE:1]', Text = '_ctl.Window'
D [2016-07-19 03:15:58.831] BlueStacks2 Window not found
D [2016-07-19 03:15:58.831] InitAndroid(False): BlueStacks2 END, initialization successful = True
D [2016-07-19 03:15:58.831] UpdateAndroidConfig("") END
D [2016-07-19 03:15:58.832] Searching BlueStacks2 Window: Title = 'BlueStacks ', Class = '[CLASS:BlueStacksApp; INSTANCE:1]', Text = '_ctl.Window'
D [2016-07-19 03:15:58.835] BlueStacks2 Window not found
D [2016-07-19 03:15:58.836] UpdateAndroidConfig("")
D [2016-07-19 03:15:58.837] InitAndroid(False): BlueStacks
D [2016-07-19 03:15:58.837] BlueStacks Engine 'Plus'-Mode: False
D [2016-07-19 03:15:58.837] BlueStacks OEM Features: 2754561
D [2016-07-19 03:15:58.837] BlueStacks System Bar is not available
D [2016-07-19 03:15:58.838] Searching BlueStacks Window: Title = 'BlueStacks App Player', Class = '[CLASS:BlueStacksApp; INSTANCE:1]', Text = '_ctl.Window'
D [2016-07-19 03:15:58.841] BlueStacks Window not found
L [2016-07-19 03:15:58.841] BlueStacks supported version 0.8.x - 0.11.x not found
D [2016-07-19 03:15:58.842] InitAndroid(False): BlueStacks END, initialization successful = False
D [2016-07-19 03:15:58.842] UpdateAndroidConfig("") END
D [2016-07-19 03:15:58.842] UpdateAndroidConfig("MEmu")
D [2016-07-19 03:15:58.842] InitAndroid(False): MEmu
D [2016-07-19 03:15:59.783] Cannot read MEmu guestproperty phone_layout!
D [2016-07-19 03:15:59.783] Searching MEmu Window: Title = 'MEmu 2.', Class = '[CLASS:subWin; INSTANCE:1]', Text = ''
D [2016-07-19 03:15:59.787] MEmu Window not found
D [2016-07-19 03:15:59.787] Android: MEmu
D [2016-07-19 03:15:59.787] Android Config: 0
D [2016-07-19 03:15:59.787] Android Version: 2.5.0
D [2016-07-19 03:15:59.787] Android Instance: MEmu
D [2016-07-19 03:15:59.788] Android Window Title: MEmu 2.
D [2016-07-19 03:15:59.788] Android Program Path: C:\Program Files\Microvirt\MEmu\MEmu.exe
D [2016-07-19 03:15:59.788] Android Program Parameter: MEmu
D [2016-07-19 03:15:59.788] Android ADB Path: C:\Program Files\Microvirt\MEmu\adb.exe
D [2016-07-19 03:15:59.788] Android ADB Device: 127.0.0.1:21503
D [2016-07-19 03:15:59.788] Android ADB Shared Folder: /mnt/shell/emulated/0/Pictures/
D [2016-07-19 03:15:59.789] Android ADB Shared Folder on Host: C:\Users\Amin\Pictures\MEmu Photo\
D [2016-07-19 03:15:59.789] Android ADB Shared SubFolder: mybot.run\
D [2016-07-19 03:15:59.789] Android Mouse Device: Microvirt Virtual Input
D [2016-07-19 03:15:59.789] Android ADB screencap command enabled: True
D [2016-07-19 03:15:59.789] Android ADB input command enabled: False
D [2016-07-19 03:15:59.790] Android ADB Mouse Click enabled: False
D [2016-07-19 03:15:59.790] Android ADB Click Drag enabled: True
D [2016-07-19 03:15:59.790] Searching MEmu Window: Title = 'MEmu 2.', Class = '[CLASS:subWin; INSTANCE:1]', Text = ''
D [2016-07-19 03:15:59.793] MEmu Window not found
D [2016-07-19 03:15:59.794] InitAndroid(False): MEmu END, initialization successful = True
D [2016-07-19 03:15:59.794] UpdateAndroidConfig("MEmu") END
D [2016-07-19 03:15:59.794] Found no running Android Emulator
D [2016-07-19 03:15:59.794] DetectInstalledAndroid()
D [2016-07-19 03:15:59.794] UpdateAndroidConfig("MEmu")
D [2016-07-19 03:15:59.794] InitAndroid(False): MEmu
D [2016-07-19 03:16:00.730] Cannot read MEmu guestproperty phone_layout!
D [2016-07-19 03:16:00.730] Searching MEmu Window: Title = 'MEmu 2.', Class = '[CLASS:subWin; INSTANCE:1]', Text = ''
D [2016-07-19 03:16:00.735] MEmu Window not found
D [2016-07-19 03:16:00.735] Android: MEmu
D [2016-07-19 03:16:00.735] Android Config: 0
D [2016-07-19 03:16:00.735] Android Version: 2.5.0
D [2016-07-19 03:16:00.735] Android Instance: MEmu
D [2016-07-19 03:16:00.736] Android Window Title: MEmu 2.
D [2016-07-19 03:16:00.736] Android Program Path: C:\Program Files\Microvirt\MEmu\MEmu.exe
D [2016-07-19 03:16:00.736] Android Program Parameter: MEmu
D [2016-07-19 03:16:00.736] Android ADB Path: C:\Program Files\Microvirt\MEmu\adb.exe
D [2016-07-19 03:16:00.736] Android ADB Device: 127.0.0.1:21503
D [2016-07-19 03:16:00.736] Android ADB Shared Folder: /mnt/shell/emulated/0/Pictures/
D [2016-07-19 03:16:00.737] Android ADB Shared Folder on Host: C:\Users\Amin\Pictures\MEmu Photo\
D [2016-07-19 03:16:00.737] Android ADB Shared SubFolder: mybot.run\
D [2016-07-19 03:16:00.737] Android Mouse Device: Microvirt Virtual Input
D [2016-07-19 03:16:00.737] Android ADB screencap command enabled: True
D [2016-07-19 03:16:00.738] Android ADB input command enabled: False
D [2016-07-19 03:16:00.738] Android ADB Mouse Click enabled: False
D [2016-07-19 03:16:00.738] Android ADB Click Drag enabled: True
D [2016-07-19 03:16:00.738] Searching MEmu Window: Title = 'MEmu 2.', Class = '[CLASS:subWin; INSTANCE:1]', Text = ''
D [2016-07-19 03:16:00.741] MEmu Window not found
D [2016-07-19 03:16:00.742] InitAndroid(False): MEmu END, initialization successful = True
D [2016-07-19 03:16:00.742] UpdateAndroidConfig("MEmu") END
D [2016-07-19 03:16:00.742] Found installed MEmu 2.5.0
D [2016-07-19 03:16:00.743] My Bot is the only running instance
D [2016-07-19 03:16:04.781] UpdateAndroidConfig("MEmu")
D [2016-07-19 03:16:04.781] InitAndroid(False): MEmu
D [2016-07-19 03:16:05.719] Cannot read MEmu guestproperty phone_layout!
D [2016-07-19 03:16:05.719] Searching MEmu Window: Title = 'MEmu 2.', Class = '[CLASS:subWin; INSTANCE:1]', Text = ''
D [2016-07-19 03:16:05.727] MEmu Window not found
D [2016-07-19 03:16:05.727] Android: MEmu
D [2016-07-19 03:16:05.727] Android Config: 0
D [2016-07-19 03:16:05.727] Android Version: 2.5.0
D [2016-07-19 03:16:05.727] Android Instance: MEmu
D [2016-07-19 03:16:05.727] Android Window Title: MEmu 2.
D [2016-07-19 03:16:05.728] Android Program Path: C:\Program Files\Microvirt\MEmu\MEmu.exe
D [2016-07-19 03:16:05.728] Android Program Parameter: MEmu
D [2016-07-19 03:16:05.728] Android ADB Path: C:\Program Files\Microvirt\MEmu\adb.exe
D [2016-07-19 03:16:05.728] Android ADB Device: 127.0.0.1:21503
D [2016-07-19 03:16:05.728] Android ADB Shared Folder: /mnt/shell/emulated/0/Pictures/
D [2016-07-19 03:16:05.729] Android ADB Shared Folder on Host: C:\Users\Amin\Pictures\MEmu Photo\
D [2016-07-19 03:16:05.729] Android ADB Shared SubFolder: mybot.run\
D [2016-07-19 03:16:05.729] Android Mouse Device: Microvirt Virtual Input
D [2016-07-19 03:16:05.729] Android ADB screencap command enabled: True
D [2016-07-19 03:16:05.729] Android ADB input command enabled: False
D [2016-07-19 03:16:05.730] Android ADB Mouse Click enabled: False
D [2016-07-19 03:16:05.730] Android ADB Click Drag enabled: True
D [2016-07-19 03:16:05.730] Searching MEmu Window: Title = 'MEmu 2.', Class = '[CLASS:subWin; INSTANCE:1]', Text = ''
D [2016-07-19 03:16:05.738] MEmu Window not found
D [2016-07-19 03:16:05.738] InitAndroid(False): MEmu END, initialization successful = True
D [2016-07-19 03:16:05.738] UpdateAndroidConfig("MEmu") END
D [2016-07-19 03:16:05.738] UpdateAndroidConfig("droid4x")
D [2016-07-19 03:16:05.739] InitAndroid(False): Droid4X
L [2016-07-19 03:16:05.739] Serious error has occurred: Cannot find Droid4X:
L [2016-07-19 03:16:05.739] C:\Program Files (x86)\Droid4X\Droid4X.exe
D [2016-07-19 03:16:05.740] InitAndroid(False): Droid4X END, initialization successful = False
D [2016-07-19 03:16:05.740] UpdateAndroidConfig("droid4x") END
D [2016-07-19 03:16:05.740] UpdateAndroidConfig("nox")
D [2016-07-19 03:16:05.740] InitAndroid(False): Nox
D [2016-07-19 03:16:06.439] Android: Nox
D [2016-07-19 03:16:06.439] Android Config: 2
D [2016-07-19 03:16:06.439] Android Version: 3.1.0.0
D [2016-07-19 03:16:06.439] Android Instance: nox
D [2016-07-19 03:16:06.439] Android Window Title: No
D [2016-07-19 03:16:06.440] Android Program Path: C:\Users\Amin\AppData\Roaming\Nox\bin\Nox.exe
D [2016-07-19 03:16:06.440] Android Program Parameter: -resolution:860x732 -dpi:160 "-clone:nox"
D [2016-07-19 03:16:06.440] Android ADB Path: C:\Program Files\Microvirt\MEmu\adb.exe
D [2016-07-19 03:16:06.440] Android ADB Device: 127.0.0.1:62001
D [2016-07-19 03:16:06.440] Android ADB Shared Folder: /mnt/shared/Other/
D [2016-07-19 03:16:06.441] Android ADB Shared Folder on Host: C:\Users\Amin\Documents\Nox_share\Other\
D [2016-07-19 03:16:06.441] Android ADB Shared SubFolder: mybot.run\
D [2016-07-19 03:16:06.441] Android Mouse Device: nox Virtual Input
D [2016-07-19 03:16:06.441] Android ADB screencap command enabled: True
D [2016-07-19 03:16:06.441] Android ADB input command enabled: False
D [2016-07-19 03:16:06.442] Android ADB Mouse Click enabled: False
D [2016-07-19 03:16:06.442] Android ADB Click Drag enabled: True
D [2016-07-19 03:16:06.442] Searching Nox Window: Title = 'No', Class = '[CLASS:Qt5QWindowIcon;INSTANCE:4]', Text = ''
D [2016-07-19 03:16:06.448] Nox Window not found
D [2016-07-19 03:16:06.448] InitAndroid(False): Nox END, initialization successful = True
D [2016-07-19 03:16:06.448] UpdateAndroidConfig("nox") END
D [2016-07-19 03:16:06.449] UpdateAndroidConfig("")
D [2016-07-19 03:16:06.449] InitAndroid(False): BlueStacks2
D [2016-07-19 03:16:06.450] BlueStacks2 Engine 'Plus'-Mode: False
D [2016-07-19 03:16:06.450] BlueStacks2 OEM Features: 2754561
D [2016-07-19 03:16:06.450] BlueStacks2 System Bar is not available
D [2016-07-19 03:16:06.450] Searching BlueStacks2 Window: Title = 'BlueStacks ', Class = '[CLASS:BlueStacksApp; INSTANCE:1]', Text = '_ctl.Window'
D [2016-07-19 03:16:06.456] BlueStacks2 Window not found
D [2016-07-19 03:16:06.457] Android: BlueStacks2
D [2016-07-19 03:16:06.457] Android Config: 3
D [2016-07-19 03:16:06.457] Android Version: 2.0.2.5623
D [2016-07-19 03:16:06.457] Android Instance: 
D [2016-07-19 03:16:06.457] Android Window Title: BlueStacks 
D [2016-07-19 03:16:06.458] Android Program Path: C:\Program Files (x86)\BlueStacks\HD-Frontend.exe
D [2016-07-19 03:16:06.458] Android Program Parameter: Android
D [2016-07-19 03:16:06.458] Android ADB Path: C:\Program Files\Microvirt\MEmu\adb.exe
D [2016-07-19 03:16:06.458] Android ADB Device: emulator-5554
D [2016-07-19 03:16:06.458] Android ADB Shared Folder: /storage/sdcard/windows/BstSharedFolder/
D [2016-07-19 03:16:06.459] Android ADB Shared Folder on Host: C:\ProgramData\BlueStacks\UserData\SharedFolder\
D [2016-07-19 03:16:06.459] Android ADB Shared SubFolder: mybot.run\
D [2016-07-19 03:16:06.459] Android Mouse Device: BlueStacks Virtual Touch
D [2016-07-19 03:16:06.459] Android ADB screencap command enabled: False
D [2016-07-19 03:16:06.459] Android ADB input command enabled: False
D [2016-07-19 03:16:06.460] Android ADB Mouse Click enabled: False
D [2016-07-19 03:16:06.460] Android ADB Click Drag enabled: False
D [2016-07-19 03:16:06.460] Searching BlueStacks2 Window: Title = 'BlueStacks ', Class = '[CLASS:BlueStacksApp; INSTANCE:1]', Text = '_ctl.Window'
D [2016-07-19 03:16:06.465] BlueStacks2 Window not found
D [2016-07-19 03:16:06.465] InitAndroid(False): BlueStacks2 END, initialization successful = True
D [2016-07-19 03:16:06.465] UpdateAndroidConfig("") END
D [2016-07-19 03:16:06.466] UpdateAndroidConfig("")
D [2016-07-19 03:16:06.466] InitAndroid(False): BlueStacks
D [2016-07-19 03:16:06.467] BlueStacks Engine 'Plus'-Mode: False
D [2016-07-19 03:16:06.467] BlueStacks OEM Features: 2754561
D [2016-07-19 03:16:06.467] BlueStacks System Bar is not available
D [2016-07-19 03:16:06.467] Searching BlueStacks Window: Title = 'BlueStacks App Player', Class = '[CLASS:BlueStacksApp; INSTANCE:1]', Text = '_ctl.Window'
D [2016-07-19 03:16:06.474] BlueStacks Window not found
L [2016-07-19 03:16:06.474] BlueStacks supported version 0.8.x - 0.11.x not found
D [2016-07-19 03:16:06.474] InitAndroid(False): BlueStacks END, initialization successful = False
D [2016-07-19 03:16:06.475] UpdateAndroidConfig("") END
D [2016-07-19 03:16:06.475] UpdateAndroidConfig("MEmu")
D [2016-07-19 03:16:06.475] InitAndroid(False): MEmu
D [2016-07-19 03:16:07.416] Cannot read MEmu guestproperty phone_layout!
D [2016-07-19 03:16:07.416] Searching MEmu Window: Title = 'MEmu 2.', Class = '[CLASS:subWin; INSTANCE:1]', Text = ''
D [2016-07-19 03:16:07.423] MEmu Window not found
D [2016-07-19 03:16:07.424] Android: MEmu
D [2016-07-19 03:16:07.424] Android Config: 0
D [2016-07-19 03:16:07.424] Android Version: 2.5.0
D [2016-07-19 03:16:07.424] Android Instance: MEmu
D [2016-07-19 03:16:07.424] Android Window Title: MEmu 2.
D [2016-07-19 03:16:07.424] Android Program Path: C:\Program Files\Microvirt\MEmu\MEmu.exe
D [2016-07-19 03:16:07.425] Android Program Parameter: MEmu
D [2016-07-19 03:16:07.425] Android ADB Path: C:\Program Files\Microvirt\MEmu\adb.exe
D [2016-07-19 03:16:07.425] Android ADB Device: 127.0.0.1:21503
D [2016-07-19 03:16:07.425] Android ADB Shared Folder: /mnt/shell/emulated/0/Pictures/
D [2016-07-19 03:16:07.426] Android ADB Shared Folder on Host: C:\Users\Amin\Pictures\MEmu Photo\
D [2016-07-19 03:16:07.426] Android ADB Shared SubFolder: mybot.run\
D [2016-07-19 03:16:07.426] Android Mouse Device: Microvirt Virtual Input
D [2016-07-19 03:16:07.426] Android ADB screencap command enabled: True
D [2016-07-19 03:16:07.426] Android ADB input command enabled: False
D [2016-07-19 03:16:07.426] Android ADB Mouse Click enabled: False
D [2016-07-19 03:16:07.427] Android ADB Click Drag enabled: True
D [2016-07-19 03:16:07.427] Searching MEmu Window: Title = 'MEmu 2.', Class = '[CLASS:subWin; INSTANCE:1]', Text = ''
D [2016-07-19 03:16:07.432] MEmu Window not found
D [2016-07-19 03:16:07.433] InitAndroid(False): MEmu END, initialization successful = True
D [2016-07-19 03:16:07.433] UpdateAndroidConfig("MEmu") END
D [2016-07-19 03:16:08.064] Read Building Config C:\Users\Amin\Desktop\MyBot.Run\MOD AIO\MyBot-AIO-2.1.4\Profiles\MyVillage\building.ini
D [2016-07-19 03:16:08.077] Read Config C:\Users\Amin\Desktop\MyBot.Run\MOD AIO\MyBot-AIO-2.1.4\Profiles\MyVillage\config.ini
D [2016-07-19 03:16:08.131] Apply Config
D [2016-07-19 03:16:08.263] UpdateAndroidConfig("MEmu_1")
D [2016-07-19 03:16:08.263] InitAndroid(False): MEmu
D [2016-07-19 03:16:09.204] Cannot read MEmu guestproperty phone_layout!
D [2016-07-19 03:16:09.204] Searching MEmu Window: Title = 'MEmu 2.', Class = '[CLASS:subWin; INSTANCE:1]', Text = ''
D [2016-07-19 03:16:09.212] MEmu Window not found
D [2016-07-19 03:16:09.212] Android: MEmu
D [2016-07-19 03:16:09.213] Android Config: 0
D [2016-07-19 03:16:09.213] Android Version: 2.5.0
D [2016-07-19 03:16:09.213] Android Instance: MEmu_1
D [2016-07-19 03:16:09.213] Android Window Title: MEmu 2.
D [2016-07-19 03:16:09.214] Android Program Path: C:\Program Files\Microvirt\MEmu\MEmu.exe
D [2016-07-19 03:16:09.214] Android Program Parameter: MEmu_1
D [2016-07-19 03:16:09.214] Android ADB Path: C:\Program Files\Microvirt\MEmu\adb.exe
D [2016-07-19 03:16:09.214] Android ADB Device: 127.0.0.1:21513
D [2016-07-19 03:16:09.214] Android ADB Shared Folder: /mnt/shell/emulated/0/Pictures/
D [2016-07-19 03:16:09.215] Android ADB Shared Folder on Host: C:\Users\Amin\Pictures\MEmu Photo\
D [2016-07-19 03:16:09.215] Android ADB Shared SubFolder: mybot.run\
D [2016-07-19 03:16:09.215] Android Mouse Device: Microvirt Virtual Input
D [2016-07-19 03:16:09.215] Android ADB screencap command enabled: True
D [2016-07-19 03:16:09.216] Android ADB input command enabled: False
D [2016-07-19 03:16:09.216] Android ADB Mouse Click enabled: False
D [2016-07-19 03:16:09.216] Android ADB Click Drag enabled: True
D [2016-07-19 03:16:09.222] Searching MEmu Window: Title = 'MEmu 2.', Class = '[CLASS:subWin; INSTANCE:1]', Text = ''
D [2016-07-19 03:16:09.237] MEmu Window not found
D [2016-07-19 03:16:09.237] InitAndroid(False): MEmu END, initialization successful = True
D [2016-07-19 03:16:09.237] UpdateAndroidConfig("MEmu_1") END
D [2016-07-19 03:16:09.238] Redraw MyBot Window
L [2016-07-19 03:16:09.843] Found installed MEmu 2.5.0
L [2016-07-19 03:16:09.893] Android Emulator Configuration: MEmu (instance MEmu_1)
D [2016-07-19 03:16:11.841] Redraw MyBot ControlIds (forced): 0x0015164E, 0x00151C56
L [2016-07-19 03:16:13.431] WELCOME CHIEF, YOU HAVE THE LATEST VERSION OF THE BOT
L [2016-07-19 03:16:13.437]  
L [2016-07-19 03:16:13.442] Fully working with May update
L [2016-07-19 03:16:13.446] New GUI and lots of new features
L [2016-07-19 03:16:13.450] For more information, go to 
L [2016-07-19 03:16:13.455] https://mybot.run
L [2016-07-19 03:16:13.459] 
L [2016-07-19 03:16:13.463]  Always free and open source.
D [2016-07-19 03:16:15.553] MyBot.run launch time 18615 ms.
L [2016-07-19 03:17:44.464] Closing Merged My Bot v6.1.4 All In One v2.1.4 (MEmu_1) ...
D [2016-07-19 03:17:44.473] Save Config C:\Users\Amin\Desktop\MyBot.Run\MOD AIO\MyBot-AIO-2.1.4\Profiles\MyVillage\config.ini
D [2016-07-19 03:17:44.947] Save Building Config C:\Users\Amin\Desktop\MyBot.Run\MOD AIO\MyBot-AIO-2.1.4\Profiles\MyVillage\building.ini
