D [2016-07-19 02:54:43.491] @AutoItExe: C:\Program Files (x86)\AutoIt3\AutoIt3.exe
D [2016-07-19 02:54:43.492] @ScriptFullPath: C:\Users\Amin\Desktop\MyBot.Run\MOD AIO\MyBot-AIO-2.1.4\MyBot.run.au3
D [2016-07-19 02:54:43.492] @WorkingDir: C:\Users\Amin\Desktop\MyBot.Run\MOD AIO\MyBot-AIO-2.1.4
D [2016-07-19 02:54:43.492] @AutoItPID: 1796
D [2016-07-19 02:54:43.534] DetectRunningAndroid()
D [2016-07-19 02:54:43.534] UpdateAndroidConfig("MEmu")
D [2016-07-19 02:54:43.534] InitAndroid(False): MEmu
D [2016-07-19 02:54:44.519] Cannot read MEmu guestproperty phone_layout!
D [2016-07-19 02:54:44.519] Searching MEmu Window: Title = 'MEmu 2.', Class = '[CLASS:subWin; INSTANCE:1]', Text = ''
D [2016-07-19 02:54:44.521] MEmu Window not found
D [2016-07-19 02:54:44.521] Android: MEmu
D [2016-07-19 02:54:44.521] Android Config: 0
D [2016-07-19 02:54:44.521] Android Version: 2.5.0
D [2016-07-19 02:54:44.522] Android Instance: MEmu
D [2016-07-19 02:54:44.522] Android Window Title: MEmu 2.
D [2016-07-19 02:54:44.522] Android Program Path: C:\Program Files\Microvirt\MEmu\MEmu.exe
D [2016-07-19 02:54:44.522] Android Program Parameter: MEmu
D [2016-07-19 02:54:44.522] Android ADB Path: C:\Program Files\Microvirt\MEmu\adb.exe
D [2016-07-19 02:54:44.523] Android ADB Device: 127.0.0.1:21503
D [2016-07-19 02:54:44.523] Android ADB Shared Folder: /mnt/shell/emulated/0/Pictures/
D [2016-07-19 02:54:44.523] Android ADB Shared Folder on Host: C:\Users\Amin\Pictures\MEmu Photo\
D [2016-07-19 02:54:44.523] Android ADB Shared SubFolder: mybot.run\
D [2016-07-19 02:54:44.523] Android Mouse Device: Microvirt Virtual Input
D [2016-07-19 02:54:44.524] Android ADB screencap command enabled: True
D [2016-07-19 02:54:44.524] Android ADB input command enabled: False
D [2016-07-19 02:54:44.524] Android ADB Mouse Click enabled: False
D [2016-07-19 02:54:44.524] Android ADB Click Drag enabled: True
D [2016-07-19 02:54:44.524] Searching MEmu Window: Title = 'MEmu 2.', Class = '[CLASS:subWin; INSTANCE:1]', Text = ''
D [2016-07-19 02:54:44.525] MEmu Window not found
D [2016-07-19 02:54:44.526] InitAndroid(False): MEmu END, initialization successful = True
D [2016-07-19 02:54:44.526] UpdateAndroidConfig("MEmu") END
D [2016-07-19 02:54:44.526] GetAndroidRunningInstance: Try to find "C:\Program Files\Microvirt\MEmu\MEmu.exe"
D [2016-07-19 02:54:44.532] ObjGet("winmgmts:\\.\root\cimv2")
D [2016-07-19 02:54:44.532] WMI Query: Select * from Win32_Process where ExecutablePath like "%C:\\Program Files\\Microvirt\\MEmu\\MEmu.exe%"
D [2016-07-19 02:54:44.574] Process by CommandLine not found: C:\Program Files\Microvirt\MEmu\MEmu.exe
D [2016-07-19 02:54:44.575] UpdateAndroidConfig("droid4x")
D [2016-07-19 02:54:44.575] InitAndroid(False): Droid4X
L [2016-07-19 02:54:44.576] Serious error has occurred: Cannot find Droid4X:
L [2016-07-19 02:54:44.576] C:\Program Files (x86)\Droid4X\Droid4X.exe
D [2016-07-19 02:54:44.576] InitAndroid(False): Droid4X END, initialization successful = False
D [2016-07-19 02:54:44.576] UpdateAndroidConfig("droid4x") END
D [2016-07-19 02:54:44.578] UpdateAndroidConfig("nox")
D [2016-07-19 02:54:44.578] InitAndroid(False): Nox
D [2016-07-19 02:54:45.247] Android: Nox
D [2016-07-19 02:54:45.247] Android Config: 2
D [2016-07-19 02:54:45.247] Android Version: 3.1.0.0
D [2016-07-19 02:54:45.247] Android Instance: nox
D [2016-07-19 02:54:45.248] Android Window Title: No
D [2016-07-19 02:54:45.248] Android Program Path: C:\Users\Amin\AppData\Roaming\Nox\bin\Nox.exe
D [2016-07-19 02:54:45.248] Android Program Parameter: -resolution:860x732 -dpi:160 "-clone:nox"
D [2016-07-19 02:54:45.248] Android ADB Path: C:\Program Files\Microvirt\MEmu\adb.exe
D [2016-07-19 02:54:45.248] Android ADB Device: 127.0.0.1:62001
D [2016-07-19 02:54:45.249] Android ADB Shared Folder: /mnt/shared/Other/
D [2016-07-19 02:54:45.249] Android ADB Shared Folder on Host: C:\Users\Amin\Documents\Nox_share\Other\
D [2016-07-19 02:54:45.249] Android ADB Shared SubFolder: mybot.run\
D [2016-07-19 02:54:45.249] Android Mouse Device: nox Virtual Input
D [2016-07-19 02:54:45.249] Android ADB screencap command enabled: True
D [2016-07-19 02:54:45.250] Android ADB input command enabled: False
D [2016-07-19 02:54:45.250] Android ADB Mouse Click enabled: False
D [2016-07-19 02:54:45.250] Android ADB Click Drag enabled: True
D [2016-07-19 02:54:45.250] Searching Nox Window: Title = 'No', Class = '[CLASS:Qt5QWindowIcon;INSTANCE:4]', Text = ''
D [2016-07-19 02:54:45.251] Nox Window not found
D [2016-07-19 02:54:45.252] InitAndroid(False): Nox END, initialization successful = True
D [2016-07-19 02:54:45.252] UpdateAndroidConfig("nox") END
D [2016-07-19 02:54:45.252] GetAndroidRunningInstance: Try to find "C:\Users\Amin\AppData\Roaming\Nox\bin\Nox.exe"
D [2016-07-19 02:54:45.254] ObjGet("winmgmts:\\.\root\cimv2")
D [2016-07-19 02:54:45.254] WMI Query: Select * from Win32_Process where ExecutablePath like "%C:\\Users\\Amin\\AppData\\Roaming\\Nox\\bin\\Nox.exe%"
D [2016-07-19 02:54:45.295] No process found by CommandLine: C:\Users\Amin\AppData\Roaming\Nox\bin\Nox.exe
D [2016-07-19 02:54:45.296] UpdateAndroidConfig("")
D [2016-07-19 02:54:45.296] InitAndroid(False): BlueStacks2
D [2016-07-19 02:54:45.297] BlueStacks2 Engine 'Plus'-Mode: False
D [2016-07-19 02:54:45.297] BlueStacks2 OEM Features: 2754561
D [2016-07-19 02:54:45.297] BlueStacks2 System Bar is not available
D [2016-07-19 02:54:45.297] Searching BlueStacks2 Window: Title = 'BlueStacks ', Class = '[CLASS:BlueStacksApp; INSTANCE:1]', Text = '_ctl.Window'
D [2016-07-19 02:54:45.299] BlueStacks2 Window not found
D [2016-07-19 02:54:45.299] Android: BlueStacks2
D [2016-07-19 02:54:45.299] Android Config: 3
D [2016-07-19 02:54:45.299] Android Version: 2.0.2.5623
D [2016-07-19 02:54:45.299] Android Instance: 
D [2016-07-19 02:54:45.300] Android Window Title: BlueStacks 
D [2016-07-19 02:54:45.300] Android Program Path: C:\Program Files (x86)\BlueStacks\HD-Frontend.exe
D [2016-07-19 02:54:45.300] Android Program Parameter: Android
D [2016-07-19 02:54:45.300] Android ADB Path: C:\Program Files\Microvirt\MEmu\adb.exe
D [2016-07-19 02:54:45.300] Android ADB Device: emulator-5554
D [2016-07-19 02:54:45.301] Android ADB Shared Folder: /storage/sdcard/windows/BstSharedFolder/
D [2016-07-19 02:54:45.301] Android ADB Shared Folder on Host: C:\ProgramData\BlueStacks\UserData\SharedFolder\
D [2016-07-19 02:54:45.301] Android ADB Shared SubFolder: mybot.run\
D [2016-07-19 02:54:45.301] Android Mouse Device: BlueStacks Virtual Touch
D [2016-07-19 02:54:45.301] Android ADB screencap command enabled: False
D [2016-07-19 02:54:45.302] Android ADB input command enabled: False
D [2016-07-19 02:54:45.302] Android ADB Mouse Click enabled: False
D [2016-07-19 02:54:45.302] Android ADB Click Drag enabled: False
D [2016-07-19 02:54:45.302] Searching BlueStacks2 Window: Title = 'BlueStacks ', Class = '[CLASS:BlueStacksApp; INSTANCE:1]', Text = '_ctl.Window'
D [2016-07-19 02:54:45.305] BlueStacks2 Window not found
D [2016-07-19 02:54:45.305] InitAndroid(False): BlueStacks2 END, initialization successful = True
D [2016-07-19 02:54:45.305] UpdateAndroidConfig("") END
D [2016-07-19 02:54:45.306] Searching BlueStacks2 Window: Title = 'BlueStacks ', Class = '[CLASS:BlueStacksApp; INSTANCE:1]', Text = '_ctl.Window'
D [2016-07-19 02:54:45.307] BlueStacks2 Window not found
D [2016-07-19 02:54:45.307] UpdateAndroidConfig("")
D [2016-07-19 02:54:45.307] InitAndroid(False): BlueStacks
D [2016-07-19 02:54:45.308] BlueStacks Engine 'Plus'-Mode: False
D [2016-07-19 02:54:45.308] BlueStacks OEM Features: 2754561
D [2016-07-19 02:54:45.308] BlueStacks System Bar is not available
D [2016-07-19 02:54:45.309] Searching BlueStacks Window: Title = 'BlueStacks App Player', Class = '[CLASS:BlueStacksApp; INSTANCE:1]', Text = '_ctl.Window'
D [2016-07-19 02:54:45.310] BlueStacks Window not found
L [2016-07-19 02:54:45.310] BlueStacks supported version 0.8.x - 0.11.x not found
D [2016-07-19 02:54:45.310] InitAndroid(False): BlueStacks END, initialization successful = False
D [2016-07-19 02:54:45.310] UpdateAndroidConfig("") END
D [2016-07-19 02:54:45.311] UpdateAndroidConfig("MEmu")
D [2016-07-19 02:54:45.311] InitAndroid(False): MEmu
D [2016-07-19 02:54:46.221] Cannot read MEmu guestproperty phone_layout!
D [2016-07-19 02:54:46.221] Searching MEmu Window: Title = 'MEmu 2.', Class = '[CLASS:subWin; INSTANCE:1]', Text = ''
D [2016-07-19 02:54:46.222] MEmu Window not found
D [2016-07-19 02:54:46.222] Android: MEmu
D [2016-07-19 02:54:46.222] Android Config: 0
D [2016-07-19 02:54:46.223] Android Version: 2.5.0
D [2016-07-19 02:54:46.223] Android Instance: MEmu
D [2016-07-19 02:54:46.223] Android Window Title: MEmu 2.
D [2016-07-19 02:54:46.223] Android Program Path: C:\Program Files\Microvirt\MEmu\MEmu.exe
D [2016-07-19 02:54:46.223] Android Program Parameter: MEmu
D [2016-07-19 02:54:46.223] Android ADB Path: C:\Program Files\Microvirt\MEmu\adb.exe
D [2016-07-19 02:54:46.224] Android ADB Device: 127.0.0.1:21503
D [2016-07-19 02:54:46.224] Android ADB Shared Folder: /mnt/shell/emulated/0/Pictures/
D [2016-07-19 02:54:46.224] Android ADB Shared Folder on Host: C:\Users\Amin\Pictures\MEmu Photo\
D [2016-07-19 02:54:46.224] Android ADB Shared SubFolder: mybot.run\
D [2016-07-19 02:54:46.225] Android Mouse Device: Microvirt Virtual Input
D [2016-07-19 02:54:46.225] Android ADB screencap command enabled: True
D [2016-07-19 02:54:46.225] Android ADB input command enabled: False
D [2016-07-19 02:54:46.225] Android ADB Mouse Click enabled: False
D [2016-07-19 02:54:46.225] Android ADB Click Drag enabled: True
D [2016-07-19 02:54:46.225] Searching MEmu Window: Title = 'MEmu 2.', Class = '[CLASS:subWin; INSTANCE:1]', Text = ''
D [2016-07-19 02:54:46.226] MEmu Window not found
D [2016-07-19 02:54:46.227] InitAndroid(False): MEmu END, initialization successful = True
D [2016-07-19 02:54:46.227] UpdateAndroidConfig("MEmu") END
D [2016-07-19 02:54:46.227] Found no running Android Emulator
D [2016-07-19 02:54:46.227] DetectInstalledAndroid()
D [2016-07-19 02:54:46.227] UpdateAndroidConfig("MEmu")
D [2016-07-19 02:54:46.228] InitAndroid(False): MEmu
D [2016-07-19 02:54:47.136] Cannot read MEmu guestproperty phone_layout!
D [2016-07-19 02:54:47.136] Searching MEmu Window: Title = 'MEmu 2.', Class = '[CLASS:subWin; INSTANCE:1]', Text = ''
D [2016-07-19 02:54:47.138] MEmu Window not found
D [2016-07-19 02:54:47.138] Android: MEmu
D [2016-07-19 02:54:47.138] Android Config: 0
D [2016-07-19 02:54:47.138] Android Version: 2.5.0
D [2016-07-19 02:54:47.138] Android Instance: MEmu
D [2016-07-19 02:54:47.139] Android Window Title: MEmu 2.
D [2016-07-19 02:54:47.139] Android Program Path: C:\Program Files\Microvirt\MEmu\MEmu.exe
D [2016-07-19 02:54:47.139] Android Program Parameter: MEmu
D [2016-07-19 02:54:47.139] Android ADB Path: C:\Program Files\Microvirt\MEmu\adb.exe
D [2016-07-19 02:54:47.139] Android ADB Device: 127.0.0.1:21503
D [2016-07-19 02:54:47.140] Android ADB Shared Folder: /mnt/shell/emulated/0/Pictures/
D [2016-07-19 02:54:47.140] Android ADB Shared Folder on Host: C:\Users\Amin\Pictures\MEmu Photo\
D [2016-07-19 02:54:47.140] Android ADB Shared SubFolder: mybot.run\
D [2016-07-19 02:54:47.140] Android Mouse Device: Microvirt Virtual Input
D [2016-07-19 02:54:47.140] Android ADB screencap command enabled: True
D [2016-07-19 02:54:47.141] Android ADB input command enabled: False
D [2016-07-19 02:54:47.141] Android ADB Mouse Click enabled: False
D [2016-07-19 02:54:47.141] Android ADB Click Drag enabled: True
D [2016-07-19 02:54:47.141] Searching MEmu Window: Title = 'MEmu 2.', Class = '[CLASS:subWin; INSTANCE:1]', Text = ''
D [2016-07-19 02:54:47.142] MEmu Window not found
D [2016-07-19 02:54:47.142] InitAndroid(False): MEmu END, initialization successful = True
D [2016-07-19 02:54:47.143] UpdateAndroidConfig("MEmu") END
D [2016-07-19 02:54:47.143] Found installed MEmu 2.5.0
D [2016-07-19 02:54:47.144] My Bot is the only running instance
D [2016-07-19 02:54:49.276] UpdateAndroidConfig("MEmu")
D [2016-07-19 02:54:49.276] InitAndroid(False): MEmu
D [2016-07-19 02:54:50.198] Cannot read MEmu guestproperty phone_layout!
D [2016-07-19 02:54:50.198] Searching MEmu Window: Title = 'MEmu 2.', Class = '[CLASS:subWin; INSTANCE:1]', Text = ''
D [2016-07-19 02:54:50.202] MEmu Window not found
D [2016-07-19 02:54:50.202] Android: MEmu
D [2016-07-19 02:54:50.202] Android Config: 0
D [2016-07-19 02:54:50.202] Android Version: 2.5.0
D [2016-07-19 02:54:50.203] Android Instance: MEmu
D [2016-07-19 02:54:50.203] Android Window Title: MEmu 2.
D [2016-07-19 02:54:50.203] Android Program Path: C:\Program Files\Microvirt\MEmu\MEmu.exe
D [2016-07-19 02:54:50.203] Android Program Parameter: MEmu
D [2016-07-19 02:54:50.203] Android ADB Path: C:\Program Files\Microvirt\MEmu\adb.exe
D [2016-07-19 02:54:50.204] Android ADB Device: 127.0.0.1:21503
D [2016-07-19 02:54:50.204] Android ADB Shared Folder: /mnt/shell/emulated/0/Pictures/
D [2016-07-19 02:54:50.204] Android ADB Shared Folder on Host: C:\Users\Amin\Pictures\MEmu Photo\
D [2016-07-19 02:54:50.204] Android ADB Shared SubFolder: mybot.run\
D [2016-07-19 02:54:50.204] Android Mouse Device: Microvirt Virtual Input
D [2016-07-19 02:54:50.205] Android ADB screencap command enabled: True
D [2016-07-19 02:54:50.205] Android ADB input command enabled: False
D [2016-07-19 02:54:50.205] Android ADB Mouse Click enabled: False
D [2016-07-19 02:54:50.205] Android ADB Click Drag enabled: True
D [2016-07-19 02:54:50.205] Searching MEmu Window: Title = 'MEmu 2.', Class = '[CLASS:subWin; INSTANCE:1]', Text = ''
D [2016-07-19 02:54:50.208] MEmu Window not found
D [2016-07-19 02:54:50.208] InitAndroid(False): MEmu END, initialization successful = True
D [2016-07-19 02:54:50.208] UpdateAndroidConfig("MEmu") END
D [2016-07-19 02:54:50.208] UpdateAndroidConfig("droid4x")
D [2016-07-19 02:54:50.209] InitAndroid(False): Droid4X
L [2016-07-19 02:54:50.209] Serious error has occurred: Cannot find Droid4X:
L [2016-07-19 02:54:50.209] C:\Program Files (x86)\Droid4X\Droid4X.exe
D [2016-07-19 02:54:50.210] InitAndroid(False): Droid4X END, initialization successful = False
D [2016-07-19 02:54:50.210] UpdateAndroidConfig("droid4x") END
D [2016-07-19 02:54:50.210] UpdateAndroidConfig("nox")
D [2016-07-19 02:54:50.210] InitAndroid(False): Nox
D [2016-07-19 02:54:50.892] Android: Nox
D [2016-07-19 02:54:50.892] Android Config: 2
D [2016-07-19 02:54:50.892] Android Version: 3.1.0.0
D [2016-07-19 02:54:50.892] Android Instance: nox
D [2016-07-19 02:54:50.892] Android Window Title: No
D [2016-07-19 02:54:50.893] Android Program Path: C:\Users\Amin\AppData\Roaming\Nox\bin\Nox.exe
D [2016-07-19 02:54:50.893] Android Program Parameter: -resolution:860x732 -dpi:160 "-clone:nox"
D [2016-07-19 02:54:50.893] Android ADB Path: C:\Program Files\Microvirt\MEmu\adb.exe
D [2016-07-19 02:54:50.893] Android ADB Device: 127.0.0.1:62001
D [2016-07-19 02:54:50.893] Android ADB Shared Folder: /mnt/shared/Other/
D [2016-07-19 02:54:50.894] Android ADB Shared Folder on Host: C:\Users\Amin\Documents\Nox_share\Other\
D [2016-07-19 02:54:50.894] Android ADB Shared SubFolder: mybot.run\
D [2016-07-19 02:54:50.894] Android Mouse Device: nox Virtual Input
D [2016-07-19 02:54:50.894] Android ADB screencap command enabled: True
D [2016-07-19 02:54:50.894] Android ADB input command enabled: False
D [2016-07-19 02:54:50.895] Android ADB Mouse Click enabled: False
D [2016-07-19 02:54:50.895] Android ADB Click Drag enabled: True
D [2016-07-19 02:54:50.895] Searching Nox Window: Title = 'No', Class = '[CLASS:Qt5QWindowIcon;INSTANCE:4]', Text = ''
D [2016-07-19 02:54:50.898] Nox Window not found
D [2016-07-19 02:54:50.898] InitAndroid(False): Nox END, initialization successful = True
D [2016-07-19 02:54:50.898] UpdateAndroidConfig("nox") END
D [2016-07-19 02:54:50.898] UpdateAndroidConfig("")
D [2016-07-19 02:54:50.898] InitAndroid(False): BlueStacks2
D [2016-07-19 02:54:50.899] BlueStacks2 Engine 'Plus'-Mode: False
D [2016-07-19 02:54:50.899] BlueStacks2 OEM Features: 2754561
D [2016-07-19 02:54:50.899] BlueStacks2 System Bar is not available
D [2016-07-19 02:54:50.900] Searching BlueStacks2 Window: Title = 'BlueStacks ', Class = '[CLASS:BlueStacksApp; INSTANCE:1]', Text = '_ctl.Window'
D [2016-07-19 02:54:50.902] BlueStacks2 Window not found
D [2016-07-19 02:54:50.902] Android: BlueStacks2
D [2016-07-19 02:54:50.903] Android Config: 3
D [2016-07-19 02:54:50.903] Android Version: 2.0.2.5623
D [2016-07-19 02:54:50.903] Android Instance: 
D [2016-07-19 02:54:50.903] Android Window Title: BlueStacks 
D [2016-07-19 02:54:50.903] Android Program Path: C:\Program Files (x86)\BlueStacks\HD-Frontend.exe
D [2016-07-19 02:54:50.903] Android Program Parameter: Android
D [2016-07-19 02:54:50.905] Android ADB Path: C:\Program Files\Microvirt\MEmu\adb.exe
D [2016-07-19 02:54:50.905] Android ADB Device: emulator-5554
D [2016-07-19 02:54:50.905] Android ADB Shared Folder: /storage/sdcard/windows/BstSharedFolder/
D [2016-07-19 02:54:50.906] Android ADB Shared Folder on Host: C:\ProgramData\BlueStacks\UserData\SharedFolder\
D [2016-07-19 02:54:50.906] Android ADB Shared SubFolder: mybot.run\
D [2016-07-19 02:54:50.906] Android Mouse Device: BlueStacks Virtual Touch
D [2016-07-19 02:54:50.906] Android ADB screencap command enabled: False
D [2016-07-19 02:54:50.906] Android ADB input command enabled: False
D [2016-07-19 02:54:50.906] Android ADB Mouse Click enabled: False
D [2016-07-19 02:54:50.907] Android ADB Click Drag enabled: False
D [2016-07-19 02:54:50.907] Searching BlueStacks2 Window: Title = 'BlueStacks ', Class = '[CLASS:BlueStacksApp; INSTANCE:1]', Text = '_ctl.Window'
D [2016-07-19 02:54:50.910] BlueStacks2 Window not found
D [2016-07-19 02:54:50.911] InitAndroid(False): BlueStacks2 END, initialization successful = True
D [2016-07-19 02:54:50.911] UpdateAndroidConfig("") END
D [2016-07-19 02:54:50.911] UpdateAndroidConfig("")
D [2016-07-19 02:54:50.911] InitAndroid(False): BlueStacks
D [2016-07-19 02:54:50.912] BlueStacks Engine 'Plus'-Mode: False
D [2016-07-19 02:54:50.912] BlueStacks OEM Features: 2754561
D [2016-07-19 02:54:50.912] BlueStacks System Bar is not available
D [2016-07-19 02:54:50.912] Searching BlueStacks Window: Title = 'BlueStacks App Player', Class = '[CLASS:BlueStacksApp; INSTANCE:1]', Text = '_ctl.Window'
D [2016-07-19 02:54:50.915] BlueStacks Window not found
L [2016-07-19 02:54:50.915] BlueStacks supported version 0.8.x - 0.11.x not found
D [2016-07-19 02:54:50.915] InitAndroid(False): BlueStacks END, initialization successful = False
D [2016-07-19 02:54:50.916] UpdateAndroidConfig("") END
D [2016-07-19 02:54:50.916] UpdateAndroidConfig("MEmu")
D [2016-07-19 02:54:50.916] InitAndroid(False): MEmu
D [2016-07-19 02:54:51.842] Cannot read MEmu guestproperty phone_layout!
D [2016-07-19 02:54:51.842] Searching MEmu Window: Title = 'MEmu 2.', Class = '[CLASS:subWin; INSTANCE:1]', Text = ''
D [2016-07-19 02:54:51.845] MEmu Window not found
D [2016-07-19 02:54:51.846] Android: MEmu
D [2016-07-19 02:54:51.846] Android Config: 0
D [2016-07-19 02:54:51.846] Android Version: 2.5.0
D [2016-07-19 02:54:51.846] Android Instance: MEmu
D [2016-07-19 02:54:51.846] Android Window Title: MEmu 2.
D [2016-07-19 02:54:51.846] Android Program Path: C:\Program Files\Microvirt\MEmu\MEmu.exe
D [2016-07-19 02:54:51.847] Android Program Parameter: MEmu
D [2016-07-19 02:54:51.847] Android ADB Path: C:\Program Files\Microvirt\MEmu\adb.exe
D [2016-07-19 02:54:51.847] Android ADB Device: 127.0.0.1:21503
D [2016-07-19 02:54:51.847] Android ADB Shared Folder: /mnt/shell/emulated/0/Pictures/
D [2016-07-19 02:54:51.848] Android ADB Shared Folder on Host: C:\Users\Amin\Pictures\MEmu Photo\
D [2016-07-19 02:54:51.848] Android ADB Shared SubFolder: mybot.run\
D [2016-07-19 02:54:51.848] Android Mouse Device: Microvirt Virtual Input
D [2016-07-19 02:54:51.848] Android ADB screencap command enabled: True
D [2016-07-19 02:54:51.848] Android ADB input command enabled: False
D [2016-07-19 02:54:51.848] Android ADB Mouse Click enabled: False
D [2016-07-19 02:54:51.849] Android ADB Click Drag enabled: True
D [2016-07-19 02:54:51.849] Searching MEmu Window: Title = 'MEmu 2.', Class = '[CLASS:subWin; INSTANCE:1]', Text = ''
D [2016-07-19 02:54:51.852] MEmu Window not found
D [2016-07-19 02:54:51.852] InitAndroid(False): MEmu END, initialization successful = True
D [2016-07-19 02:54:51.853] UpdateAndroidConfig("MEmu") END
D [2016-07-19 02:54:52.229] Read Building Config C:\Users\Amin\Desktop\MyBot.Run\MOD AIO\MyBot-AIO-2.1.4\Profiles\MyVillage\building.ini
D [2016-07-19 02:54:52.240] Read Config C:\Users\Amin\Desktop\MyBot.Run\MOD AIO\MyBot-AIO-2.1.4\Profiles\MyVillage\config.ini
D [2016-07-19 02:54:52.294] Apply Config
D [2016-07-19 02:54:52.387] UpdateAndroidConfig("MEmu_1")
D [2016-07-19 02:54:52.387] InitAndroid(False): MEmu
D [2016-07-19 02:54:53.327] Cannot read MEmu guestproperty phone_layout!
D [2016-07-19 02:54:53.327] Searching MEmu Window: Title = 'MEmu 2.', Class = '[CLASS:subWin; INSTANCE:1]', Text = ''
D [2016-07-19 02:54:53.332] MEmu Window not found
D [2016-07-19 02:54:53.332] Android: MEmu
D [2016-07-19 02:54:53.332] Android Config: 0
D [2016-07-19 02:54:53.332] Android Version: 2.5.0
D [2016-07-19 02:54:53.333] Android Instance: MEmu_1
D [2016-07-19 02:54:53.333] Android Window Title: MEmu 2.
D [2016-07-19 02:54:53.333] Android Program Path: C:\Program Files\Microvirt\MEmu\MEmu.exe
D [2016-07-19 02:54:53.333] Android Program Parameter: MEmu_1
D [2016-07-19 02:54:53.334] Android ADB Path: C:\Program Files\Microvirt\MEmu\adb.exe
D [2016-07-19 02:54:53.334] Android ADB Device: 127.0.0.1:21513
D [2016-07-19 02:54:53.334] Android ADB Shared Folder: /mnt/shell/emulated/0/Pictures/
D [2016-07-19 02:54:53.334] Android ADB Shared Folder on Host: C:\Users\Amin\Pictures\MEmu Photo\
D [2016-07-19 02:54:53.335] Android ADB Shared SubFolder: mybot.run\
D [2016-07-19 02:54:53.335] Android Mouse Device: Microvirt Virtual Input
D [2016-07-19 02:54:53.335] Android ADB screencap command enabled: True
D [2016-07-19 02:54:53.335] Android ADB input command enabled: False
D [2016-07-19 02:54:53.335] Android ADB Mouse Click enabled: False
D [2016-07-19 02:54:53.336] Android ADB Click Drag enabled: True
D [2016-07-19 02:54:53.336] Searching MEmu Window: Title = 'MEmu 2.', Class = '[CLASS:subWin; INSTANCE:1]', Text = ''
D [2016-07-19 02:54:53.339] MEmu Window not found
D [2016-07-19 02:54:53.339] InitAndroid(False): MEmu END, initialization successful = True
D [2016-07-19 02:54:53.339] UpdateAndroidConfig("MEmu_1") END
D [2016-07-19 02:54:53.355] Redraw MyBot Window
L [2016-07-19 02:54:54.094] Found installed MEmu 2.5.0
L [2016-07-19 02:54:54.098] Android Emulator Configuration: MEmu (instance MEmu_1)
L [2016-07-19 02:54:57.071] WELCOME CHIEF, YOU HAVE THE LATEST VERSION OF THE BOT
L [2016-07-19 02:54:57.076]  
L [2016-07-19 02:54:57.079] Fully working with May update
L [2016-07-19 02:54:57.081] New GUI and lots of new features
L [2016-07-19 02:54:57.083] For more information, go to 
L [2016-07-19 02:54:57.086] https://mybot.run
L [2016-07-19 02:54:57.088] 
L [2016-07-19 02:54:57.090]  Always free and open source.
D [2016-07-19 02:54:58.422] MyBot.run launch time 14940 ms.
L [2016-07-19 02:55:53.781] Closing Merged My Bot v6.1.4 All In One v2.1.4 (MEmu_1) ...
D [2016-07-19 02:55:53.789] Save Config C:\Users\Amin\Desktop\MyBot.Run\MOD AIO\MyBot-AIO-2.1.4\Profiles\MyVillage\config.ini
D [2016-07-19 02:55:55.294] Save Building Config C:\Users\Amin\Desktop\MyBot.Run\MOD AIO\MyBot-AIO-2.1.4\Profiles\MyVillage\building.ini
