D [2016-07-19 02:39:27.460] @AutoItExe: C:\Program Files (x86)\AutoIt3\AutoIt3.exe
D [2016-07-19 02:39:27.460] @ScriptFullPath: C:\Users\Amin\Desktop\MyBot.Run\MOD AIO\MyBot-AIO-2.1.4\MyBot.run.au3
D [2016-07-19 02:39:27.460] @WorkingDir: C:\Users\Amin\Desktop\MyBot.Run\MOD AIO\MyBot-AIO-2.1.4
D [2016-07-19 02:39:27.461] @AutoItPID: 2072
D [2016-07-19 02:39:27.480] DetectRunningAndroid()
D [2016-07-19 02:39:27.480] UpdateAndroidConfig("MEmu")
D [2016-07-19 02:39:27.480] InitAndroid(False): MEmu
D [2016-07-19 02:39:28.477] Cannot read MEmu guestproperty phone_layout!
D [2016-07-19 02:39:28.477] Searching MEmu Window: Title = 'MEmu 2.', Class = '[CLASS:subWin; INSTANCE:1]', Text = ''
D [2016-07-19 02:39:28.480] MEmu Window not found
D [2016-07-19 02:39:28.480] Android: MEmu
D [2016-07-19 02:39:28.480] Android Config: 0
D [2016-07-19 02:39:28.480] Android Version: 2.5.0
D [2016-07-19 02:39:28.480] Android Instance: MEmu
D [2016-07-19 02:39:28.481] Android Window Title: MEmu 2.
D [2016-07-19 02:39:28.481] Android Program Path: C:\Program Files\Microvirt\MEmu\MEmu.exe
D [2016-07-19 02:39:28.481] Android Program Parameter: MEmu
D [2016-07-19 02:39:28.481] Android ADB Path: C:\Program Files\Microvirt\MEmu\adb.exe
D [2016-07-19 02:39:28.481] Android ADB Device: 127.0.0.1:21503
D [2016-07-19 02:39:28.481] Android ADB Shared Folder: /mnt/shell/emulated/0/Pictures/
D [2016-07-19 02:39:28.482] Android ADB Shared Folder on Host: C:\Users\Amin\Pictures\MEmu Photo\
D [2016-07-19 02:39:28.482] Android ADB Shared SubFolder: mybot.run\
D [2016-07-19 02:39:28.482] Android Mouse Device: Microvirt Virtual Input
D [2016-07-19 02:39:28.482] Android ADB screencap command enabled: True
D [2016-07-19 02:39:28.482] Android ADB input command enabled: False
D [2016-07-19 02:39:28.483] Android ADB Mouse Click enabled: False
D [2016-07-19 02:39:28.483] Android ADB Click Drag enabled: True
D [2016-07-19 02:39:28.483] Searching MEmu Window: Title = 'MEmu 2.', Class = '[CLASS:subWin; INSTANCE:1]', Text = ''
D [2016-07-19 02:39:28.484] MEmu Window not found
D [2016-07-19 02:39:28.484] InitAndroid(False): MEmu END, initialization successful = True
D [2016-07-19 02:39:28.485] UpdateAndroidConfig("MEmu") END
D [2016-07-19 02:39:28.485] GetAndroidRunningInstance: Try to find "C:\Program Files\Microvirt\MEmu\MEmu.exe"
D [2016-07-19 02:39:28.492] ObjGet("winmgmts:\\.\root\cimv2")
D [2016-07-19 02:39:28.492] WMI Query: Select * from Win32_Process where ExecutablePath like "%C:\\Program Files\\Microvirt\\MEmu\\MEmu.exe%"
D [2016-07-19 02:39:28.537] Process by CommandLine not found: C:\Program Files\Microvirt\MEmu\MEmu.exe
D [2016-07-19 02:39:28.537] UpdateAndroidConfig("droid4x")
D [2016-07-19 02:39:28.538] InitAndroid(False): Droid4X
L [2016-07-19 02:39:28.538] Serious error has occurred: Cannot find Droid4X:
L [2016-07-19 02:39:28.539] C:\Program Files (x86)\Droid4X\Droid4X.exe
D [2016-07-19 02:39:28.539] InitAndroid(False): Droid4X END, initialization successful = False
D [2016-07-19 02:39:28.539] UpdateAndroidConfig("droid4x") END
D [2016-07-19 02:39:28.539] UpdateAndroidConfig("nox")
D [2016-07-19 02:39:28.540] InitAndroid(False): Nox
D [2016-07-19 02:39:29.221] Android: Nox
D [2016-07-19 02:39:29.221] Android Config: 2
D [2016-07-19 02:39:29.221] Android Version: 3.1.0.0
D [2016-07-19 02:39:29.221] Android Instance: nox
D [2016-07-19 02:39:29.222] Android Window Title: No
D [2016-07-19 02:39:29.222] Android Program Path: C:\Users\Amin\AppData\Roaming\Nox\bin\Nox.exe
D [2016-07-19 02:39:29.222] Android Program Parameter: -resolution:860x732 -dpi:160 "-clone:nox"
D [2016-07-19 02:39:29.222] Android ADB Path: C:\Program Files\Microvirt\MEmu\adb.exe
D [2016-07-19 02:39:29.222] Android ADB Device: 127.0.0.1:62001
D [2016-07-19 02:39:29.223] Android ADB Shared Folder: /mnt/shared/Other/
D [2016-07-19 02:39:29.223] Android ADB Shared Folder on Host: C:\Users\Amin\Documents\Nox_share\Other\
D [2016-07-19 02:39:29.223] Android ADB Shared SubFolder: mybot.run\
D [2016-07-19 02:39:29.223] Android Mouse Device: nox Virtual Input
D [2016-07-19 02:39:29.223] Android ADB screencap command enabled: True
D [2016-07-19 02:39:29.224] Android ADB input command enabled: False
D [2016-07-19 02:39:29.224] Android ADB Mouse Click enabled: False
D [2016-07-19 02:39:29.224] Android ADB Click Drag enabled: True
D [2016-07-19 02:39:29.224] Searching Nox Window: Title = 'No', Class = '[CLASS:Qt5QWindowIcon;INSTANCE:4]', Text = ''
D [2016-07-19 02:39:29.225] Nox Window not found
D [2016-07-19 02:39:29.226] InitAndroid(False): Nox END, initialization successful = True
D [2016-07-19 02:39:29.226] UpdateAndroidConfig("nox") END
D [2016-07-19 02:39:29.226] GetAndroidRunningInstance: Try to find "C:\Users\Amin\AppData\Roaming\Nox\bin\Nox.exe"
D [2016-07-19 02:39:29.228] ObjGet("winmgmts:\\.\root\cimv2")
D [2016-07-19 02:39:29.228] WMI Query: Select * from Win32_Process where ExecutablePath like "%C:\\Users\\Amin\\AppData\\Roaming\\Nox\\bin\\Nox.exe%"
D [2016-07-19 02:39:29.270] No process found by CommandLine: C:\Users\Amin\AppData\Roaming\Nox\bin\Nox.exe
D [2016-07-19 02:39:29.270] UpdateAndroidConfig("")
D [2016-07-19 02:39:29.270] InitAndroid(False): BlueStacks2
D [2016-07-19 02:39:29.271] BlueStacks2 Engine 'Plus'-Mode: False
D [2016-07-19 02:39:29.271] BlueStacks2 OEM Features: 2754561
D [2016-07-19 02:39:29.271] BlueStacks2 System Bar is not available
D [2016-07-19 02:39:29.272] Searching BlueStacks2 Window: Title = 'BlueStacks ', Class = '[CLASS:BlueStacksApp; INSTANCE:1]', Text = '_ctl.Window'
D [2016-07-19 02:39:29.273] BlueStacks2 Window not found
D [2016-07-19 02:39:29.273] Android: BlueStacks2
D [2016-07-19 02:39:29.273] Android Config: 3
D [2016-07-19 02:39:29.273] Android Version: 2.0.2.5623
D [2016-07-19 02:39:29.274] Android Instance: 
D [2016-07-19 02:39:29.274] Android Window Title: BlueStacks 
D [2016-07-19 02:39:29.274] Android Program Path: C:\Program Files (x86)\BlueStacks\HD-Frontend.exe
D [2016-07-19 02:39:29.274] Android Program Parameter: Android
D [2016-07-19 02:39:29.274] Android ADB Path: C:\Program Files\Microvirt\MEmu\adb.exe
D [2016-07-19 02:39:29.274] Android ADB Device: emulator-5554
D [2016-07-19 02:39:29.275] Android ADB Shared Folder: /storage/sdcard/windows/BstSharedFolder/
D [2016-07-19 02:39:29.275] Android ADB Shared Folder on Host: C:\ProgramData\BlueStacks\UserData\SharedFolder\
D [2016-07-19 02:39:29.275] Android ADB Shared SubFolder: mybot.run\
D [2016-07-19 02:39:29.275] Android Mouse Device: BlueStacks Virtual Touch
D [2016-07-19 02:39:29.276] Android ADB screencap command enabled: False
D [2016-07-19 02:39:29.276] Android ADB input command enabled: False
D [2016-07-19 02:39:29.276] Android ADB Mouse Click enabled: False
D [2016-07-19 02:39:29.276] Android ADB Click Drag enabled: False
D [2016-07-19 02:39:29.276] Searching BlueStacks2 Window: Title = 'BlueStacks ', Class = '[CLASS:BlueStacksApp; INSTANCE:1]', Text = '_ctl.Window'
D [2016-07-19 02:39:29.277] BlueStacks2 Window not found
D [2016-07-19 02:39:29.278] InitAndroid(False): BlueStacks2 END, initialization successful = True
D [2016-07-19 02:39:29.278] UpdateAndroidConfig("") END
D [2016-07-19 02:39:29.278] Searching BlueStacks2 Window: Title = 'BlueStacks ', Class = '[CLASS:BlueStacksApp; INSTANCE:1]', Text = '_ctl.Window'
D [2016-07-19 02:39:29.279] BlueStacks2 Window not found
D [2016-07-19 02:39:29.280] UpdateAndroidConfig("")
D [2016-07-19 02:39:29.280] InitAndroid(False): BlueStacks
D [2016-07-19 02:39:29.280] BlueStacks Engine 'Plus'-Mode: False
D [2016-07-19 02:39:29.281] BlueStacks OEM Features: 2754561
D [2016-07-19 02:39:29.281] BlueStacks System Bar is not available
D [2016-07-19 02:39:29.281] Searching BlueStacks Window: Title = 'BlueStacks App Player', Class = '[CLASS:BlueStacksApp; INSTANCE:1]', Text = '_ctl.Window'
D [2016-07-19 02:39:29.282] BlueStacks Window not found
L [2016-07-19 02:39:29.283] BlueStacks supported version 0.8.x - 0.11.x not found
D [2016-07-19 02:39:29.283] InitAndroid(False): BlueStacks END, initialization successful = False
D [2016-07-19 02:39:29.283] UpdateAndroidConfig("") END
D [2016-07-19 02:39:29.283] UpdateAndroidConfig("MEmu")
D [2016-07-19 02:39:29.283] InitAndroid(False): MEmu
D [2016-07-19 02:39:30.200] Cannot read MEmu guestproperty phone_layout!
D [2016-07-19 02:39:30.200] Searching MEmu Window: Title = 'MEmu 2.', Class = '[CLASS:subWin; INSTANCE:1]', Text = ''
D [2016-07-19 02:39:30.201] MEmu Window not found
D [2016-07-19 02:39:30.201] Android: MEmu
D [2016-07-19 02:39:30.202] Android Config: 0
D [2016-07-19 02:39:30.202] Android Version: 2.5.0
D [2016-07-19 02:39:30.202] Android Instance: MEmu
D [2016-07-19 02:39:30.202] Android Window Title: MEmu 2.
D [2016-07-19 02:39:30.202] Android Program Path: C:\Program Files\Microvirt\MEmu\MEmu.exe
D [2016-07-19 02:39:30.203] Android Program Parameter: MEmu
D [2016-07-19 02:39:30.203] Android ADB Path: C:\Program Files\Microvirt\MEmu\adb.exe
D [2016-07-19 02:39:30.203] Android ADB Device: 127.0.0.1:21503
D [2016-07-19 02:39:30.203] Android ADB Shared Folder: /mnt/shell/emulated/0/Pictures/
D [2016-07-19 02:39:30.204] Android ADB Shared Folder on Host: C:\Users\Amin\Pictures\MEmu Photo\
D [2016-07-19 02:39:30.204] Android ADB Shared SubFolder: mybot.run\
D [2016-07-19 02:39:30.204] Android Mouse Device: Microvirt Virtual Input
D [2016-07-19 02:39:30.204] Android ADB screencap command enabled: True
D [2016-07-19 02:39:30.204] Android ADB input command enabled: False
D [2016-07-19 02:39:30.205] Android ADB Mouse Click enabled: False
D [2016-07-19 02:39:30.205] Android ADB Click Drag enabled: True
D [2016-07-19 02:39:30.205] Searching MEmu Window: Title = 'MEmu 2.', Class = '[CLASS:subWin; INSTANCE:1]', Text = ''
D [2016-07-19 02:39:30.206] MEmu Window not found
D [2016-07-19 02:39:30.206] InitAndroid(False): MEmu END, initialization successful = True
D [2016-07-19 02:39:30.208] UpdateAndroidConfig("MEmu") END
D [2016-07-19 02:39:30.208] Found no running Android Emulator
D [2016-07-19 02:39:30.208] DetectInstalledAndroid()
D [2016-07-19 02:39:30.208] UpdateAndroidConfig("MEmu")
D [2016-07-19 02:39:30.208] InitAndroid(False): MEmu
D [2016-07-19 02:39:31.111] Cannot read MEmu guestproperty phone_layout!
D [2016-07-19 02:39:31.111] Searching MEmu Window: Title = 'MEmu 2.', Class = '[CLASS:subWin; INSTANCE:1]', Text = ''
D [2016-07-19 02:39:31.113] MEmu Window not found
D [2016-07-19 02:39:31.113] Android: MEmu
D [2016-07-19 02:39:31.113] Android Config: 0
D [2016-07-19 02:39:31.113] Android Version: 2.5.0
D [2016-07-19 02:39:31.113] Android Instance: MEmu
D [2016-07-19 02:39:31.114] Android Window Title: MEmu 2.
D [2016-07-19 02:39:31.114] Android Program Path: C:\Program Files\Microvirt\MEmu\MEmu.exe
D [2016-07-19 02:39:31.114] Android Program Parameter: MEmu
D [2016-07-19 02:39:31.114] Android ADB Path: C:\Program Files\Microvirt\MEmu\adb.exe
D [2016-07-19 02:39:31.114] Android ADB Device: 127.0.0.1:21503
D [2016-07-19 02:39:31.115] Android ADB Shared Folder: /mnt/shell/emulated/0/Pictures/
D [2016-07-19 02:39:31.115] Android ADB Shared Folder on Host: C:\Users\Amin\Pictures\MEmu Photo\
D [2016-07-19 02:39:31.115] Android ADB Shared SubFolder: mybot.run\
D [2016-07-19 02:39:31.115] Android Mouse Device: Microvirt Virtual Input
D [2016-07-19 02:39:31.115] Android ADB screencap command enabled: True
D [2016-07-19 02:39:31.116] Android ADB input command enabled: False
D [2016-07-19 02:39:31.116] Android ADB Mouse Click enabled: False
D [2016-07-19 02:39:31.116] Android ADB Click Drag enabled: True
D [2016-07-19 02:39:31.116] Searching MEmu Window: Title = 'MEmu 2.', Class = '[CLASS:subWin; INSTANCE:1]', Text = ''
D [2016-07-19 02:39:31.117] MEmu Window not found
D [2016-07-19 02:39:31.118] InitAndroid(False): MEmu END, initialization successful = True
D [2016-07-19 02:39:31.118] UpdateAndroidConfig("MEmu") END
D [2016-07-19 02:39:31.118] Found installed MEmu 2.5.0
D [2016-07-19 02:39:31.119] My Bot is the only running instance
D [2016-07-19 02:39:33.515] UpdateAndroidConfig("MEmu")
D [2016-07-19 02:39:33.516] InitAndroid(False): MEmu
D [2016-07-19 02:39:34.450] Cannot read MEmu guestproperty phone_layout!
D [2016-07-19 02:39:34.451] Searching MEmu Window: Title = 'MEmu 2.', Class = '[CLASS:subWin; INSTANCE:1]', Text = ''
D [2016-07-19 02:39:34.454] MEmu Window not found
D [2016-07-19 02:39:34.454] Android: MEmu
D [2016-07-19 02:39:34.454] Android Config: 0
D [2016-07-19 02:39:34.455] Android Version: 2.5.0
D [2016-07-19 02:39:34.455] Android Instance: MEmu
D [2016-07-19 02:39:34.455] Android Window Title: MEmu 2.
D [2016-07-19 02:39:34.455] Android Program Path: C:\Program Files\Microvirt\MEmu\MEmu.exe
D [2016-07-19 02:39:34.455] Android Program Parameter: MEmu
D [2016-07-19 02:39:34.456] Android ADB Path: C:\Program Files\Microvirt\MEmu\adb.exe
D [2016-07-19 02:39:34.456] Android ADB Device: 127.0.0.1:21503
D [2016-07-19 02:39:34.456] Android ADB Shared Folder: /mnt/shell/emulated/0/Pictures/
D [2016-07-19 02:39:34.456] Android ADB Shared Folder on Host: C:\Users\Amin\Pictures\MEmu Photo\
D [2016-07-19 02:39:34.457] Android ADB Shared SubFolder: mybot.run\
D [2016-07-19 02:39:34.457] Android Mouse Device: Microvirt Virtual Input
D [2016-07-19 02:39:34.457] Android ADB screencap command enabled: True
D [2016-07-19 02:39:34.457] Android ADB input command enabled: False
D [2016-07-19 02:39:34.457] Android ADB Mouse Click enabled: False
D [2016-07-19 02:39:34.457] Android ADB Click Drag enabled: True
D [2016-07-19 02:39:34.458] Searching MEmu Window: Title = 'MEmu 2.', Class = '[CLASS:subWin; INSTANCE:1]', Text = ''
D [2016-07-19 02:39:34.460] MEmu Window not found
D [2016-07-19 02:39:34.460] InitAndroid(False): MEmu END, initialization successful = True
D [2016-07-19 02:39:34.461] UpdateAndroidConfig("MEmu") END
D [2016-07-19 02:39:34.461] UpdateAndroidConfig("droid4x")
D [2016-07-19 02:39:34.461] InitAndroid(False): Droid4X
L [2016-07-19 02:39:34.462] Serious error has occurred: Cannot find Droid4X:
L [2016-07-19 02:39:34.462] C:\Program Files (x86)\Droid4X\Droid4X.exe
D [2016-07-19 02:39:34.462] InitAndroid(False): Droid4X END, initialization successful = False
D [2016-07-19 02:39:34.462] UpdateAndroidConfig("droid4x") END
D [2016-07-19 02:39:34.463] UpdateAndroidConfig("nox")
D [2016-07-19 02:39:34.463] InitAndroid(False): Nox
D [2016-07-19 02:39:35.145] Android: Nox
D [2016-07-19 02:39:35.145] Android Config: 2
D [2016-07-19 02:39:35.145] Android Version: 3.1.0.0
D [2016-07-19 02:39:35.145] Android Instance: nox
D [2016-07-19 02:39:35.145] Android Window Title: No
D [2016-07-19 02:39:35.146] Android Program Path: C:\Users\Amin\AppData\Roaming\Nox\bin\Nox.exe
D [2016-07-19 02:39:35.146] Android Program Parameter: -resolution:860x732 -dpi:160 "-clone:nox"
D [2016-07-19 02:39:35.146] Android ADB Path: C:\Program Files\Microvirt\MEmu\adb.exe
D [2016-07-19 02:39:35.146] Android ADB Device: 127.0.0.1:62001
D [2016-07-19 02:39:35.146] Android ADB Shared Folder: /mnt/shared/Other/
D [2016-07-19 02:39:35.147] Android ADB Shared Folder on Host: C:\Users\Amin\Documents\Nox_share\Other\
D [2016-07-19 02:39:35.147] Android ADB Shared SubFolder: mybot.run\
D [2016-07-19 02:39:35.147] Android Mouse Device: nox Virtual Input
D [2016-07-19 02:39:35.147] Android ADB screencap command enabled: True
D [2016-07-19 02:39:35.148] Android ADB input command enabled: False
D [2016-07-19 02:39:35.148] Android ADB Mouse Click enabled: False
D [2016-07-19 02:39:35.148] Android ADB Click Drag enabled: True
D [2016-07-19 02:39:35.148] Searching Nox Window: Title = 'No', Class = '[CLASS:Qt5QWindowIcon;INSTANCE:4]', Text = ''
D [2016-07-19 02:39:35.152] Nox Window not found
D [2016-07-19 02:39:35.152] InitAndroid(False): Nox END, initialization successful = True
D [2016-07-19 02:39:35.152] UpdateAndroidConfig("nox") END
D [2016-07-19 02:39:35.153] UpdateAndroidConfig("")
D [2016-07-19 02:39:35.153] InitAndroid(False): BlueStacks2
D [2016-07-19 02:39:35.153] BlueStacks2 Engine 'Plus'-Mode: False
D [2016-07-19 02:39:35.154] BlueStacks2 OEM Features: 2754561
D [2016-07-19 02:39:35.154] BlueStacks2 System Bar is not available
D [2016-07-19 02:39:35.154] Searching BlueStacks2 Window: Title = 'BlueStacks ', Class = '[CLASS:BlueStacksApp; INSTANCE:1]', Text = '_ctl.Window'
D [2016-07-19 02:39:35.157] BlueStacks2 Window not found
D [2016-07-19 02:39:35.157] Android: BlueStacks2
D [2016-07-19 02:39:35.157] Android Config: 3
D [2016-07-19 02:39:35.157] Android Version: 2.0.2.5623
D [2016-07-19 02:39:35.158] Android Instance: 
D [2016-07-19 02:39:35.158] Android Window Title: BlueStacks 
D [2016-07-19 02:39:35.158] Android Program Path: C:\Program Files (x86)\BlueStacks\HD-Frontend.exe
D [2016-07-19 02:39:35.158] Android Program Parameter: Android
D [2016-07-19 02:39:35.158] Android ADB Path: C:\Program Files\Microvirt\MEmu\adb.exe
D [2016-07-19 02:39:35.158] Android ADB Device: emulator-5554
D [2016-07-19 02:39:35.159] Android ADB Shared Folder: /storage/sdcard/windows/BstSharedFolder/
D [2016-07-19 02:39:35.159] Android ADB Shared Folder on Host: C:\ProgramData\BlueStacks\UserData\SharedFolder\
D [2016-07-19 02:39:35.159] Android ADB Shared SubFolder: mybot.run\
D [2016-07-19 02:39:35.159] Android Mouse Device: BlueStacks Virtual Touch
D [2016-07-19 02:39:35.160] Android ADB screencap command enabled: False
D [2016-07-19 02:39:35.160] Android ADB input command enabled: False
D [2016-07-19 02:39:35.160] Android ADB Mouse Click enabled: False
D [2016-07-19 02:39:35.160] Android ADB Click Drag enabled: False
D [2016-07-19 02:39:35.160] Searching BlueStacks2 Window: Title = 'BlueStacks ', Class = '[CLASS:BlueStacksApp; INSTANCE:1]', Text = '_ctl.Window'
D [2016-07-19 02:39:35.164] BlueStacks2 Window not found
D [2016-07-19 02:39:35.164] InitAndroid(False): BlueStacks2 END, initialization successful = True
D [2016-07-19 02:39:35.164] UpdateAndroidConfig("") END
D [2016-07-19 02:39:35.164] UpdateAndroidConfig("")
D [2016-07-19 02:39:35.165] InitAndroid(False): BlueStacks
D [2016-07-19 02:39:35.165] BlueStacks Engine 'Plus'-Mode: False
D [2016-07-19 02:39:35.165] BlueStacks OEM Features: 2754561
D [2016-07-19 02:39:35.166] BlueStacks System Bar is not available
D [2016-07-19 02:39:35.166] Searching BlueStacks Window: Title = 'BlueStacks App Player', Class = '[CLASS:BlueStacksApp; INSTANCE:1]', Text = '_ctl.Window'
D [2016-07-19 02:39:35.169] BlueStacks Window not found
L [2016-07-19 02:39:35.169] BlueStacks supported version 0.8.x - 0.11.x not found
D [2016-07-19 02:39:35.169] InitAndroid(False): BlueStacks END, initialization successful = False
D [2016-07-19 02:39:35.169] UpdateAndroidConfig("") END
D [2016-07-19 02:39:35.170] UpdateAndroidConfig("MEmu")
D [2016-07-19 02:39:35.170] InitAndroid(False): MEmu
D [2016-07-19 02:39:36.110] Cannot read MEmu guestproperty phone_layout!
D [2016-07-19 02:39:36.110] Searching MEmu Window: Title = 'MEmu 2.', Class = '[CLASS:subWin; INSTANCE:1]', Text = ''
D [2016-07-19 02:39:36.113] MEmu Window not found
D [2016-07-19 02:39:36.113] Android: MEmu
D [2016-07-19 02:39:36.113] Android Config: 0
D [2016-07-19 02:39:36.113] Android Version: 2.5.0
D [2016-07-19 02:39:36.113] Android Instance: MEmu
D [2016-07-19 02:39:36.114] Android Window Title: MEmu 2.
D [2016-07-19 02:39:36.114] Android Program Path: C:\Program Files\Microvirt\MEmu\MEmu.exe
D [2016-07-19 02:39:36.114] Android Program Parameter: MEmu
D [2016-07-19 02:39:36.114] Android ADB Path: C:\Program Files\Microvirt\MEmu\adb.exe
D [2016-07-19 02:39:36.115] Android ADB Device: 127.0.0.1:21503
D [2016-07-19 02:39:36.115] Android ADB Shared Folder: /mnt/shell/emulated/0/Pictures/
D [2016-07-19 02:39:36.115] Android ADB Shared Folder on Host: C:\Users\Amin\Pictures\MEmu Photo\
D [2016-07-19 02:39:36.115] Android ADB Shared SubFolder: mybot.run\
D [2016-07-19 02:39:36.115] Android Mouse Device: Microvirt Virtual Input
D [2016-07-19 02:39:36.116] Android ADB screencap command enabled: True
D [2016-07-19 02:39:36.116] Android ADB input command enabled: False
D [2016-07-19 02:39:36.116] Android ADB Mouse Click enabled: False
D [2016-07-19 02:39:36.116] Android ADB Click Drag enabled: True
D [2016-07-19 02:39:36.116] Searching MEmu Window: Title = 'MEmu 2.', Class = '[CLASS:subWin; INSTANCE:1]', Text = ''
D [2016-07-19 02:39:36.119] MEmu Window not found
D [2016-07-19 02:39:36.119] InitAndroid(False): MEmu END, initialization successful = True
D [2016-07-19 02:39:36.119] UpdateAndroidConfig("MEmu") END
D [2016-07-19 02:39:36.561] Read Building Config C:\Users\Amin\Desktop\MyBot.Run\MOD AIO\MyBot-AIO-2.1.4\Profiles\MyVillage\building.ini
D [2016-07-19 02:39:36.572] Read Config C:\Users\Amin\Desktop\MyBot.Run\MOD AIO\MyBot-AIO-2.1.4\Profiles\MyVillage\config.ini
D [2016-07-19 02:39:36.627] Apply Config
D [2016-07-19 02:39:36.724] UpdateAndroidConfig("MEmu_1")
D [2016-07-19 02:39:36.724] InitAndroid(False): MEmu
D [2016-07-19 02:39:37.659] Cannot read MEmu guestproperty phone_layout!
D [2016-07-19 02:39:37.660] Searching MEmu Window: Title = 'MEmu 2.', Class = '[CLASS:subWin; INSTANCE:1]', Text = ''
D [2016-07-19 02:39:37.665] MEmu Window not found
D [2016-07-19 02:39:37.665] Android: MEmu
D [2016-07-19 02:39:37.665] Android Config: 0
D [2016-07-19 02:39:37.665] Android Version: 2.5.0
D [2016-07-19 02:39:37.665] Android Instance: MEmu_1
D [2016-07-19 02:39:37.666] Android Window Title: MEmu 2.
D [2016-07-19 02:39:37.666] Android Program Path: C:\Program Files\Microvirt\MEmu\MEmu.exe
D [2016-07-19 02:39:37.666] Android Program Parameter: MEmu_1
D [2016-07-19 02:39:37.666] Android ADB Path: C:\Program Files\Microvirt\MEmu\adb.exe
D [2016-07-19 02:39:37.666] Android ADB Device: 127.0.0.1:21513
D [2016-07-19 02:39:37.667] Android ADB Shared Folder: /mnt/shell/emulated/0/Pictures/
D [2016-07-19 02:39:37.667] Android ADB Shared Folder on Host: C:\Users\Amin\Pictures\MEmu Photo\
D [2016-07-19 02:39:37.667] Android ADB Shared SubFolder: mybot.run\
D [2016-07-19 02:39:37.667] Android Mouse Device: Microvirt Virtual Input
D [2016-07-19 02:39:37.668] Android ADB screencap command enabled: True
D [2016-07-19 02:39:37.668] Android ADB input command enabled: False
D [2016-07-19 02:39:37.668] Android ADB Mouse Click enabled: False
D [2016-07-19 02:39:37.668] Android ADB Click Drag enabled: True
D [2016-07-19 02:39:37.668] Searching MEmu Window: Title = 'MEmu 2.', Class = '[CLASS:subWin; INSTANCE:1]', Text = ''
D [2016-07-19 02:39:37.673] MEmu Window not found
D [2016-07-19 02:39:37.673] InitAndroid(False): MEmu END, initialization successful = True
D [2016-07-19 02:39:37.673] UpdateAndroidConfig("MEmu_1") END
D [2016-07-19 02:39:37.687] Redraw MyBot Window
L [2016-07-19 02:39:38.427] Found installed MEmu 2.5.0
L [2016-07-19 02:39:38.431] Android Emulator Configuration: MEmu (instance MEmu_1)
L [2016-07-19 02:39:42.947] WELCOME CHIEF, YOU HAVE THE LATEST VERSION OF THE BOT
L [2016-07-19 02:39:42.950]  
L [2016-07-19 02:39:42.953] Fully working with May update
L [2016-07-19 02:39:42.956] New GUI and lots of new features
L [2016-07-19 02:39:42.959] For more information, go to 
L [2016-07-19 02:39:42.961] https://mybot.run
L [2016-07-19 02:39:42.964] 
L [2016-07-19 02:39:42.968]  Always free and open source.
D [2016-07-19 02:39:44.795] MyBot.run launch time 17345 ms.
L [2016-07-19 02:39:47.211] Closing Merged My Bot v6.1.4 All In One v2.1.4 (MEmu_1) ...
D [2016-07-19 02:39:47.218] Save Config C:\Users\Amin\Desktop\MyBot.Run\MOD AIO\MyBot-AIO-2.1.4\Profiles\MyVillage\config.ini
D [2016-07-19 02:39:47.652] Save Building Config C:\Users\Amin\Desktop\MyBot.Run\MOD AIO\MyBot-AIO-2.1.4\Profiles\MyVillage\building.ini
