D [2016-07-19 03:51:00.673] @AutoItExe: C:\Program Files (x86)\AutoIt3\AutoIt3.exe
D [2016-07-19 03:51:00.673] @ScriptFullPath: C:\Users\Amin\Desktop\MyBot.Run\MOD AIO\MyBot-AIO-2.1.4\MyBot.run.au3
D [2016-07-19 03:51:00.673] @WorkingDir: C:\Users\Amin\Desktop\MyBot.Run\MOD AIO\MyBot-AIO-2.1.4
D [2016-07-19 03:51:00.674] @AutoItPID: 1284
D [2016-07-19 03:51:00.736] DetectRunningAndroid()
D [2016-07-19 03:51:00.737] UpdateAndroidConfig("MEmu")
D [2016-07-19 03:51:00.737] InitAndroid(False): MEmu
D [2016-07-19 03:51:01.747] Cannot read MEmu guestproperty phone_layout!
D [2016-07-19 03:51:01.747] Searching MEmu Window: Title = 'MEmu 2.', Class = '[CLASS:subWin; INSTANCE:1]', Text = ''
D [2016-07-19 03:51:01.753] MEmu Window not found
D [2016-07-19 03:51:01.753] Android: MEmu
D [2016-07-19 03:51:01.753] Android Config: 0
D [2016-07-19 03:51:01.753] Android Version: 2.5.0
D [2016-07-19 03:51:01.753] Android Instance: MEmu
D [2016-07-19 03:51:01.754] Android Window Title: MEmu 2.
D [2016-07-19 03:51:01.754] Android Program Path: C:\Program Files\Microvirt\MEmu\MEmu.exe
D [2016-07-19 03:51:01.754] Android Program Parameter: MEmu
D [2016-07-19 03:51:01.754] Android ADB Path: C:\Program Files\Microvirt\MEmu\adb.exe
D [2016-07-19 03:51:01.754] Android ADB Device: 127.0.0.1:21503
D [2016-07-19 03:51:01.755] Android ADB Shared Folder: /mnt/shell/emulated/0/Pictures/
D [2016-07-19 03:51:01.755] Android ADB Shared Folder on Host: C:\Users\Amin\Pictures\MEmu Photo\
D [2016-07-19 03:51:01.755] Android ADB Shared SubFolder: mybot.run\
D [2016-07-19 03:51:01.755] Android Mouse Device: Microvirt Virtual Input
D [2016-07-19 03:51:01.755] Android ADB screencap command enabled: True
D [2016-07-19 03:51:01.756] Android ADB input command enabled: False
D [2016-07-19 03:51:01.756] Android ADB Mouse Click enabled: False
D [2016-07-19 03:51:01.756] Android ADB Click Drag enabled: True
D [2016-07-19 03:51:01.756] Searching MEmu Window: Title = 'MEmu 2.', Class = '[CLASS:subWin; INSTANCE:1]', Text = ''
D [2016-07-19 03:51:01.760] MEmu Window not found
D [2016-07-19 03:51:01.760] InitAndroid(False): MEmu END, initialization successful = True
D [2016-07-19 03:51:01.760] UpdateAndroidConfig("MEmu") END
D [2016-07-19 03:51:01.760] GetAndroidRunningInstance: Try to find "C:\Program Files\Microvirt\MEmu\MEmu.exe"
D [2016-07-19 03:51:01.767] ObjGet("winmgmts:\\.\root\cimv2")
D [2016-07-19 03:51:01.767] WMI Query: Select * from Win32_Process where ExecutablePath like "%C:\\Program Files\\Microvirt\\MEmu\\MEmu.exe%"
D [2016-07-19 03:51:01.813] Process by CommandLine not found: C:\Program Files\Microvirt\MEmu\MEmu.exe
D [2016-07-19 03:51:01.813] UpdateAndroidConfig("droid4x")
D [2016-07-19 03:51:01.814] InitAndroid(False): Droid4X
L [2016-07-19 03:51:01.815] Serious error has occurred: Cannot find Droid4X:
L [2016-07-19 03:51:01.815] C:\Program Files (x86)\Droid4X\Droid4X.exe
D [2016-07-19 03:51:01.815] InitAndroid(False): Droid4X END, initialization successful = False
D [2016-07-19 03:51:01.815] UpdateAndroidConfig("droid4x") END
D [2016-07-19 03:51:01.816] UpdateAndroidConfig("nox")
D [2016-07-19 03:51:01.816] InitAndroid(False): Nox
D [2016-07-19 03:51:02.492] Android: Nox
D [2016-07-19 03:51:02.492] Android Config: 2
D [2016-07-19 03:51:02.493] Android Version: 3.1.0.0
D [2016-07-19 03:51:02.493] Android Instance: nox
D [2016-07-19 03:51:02.493] Android Window Title: No
D [2016-07-19 03:51:02.493] Android Program Path: C:\Users\Amin\AppData\Roaming\Nox\bin\Nox.exe
D [2016-07-19 03:51:02.493] Android Program Parameter: -resolution:860x732 -dpi:160 "-clone:nox"
D [2016-07-19 03:51:02.493] Android ADB Path: C:\Program Files\Microvirt\MEmu\adb.exe
D [2016-07-19 03:51:02.494] Android ADB Device: 127.0.0.1:62001
D [2016-07-19 03:51:02.494] Android ADB Shared Folder: /mnt/shared/Other/
D [2016-07-19 03:51:02.494] Android ADB Shared Folder on Host: C:\Users\Amin\Documents\Nox_share\Other\
D [2016-07-19 03:51:02.494] Android ADB Shared SubFolder: mybot.run\
D [2016-07-19 03:51:02.494] Android Mouse Device: nox Virtual Input
D [2016-07-19 03:51:02.495] Android ADB screencap command enabled: True
D [2016-07-19 03:51:02.495] Android ADB input command enabled: False
D [2016-07-19 03:51:02.495] Android ADB Mouse Click enabled: False
D [2016-07-19 03:51:02.495] Android ADB Click Drag enabled: True
D [2016-07-19 03:51:02.495] Searching Nox Window: Title = 'No', Class = '[CLASS:Qt5QWindowIcon;INSTANCE:4]', Text = ''
D [2016-07-19 03:51:02.499] Nox Window not found
D [2016-07-19 03:51:02.500] InitAndroid(False): Nox END, initialization successful = True
D [2016-07-19 03:51:02.500] UpdateAndroidConfig("nox") END
D [2016-07-19 03:51:02.500] GetAndroidRunningInstance: Try to find "C:\Users\Amin\AppData\Roaming\Nox\bin\Nox.exe"
D [2016-07-19 03:51:02.502] ObjGet("winmgmts:\\.\root\cimv2")
D [2016-07-19 03:51:02.502] WMI Query: Select * from Win32_Process where ExecutablePath like "%C:\\Users\\Amin\\AppData\\Roaming\\Nox\\bin\\Nox.exe%"
D [2016-07-19 03:51:02.546] No process found by CommandLine: C:\Users\Amin\AppData\Roaming\Nox\bin\Nox.exe
D [2016-07-19 03:51:02.546] UpdateAndroidConfig("")
D [2016-07-19 03:51:02.547] InitAndroid(False): BlueStacks2
D [2016-07-19 03:51:02.548] BlueStacks2 Engine 'Plus'-Mode: False
D [2016-07-19 03:51:02.548] BlueStacks2 OEM Features: 2754561
D [2016-07-19 03:51:02.548] BlueStacks2 System Bar is not available
D [2016-07-19 03:51:02.548] Searching BlueStacks2 Window: Title = 'BlueStacks ', Class = '[CLASS:BlueStacksApp; INSTANCE:1]', Text = '_ctl.Window'
D [2016-07-19 03:51:02.552] BlueStacks2 Window not found
D [2016-07-19 03:51:02.552] Android: BlueStacks2
D [2016-07-19 03:51:02.552] Android Config: 3
D [2016-07-19 03:51:02.552] Android Version: 2.0.2.5623
D [2016-07-19 03:51:02.552] Android Instance: 
D [2016-07-19 03:51:02.553] Android Window Title: BlueStacks 
D [2016-07-19 03:51:02.553] Android Program Path: C:\Program Files (x86)\BlueStacks\HD-Frontend.exe
D [2016-07-19 03:51:02.553] Android Program Parameter: Android
D [2016-07-19 03:51:02.553] Android ADB Path: C:\Program Files\Microvirt\MEmu\adb.exe
D [2016-07-19 03:51:02.553] Android ADB Device: emulator-5554
D [2016-07-19 03:51:02.553] Android ADB Shared Folder: /storage/sdcard/windows/BstSharedFolder/
D [2016-07-19 03:51:02.554] Android ADB Shared Folder on Host: C:\ProgramData\BlueStacks\UserData\SharedFolder\
D [2016-07-19 03:51:02.554] Android ADB Shared SubFolder: mybot.run\
D [2016-07-19 03:51:02.554] Android Mouse Device: BlueStacks Virtual Touch
D [2016-07-19 03:51:02.554] Android ADB screencap command enabled: False
D [2016-07-19 03:51:02.554] Android ADB input command enabled: False
D [2016-07-19 03:51:02.555] Android ADB Mouse Click enabled: False
D [2016-07-19 03:51:02.555] Android ADB Click Drag enabled: False
D [2016-07-19 03:51:02.555] Searching BlueStacks2 Window: Title = 'BlueStacks ', Class = '[CLASS:BlueStacksApp; INSTANCE:1]', Text = '_ctl.Window'
D [2016-07-19 03:51:02.558] BlueStacks2 Window not found
D [2016-07-19 03:51:02.559] InitAndroid(False): BlueStacks2 END, initialization successful = True
D [2016-07-19 03:51:02.559] UpdateAndroidConfig("") END
D [2016-07-19 03:51:02.559] Searching BlueStacks2 Window: Title = 'BlueStacks ', Class = '[CLASS:BlueStacksApp; INSTANCE:1]', Text = '_ctl.Window'
D [2016-07-19 03:51:02.564] BlueStacks2 Window not found
D [2016-07-19 03:51:02.567] UpdateAndroidConfig("")
D [2016-07-19 03:51:02.567] InitAndroid(False): BlueStacks
D [2016-07-19 03:51:02.567] BlueStacks Engine 'Plus'-Mode: False
D [2016-07-19 03:51:02.567] BlueStacks OEM Features: 2754561
D [2016-07-19 03:51:02.568] BlueStacks System Bar is not available
D [2016-07-19 03:51:02.568] Searching BlueStacks Window: Title = 'BlueStacks App Player', Class = '[CLASS:BlueStacksApp; INSTANCE:1]', Text = '_ctl.Window'
D [2016-07-19 03:51:02.571] BlueStacks Window not found
L [2016-07-19 03:51:02.572] BlueStacks supported version 0.8.x - 0.11.x not found
D [2016-07-19 03:51:02.572] InitAndroid(False): BlueStacks END, initialization successful = False
D [2016-07-19 03:51:02.572] UpdateAndroidConfig("") END
D [2016-07-19 03:51:02.572] UpdateAndroidConfig("MEmu")
D [2016-07-19 03:51:02.573] InitAndroid(False): MEmu
D [2016-07-19 03:51:03.508] Cannot read MEmu guestproperty phone_layout!
D [2016-07-19 03:51:03.508] Searching MEmu Window: Title = 'MEmu 2.', Class = '[CLASS:subWin; INSTANCE:1]', Text = ''
D [2016-07-19 03:51:03.512] MEmu Window not found
D [2016-07-19 03:51:03.512] Android: MEmu
D [2016-07-19 03:51:03.512] Android Config: 0
D [2016-07-19 03:51:03.513] Android Version: 2.5.0
D [2016-07-19 03:51:03.513] Android Instance: MEmu
D [2016-07-19 03:51:03.513] Android Window Title: MEmu 2.
D [2016-07-19 03:51:03.513] Android Program Path: C:\Program Files\Microvirt\MEmu\MEmu.exe
D [2016-07-19 03:51:03.513] Android Program Parameter: MEmu
D [2016-07-19 03:51:03.514] Android ADB Path: C:\Program Files\Microvirt\MEmu\adb.exe
D [2016-07-19 03:51:03.514] Android ADB Device: 127.0.0.1:21503
D [2016-07-19 03:51:03.514] Android ADB Shared Folder: /mnt/shell/emulated/0/Pictures/
D [2016-07-19 03:51:03.516] Android ADB Shared Folder on Host: C:\Users\Amin\Pictures\MEmu Photo\
D [2016-07-19 03:51:03.516] Android ADB Shared SubFolder: mybot.run\
D [2016-07-19 03:51:03.516] Android Mouse Device: Microvirt Virtual Input
D [2016-07-19 03:51:03.517] Android ADB screencap command enabled: True
D [2016-07-19 03:51:03.517] Android ADB input command enabled: False
D [2016-07-19 03:51:03.517] Android ADB Mouse Click enabled: False
D [2016-07-19 03:51:03.517] Android ADB Click Drag enabled: True
D [2016-07-19 03:51:03.517] Searching MEmu Window: Title = 'MEmu 2.', Class = '[CLASS:subWin; INSTANCE:1]', Text = ''
D [2016-07-19 03:51:03.521] MEmu Window not found
D [2016-07-19 03:51:03.522] InitAndroid(False): MEmu END, initialization successful = True
D [2016-07-19 03:51:03.522] UpdateAndroidConfig("MEmu") END
D [2016-07-19 03:51:03.522] Found no running Android Emulator
D [2016-07-19 03:51:03.522] DetectInstalledAndroid()
D [2016-07-19 03:51:03.522] UpdateAndroidConfig("MEmu")
D [2016-07-19 03:51:03.523] InitAndroid(False): MEmu
D [2016-07-19 03:51:04.455] Cannot read MEmu guestproperty phone_layout!
D [2016-07-19 03:51:04.455] Searching MEmu Window: Title = 'MEmu 2.', Class = '[CLASS:subWin; INSTANCE:1]', Text = ''
D [2016-07-19 03:51:04.460] MEmu Window not found
D [2016-07-19 03:51:04.460] Android: MEmu
D [2016-07-19 03:51:04.460] Android Config: 0
D [2016-07-19 03:51:04.461] Android Version: 2.5.0
D [2016-07-19 03:51:04.461] Android Instance: MEmu
D [2016-07-19 03:51:04.461] Android Window Title: MEmu 2.
D [2016-07-19 03:51:04.461] Android Program Path: C:\Program Files\Microvirt\MEmu\MEmu.exe
D [2016-07-19 03:51:04.461] Android Program Parameter: MEmu
D [2016-07-19 03:51:04.462] Android ADB Path: C:\Program Files\Microvirt\MEmu\adb.exe
D [2016-07-19 03:51:04.462] Android ADB Device: 127.0.0.1:21503
D [2016-07-19 03:51:04.462] Android ADB Shared Folder: /mnt/shell/emulated/0/Pictures/
D [2016-07-19 03:51:04.462] Android ADB Shared Folder on Host: C:\Users\Amin\Pictures\MEmu Photo\
D [2016-07-19 03:51:04.462] Android ADB Shared SubFolder: mybot.run\
D [2016-07-19 03:51:04.463] Android Mouse Device: Microvirt Virtual Input
D [2016-07-19 03:51:04.463] Android ADB screencap command enabled: True
D [2016-07-19 03:51:04.463] Android ADB input command enabled: False
D [2016-07-19 03:51:04.463] Android ADB Mouse Click enabled: False
D [2016-07-19 03:51:04.463] Android ADB Click Drag enabled: True
D [2016-07-19 03:51:04.463] Searching MEmu Window: Title = 'MEmu 2.', Class = '[CLASS:subWin; INSTANCE:1]', Text = ''
D [2016-07-19 03:51:04.467] MEmu Window not found
D [2016-07-19 03:51:04.467] InitAndroid(False): MEmu END, initialization successful = True
D [2016-07-19 03:51:04.467] UpdateAndroidConfig("MEmu") END
D [2016-07-19 03:51:04.468] Found installed MEmu 2.5.0
D [2016-07-19 03:51:04.469] My Bot is the only running instance
D [2016-07-19 03:51:08.805] UpdateAndroidConfig("MEmu")
D [2016-07-19 03:51:08.805] InitAndroid(False): MEmu
D [2016-07-19 03:51:09.745] Cannot read MEmu guestproperty phone_layout!
D [2016-07-19 03:51:09.745] Searching MEmu Window: Title = 'MEmu 2.', Class = '[CLASS:subWin; INSTANCE:1]', Text = ''
D [2016-07-19 03:51:09.750] MEmu Window not found
D [2016-07-19 03:51:09.750] Android: MEmu
D [2016-07-19 03:51:09.751] Android Config: 0
D [2016-07-19 03:51:09.751] Android Version: 2.5.0
D [2016-07-19 03:51:09.751] Android Instance: MEmu
D [2016-07-19 03:51:09.751] Android Window Title: MEmu 2.
D [2016-07-19 03:51:09.751] Android Program Path: C:\Program Files\Microvirt\MEmu\MEmu.exe
D [2016-07-19 03:51:09.752] Android Program Parameter: MEmu
D [2016-07-19 03:51:09.752] Android ADB Path: C:\Program Files\Microvirt\MEmu\adb.exe
D [2016-07-19 03:51:09.752] Android ADB Device: 127.0.0.1:21503
D [2016-07-19 03:51:09.752] Android ADB Shared Folder: /mnt/shell/emulated/0/Pictures/
D [2016-07-19 03:51:09.752] Android ADB Shared Folder on Host: C:\Users\Amin\Pictures\MEmu Photo\
D [2016-07-19 03:51:09.753] Android ADB Shared SubFolder: mybot.run\
D [2016-07-19 03:51:09.753] Android Mouse Device: Microvirt Virtual Input
D [2016-07-19 03:51:09.753] Android ADB screencap command enabled: True
D [2016-07-19 03:51:09.753] Android ADB input command enabled: False
D [2016-07-19 03:51:09.753] Android ADB Mouse Click enabled: False
D [2016-07-19 03:51:09.754] Android ADB Click Drag enabled: True
D [2016-07-19 03:51:09.754] Searching MEmu Window: Title = 'MEmu 2.', Class = '[CLASS:subWin; INSTANCE:1]', Text = ''
D [2016-07-19 03:51:09.759] MEmu Window not found
D [2016-07-19 03:51:09.759] InitAndroid(False): MEmu END, initialization successful = True
D [2016-07-19 03:51:09.759] UpdateAndroidConfig("MEmu") END
D [2016-07-19 03:51:09.759] UpdateAndroidConfig("droid4x")
D [2016-07-19 03:51:09.760] InitAndroid(False): Droid4X
L [2016-07-19 03:51:09.760] Serious error has occurred: Cannot find Droid4X:
L [2016-07-19 03:51:09.760] C:\Program Files (x86)\Droid4X\Droid4X.exe
D [2016-07-19 03:51:09.761] InitAndroid(False): Droid4X END, initialization successful = False
D [2016-07-19 03:51:09.761] UpdateAndroidConfig("droid4x") END
D [2016-07-19 03:51:09.761] UpdateAndroidConfig("nox")
D [2016-07-19 03:51:09.761] InitAndroid(False): Nox
D [2016-07-19 03:51:10.457] Android: Nox
D [2016-07-19 03:51:10.458] Android Config: 2
D [2016-07-19 03:51:10.458] Android Version: 3.1.0.0
D [2016-07-19 03:51:10.458] Android Instance: nox
D [2016-07-19 03:51:10.458] Android Window Title: No
D [2016-07-19 03:51:10.458] Android Program Path: C:\Users\Amin\AppData\Roaming\Nox\bin\Nox.exe
D [2016-07-19 03:51:10.459] Android Program Parameter: -resolution:860x732 -dpi:160 "-clone:nox"
D [2016-07-19 03:51:10.459] Android ADB Path: C:\Program Files\Microvirt\MEmu\adb.exe
D [2016-07-19 03:51:10.459] Android ADB Device: 127.0.0.1:62001
D [2016-07-19 03:51:10.459] Android ADB Shared Folder: /mnt/shared/Other/
D [2016-07-19 03:51:10.459] Android ADB Shared Folder on Host: C:\Users\Amin\Documents\Nox_share\Other\
D [2016-07-19 03:51:10.460] Android ADB Shared SubFolder: mybot.run\
D [2016-07-19 03:51:10.460] Android Mouse Device: nox Virtual Input
D [2016-07-19 03:51:10.460] Android ADB screencap command enabled: True
D [2016-07-19 03:51:10.460] Android ADB input command enabled: False
D [2016-07-19 03:51:10.460] Android ADB Mouse Click enabled: False
D [2016-07-19 03:51:10.461] Android ADB Click Drag enabled: True
D [2016-07-19 03:51:10.461] Searching Nox Window: Title = 'No', Class = '[CLASS:Qt5QWindowIcon;INSTANCE:4]', Text = ''
D [2016-07-19 03:51:10.467] Nox Window not found
D [2016-07-19 03:51:10.467] InitAndroid(False): Nox END, initialization successful = True
D [2016-07-19 03:51:10.468] UpdateAndroidConfig("nox") END
D [2016-07-19 03:51:10.468] UpdateAndroidConfig("")
D [2016-07-19 03:51:10.468] InitAndroid(False): BlueStacks2
D [2016-07-19 03:51:10.469] BlueStacks2 Engine 'Plus'-Mode: False
D [2016-07-19 03:51:10.469] BlueStacks2 OEM Features: 2754561
D [2016-07-19 03:51:10.469] BlueStacks2 System Bar is not available
D [2016-07-19 03:51:10.469] Searching BlueStacks2 Window: Title = 'BlueStacks ', Class = '[CLASS:BlueStacksApp; INSTANCE:1]', Text = '_ctl.Window'
D [2016-07-19 03:51:10.476] BlueStacks2 Window not found
D [2016-07-19 03:51:10.477] Android: BlueStacks2
D [2016-07-19 03:51:10.477] Android Config: 3
D [2016-07-19 03:51:10.477] Android Version: 2.0.2.5623
D [2016-07-19 03:51:10.477] Android Instance: 
D [2016-07-19 03:51:10.477] Android Window Title: BlueStacks 
D [2016-07-19 03:51:10.477] Android Program Path: C:\Program Files (x86)\BlueStacks\HD-Frontend.exe
D [2016-07-19 03:51:10.477] Android Program Parameter: Android
D [2016-07-19 03:51:10.477] Android ADB Path: C:\Program Files\Microvirt\MEmu\adb.exe
D [2016-07-19 03:51:10.478] Android ADB Device: emulator-5554
D [2016-07-19 03:51:10.478] Android ADB Shared Folder: /storage/sdcard/windows/BstSharedFolder/
D [2016-07-19 03:51:10.478] Android ADB Shared Folder on Host: C:\ProgramData\BlueStacks\UserData\SharedFolder\
D [2016-07-19 03:51:10.479] Android ADB Shared SubFolder: mybot.run\
D [2016-07-19 03:51:10.479] Android Mouse Device: BlueStacks Virtual Touch
D [2016-07-19 03:51:10.479] Android ADB screencap command enabled: False
D [2016-07-19 03:51:10.479] Android ADB input command enabled: False
D [2016-07-19 03:51:10.479] Android ADB Mouse Click enabled: False
D [2016-07-19 03:51:10.480] Android ADB Click Drag enabled: False
D [2016-07-19 03:51:10.480] Searching BlueStacks2 Window: Title = 'BlueStacks ', Class = '[CLASS:BlueStacksApp; INSTANCE:1]', Text = '_ctl.Window'
D [2016-07-19 03:51:10.487] BlueStacks2 Window not found
D [2016-07-19 03:51:10.487] InitAndroid(False): BlueStacks2 END, initialization successful = True
D [2016-07-19 03:51:10.487] UpdateAndroidConfig("") END
D [2016-07-19 03:51:10.487] UpdateAndroidConfig("")
D [2016-07-19 03:51:10.488] InitAndroid(False): BlueStacks
D [2016-07-19 03:51:10.488] BlueStacks Engine 'Plus'-Mode: False
D [2016-07-19 03:51:10.488] BlueStacks OEM Features: 2754561
D [2016-07-19 03:51:10.489] BlueStacks System Bar is not available
D [2016-07-19 03:51:10.489] Searching BlueStacks Window: Title = 'BlueStacks App Player', Class = '[CLASS:BlueStacksApp; INSTANCE:1]', Text = '_ctl.Window'
D [2016-07-19 03:51:10.494] BlueStacks Window not found
L [2016-07-19 03:51:10.494] BlueStacks supported version 0.8.x - 0.11.x not found
D [2016-07-19 03:51:10.494] InitAndroid(False): BlueStacks END, initialization successful = False
D [2016-07-19 03:51:10.494] UpdateAndroidConfig("") END
D [2016-07-19 03:51:10.495] UpdateAndroidConfig("MEmu")
D [2016-07-19 03:51:10.495] InitAndroid(False): MEmu
D [2016-07-19 03:51:11.436] Cannot read MEmu guestproperty phone_layout!
D [2016-07-19 03:51:11.436] Searching MEmu Window: Title = 'MEmu 2.', Class = '[CLASS:subWin; INSTANCE:1]', Text = ''
D [2016-07-19 03:51:11.443] MEmu Window not found
D [2016-07-19 03:51:11.443] Android: MEmu
D [2016-07-19 03:51:11.443] Android Config: 0
D [2016-07-19 03:51:11.443] Android Version: 2.5.0
D [2016-07-19 03:51:11.443] Android Instance: MEmu
D [2016-07-19 03:51:11.444] Android Window Title: MEmu 2.
D [2016-07-19 03:51:11.444] Android Program Path: C:\Program Files\Microvirt\MEmu\MEmu.exe
D [2016-07-19 03:51:11.444] Android Program Parameter: MEmu
D [2016-07-19 03:51:11.444] Android ADB Path: C:\Program Files\Microvirt\MEmu\adb.exe
D [2016-07-19 03:51:11.444] Android ADB Device: 127.0.0.1:21503
D [2016-07-19 03:51:11.444] Android ADB Shared Folder: /mnt/shell/emulated/0/Pictures/
D [2016-07-19 03:51:11.445] Android ADB Shared Folder on Host: C:\Users\Amin\Pictures\MEmu Photo\
D [2016-07-19 03:51:11.445] Android ADB Shared SubFolder: mybot.run\
D [2016-07-19 03:51:11.445] Android Mouse Device: Microvirt Virtual Input
D [2016-07-19 03:51:11.445] Android ADB screencap command enabled: True
D [2016-07-19 03:51:11.445] Android ADB input command enabled: False
D [2016-07-19 03:51:11.446] Android ADB Mouse Click enabled: False
D [2016-07-19 03:51:11.446] Android ADB Click Drag enabled: True
D [2016-07-19 03:51:11.446] Searching MEmu Window: Title = 'MEmu 2.', Class = '[CLASS:subWin; INSTANCE:1]', Text = ''
D [2016-07-19 03:51:11.452] MEmu Window not found
D [2016-07-19 03:51:11.453] InitAndroid(False): MEmu END, initialization successful = True
D [2016-07-19 03:51:11.453] UpdateAndroidConfig("MEmu") END
D [2016-07-19 03:51:12.109] Read Building Config C:\Users\Amin\Desktop\MyBot.Run\MOD AIO\MyBot-AIO-2.1.4\Profiles\MyVillage\building.ini
D [2016-07-19 03:51:12.120] Read Config C:\Users\Amin\Desktop\MyBot.Run\MOD AIO\MyBot-AIO-2.1.4\Profiles\MyVillage\config.ini
D [2016-07-19 03:51:12.174] Apply Config
D [2016-07-19 03:51:12.317] UpdateAndroidConfig("MEmu_1")
D [2016-07-19 03:51:12.317] InitAndroid(False): MEmu
D [2016-07-19 03:51:13.254] Cannot read MEmu guestproperty phone_layout!
D [2016-07-19 03:51:13.255] Searching MEmu Window: Title = 'MEmu 2.', Class = '[CLASS:subWin; INSTANCE:1]', Text = ''
D [2016-07-19 03:51:13.261] MEmu Window not found
D [2016-07-19 03:51:13.261] Android: MEmu
D [2016-07-19 03:51:13.262] Android Config: 0
D [2016-07-19 03:51:13.262] Android Version: 2.5.0
D [2016-07-19 03:51:13.262] Android Instance: MEmu_1
D [2016-07-19 03:51:13.262] Android Window Title: MEmu 2.
D [2016-07-19 03:51:13.262] Android Program Path: C:\Program Files\Microvirt\MEmu\MEmu.exe
D [2016-07-19 03:51:13.263] Android Program Parameter: MEmu_1
D [2016-07-19 03:51:13.263] Android ADB Path: C:\Program Files\Microvirt\MEmu\adb.exe
D [2016-07-19 03:51:13.263] Android ADB Device: 127.0.0.1:21513
D [2016-07-19 03:51:13.263] Android ADB Shared Folder: /mnt/shell/emulated/0/Pictures/
D [2016-07-19 03:51:13.264] Android ADB Shared Folder on Host: C:\Users\Amin\Pictures\MEmu Photo\
D [2016-07-19 03:51:13.264] Android ADB Shared SubFolder: mybot.run\
D [2016-07-19 03:51:13.264] Android Mouse Device: Microvirt Virtual Input
D [2016-07-19 03:51:13.264] Android ADB screencap command enabled: True
D [2016-07-19 03:51:13.264] Android ADB input command enabled: False
D [2016-07-19 03:51:13.265] Android ADB Mouse Click enabled: False
D [2016-07-19 03:51:13.265] Android ADB Click Drag enabled: True
D [2016-07-19 03:51:13.265] Searching MEmu Window: Title = 'MEmu 2.', Class = '[CLASS:subWin; INSTANCE:1]', Text = ''
D [2016-07-19 03:51:13.273] MEmu Window not found
D [2016-07-19 03:51:13.273] InitAndroid(False): MEmu END, initialization successful = True
D [2016-07-19 03:51:13.273] UpdateAndroidConfig("MEmu_1") END
D [2016-07-19 03:51:13.303] Redraw MyBot Window
L [2016-07-19 03:51:14.043] Found installed MEmu 2.5.0
L [2016-07-19 03:51:14.050] Android Emulator Configuration: MEmu (instance MEmu_1)
L [2016-07-19 03:51:16.925] WELCOME CHIEF, YOU HAVE THE LATEST VERSION OF THE BOT
L [2016-07-19 03:51:16.927]  
L [2016-07-19 03:51:16.929] Fully working with May update
L [2016-07-19 03:51:16.932] New GUI and lots of new features
L [2016-07-19 03:51:16.934] For more information, go to 
L [2016-07-19 03:51:16.938] https://mybot.run
L [2016-07-19 03:51:16.940] 
L [2016-07-19 03:51:16.943]  Always free and open source.
D [2016-07-19 03:51:18.270] MyBot.run launch time 17606 ms.
L [2016-07-19 03:51:51.791] Closing Merged My Bot v6.1.4 All In One v2.1.4 (MEmu_1) ...
D [2016-07-19 03:51:51.799] Save Config C:\Users\Amin\Desktop\MyBot.Run\MOD AIO\MyBot-AIO-2.1.4\Profiles\MyVillage\config.ini
D [2016-07-19 03:51:52.272] Save Building Config C:\Users\Amin\Desktop\MyBot.Run\MOD AIO\MyBot-AIO-2.1.4\Profiles\MyVillage\building.ini
