D [2016-07-14 17:01:16.607] @AutoItExe: C:\Program Files (x86)\AutoIt3\AutoIt3.exe
D [2016-07-14 17:01:16.607] @ScriptFullPath: C:\Users\Amin\Desktop\MyBot.Run\MOD AIO\MyBot-AIO-2.1.3+Latest Fix-With-LimitDonations-byCutidudz\MyBot.run.au3
D [2016-07-14 17:01:16.607] @WorkingDir: C:\Users\Amin\Desktop\MyBot.Run\MOD AIO\MyBot-AIO-2.1.3+Latest Fix-With-LimitDonations-byCutidudz
D [2016-07-14 17:01:16.608] @AutoItPID: 7424
D [2016-07-14 17:01:16.628] DetectRunningAndroid()
D [2016-07-14 17:01:16.628] UpdateAndroidConfig("MEmu")
D [2016-07-14 17:01:16.629] InitAndroid(False): MEmu
D [2016-07-14 17:01:17.626] Cannot read MEmu guestproperty phone_layout!
D [2016-07-14 17:01:17.627] Searching MEmu Window: Title = 'MEmu 2.', Class = '[CLASS:subWin; INSTANCE:1]', Text = ''
D [2016-07-14 17:01:17.628] MEmu Window not found
D [2016-07-14 17:01:17.628] Android: MEmu
D [2016-07-14 17:01:17.629] Android Config: 0
D [2016-07-14 17:01:17.629] Android Version: 2.5.0
D [2016-07-14 17:01:17.629] Android Instance: MEmu
D [2016-07-14 17:01:17.629] Android Window Title: MEmu 2.
D [2016-07-14 17:01:17.629] Android Program Path: C:\Program Files\Microvirt\MEmu\MEmu.exe
D [2016-07-14 17:01:17.630] Android Program Parameter: MEmu
D [2016-07-14 17:01:17.630] Android ADB Path: C:\Program Files\Microvirt\MEmu\adb.exe
D [2016-07-14 17:01:17.630] Android ADB Device: 127.0.0.1:21503
D [2016-07-14 17:01:17.630] Android ADB Shared Folder: /mnt/shell/emulated/0/Pictures/
D [2016-07-14 17:01:17.630] Android ADB Shared Folder on Host: C:\Users\Amin\Pictures\MEmu Photo\
D [2016-07-14 17:01:17.631] Android ADB Shared SubFolder: mybot.run\
D [2016-07-14 17:01:17.631] Android Mouse Device: Microvirt Virtual Input
D [2016-07-14 17:01:17.631] Android ADB screencap command enabled: True
D [2016-07-14 17:01:17.631] Android ADB input command enabled: False
D [2016-07-14 17:01:17.631] Android ADB Mouse Click enabled: False
D [2016-07-14 17:01:17.632] Android ADB Click Drag enabled: True
D [2016-07-14 17:01:17.632] Searching MEmu Window: Title = 'MEmu 2.', Class = '[CLASS:subWin; INSTANCE:1]', Text = ''
D [2016-07-14 17:01:17.633] MEmu Window not found
D [2016-07-14 17:01:17.633] InitAndroid(False): MEmu END, initialization successful = True
D [2016-07-14 17:01:17.633] UpdateAndroidConfig("MEmu") END
D [2016-07-14 17:01:17.634] GetAndroidRunningInstance: Try to find "C:\Program Files\Microvirt\MEmu\MEmu.exe"
D [2016-07-14 17:01:17.641] ObjGet("winmgmts:\\.\root\cimv2")
D [2016-07-14 17:01:17.641] WMI Query: Select * from Win32_Process where ExecutablePath like "%C:\\Program Files\\Microvirt\\MEmu\\MEmu.exe%"
D [2016-07-14 17:01:17.687] Process by CommandLine not found: C:\Program Files\Microvirt\MEmu\MEmu.exe
D [2016-07-14 17:01:17.688] UpdateAndroidConfig("droid4x")
D [2016-07-14 17:01:17.688] InitAndroid(False): Droid4X
L [2016-07-14 17:01:17.688] Serious error has occurred: Cannot find Droid4X:
L [2016-07-14 17:01:17.689] C:\Program Files (x86)\Droid4X\Droid4X.exe
D [2016-07-14 17:01:17.690] InitAndroid(False): Droid4X END, initialization successful = False
D [2016-07-14 17:01:17.690] UpdateAndroidConfig("droid4x") END
D [2016-07-14 17:01:17.690] UpdateAndroidConfig("nox")
D [2016-07-14 17:01:17.690] InitAndroid(False): Nox
D [2016-07-14 17:01:18.371] Android: Nox
D [2016-07-14 17:01:18.371] Android Config: 2
D [2016-07-14 17:01:18.371] Android Version: 3.1.0.0
D [2016-07-14 17:01:18.371] Android Instance: nox
D [2016-07-14 17:01:18.372] Android Window Title: No
D [2016-07-14 17:01:18.372] Android Program Path: C:\Users\Amin\AppData\Roaming\Nox\bin\Nox.exe
D [2016-07-14 17:01:18.372] Android Program Parameter: -resolution:860x732 -dpi:160 "-clone:nox"
D [2016-07-14 17:01:18.372] Android ADB Path: C:\Program Files\Microvirt\MEmu\adb.exe
D [2016-07-14 17:01:18.372] Android ADB Device: 127.0.0.1:62001
D [2016-07-14 17:01:18.373] Android ADB Shared Folder: /mnt/shared/Other/
D [2016-07-14 17:01:18.373] Android ADB Shared Folder on Host: C:\Users\Amin\Documents\Nox_share\Other\
D [2016-07-14 17:01:18.373] Android ADB Shared SubFolder: mybot.run\
D [2016-07-14 17:01:18.373] Android Mouse Device: nox Virtual Input
D [2016-07-14 17:01:18.373] Android ADB screencap command enabled: True
D [2016-07-14 17:01:18.374] Android ADB input command enabled: False
D [2016-07-14 17:01:18.374] Android ADB Mouse Click enabled: False
D [2016-07-14 17:01:18.374] Android ADB Click Drag enabled: True
D [2016-07-14 17:01:18.374] Searching Nox Window: Title = 'No', Class = '[CLASS:Qt5QWindowIcon;INSTANCE:4]', Text = ''
D [2016-07-14 17:01:18.376] Nox Window not found
D [2016-07-14 17:01:18.376] InitAndroid(False): Nox END, initialization successful = True
D [2016-07-14 17:01:18.376] UpdateAndroidConfig("nox") END
D [2016-07-14 17:01:18.377] GetAndroidRunningInstance: Try to find "C:\Users\Amin\AppData\Roaming\Nox\bin\Nox.exe"
D [2016-07-14 17:01:18.378] ObjGet("winmgmts:\\.\root\cimv2")
D [2016-07-14 17:01:18.380] WMI Query: Select * from Win32_Process where ExecutablePath like "%C:\\Users\\Amin\\AppData\\Roaming\\Nox\\bin\\Nox.exe%"
D [2016-07-14 17:01:18.423] No process found by CommandLine: C:\Users\Amin\AppData\Roaming\Nox\bin\Nox.exe
D [2016-07-14 17:01:18.425] UpdateAndroidConfig("")
D [2016-07-14 17:01:18.425] InitAndroid(False): BlueStacks2
D [2016-07-14 17:01:18.426] BlueStacks2 Engine 'Plus'-Mode: False
D [2016-07-14 17:01:18.426] BlueStacks2 OEM Features: 2754561
D [2016-07-14 17:01:18.426] BlueStacks2 System Bar is not available
D [2016-07-14 17:01:18.426] Searching BlueStacks2 Window: Title = 'BlueStacks ', Class = '[CLASS:BlueStacksApp; INSTANCE:1]', Text = '_ctl.Window'
D [2016-07-14 17:01:18.428] BlueStacks2 Window not found
D [2016-07-14 17:01:18.428] Android: BlueStacks2
D [2016-07-14 17:01:18.428] Android Config: 3
D [2016-07-14 17:01:18.428] Android Version: 2.0.2.5623
D [2016-07-14 17:01:18.429] Android Instance: 
D [2016-07-14 17:01:18.429] Android Window Title: BlueStacks 
D [2016-07-14 17:01:18.429] Android Program Path: C:\Program Files (x86)\BlueStacks\HD-Frontend.exe
D [2016-07-14 17:01:18.429] Android Program Parameter: Android
D [2016-07-14 17:01:18.429] Android ADB Path: C:\Program Files\Microvirt\MEmu\adb.exe
D [2016-07-14 17:01:18.430] Android ADB Device: emulator-5554
D [2016-07-14 17:01:18.430] Android ADB Shared Folder: /storage/sdcard/windows/BstSharedFolder/
D [2016-07-14 17:01:18.430] Android ADB Shared Folder on Host: C:\ProgramData\BlueStacks\UserData\SharedFolder\
D [2016-07-14 17:01:18.430] Android ADB Shared SubFolder: mybot.run\
D [2016-07-14 17:01:18.430] Android Mouse Device: BlueStacks Virtual Touch
D [2016-07-14 17:01:18.431] Android ADB screencap command enabled: False
D [2016-07-14 17:01:18.431] Android ADB input command enabled: False
D [2016-07-14 17:01:18.431] Android ADB Mouse Click enabled: False
D [2016-07-14 17:01:18.431] Android ADB Click Drag enabled: False
D [2016-07-14 17:01:18.431] Searching BlueStacks2 Window: Title = 'BlueStacks ', Class = '[CLASS:BlueStacksApp; INSTANCE:1]', Text = '_ctl.Window'
D [2016-07-14 17:01:18.433] BlueStacks2 Window not found
D [2016-07-14 17:01:18.433] InitAndroid(False): BlueStacks2 END, initialization successful = True
D [2016-07-14 17:01:18.433] UpdateAndroidConfig("") END
D [2016-07-14 17:01:18.433] Searching BlueStacks2 Window: Title = 'BlueStacks ', Class = '[CLASS:BlueStacksApp; INSTANCE:1]', Text = '_ctl.Window'
D [2016-07-14 17:01:18.435] BlueStacks2 Window not found
D [2016-07-14 17:01:18.436] UpdateAndroidConfig("")
D [2016-07-14 17:01:18.437] InitAndroid(False): BlueStacks
D [2016-07-14 17:01:18.437] BlueStacks Engine 'Plus'-Mode: False
D [2016-07-14 17:01:18.437] BlueStacks OEM Features: 2754561
D [2016-07-14 17:01:18.438] BlueStacks System Bar is not available
D [2016-07-14 17:01:18.438] Searching BlueStacks Window: Title = 'BlueStacks App Player', Class = '[CLASS:BlueStacksApp; INSTANCE:1]', Text = '_ctl.Window'
D [2016-07-14 17:01:18.441] BlueStacks Window not found
L [2016-07-14 17:01:18.441] BlueStacks supported version 0.8.x - 0.11.x not found
D [2016-07-14 17:01:18.441] InitAndroid(False): BlueStacks END, initialization successful = False
D [2016-07-14 17:01:18.441] UpdateAndroidConfig("") END
D [2016-07-14 17:01:18.442] UpdateAndroidConfig("MEmu")
D [2016-07-14 17:01:18.442] InitAndroid(False): MEmu
D [2016-07-14 17:01:19.363] Cannot read MEmu guestproperty phone_layout!
D [2016-07-14 17:01:19.364] Searching MEmu Window: Title = 'MEmu 2.', Class = '[CLASS:subWin; INSTANCE:1]', Text = ''
D [2016-07-14 17:01:19.365] MEmu Window not found
D [2016-07-14 17:01:19.365] Android: MEmu
D [2016-07-14 17:01:19.365] Android Config: 0
D [2016-07-14 17:01:19.366] Android Version: 2.5.0
D [2016-07-14 17:01:19.366] Android Instance: MEmu
D [2016-07-14 17:01:19.366] Android Window Title: MEmu 2.
D [2016-07-14 17:01:19.366] Android Program Path: C:\Program Files\Microvirt\MEmu\MEmu.exe
D [2016-07-14 17:01:19.366] Android Program Parameter: MEmu
D [2016-07-14 17:01:19.367] Android ADB Path: C:\Program Files\Microvirt\MEmu\adb.exe
D [2016-07-14 17:01:19.367] Android ADB Device: 127.0.0.1:21503
D [2016-07-14 17:01:19.367] Android ADB Shared Folder: /mnt/shell/emulated/0/Pictures/
D [2016-07-14 17:01:19.367] Android ADB Shared Folder on Host: C:\Users\Amin\Pictures\MEmu Photo\
D [2016-07-14 17:01:19.367] Android ADB Shared SubFolder: mybot.run\
D [2016-07-14 17:01:19.368] Android Mouse Device: Microvirt Virtual Input
D [2016-07-14 17:01:19.368] Android ADB screencap command enabled: True
D [2016-07-14 17:01:19.368] Android ADB input command enabled: False
D [2016-07-14 17:01:19.368] Android ADB Mouse Click enabled: False
D [2016-07-14 17:01:19.368] Android ADB Click Drag enabled: True
D [2016-07-14 17:01:19.369] Searching MEmu Window: Title = 'MEmu 2.', Class = '[CLASS:subWin; INSTANCE:1]', Text = ''
D [2016-07-14 17:01:19.370] MEmu Window not found
D [2016-07-14 17:01:19.370] InitAndroid(False): MEmu END, initialization successful = True
D [2016-07-14 17:01:19.370] UpdateAndroidConfig("MEmu") END
D [2016-07-14 17:01:19.370] Found no running Android Emulator
D [2016-07-14 17:01:19.371] DetectInstalledAndroid()
D [2016-07-14 17:01:19.371] UpdateAndroidConfig("MEmu")
D [2016-07-14 17:01:19.371] InitAndroid(False): MEmu
D [2016-07-14 17:01:20.278] Cannot read MEmu guestproperty phone_layout!
D [2016-07-14 17:01:20.279] Searching MEmu Window: Title = 'MEmu 2.', Class = '[CLASS:subWin; INSTANCE:1]', Text = ''
D [2016-07-14 17:01:20.280] MEmu Window not found
D [2016-07-14 17:01:20.280] Android: MEmu
D [2016-07-14 17:01:20.280] Android Config: 0
D [2016-07-14 17:01:20.281] Android Version: 2.5.0
D [2016-07-14 17:01:20.281] Android Instance: MEmu
D [2016-07-14 17:01:20.281] Android Window Title: MEmu 2.
D [2016-07-14 17:01:20.281] Android Program Path: C:\Program Files\Microvirt\MEmu\MEmu.exe
D [2016-07-14 17:01:20.281] Android Program Parameter: MEmu
D [2016-07-14 17:01:20.281] Android ADB Path: C:\Program Files\Microvirt\MEmu\adb.exe
D [2016-07-14 17:01:20.282] Android ADB Device: 127.0.0.1:21503
D [2016-07-14 17:01:20.282] Android ADB Shared Folder: /mnt/shell/emulated/0/Pictures/
D [2016-07-14 17:01:20.282] Android ADB Shared Folder on Host: C:\Users\Amin\Pictures\MEmu Photo\
D [2016-07-14 17:01:20.282] Android ADB Shared SubFolder: mybot.run\
D [2016-07-14 17:01:20.283] Android Mouse Device: Microvirt Virtual Input
D [2016-07-14 17:01:20.283] Android ADB screencap command enabled: True
D [2016-07-14 17:01:20.283] Android ADB input command enabled: False
D [2016-07-14 17:01:20.283] Android ADB Mouse Click enabled: False
D [2016-07-14 17:01:20.283] Android ADB Click Drag enabled: True
D [2016-07-14 17:01:20.284] Searching MEmu Window: Title = 'MEmu 2.', Class = '[CLASS:subWin; INSTANCE:1]', Text = ''
D [2016-07-14 17:01:20.287] MEmu Window not found
D [2016-07-14 17:01:20.287] InitAndroid(False): MEmu END, initialization successful = True
D [2016-07-14 17:01:20.288] UpdateAndroidConfig("MEmu") END
D [2016-07-14 17:01:20.288] Found installed MEmu 2.5.0
D [2016-07-14 17:01:20.289] My Bot is the only running instance
D [2016-07-14 17:01:22.544] UpdateAndroidConfig("MEmu")
D [2016-07-14 17:01:22.544] InitAndroid(False): MEmu
D [2016-07-14 17:01:23.482] Cannot read MEmu guestproperty phone_layout!
D [2016-07-14 17:01:23.482] Searching MEmu Window: Title = 'MEmu 2.', Class = '[CLASS:subWin; INSTANCE:1]', Text = ''
D [2016-07-14 17:01:23.485] MEmu Window not found
D [2016-07-14 17:01:23.485] Android: MEmu
D [2016-07-14 17:01:23.485] Android Config: 0
D [2016-07-14 17:01:23.485] Android Version: 2.5.0
D [2016-07-14 17:01:23.487] Android Instance: MEmu
D [2016-07-14 17:01:23.487] Android Window Title: MEmu 2.
D [2016-07-14 17:01:23.487] Android Program Path: C:\Program Files\Microvirt\MEmu\MEmu.exe
D [2016-07-14 17:01:23.487] Android Program Parameter: MEmu
D [2016-07-14 17:01:23.488] Android ADB Path: C:\Program Files\Microvirt\MEmu\adb.exe
D [2016-07-14 17:01:23.488] Android ADB Device: 127.0.0.1:21503
D [2016-07-14 17:01:23.488] Android ADB Shared Folder: /mnt/shell/emulated/0/Pictures/
D [2016-07-14 17:01:23.488] Android ADB Shared Folder on Host: C:\Users\Amin\Pictures\MEmu Photo\
D [2016-07-14 17:01:23.488] Android ADB Shared SubFolder: mybot.run\
D [2016-07-14 17:01:23.489] Android Mouse Device: Microvirt Virtual Input
D [2016-07-14 17:01:23.489] Android ADB screencap command enabled: True
D [2016-07-14 17:01:23.489] Android ADB input command enabled: False
D [2016-07-14 17:01:23.489] Android ADB Mouse Click enabled: False
D [2016-07-14 17:01:23.489] Android ADB Click Drag enabled: True
D [2016-07-14 17:01:23.489] Searching MEmu Window: Title = 'MEmu 2.', Class = '[CLASS:subWin; INSTANCE:1]', Text = ''
D [2016-07-14 17:01:23.492] MEmu Window not found
D [2016-07-14 17:01:23.493] InitAndroid(False): MEmu END, initialization successful = True
D [2016-07-14 17:01:23.493] UpdateAndroidConfig("MEmu") END
D [2016-07-14 17:01:23.493] UpdateAndroidConfig("droid4x")
D [2016-07-14 17:01:23.493] InitAndroid(False): Droid4X
L [2016-07-14 17:01:23.494] Serious error has occurred: Cannot find Droid4X:
L [2016-07-14 17:01:23.494] C:\Program Files (x86)\Droid4X\Droid4X.exe
D [2016-07-14 17:01:23.494] InitAndroid(False): Droid4X END, initialization successful = False
D [2016-07-14 17:01:23.494] UpdateAndroidConfig("droid4x") END
D [2016-07-14 17:01:23.495] UpdateAndroidConfig("nox")
D [2016-07-14 17:01:23.495] InitAndroid(False): Nox
D [2016-07-14 17:01:24.185] Android: Nox
D [2016-07-14 17:01:24.185] Android Config: 2
D [2016-07-14 17:01:24.186] Android Version: 3.1.0.0
D [2016-07-14 17:01:24.186] Android Instance: nox
D [2016-07-14 17:01:24.186] Android Window Title: No
D [2016-07-14 17:01:24.186] Android Program Path: C:\Users\Amin\AppData\Roaming\Nox\bin\Nox.exe
D [2016-07-14 17:01:24.186] Android Program Parameter: -resolution:860x732 -dpi:160 "-clone:nox"
D [2016-07-14 17:01:24.187] Android ADB Path: C:\Program Files\Microvirt\MEmu\adb.exe
D [2016-07-14 17:01:24.187] Android ADB Device: 127.0.0.1:62001
D [2016-07-14 17:01:24.187] Android ADB Shared Folder: /mnt/shared/Other/
D [2016-07-14 17:01:24.187] Android ADB Shared Folder on Host: C:\Users\Amin\Documents\Nox_share\Other\
D [2016-07-14 17:01:24.187] Android ADB Shared SubFolder: mybot.run\
D [2016-07-14 17:01:24.188] Android Mouse Device: nox Virtual Input
D [2016-07-14 17:01:24.188] Android ADB screencap command enabled: True
D [2016-07-14 17:01:24.188] Android ADB input command enabled: False
D [2016-07-14 17:01:24.188] Android ADB Mouse Click enabled: False
D [2016-07-14 17:01:24.188] Android ADB Click Drag enabled: True
D [2016-07-14 17:01:24.189] Searching Nox Window: Title = 'No', Class = '[CLASS:Qt5QWindowIcon;INSTANCE:4]', Text = ''
D [2016-07-14 17:01:24.194] Nox Window not found
D [2016-07-14 17:01:24.194] InitAndroid(False): Nox END, initialization successful = True
D [2016-07-14 17:01:24.194] UpdateAndroidConfig("nox") END
D [2016-07-14 17:01:24.194] UpdateAndroidConfig("")
D [2016-07-14 17:01:24.194] InitAndroid(False): BlueStacks2
D [2016-07-14 17:01:24.195] BlueStacks2 Engine 'Plus'-Mode: False
D [2016-07-14 17:01:24.195] BlueStacks2 OEM Features: 2754561
D [2016-07-14 17:01:24.195] BlueStacks2 System Bar is not available
D [2016-07-14 17:01:24.196] Searching BlueStacks2 Window: Title = 'BlueStacks ', Class = '[CLASS:BlueStacksApp; INSTANCE:1]', Text = '_ctl.Window'
D [2016-07-14 17:01:24.198] BlueStacks2 Window not found
D [2016-07-14 17:01:24.198] Android: BlueStacks2
D [2016-07-14 17:01:24.199] Android Config: 3
D [2016-07-14 17:01:24.199] Android Version: 2.0.2.5623
D [2016-07-14 17:01:24.199] Android Instance: 
D [2016-07-14 17:01:24.199] Android Window Title: BlueStacks 
D [2016-07-14 17:01:24.199] Android Program Path: C:\Program Files (x86)\BlueStacks\HD-Frontend.exe
D [2016-07-14 17:01:24.200] Android Program Parameter: Android
D [2016-07-14 17:01:24.200] Android ADB Path: C:\Program Files\Microvirt\MEmu\adb.exe
D [2016-07-14 17:01:24.200] Android ADB Device: emulator-5554
D [2016-07-14 17:01:24.200] Android ADB Shared Folder: /storage/sdcard/windows/BstSharedFolder/
D [2016-07-14 17:01:24.200] Android ADB Shared Folder on Host: C:\ProgramData\BlueStacks\UserData\SharedFolder\
D [2016-07-14 17:01:24.201] Android ADB Shared SubFolder: mybot.run\
D [2016-07-14 17:01:24.201] Android Mouse Device: BlueStacks Virtual Touch
D [2016-07-14 17:01:24.201] Android ADB screencap command enabled: False
D [2016-07-14 17:01:24.201] Android ADB input command enabled: False
D [2016-07-14 17:01:24.201] Android ADB Mouse Click enabled: False
D [2016-07-14 17:01:24.201] Android ADB Click Drag enabled: False
D [2016-07-14 17:01:24.202] Searching BlueStacks2 Window: Title = 'BlueStacks ', Class = '[CLASS:BlueStacksApp; INSTANCE:1]', Text = '_ctl.Window'
D [2016-07-14 17:01:24.206] BlueStacks2 Window not found
D [2016-07-14 17:01:24.207] InitAndroid(False): BlueStacks2 END, initialization successful = True
D [2016-07-14 17:01:24.207] UpdateAndroidConfig("") END
D [2016-07-14 17:01:24.207] UpdateAndroidConfig("")
D [2016-07-14 17:01:24.207] InitAndroid(False): BlueStacks
D [2016-07-14 17:01:24.208] BlueStacks Engine 'Plus'-Mode: False
D [2016-07-14 17:01:24.208] BlueStacks OEM Features: 2754561
D [2016-07-14 17:01:24.208] BlueStacks System Bar is not available
D [2016-07-14 17:01:24.208] Searching BlueStacks Window: Title = 'BlueStacks App Player', Class = '[CLASS:BlueStacksApp; INSTANCE:1]', Text = '_ctl.Window'
D [2016-07-14 17:01:24.212] BlueStacks Window not found
L [2016-07-14 17:01:24.212] BlueStacks supported version 0.8.x - 0.11.x not found
D [2016-07-14 17:01:24.212] InitAndroid(False): BlueStacks END, initialization successful = False
D [2016-07-14 17:01:24.212] UpdateAndroidConfig("") END
D [2016-07-14 17:01:24.212] UpdateAndroidConfig("MEmu")
D [2016-07-14 17:01:24.213] InitAndroid(False): MEmu
D [2016-07-14 17:01:25.157] Cannot read MEmu guestproperty phone_layout!
D [2016-07-14 17:01:25.158] Searching MEmu Window: Title = 'MEmu 2.', Class = '[CLASS:subWin; INSTANCE:1]', Text = ''
D [2016-07-14 17:01:25.162] MEmu Window not found
D [2016-07-14 17:01:25.163] Android: MEmu
D [2016-07-14 17:01:25.163] Android Config: 0
D [2016-07-14 17:01:25.163] Android Version: 2.5.0
D [2016-07-14 17:01:25.163] Android Instance: MEmu
D [2016-07-14 17:01:25.163] Android Window Title: MEmu 2.
D [2016-07-14 17:01:25.163] Android Program Path: C:\Program Files\Microvirt\MEmu\MEmu.exe
D [2016-07-14 17:01:25.164] Android Program Parameter: MEmu
D [2016-07-14 17:01:25.164] Android ADB Path: C:\Program Files\Microvirt\MEmu\adb.exe
D [2016-07-14 17:01:25.164] Android ADB Device: 127.0.0.1:21503
D [2016-07-14 17:01:25.164] Android ADB Shared Folder: /mnt/shell/emulated/0/Pictures/
D [2016-07-14 17:01:25.165] Android ADB Shared Folder on Host: C:\Users\Amin\Pictures\MEmu Photo\
D [2016-07-14 17:01:25.165] Android ADB Shared SubFolder: mybot.run\
D [2016-07-14 17:01:25.165] Android Mouse Device: Microvirt Virtual Input
D [2016-07-14 17:01:25.165] Android ADB screencap command enabled: True
D [2016-07-14 17:01:25.165] Android ADB input command enabled: False
D [2016-07-14 17:01:25.165] Android ADB Mouse Click enabled: False
D [2016-07-14 17:01:25.166] Android ADB Click Drag enabled: True
D [2016-07-14 17:01:25.166] Searching MEmu Window: Title = 'MEmu 2.', Class = '[CLASS:subWin; INSTANCE:1]', Text = ''
D [2016-07-14 17:01:25.170] MEmu Window not found
D [2016-07-14 17:01:25.170] InitAndroid(False): MEmu END, initialization successful = True
D [2016-07-14 17:01:25.170] UpdateAndroidConfig("MEmu") END
D [2016-07-14 17:01:25.517] Read Building Config C:\Users\Amin\Desktop\MyBot.Run\MOD AIO\MyBot-AIO-2.1.3+Latest Fix-With-LimitDonations-byCutidudz\Profiles\MyVillage\building.ini
D [2016-07-14 17:01:25.529] Read Config C:\Users\Amin\Desktop\MyBot.Run\MOD AIO\MyBot-AIO-2.1.3+Latest Fix-With-LimitDonations-byCutidudz\Profiles\MyVillage\config.ini
D [2016-07-14 17:01:25.584] Apply Config
D [2016-07-14 17:01:25.670] UpdateAndroidConfig("MEmu")
D [2016-07-14 17:01:25.670] InitAndroid(False): MEmu
D [2016-07-14 17:01:26.610] Cannot read MEmu guestproperty phone_layout!
D [2016-07-14 17:01:26.610] Searching MEmu Window: Title = 'MEmu 2.', Class = '[CLASS:subWin; INSTANCE:1]', Text = ''
D [2016-07-14 17:01:26.615] MEmu Window not found
D [2016-07-14 17:01:26.615] Android: MEmu
D [2016-07-14 17:01:26.615] Android Config: 0
D [2016-07-14 17:01:26.615] Android Version: 2.5.0
D [2016-07-14 17:01:26.615] Android Instance: MEmu
D [2016-07-14 17:01:26.616] Android Window Title: MEmu 2.
D [2016-07-14 17:01:26.616] Android Program Path: C:\Program Files\Microvirt\MEmu\MEmu.exe
D [2016-07-14 17:01:26.616] Android Program Parameter: MEmu
D [2016-07-14 17:01:26.616] Android ADB Path: C:\Program Files\Microvirt\MEmu\adb.exe
D [2016-07-14 17:01:26.616] Android ADB Device: 127.0.0.1:21503
D [2016-07-14 17:01:26.617] Android ADB Shared Folder: /mnt/shell/emulated/0/Pictures/
D [2016-07-14 17:01:26.617] Android ADB Shared Folder on Host: C:\Users\Amin\Pictures\MEmu Photo\
D [2016-07-14 17:01:26.617] Android ADB Shared SubFolder: mybot.run\
D [2016-07-14 17:01:26.617] Android Mouse Device: Microvirt Virtual Input
D [2016-07-14 17:01:26.617] Android ADB screencap command enabled: True
D [2016-07-14 17:01:26.618] Android ADB input command enabled: False
D [2016-07-14 17:01:26.618] Android ADB Mouse Click enabled: False
D [2016-07-14 17:01:26.618] Android ADB Click Drag enabled: True
D [2016-07-14 17:01:26.618] Searching MEmu Window: Title = 'MEmu 2.', Class = '[CLASS:subWin; INSTANCE:1]', Text = ''
D [2016-07-14 17:01:26.622] MEmu Window not found
D [2016-07-14 17:01:26.622] InitAndroid(False): MEmu END, initialization successful = True
D [2016-07-14 17:01:26.623] UpdateAndroidConfig("MEmu") END
D [2016-07-14 17:01:26.625] Redraw MyBot Window
L [2016-07-14 17:01:27.360] Found installed MEmu 2.5.0
L [2016-07-14 17:01:27.367] Android Emulator Configuration: MEmu (instance MEmu)
L [2016-07-14 17:01:30.103] WELCOME CHIEF, YOU HAVE THE LATEST VERSION OF THE BOT
L [2016-07-14 17:01:30.107]  
L [2016-07-14 17:01:30.109] Fully working with May update
L [2016-07-14 17:01:30.113] New GUI and lots of new features
L [2016-07-14 17:01:30.115] For more information, go to 
L [2016-07-14 17:01:30.117] https://mybot.run
L [2016-07-14 17:01:30.120] 
L [2016-07-14 17:01:30.122]  Always free and open source.
D [2016-07-14 17:01:31.702] MyBot.run launch time 15103 ms.
L [2016-07-14 17:03:03.770] Closing Merged My Bot v6.1.4 All In One v2.1.3 (MEmu) ...
D [2016-07-14 17:03:03.779] Save Config C:\Users\Amin\Desktop\MyBot.Run\MOD AIO\MyBot-AIO-2.1.3+Latest Fix-With-LimitDonations-byCutidudz\Profiles\MyVillage\config.ini
D [2016-07-14 17:03:04.211] Save Building Config C:\Users\Amin\Desktop\MyBot.Run\MOD AIO\MyBot-AIO-2.1.3+Latest Fix-With-LimitDonations-byCutidudz\Profiles\MyVillage\building.ini
