D [2016-07-19 03:49:27.049] @AutoItExe: C:\Program Files (x86)\AutoIt3\AutoIt3.exe
D [2016-07-19 03:49:27.065] @ScriptFullPath: C:\Users\Amin\Desktop\MyBot.Run\MOD AIO\MyBot-AIO-2.1.4\MyBot.run.au3
D [2016-07-19 03:49:27.065] @WorkingDir: C:\Users\Amin\Desktop\MyBot.Run\MOD AIO\MyBot-AIO-2.1.4
D [2016-07-19 03:49:27.065] @AutoItPID: 5516
D [2016-07-19 03:49:27.094] DetectRunningAndroid()
D [2016-07-19 03:49:27.094] UpdateAndroidConfig("MEmu")
D [2016-07-19 03:49:27.094] InitAndroid(False): MEmu
D [2016-07-19 03:49:28.089] Cannot read MEmu guestproperty phone_layout!
D [2016-07-19 03:49:28.090] Searching MEmu Window: Title = 'MEmu 2.', Class = '[CLASS:subWin; INSTANCE:1]', Text = ''
D [2016-07-19 03:49:28.095] MEmu Window not found
D [2016-07-19 03:49:28.095] Android: MEmu
D [2016-07-19 03:49:28.095] Android Config: 0
D [2016-07-19 03:49:28.096] Android Version: 2.5.0
D [2016-07-19 03:49:28.096] Android Instance: MEmu
D [2016-07-19 03:49:28.096] Android Window Title: MEmu 2.
D [2016-07-19 03:49:28.096] Android Program Path: C:\Program Files\Microvirt\MEmu\MEmu.exe
D [2016-07-19 03:49:28.096] Android Program Parameter: MEmu
D [2016-07-19 03:49:28.097] Android ADB Path: C:\Program Files\Microvirt\MEmu\adb.exe
D [2016-07-19 03:49:28.097] Android ADB Device: 127.0.0.1:21503
D [2016-07-19 03:49:28.097] Android ADB Shared Folder: /mnt/shell/emulated/0/Pictures/
D [2016-07-19 03:49:28.097] Android ADB Shared Folder on Host: C:\Users\Amin\Pictures\MEmu Photo\
D [2016-07-19 03:49:28.097] Android ADB Shared SubFolder: mybot.run\
D [2016-07-19 03:49:28.098] Android Mouse Device: Microvirt Virtual Input
D [2016-07-19 03:49:28.098] Android ADB screencap command enabled: True
D [2016-07-19 03:49:28.098] Android ADB input command enabled: False
D [2016-07-19 03:49:28.098] Android ADB Mouse Click enabled: False
D [2016-07-19 03:49:28.098] Android ADB Click Drag enabled: True
D [2016-07-19 03:49:28.099] Searching MEmu Window: Title = 'MEmu 2.', Class = '[CLASS:subWin; INSTANCE:1]', Text = ''
D [2016-07-19 03:49:28.102] MEmu Window not found
D [2016-07-19 03:49:28.102] InitAndroid(False): MEmu END, initialization successful = True
D [2016-07-19 03:49:28.102] UpdateAndroidConfig("MEmu") END
D [2016-07-19 03:49:28.102] GetAndroidRunningInstance: Try to find "C:\Program Files\Microvirt\MEmu\MEmu.exe"
D [2016-07-19 03:49:28.110] ObjGet("winmgmts:\\.\root\cimv2")
D [2016-07-19 03:49:28.110] WMI Query: Select * from Win32_Process where ExecutablePath like "%C:\\Program Files\\Microvirt\\MEmu\\MEmu.exe%"
D [2016-07-19 03:49:28.155] Process by CommandLine not found: C:\Program Files\Microvirt\MEmu\MEmu.exe
D [2016-07-19 03:49:28.156] UpdateAndroidConfig("droid4x")
D [2016-07-19 03:49:28.156] InitAndroid(False): Droid4X
L [2016-07-19 03:49:28.157] Serious error has occurred: Cannot find Droid4X:
L [2016-07-19 03:49:28.157] C:\Program Files (x86)\Droid4X\Droid4X.exe
D [2016-07-19 03:49:28.158] InitAndroid(False): Droid4X END, initialization successful = False
D [2016-07-19 03:49:28.158] UpdateAndroidConfig("droid4x") END
D [2016-07-19 03:49:28.158] UpdateAndroidConfig("nox")
D [2016-07-19 03:49:28.158] InitAndroid(False): Nox
D [2016-07-19 03:49:28.845] Android: Nox
D [2016-07-19 03:49:28.845] Android Config: 2
D [2016-07-19 03:49:28.845] Android Version: 3.1.0.0
D [2016-07-19 03:49:28.845] Android Instance: nox
D [2016-07-19 03:49:28.845] Android Window Title: No
D [2016-07-19 03:49:28.846] Android Program Path: C:\Users\Amin\AppData\Roaming\Nox\bin\Nox.exe
D [2016-07-19 03:49:28.846] Android Program Parameter: -resolution:860x732 -dpi:160 "-clone:nox"
D [2016-07-19 03:49:28.846] Android ADB Path: C:\Program Files\Microvirt\MEmu\adb.exe
D [2016-07-19 03:49:28.846] Android ADB Device: 127.0.0.1:62001
D [2016-07-19 03:49:28.846] Android ADB Shared Folder: /mnt/shared/Other/
D [2016-07-19 03:49:28.847] Android ADB Shared Folder on Host: C:\Users\Amin\Documents\Nox_share\Other\
D [2016-07-19 03:49:28.847] Android ADB Shared SubFolder: mybot.run\
D [2016-07-19 03:49:28.847] Android Mouse Device: nox Virtual Input
D [2016-07-19 03:49:28.847] Android ADB screencap command enabled: True
D [2016-07-19 03:49:28.848] Android ADB input command enabled: False
D [2016-07-19 03:49:28.848] Android ADB Mouse Click enabled: False
D [2016-07-19 03:49:28.848] Android ADB Click Drag enabled: True
D [2016-07-19 03:49:28.848] Searching Nox Window: Title = 'No', Class = '[CLASS:Qt5QWindowIcon;INSTANCE:4]', Text = ''
D [2016-07-19 03:49:28.852] Nox Window not found
D [2016-07-19 03:49:28.852] InitAndroid(False): Nox END, initialization successful = True
D [2016-07-19 03:49:28.852] UpdateAndroidConfig("nox") END
D [2016-07-19 03:49:28.852] GetAndroidRunningInstance: Try to find "C:\Users\Amin\AppData\Roaming\Nox\bin\Nox.exe"
D [2016-07-19 03:49:28.854] ObjGet("winmgmts:\\.\root\cimv2")
D [2016-07-19 03:49:28.854] WMI Query: Select * from Win32_Process where ExecutablePath like "%C:\\Users\\Amin\\AppData\\Roaming\\Nox\\bin\\Nox.exe%"
D [2016-07-19 03:49:28.897] No process found by CommandLine: C:\Users\Amin\AppData\Roaming\Nox\bin\Nox.exe
D [2016-07-19 03:49:28.897] UpdateAndroidConfig("")
D [2016-07-19 03:49:28.898] InitAndroid(False): BlueStacks2
D [2016-07-19 03:49:28.898] BlueStacks2 Engine 'Plus'-Mode: False
D [2016-07-19 03:49:28.899] BlueStacks2 OEM Features: 2754561
D [2016-07-19 03:49:28.899] BlueStacks2 System Bar is not available
D [2016-07-19 03:49:28.899] Searching BlueStacks2 Window: Title = 'BlueStacks ', Class = '[CLASS:BlueStacksApp; INSTANCE:1]', Text = '_ctl.Window'
D [2016-07-19 03:49:28.903] BlueStacks2 Window not found
D [2016-07-19 03:49:28.903] Android: BlueStacks2
D [2016-07-19 03:49:28.904] Android Config: 3
D [2016-07-19 03:49:28.904] Android Version: 2.0.2.5623
D [2016-07-19 03:49:28.904] Android Instance: 
D [2016-07-19 03:49:28.904] Android Window Title: BlueStacks 
D [2016-07-19 03:49:28.904] Android Program Path: C:\Program Files (x86)\BlueStacks\HD-Frontend.exe
D [2016-07-19 03:49:28.905] Android Program Parameter: Android
D [2016-07-19 03:49:28.905] Android ADB Path: C:\Program Files\Microvirt\MEmu\adb.exe
D [2016-07-19 03:49:28.905] Android ADB Device: emulator-5554
D [2016-07-19 03:49:28.905] Android ADB Shared Folder: /storage/sdcard/windows/BstSharedFolder/
D [2016-07-19 03:49:28.905] Android ADB Shared Folder on Host: C:\ProgramData\BlueStacks\UserData\SharedFolder\
D [2016-07-19 03:49:28.906] Android ADB Shared SubFolder: mybot.run\
D [2016-07-19 03:49:28.906] Android Mouse Device: BlueStacks Virtual Touch
D [2016-07-19 03:49:28.906] Android ADB screencap command enabled: False
D [2016-07-19 03:49:28.906] Android ADB input command enabled: False
D [2016-07-19 03:49:28.906] Android ADB Mouse Click enabled: False
D [2016-07-19 03:49:28.907] Android ADB Click Drag enabled: False
D [2016-07-19 03:49:28.907] Searching BlueStacks2 Window: Title = 'BlueStacks ', Class = '[CLASS:BlueStacksApp; INSTANCE:1]', Text = '_ctl.Window'
D [2016-07-19 03:49:28.910] BlueStacks2 Window not found
D [2016-07-19 03:49:28.910] InitAndroid(False): BlueStacks2 END, initialization successful = True
D [2016-07-19 03:49:28.910] UpdateAndroidConfig("") END
D [2016-07-19 03:49:28.911] Searching BlueStacks2 Window: Title = 'BlueStacks ', Class = '[CLASS:BlueStacksApp; INSTANCE:1]', Text = '_ctl.Window'
D [2016-07-19 03:49:28.914] BlueStacks2 Window not found
D [2016-07-19 03:49:28.915] UpdateAndroidConfig("")
D [2016-07-19 03:49:28.916] InitAndroid(False): BlueStacks
D [2016-07-19 03:49:28.916] BlueStacks Engine 'Plus'-Mode: False
D [2016-07-19 03:49:28.916] BlueStacks OEM Features: 2754561
D [2016-07-19 03:49:28.917] BlueStacks System Bar is not available
D [2016-07-19 03:49:28.917] Searching BlueStacks Window: Title = 'BlueStacks App Player', Class = '[CLASS:BlueStacksApp; INSTANCE:1]', Text = '_ctl.Window'
D [2016-07-19 03:49:28.921] BlueStacks Window not found
L [2016-07-19 03:49:28.921] BlueStacks supported version 0.8.x - 0.11.x not found
D [2016-07-19 03:49:28.922] InitAndroid(False): BlueStacks END, initialization successful = False
D [2016-07-19 03:49:28.922] UpdateAndroidConfig("") END
D [2016-07-19 03:49:28.922] UpdateAndroidConfig("MEmu")
D [2016-07-19 03:49:28.922] InitAndroid(False): MEmu
D [2016-07-19 03:49:29.850] Cannot read MEmu guestproperty phone_layout!
D [2016-07-19 03:49:29.850] Searching MEmu Window: Title = 'MEmu 2.', Class = '[CLASS:subWin; INSTANCE:1]', Text = ''
D [2016-07-19 03:49:29.854] MEmu Window not found
D [2016-07-19 03:49:29.854] Android: MEmu
D [2016-07-19 03:49:29.854] Android Config: 0
D [2016-07-19 03:49:29.854] Android Version: 2.5.0
D [2016-07-19 03:49:29.854] Android Instance: MEmu
D [2016-07-19 03:49:29.855] Android Window Title: MEmu 2.
D [2016-07-19 03:49:29.855] Android Program Path: C:\Program Files\Microvirt\MEmu\MEmu.exe
D [2016-07-19 03:49:29.855] Android Program Parameter: MEmu
D [2016-07-19 03:49:29.855] Android ADB Path: C:\Program Files\Microvirt\MEmu\adb.exe
D [2016-07-19 03:49:29.855] Android ADB Device: 127.0.0.1:21503
D [2016-07-19 03:49:29.856] Android ADB Shared Folder: /mnt/shell/emulated/0/Pictures/
D [2016-07-19 03:49:29.856] Android ADB Shared Folder on Host: C:\Users\Amin\Pictures\MEmu Photo\
D [2016-07-19 03:49:29.856] Android ADB Shared SubFolder: mybot.run\
D [2016-07-19 03:49:29.856] Android Mouse Device: Microvirt Virtual Input
D [2016-07-19 03:49:29.856] Android ADB screencap command enabled: True
D [2016-07-19 03:49:29.857] Android ADB input command enabled: False
D [2016-07-19 03:49:29.857] Android ADB Mouse Click enabled: False
D [2016-07-19 03:49:29.857] Android ADB Click Drag enabled: True
D [2016-07-19 03:49:29.857] Searching MEmu Window: Title = 'MEmu 2.', Class = '[CLASS:subWin; INSTANCE:1]', Text = ''
D [2016-07-19 03:49:29.861] MEmu Window not found
D [2016-07-19 03:49:29.861] InitAndroid(False): MEmu END, initialization successful = True
D [2016-07-19 03:49:29.861] UpdateAndroidConfig("MEmu") END
D [2016-07-19 03:49:29.861] Found no running Android Emulator
D [2016-07-19 03:49:29.861] DetectInstalledAndroid()
D [2016-07-19 03:49:29.862] UpdateAndroidConfig("MEmu")
D [2016-07-19 03:49:29.862] InitAndroid(False): MEmu
D [2016-07-19 03:49:30.786] Cannot read MEmu guestproperty phone_layout!
D [2016-07-19 03:49:30.786] Searching MEmu Window: Title = 'MEmu 2.', Class = '[CLASS:subWin; INSTANCE:1]', Text = ''
D [2016-07-19 03:49:30.791] MEmu Window not found
D [2016-07-19 03:49:30.792] Android: MEmu
D [2016-07-19 03:49:30.792] Android Config: 0
D [2016-07-19 03:49:30.792] Android Version: 2.5.0
D [2016-07-19 03:49:30.792] Android Instance: MEmu
D [2016-07-19 03:49:30.792] Android Window Title: MEmu 2.
D [2016-07-19 03:49:30.793] Android Program Path: C:\Program Files\Microvirt\MEmu\MEmu.exe
D [2016-07-19 03:49:30.793] Android Program Parameter: MEmu
D [2016-07-19 03:49:30.793] Android ADB Path: C:\Program Files\Microvirt\MEmu\adb.exe
D [2016-07-19 03:49:30.793] Android ADB Device: 127.0.0.1:21503
D [2016-07-19 03:49:30.793] Android ADB Shared Folder: /mnt/shell/emulated/0/Pictures/
D [2016-07-19 03:49:30.794] Android ADB Shared Folder on Host: C:\Users\Amin\Pictures\MEmu Photo\
D [2016-07-19 03:49:30.794] Android ADB Shared SubFolder: mybot.run\
D [2016-07-19 03:49:30.794] Android Mouse Device: Microvirt Virtual Input
D [2016-07-19 03:49:30.794] Android ADB screencap command enabled: True
D [2016-07-19 03:49:30.794] Android ADB input command enabled: False
D [2016-07-19 03:49:30.795] Android ADB Mouse Click enabled: False
D [2016-07-19 03:49:30.795] Android ADB Click Drag enabled: True
D [2016-07-19 03:49:30.795] Searching MEmu Window: Title = 'MEmu 2.', Class = '[CLASS:subWin; INSTANCE:1]', Text = ''
D [2016-07-19 03:49:30.800] MEmu Window not found
D [2016-07-19 03:49:30.800] InitAndroid(False): MEmu END, initialization successful = True
D [2016-07-19 03:49:30.801] UpdateAndroidConfig("MEmu") END
D [2016-07-19 03:49:30.801] Found installed MEmu 2.5.0
D [2016-07-19 03:49:30.802] My Bot is the only running instance
D [2016-07-19 03:49:34.936] UpdateAndroidConfig("MEmu")
D [2016-07-19 03:49:34.936] InitAndroid(False): MEmu
D [2016-07-19 03:49:35.893] Cannot read MEmu guestproperty phone_layout!
D [2016-07-19 03:49:35.893] Searching MEmu Window: Title = 'MEmu 2.', Class = '[CLASS:subWin; INSTANCE:1]', Text = ''
D [2016-07-19 03:49:35.899] MEmu Window not found
D [2016-07-19 03:49:35.899] Android: MEmu
D [2016-07-19 03:49:35.899] Android Config: 0
D [2016-07-19 03:49:35.899] Android Version: 2.5.0
D [2016-07-19 03:49:35.899] Android Instance: MEmu
D [2016-07-19 03:49:35.900] Android Window Title: MEmu 2.
D [2016-07-19 03:49:35.900] Android Program Path: C:\Program Files\Microvirt\MEmu\MEmu.exe
D [2016-07-19 03:49:35.900] Android Program Parameter: MEmu
D [2016-07-19 03:49:35.900] Android ADB Path: C:\Program Files\Microvirt\MEmu\adb.exe
D [2016-07-19 03:49:35.900] Android ADB Device: 127.0.0.1:21503
D [2016-07-19 03:49:35.901] Android ADB Shared Folder: /mnt/shell/emulated/0/Pictures/
D [2016-07-19 03:49:35.901] Android ADB Shared Folder on Host: C:\Users\Amin\Pictures\MEmu Photo\
D [2016-07-19 03:49:35.901] Android ADB Shared SubFolder: mybot.run\
D [2016-07-19 03:49:35.901] Android Mouse Device: Microvirt Virtual Input
D [2016-07-19 03:49:35.901] Android ADB screencap command enabled: True
D [2016-07-19 03:49:35.902] Android ADB input command enabled: False
D [2016-07-19 03:49:35.902] Android ADB Mouse Click enabled: False
D [2016-07-19 03:49:35.902] Android ADB Click Drag enabled: True
D [2016-07-19 03:49:35.902] Searching MEmu Window: Title = 'MEmu 2.', Class = '[CLASS:subWin; INSTANCE:1]', Text = ''
D [2016-07-19 03:49:35.907] MEmu Window not found
D [2016-07-19 03:49:35.907] InitAndroid(False): MEmu END, initialization successful = True
D [2016-07-19 03:49:35.908] UpdateAndroidConfig("MEmu") END
D [2016-07-19 03:49:35.908] UpdateAndroidConfig("droid4x")
D [2016-07-19 03:49:35.908] InitAndroid(False): Droid4X
L [2016-07-19 03:49:35.908] Serious error has occurred: Cannot find Droid4X:
L [2016-07-19 03:49:35.909] C:\Program Files (x86)\Droid4X\Droid4X.exe
D [2016-07-19 03:49:35.909] InitAndroid(False): Droid4X END, initialization successful = False
D [2016-07-19 03:49:35.909] UpdateAndroidConfig("droid4x") END
D [2016-07-19 03:49:35.909] UpdateAndroidConfig("nox")
D [2016-07-19 03:49:35.910] InitAndroid(False): Nox
D [2016-07-19 03:49:36.620] Android: Nox
D [2016-07-19 03:49:36.620] Android Config: 2
D [2016-07-19 03:49:36.620] Android Version: 3.1.0.0
D [2016-07-19 03:49:36.620] Android Instance: nox
D [2016-07-19 03:49:36.620] Android Window Title: No
D [2016-07-19 03:49:36.621] Android Program Path: C:\Users\Amin\AppData\Roaming\Nox\bin\Nox.exe
D [2016-07-19 03:49:36.621] Android Program Parameter: -resolution:860x732 -dpi:160 "-clone:nox"
D [2016-07-19 03:49:36.621] Android ADB Path: C:\Program Files\Microvirt\MEmu\adb.exe
D [2016-07-19 03:49:36.621] Android ADB Device: 127.0.0.1:62001
D [2016-07-19 03:49:36.621] Android ADB Shared Folder: /mnt/shared/Other/
D [2016-07-19 03:49:36.622] Android ADB Shared Folder on Host: C:\Users\Amin\Documents\Nox_share\Other\
D [2016-07-19 03:49:36.622] Android ADB Shared SubFolder: mybot.run\
D [2016-07-19 03:49:36.622] Android Mouse Device: nox Virtual Input
D [2016-07-19 03:49:36.622] Android ADB screencap command enabled: True
D [2016-07-19 03:49:36.622] Android ADB input command enabled: False
D [2016-07-19 03:49:36.623] Android ADB Mouse Click enabled: False
D [2016-07-19 03:49:36.623] Android ADB Click Drag enabled: True
D [2016-07-19 03:49:36.623] Searching Nox Window: Title = 'No', Class = '[CLASS:Qt5QWindowIcon;INSTANCE:4]', Text = ''
D [2016-07-19 03:49:36.631] Nox Window not found
D [2016-07-19 03:49:36.631] InitAndroid(False): Nox END, initialization successful = True
D [2016-07-19 03:49:36.631] UpdateAndroidConfig("nox") END
D [2016-07-19 03:49:36.632] UpdateAndroidConfig("")
D [2016-07-19 03:49:36.632] InitAndroid(False): BlueStacks2
D [2016-07-19 03:49:36.632] BlueStacks2 Engine 'Plus'-Mode: False
D [2016-07-19 03:49:36.633] BlueStacks2 OEM Features: 2754561
D [2016-07-19 03:49:36.633] BlueStacks2 System Bar is not available
D [2016-07-19 03:49:36.633] Searching BlueStacks2 Window: Title = 'BlueStacks ', Class = '[CLASS:BlueStacksApp; INSTANCE:1]', Text = '_ctl.Window'
D [2016-07-19 03:49:36.639] BlueStacks2 Window not found
D [2016-07-19 03:49:36.640] Android: BlueStacks2
D [2016-07-19 03:49:36.640] Android Config: 3
D [2016-07-19 03:49:36.640] Android Version: 2.0.2.5623
D [2016-07-19 03:49:36.640] Android Instance: 
D [2016-07-19 03:49:36.641] Android Window Title: BlueStacks 
D [2016-07-19 03:49:36.642] Android Program Path: C:\Program Files (x86)\BlueStacks\HD-Frontend.exe
D [2016-07-19 03:49:36.642] Android Program Parameter: Android
D [2016-07-19 03:49:36.642] Android ADB Path: C:\Program Files\Microvirt\MEmu\adb.exe
D [2016-07-19 03:49:36.642] Android ADB Device: emulator-5554
D [2016-07-19 03:49:36.642] Android ADB Shared Folder: /storage/sdcard/windows/BstSharedFolder/
D [2016-07-19 03:49:36.643] Android ADB Shared Folder on Host: C:\ProgramData\BlueStacks\UserData\SharedFolder\
D [2016-07-19 03:49:36.643] Android ADB Shared SubFolder: mybot.run\
D [2016-07-19 03:49:36.643] Android Mouse Device: BlueStacks Virtual Touch
D [2016-07-19 03:49:36.643] Android ADB screencap command enabled: False
D [2016-07-19 03:49:36.643] Android ADB input command enabled: False
D [2016-07-19 03:49:36.644] Android ADB Mouse Click enabled: False
D [2016-07-19 03:49:36.644] Android ADB Click Drag enabled: False
D [2016-07-19 03:49:36.644] Searching BlueStacks2 Window: Title = 'BlueStacks ', Class = '[CLASS:BlueStacksApp; INSTANCE:1]', Text = '_ctl.Window'
D [2016-07-19 03:49:36.650] BlueStacks2 Window not found
D [2016-07-19 03:49:36.650] InitAndroid(False): BlueStacks2 END, initialization successful = True
D [2016-07-19 03:49:36.650] UpdateAndroidConfig("") END
D [2016-07-19 03:49:36.650] UpdateAndroidConfig("")
D [2016-07-19 03:49:36.651] InitAndroid(False): BlueStacks
D [2016-07-19 03:49:36.651] BlueStacks Engine 'Plus'-Mode: False
D [2016-07-19 03:49:36.651] BlueStacks OEM Features: 2754561
D [2016-07-19 03:49:36.652] BlueStacks System Bar is not available
D [2016-07-19 03:49:36.652] Searching BlueStacks Window: Title = 'BlueStacks App Player', Class = '[CLASS:BlueStacksApp; INSTANCE:1]', Text = '_ctl.Window'
D [2016-07-19 03:49:36.660] BlueStacks Window not found
L [2016-07-19 03:49:36.660] BlueStacks supported version 0.8.x - 0.11.x not found
D [2016-07-19 03:49:36.661] InitAndroid(False): BlueStacks END, initialization successful = False
D [2016-07-19 03:49:36.661] UpdateAndroidConfig("") END
D [2016-07-19 03:49:36.661] UpdateAndroidConfig("MEmu")
D [2016-07-19 03:49:36.661] InitAndroid(False): MEmu
D [2016-07-19 03:49:37.610] Cannot read MEmu guestproperty phone_layout!
D [2016-07-19 03:49:37.610] Searching MEmu Window: Title = 'MEmu 2.', Class = '[CLASS:subWin; INSTANCE:1]', Text = ''
D [2016-07-19 03:49:37.616] MEmu Window not found
D [2016-07-19 03:49:37.616] Android: MEmu
D [2016-07-19 03:49:37.616] Android Config: 0
D [2016-07-19 03:49:37.617] Android Version: 2.5.0
D [2016-07-19 03:49:37.617] Android Instance: MEmu
D [2016-07-19 03:49:37.617] Android Window Title: MEmu 2.
D [2016-07-19 03:49:37.617] Android Program Path: C:\Program Files\Microvirt\MEmu\MEmu.exe
D [2016-07-19 03:49:37.617] Android Program Parameter: MEmu
D [2016-07-19 03:49:37.617] Android ADB Path: C:\Program Files\Microvirt\MEmu\adb.exe
D [2016-07-19 03:49:37.618] Android ADB Device: 127.0.0.1:21503
D [2016-07-19 03:49:37.618] Android ADB Shared Folder: /mnt/shell/emulated/0/Pictures/
D [2016-07-19 03:49:37.618] Android ADB Shared Folder on Host: C:\Users\Amin\Pictures\MEmu Photo\
D [2016-07-19 03:49:37.618] Android ADB Shared SubFolder: mybot.run\
D [2016-07-19 03:49:37.618] Android Mouse Device: Microvirt Virtual Input
D [2016-07-19 03:49:37.619] Android ADB screencap command enabled: True
D [2016-07-19 03:49:37.619] Android ADB input command enabled: False
D [2016-07-19 03:49:37.619] Android ADB Mouse Click enabled: False
D [2016-07-19 03:49:37.619] Android ADB Click Drag enabled: True
D [2016-07-19 03:49:37.619] Searching MEmu Window: Title = 'MEmu 2.', Class = '[CLASS:subWin; INSTANCE:1]', Text = ''
D [2016-07-19 03:49:37.625] MEmu Window not found
D [2016-07-19 03:49:37.626] InitAndroid(False): MEmu END, initialization successful = True
D [2016-07-19 03:49:37.626] UpdateAndroidConfig("MEmu") END
D [2016-07-19 03:49:38.455] Read Building Config C:\Users\Amin\Desktop\MyBot.Run\MOD AIO\MyBot-AIO-2.1.4\Profiles\MyVillage\building.ini
D [2016-07-19 03:49:38.473] Read Config C:\Users\Amin\Desktop\MyBot.Run\MOD AIO\MyBot-AIO-2.1.4\Profiles\MyVillage\config.ini
D [2016-07-19 03:49:38.530] Apply Config
D [2016-07-19 03:49:38.677] UpdateAndroidConfig("MEmu_1")
D [2016-07-19 03:49:38.677] InitAndroid(False): MEmu
D [2016-07-19 03:49:39.618] Cannot read MEmu guestproperty phone_layout!
D [2016-07-19 03:49:39.619] Searching MEmu Window: Title = 'MEmu 2.', Class = '[CLASS:subWin; INSTANCE:1]', Text = ''
D [2016-07-19 03:49:39.625] MEmu Window not found
D [2016-07-19 03:49:39.626] Android: MEmu
D [2016-07-19 03:49:39.626] Android Config: 0
D [2016-07-19 03:49:39.626] Android Version: 2.5.0
D [2016-07-19 03:49:39.626] Android Instance: MEmu_1
D [2016-07-19 03:49:39.626] Android Window Title: MEmu 2.
D [2016-07-19 03:49:39.627] Android Program Path: C:\Program Files\Microvirt\MEmu\MEmu.exe
D [2016-07-19 03:49:39.627] Android Program Parameter: MEmu_1
D [2016-07-19 03:49:39.627] Android ADB Path: C:\Program Files\Microvirt\MEmu\adb.exe
D [2016-07-19 03:49:39.627] Android ADB Device: 127.0.0.1:21513
D [2016-07-19 03:49:39.627] Android ADB Shared Folder: /mnt/shell/emulated/0/Pictures/
D [2016-07-19 03:49:39.628] Android ADB Shared Folder on Host: C:\Users\Amin\Pictures\MEmu Photo\
D [2016-07-19 03:49:39.628] Android ADB Shared SubFolder: mybot.run\
D [2016-07-19 03:49:39.628] Android Mouse Device: Microvirt Virtual Input
D [2016-07-19 03:49:39.628] Android ADB screencap command enabled: True
D [2016-07-19 03:49:39.628] Android ADB input command enabled: False
D [2016-07-19 03:49:39.629] Android ADB Mouse Click enabled: False
D [2016-07-19 03:49:39.629] Android ADB Click Drag enabled: True
D [2016-07-19 03:49:39.629] Searching MEmu Window: Title = 'MEmu 2.', Class = '[CLASS:subWin; INSTANCE:1]', Text = ''
D [2016-07-19 03:49:39.635] MEmu Window not found
D [2016-07-19 03:49:39.635] InitAndroid(False): MEmu END, initialization successful = True
D [2016-07-19 03:49:39.636] UpdateAndroidConfig("MEmu_1") END
D [2016-07-19 03:49:39.637] Redraw MyBot Window
L [2016-07-19 03:49:40.256] Found installed MEmu 2.5.0
L [2016-07-19 03:49:40.304] Android Emulator Configuration: MEmu (instance MEmu_1)
L [2016-07-19 03:49:43.162] WELCOME CHIEF, YOU HAVE THE LATEST VERSION OF THE BOT
L [2016-07-19 03:49:43.168]  
L [2016-07-19 03:49:43.172] Fully working with May update
L [2016-07-19 03:49:43.178] New GUI and lots of new features
L [2016-07-19 03:49:43.183] For more information, go to 
L [2016-07-19 03:49:43.187] https://mybot.run
L [2016-07-19 03:49:43.192] 
L [2016-07-19 03:49:43.196]  Always free and open source.
D [2016-07-19 03:49:44.520] MyBot.run launch time 17464 ms.
L [2016-07-19 03:50:08.262] Closing Merged My Bot v6.1.4 All In One v2.1.4 (MEmu_1) ...
D [2016-07-19 03:50:08.271] Save Config C:\Users\Amin\Desktop\MyBot.Run\MOD AIO\MyBot-AIO-2.1.4\Profiles\MyVillage\config.ini
D [2016-07-19 03:50:08.732] Save Building Config C:\Users\Amin\Desktop\MyBot.Run\MOD AIO\MyBot-AIO-2.1.4\Profiles\MyVillage\building.ini
