D [2016-07-19 03:34:45.348] @AutoItExe: C:\Program Files (x86)\AutoIt3\AutoIt3.exe
D [2016-07-19 03:34:45.348] @ScriptFullPath: C:\Users\Amin\Desktop\MyBot.Run\MOD AIO\MyBot-AIO-2.1.4\MyBot.run.au3
D [2016-07-19 03:34:45.348] @WorkingDir: C:\Users\Amin\Desktop\MyBot.Run\MOD AIO\MyBot-AIO-2.1.4
D [2016-07-19 03:34:45.348] @AutoItPID: 1336
D [2016-07-19 03:34:45.378] DetectRunningAndroid()
D [2016-07-19 03:34:45.378] UpdateAndroidConfig("MEmu")
D [2016-07-19 03:34:45.379] InitAndroid(False): MEmu
D [2016-07-19 03:34:46.387] Cannot read MEmu guestproperty phone_layout!
D [2016-07-19 03:34:46.387] Searching MEmu Window: Title = 'MEmu 2.', Class = '[CLASS:subWin; INSTANCE:1]', Text = ''
D [2016-07-19 03:34:46.393] MEmu Window not found
D [2016-07-19 03:34:46.394] Android: MEmu
D [2016-07-19 03:34:46.394] Android Config: 0
D [2016-07-19 03:34:46.394] Android Version: 2.5.0
D [2016-07-19 03:34:46.394] Android Instance: MEmu
D [2016-07-19 03:34:46.394] Android Window Title: MEmu 2.
D [2016-07-19 03:34:46.395] Android Program Path: C:\Program Files\Microvirt\MEmu\MEmu.exe
D [2016-07-19 03:34:46.395] Android Program Parameter: MEmu
D [2016-07-19 03:34:46.395] Android ADB Path: C:\Program Files\Microvirt\MEmu\adb.exe
D [2016-07-19 03:34:46.395] Android ADB Device: 127.0.0.1:21503
D [2016-07-19 03:34:46.395] Android ADB Shared Folder: /mnt/shell/emulated/0/Pictures/
D [2016-07-19 03:34:46.396] Android ADB Shared Folder on Host: C:\Users\Amin\Pictures\MEmu Photo\
D [2016-07-19 03:34:46.396] Android ADB Shared SubFolder: mybot.run\
D [2016-07-19 03:34:46.396] Android Mouse Device: Microvirt Virtual Input
D [2016-07-19 03:34:46.396] Android ADB screencap command enabled: True
D [2016-07-19 03:34:46.396] Android ADB input command enabled: False
D [2016-07-19 03:34:46.397] Android ADB Mouse Click enabled: False
D [2016-07-19 03:34:46.397] Android ADB Click Drag enabled: True
D [2016-07-19 03:34:46.397] Searching MEmu Window: Title = 'MEmu 2.', Class = '[CLASS:subWin; INSTANCE:1]', Text = ''
D [2016-07-19 03:34:46.401] MEmu Window not found
D [2016-07-19 03:34:46.401] InitAndroid(False): MEmu END, initialization successful = True
D [2016-07-19 03:34:46.401] UpdateAndroidConfig("MEmu") END
D [2016-07-19 03:34:46.401] GetAndroidRunningInstance: Try to find "C:\Program Files\Microvirt\MEmu\MEmu.exe"
D [2016-07-19 03:34:46.409] ObjGet("winmgmts:\\.\root\cimv2")
D [2016-07-19 03:34:46.409] WMI Query: Select * from Win32_Process where ExecutablePath like "%C:\\Program Files\\Microvirt\\MEmu\\MEmu.exe%"
D [2016-07-19 03:34:46.453] Process by CommandLine not found: C:\Program Files\Microvirt\MEmu\MEmu.exe
D [2016-07-19 03:34:46.454] UpdateAndroidConfig("droid4x")
D [2016-07-19 03:34:46.454] InitAndroid(False): Droid4X
L [2016-07-19 03:34:46.455] Serious error has occurred: Cannot find Droid4X:
L [2016-07-19 03:34:46.455] C:\Program Files (x86)\Droid4X\Droid4X.exe
D [2016-07-19 03:34:46.455] InitAndroid(False): Droid4X END, initialization successful = False
D [2016-07-19 03:34:46.455] UpdateAndroidConfig("droid4x") END
D [2016-07-19 03:34:46.455] UpdateAndroidConfig("nox")
D [2016-07-19 03:34:46.456] InitAndroid(False): Nox
D [2016-07-19 03:34:47.148] Android: Nox
D [2016-07-19 03:34:47.149] Android Config: 2
D [2016-07-19 03:34:47.149] Android Version: 3.1.0.0
D [2016-07-19 03:34:47.149] Android Instance: nox
D [2016-07-19 03:34:47.149] Android Window Title: No
D [2016-07-19 03:34:47.149] Android Program Path: C:\Users\Amin\AppData\Roaming\Nox\bin\Nox.exe
D [2016-07-19 03:34:47.150] Android Program Parameter: -resolution:860x732 -dpi:160 "-clone:nox"
D [2016-07-19 03:34:47.150] Android ADB Path: C:\Program Files\Microvirt\MEmu\adb.exe
D [2016-07-19 03:34:47.150] Android ADB Device: 127.0.0.1:62001
D [2016-07-19 03:34:47.150] Android ADB Shared Folder: /mnt/shared/Other/
D [2016-07-19 03:34:47.151] Android ADB Shared Folder on Host: C:\Users\Amin\Documents\Nox_share\Other\
D [2016-07-19 03:34:47.151] Android ADB Shared SubFolder: mybot.run\
D [2016-07-19 03:34:47.151] Android Mouse Device: nox Virtual Input
D [2016-07-19 03:34:47.151] Android ADB screencap command enabled: True
D [2016-07-19 03:34:47.151] Android ADB input command enabled: False
D [2016-07-19 03:34:47.152] Android ADB Mouse Click enabled: False
D [2016-07-19 03:34:47.152] Android ADB Click Drag enabled: True
D [2016-07-19 03:34:47.152] Searching Nox Window: Title = 'No', Class = '[CLASS:Qt5QWindowIcon;INSTANCE:4]', Text = ''
D [2016-07-19 03:34:47.157] Nox Window not found
D [2016-07-19 03:34:47.157] InitAndroid(False): Nox END, initialization successful = True
D [2016-07-19 03:34:47.157] UpdateAndroidConfig("nox") END
D [2016-07-19 03:34:47.157] GetAndroidRunningInstance: Try to find "C:\Users\Amin\AppData\Roaming\Nox\bin\Nox.exe"
D [2016-07-19 03:34:47.159] ObjGet("winmgmts:\\.\root\cimv2")
D [2016-07-19 03:34:47.159] WMI Query: Select * from Win32_Process where ExecutablePath like "%C:\\Users\\Amin\\AppData\\Roaming\\Nox\\bin\\Nox.exe%"
D [2016-07-19 03:34:47.201] No process found by CommandLine: C:\Users\Amin\AppData\Roaming\Nox\bin\Nox.exe
D [2016-07-19 03:34:47.202] UpdateAndroidConfig("")
D [2016-07-19 03:34:47.202] InitAndroid(False): BlueStacks2
D [2016-07-19 03:34:47.203] BlueStacks2 Engine 'Plus'-Mode: False
D [2016-07-19 03:34:47.203] BlueStacks2 OEM Features: 2754561
D [2016-07-19 03:34:47.203] BlueStacks2 System Bar is not available
D [2016-07-19 03:34:47.203] Searching BlueStacks2 Window: Title = 'BlueStacks ', Class = '[CLASS:BlueStacksApp; INSTANCE:1]', Text = '_ctl.Window'
D [2016-07-19 03:34:47.207] BlueStacks2 Window not found
D [2016-07-19 03:34:47.207] Android: BlueStacks2
D [2016-07-19 03:34:47.207] Android Config: 3
D [2016-07-19 03:34:47.207] Android Version: 2.0.2.5623
D [2016-07-19 03:34:47.208] Android Instance: 
D [2016-07-19 03:34:47.208] Android Window Title: BlueStacks 
D [2016-07-19 03:34:47.208] Android Program Path: C:\Program Files (x86)\BlueStacks\HD-Frontend.exe
D [2016-07-19 03:34:47.208] Android Program Parameter: Android
D [2016-07-19 03:34:47.208] Android ADB Path: C:\Program Files\Microvirt\MEmu\adb.exe
D [2016-07-19 03:34:47.209] Android ADB Device: emulator-5554
D [2016-07-19 03:34:47.209] Android ADB Shared Folder: /storage/sdcard/windows/BstSharedFolder/
D [2016-07-19 03:34:47.209] Android ADB Shared Folder on Host: C:\ProgramData\BlueStacks\UserData\SharedFolder\
D [2016-07-19 03:34:47.209] Android ADB Shared SubFolder: mybot.run\
D [2016-07-19 03:34:47.209] Android Mouse Device: BlueStacks Virtual Touch
D [2016-07-19 03:34:47.210] Android ADB screencap command enabled: False
D [2016-07-19 03:34:47.210] Android ADB input command enabled: False
D [2016-07-19 03:34:47.210] Android ADB Mouse Click enabled: False
D [2016-07-19 03:34:47.210] Android ADB Click Drag enabled: False
D [2016-07-19 03:34:47.210] Searching BlueStacks2 Window: Title = 'BlueStacks ', Class = '[CLASS:BlueStacksApp; INSTANCE:1]', Text = '_ctl.Window'
D [2016-07-19 03:34:47.214] BlueStacks2 Window not found
D [2016-07-19 03:34:47.214] InitAndroid(False): BlueStacks2 END, initialization successful = True
D [2016-07-19 03:34:47.214] UpdateAndroidConfig("") END
D [2016-07-19 03:34:47.215] Searching BlueStacks2 Window: Title = 'BlueStacks ', Class = '[CLASS:BlueStacksApp; INSTANCE:1]', Text = '_ctl.Window'
D [2016-07-19 03:34:47.220] BlueStacks2 Window not found
D [2016-07-19 03:34:47.221] UpdateAndroidConfig("")
D [2016-07-19 03:34:47.221] InitAndroid(False): BlueStacks
D [2016-07-19 03:34:47.222] BlueStacks Engine 'Plus'-Mode: False
D [2016-07-19 03:34:47.222] BlueStacks OEM Features: 2754561
D [2016-07-19 03:34:47.222] BlueStacks System Bar is not available
D [2016-07-19 03:34:47.223] Searching BlueStacks Window: Title = 'BlueStacks App Player', Class = '[CLASS:BlueStacksApp; INSTANCE:1]', Text = '_ctl.Window'
D [2016-07-19 03:34:47.226] BlueStacks Window not found
L [2016-07-19 03:34:47.226] BlueStacks supported version 0.8.x - 0.11.x not found
D [2016-07-19 03:34:47.227] InitAndroid(False): BlueStacks END, initialization successful = False
D [2016-07-19 03:34:47.227] UpdateAndroidConfig("") END
D [2016-07-19 03:34:47.227] UpdateAndroidConfig("MEmu")
D [2016-07-19 03:34:47.227] InitAndroid(False): MEmu
D [2016-07-19 03:34:48.165] Cannot read MEmu guestproperty phone_layout!
D [2016-07-19 03:34:48.165] Searching MEmu Window: Title = 'MEmu 2.', Class = '[CLASS:subWin; INSTANCE:1]', Text = ''
D [2016-07-19 03:34:48.170] MEmu Window not found
D [2016-07-19 03:34:48.170] Android: MEmu
D [2016-07-19 03:34:48.170] Android Config: 0
D [2016-07-19 03:34:48.171] Android Version: 2.5.0
D [2016-07-19 03:34:48.171] Android Instance: MEmu
D [2016-07-19 03:34:48.171] Android Window Title: MEmu 2.
D [2016-07-19 03:34:48.171] Android Program Path: C:\Program Files\Microvirt\MEmu\MEmu.exe
D [2016-07-19 03:34:48.171] Android Program Parameter: MEmu
D [2016-07-19 03:34:48.172] Android ADB Path: C:\Program Files\Microvirt\MEmu\adb.exe
D [2016-07-19 03:34:48.172] Android ADB Device: 127.0.0.1:21503
D [2016-07-19 03:34:48.172] Android ADB Shared Folder: /mnt/shell/emulated/0/Pictures/
D [2016-07-19 03:34:48.172] Android ADB Shared Folder on Host: C:\Users\Amin\Pictures\MEmu Photo\
D [2016-07-19 03:34:48.173] Android ADB Shared SubFolder: mybot.run\
D [2016-07-19 03:34:48.173] Android Mouse Device: Microvirt Virtual Input
D [2016-07-19 03:34:48.173] Android ADB screencap command enabled: True
D [2016-07-19 03:34:48.173] Android ADB input command enabled: False
D [2016-07-19 03:34:48.173] Android ADB Mouse Click enabled: False
D [2016-07-19 03:34:48.173] Android ADB Click Drag enabled: True
D [2016-07-19 03:34:48.174] Searching MEmu Window: Title = 'MEmu 2.', Class = '[CLASS:subWin; INSTANCE:1]', Text = ''
D [2016-07-19 03:34:48.179] MEmu Window not found
D [2016-07-19 03:34:48.179] InitAndroid(False): MEmu END, initialization successful = True
D [2016-07-19 03:34:48.179] UpdateAndroidConfig("MEmu") END
D [2016-07-19 03:34:48.179] Found no running Android Emulator
D [2016-07-19 03:34:48.179] DetectInstalledAndroid()
D [2016-07-19 03:34:48.180] UpdateAndroidConfig("MEmu")
D [2016-07-19 03:34:48.180] InitAndroid(False): MEmu
D [2016-07-19 03:34:49.108] Cannot read MEmu guestproperty phone_layout!
D [2016-07-19 03:34:49.109] Searching MEmu Window: Title = 'MEmu 2.', Class = '[CLASS:subWin; INSTANCE:1]', Text = ''
D [2016-07-19 03:34:49.113] MEmu Window not found
D [2016-07-19 03:34:49.113] Android: MEmu
D [2016-07-19 03:34:49.113] Android Config: 0
D [2016-07-19 03:34:49.113] Android Version: 2.5.0
D [2016-07-19 03:34:49.113] Android Instance: MEmu
D [2016-07-19 03:34:49.114] Android Window Title: MEmu 2.
D [2016-07-19 03:34:49.114] Android Program Path: C:\Program Files\Microvirt\MEmu\MEmu.exe
D [2016-07-19 03:34:49.114] Android Program Parameter: MEmu
D [2016-07-19 03:34:49.114] Android ADB Path: C:\Program Files\Microvirt\MEmu\adb.exe
D [2016-07-19 03:34:49.114] Android ADB Device: 127.0.0.1:21503
D [2016-07-19 03:34:49.114] Android ADB Shared Folder: /mnt/shell/emulated/0/Pictures/
D [2016-07-19 03:34:49.115] Android ADB Shared Folder on Host: C:\Users\Amin\Pictures\MEmu Photo\
D [2016-07-19 03:34:49.115] Android ADB Shared SubFolder: mybot.run\
D [2016-07-19 03:34:49.115] Android Mouse Device: Microvirt Virtual Input
D [2016-07-19 03:34:49.115] Android ADB screencap command enabled: True
D [2016-07-19 03:34:49.116] Android ADB input command enabled: False
D [2016-07-19 03:34:49.116] Android ADB Mouse Click enabled: False
D [2016-07-19 03:34:49.116] Android ADB Click Drag enabled: True
D [2016-07-19 03:34:49.116] Searching MEmu Window: Title = 'MEmu 2.', Class = '[CLASS:subWin; INSTANCE:1]', Text = ''
D [2016-07-19 03:34:49.119] MEmu Window not found
D [2016-07-19 03:34:49.120] InitAndroid(False): MEmu END, initialization successful = True
D [2016-07-19 03:34:49.120] UpdateAndroidConfig("MEmu") END
D [2016-07-19 03:34:49.120] Found installed MEmu 2.5.0
D [2016-07-19 03:34:49.121] My Bot is the only running instance
D [2016-07-19 03:34:53.231] UpdateAndroidConfig("MEmu")
D [2016-07-19 03:34:53.231] InitAndroid(False): MEmu
D [2016-07-19 03:34:54.171] Cannot read MEmu guestproperty phone_layout!
D [2016-07-19 03:34:54.171] Searching MEmu Window: Title = 'MEmu 2.', Class = '[CLASS:subWin; INSTANCE:1]', Text = ''
D [2016-07-19 03:34:54.178] MEmu Window not found
D [2016-07-19 03:34:54.178] Android: MEmu
D [2016-07-19 03:34:54.178] Android Config: 0
D [2016-07-19 03:34:54.178] Android Version: 2.5.0
D [2016-07-19 03:34:54.179] Android Instance: MEmu
D [2016-07-19 03:34:54.179] Android Window Title: MEmu 2.
D [2016-07-19 03:34:54.179] Android Program Path: C:\Program Files\Microvirt\MEmu\MEmu.exe
D [2016-07-19 03:34:54.179] Android Program Parameter: MEmu
D [2016-07-19 03:34:54.179] Android ADB Path: C:\Program Files\Microvirt\MEmu\adb.exe
D [2016-07-19 03:34:54.179] Android ADB Device: 127.0.0.1:21503
D [2016-07-19 03:34:54.180] Android ADB Shared Folder: /mnt/shell/emulated/0/Pictures/
D [2016-07-19 03:34:54.180] Android ADB Shared Folder on Host: C:\Users\Amin\Pictures\MEmu Photo\
D [2016-07-19 03:34:54.180] Android ADB Shared SubFolder: mybot.run\
D [2016-07-19 03:34:54.180] Android Mouse Device: Microvirt Virtual Input
D [2016-07-19 03:34:54.180] Android ADB screencap command enabled: True
D [2016-07-19 03:34:54.181] Android ADB input command enabled: False
D [2016-07-19 03:34:54.181] Android ADB Mouse Click enabled: False
D [2016-07-19 03:34:54.181] Android ADB Click Drag enabled: True
D [2016-07-19 03:34:54.181] Searching MEmu Window: Title = 'MEmu 2.', Class = '[CLASS:subWin; INSTANCE:1]', Text = ''
D [2016-07-19 03:34:54.187] MEmu Window not found
D [2016-07-19 03:34:54.187] InitAndroid(False): MEmu END, initialization successful = True
D [2016-07-19 03:34:54.188] UpdateAndroidConfig("MEmu") END
D [2016-07-19 03:34:54.188] UpdateAndroidConfig("droid4x")
D [2016-07-19 03:34:54.188] InitAndroid(False): Droid4X
L [2016-07-19 03:34:54.188] Serious error has occurred: Cannot find Droid4X:
L [2016-07-19 03:34:54.189] C:\Program Files (x86)\Droid4X\Droid4X.exe
D [2016-07-19 03:34:54.189] InitAndroid(False): Droid4X END, initialization successful = False
D [2016-07-19 03:34:54.189] UpdateAndroidConfig("droid4x") END
D [2016-07-19 03:34:54.189] UpdateAndroidConfig("nox")
D [2016-07-19 03:34:54.190] InitAndroid(False): Nox
D [2016-07-19 03:34:54.884] Android: Nox
D [2016-07-19 03:34:54.884] Android Config: 2
D [2016-07-19 03:34:54.884] Android Version: 3.1.0.0
D [2016-07-19 03:34:54.884] Android Instance: nox
D [2016-07-19 03:34:54.884] Android Window Title: No
D [2016-07-19 03:34:54.885] Android Program Path: C:\Users\Amin\AppData\Roaming\Nox\bin\Nox.exe
D [2016-07-19 03:34:54.885] Android Program Parameter: -resolution:860x732 -dpi:160 "-clone:nox"
D [2016-07-19 03:34:54.885] Android ADB Path: C:\Program Files\Microvirt\MEmu\adb.exe
D [2016-07-19 03:34:54.885] Android ADB Device: 127.0.0.1:62001
D [2016-07-19 03:34:54.885] Android ADB Shared Folder: /mnt/shared/Other/
D [2016-07-19 03:34:54.886] Android ADB Shared Folder on Host: C:\Users\Amin\Documents\Nox_share\Other\
D [2016-07-19 03:34:54.886] Android ADB Shared SubFolder: mybot.run\
D [2016-07-19 03:34:54.886] Android Mouse Device: nox Virtual Input
D [2016-07-19 03:34:54.886] Android ADB screencap command enabled: True
D [2016-07-19 03:34:54.886] Android ADB input command enabled: False
D [2016-07-19 03:34:54.887] Android ADB Mouse Click enabled: False
D [2016-07-19 03:34:54.887] Android ADB Click Drag enabled: True
D [2016-07-19 03:34:54.887] Searching Nox Window: Title = 'No', Class = '[CLASS:Qt5QWindowIcon;INSTANCE:4]', Text = ''
D [2016-07-19 03:34:54.893] Nox Window not found
D [2016-07-19 03:34:54.893] InitAndroid(False): Nox END, initialization successful = True
D [2016-07-19 03:34:54.894] UpdateAndroidConfig("nox") END
D [2016-07-19 03:34:54.894] UpdateAndroidConfig("")
D [2016-07-19 03:34:54.894] InitAndroid(False): BlueStacks2
D [2016-07-19 03:34:54.895] BlueStacks2 Engine 'Plus'-Mode: False
D [2016-07-19 03:34:54.895] BlueStacks2 OEM Features: 2754561
D [2016-07-19 03:34:54.895] BlueStacks2 System Bar is not available
D [2016-07-19 03:34:54.895] Searching BlueStacks2 Window: Title = 'BlueStacks ', Class = '[CLASS:BlueStacksApp; INSTANCE:1]', Text = '_ctl.Window'
D [2016-07-19 03:34:54.902] BlueStacks2 Window not found
D [2016-07-19 03:34:54.902] Android: BlueStacks2
D [2016-07-19 03:34:54.902] Android Config: 3
D [2016-07-19 03:34:54.902] Android Version: 2.0.2.5623
D [2016-07-19 03:34:54.902] Android Instance: 
D [2016-07-19 03:34:54.902] Android Window Title: BlueStacks 
D [2016-07-19 03:34:54.903] Android Program Path: C:\Program Files (x86)\BlueStacks\HD-Frontend.exe
D [2016-07-19 03:34:54.903] Android Program Parameter: Android
D [2016-07-19 03:34:54.903] Android ADB Path: C:\Program Files\Microvirt\MEmu\adb.exe
D [2016-07-19 03:34:54.903] Android ADB Device: emulator-5554
D [2016-07-19 03:34:54.903] Android ADB Shared Folder: /storage/sdcard/windows/BstSharedFolder/
D [2016-07-19 03:34:54.905] Android ADB Shared Folder on Host: C:\ProgramData\BlueStacks\UserData\SharedFolder\
D [2016-07-19 03:34:54.905] Android ADB Shared SubFolder: mybot.run\
D [2016-07-19 03:34:54.906] Android Mouse Device: BlueStacks Virtual Touch
D [2016-07-19 03:34:54.906] Android ADB screencap command enabled: False
D [2016-07-19 03:34:54.906] Android ADB input command enabled: False
D [2016-07-19 03:34:54.906] Android ADB Mouse Click enabled: False
D [2016-07-19 03:34:54.906] Android ADB Click Drag enabled: False
D [2016-07-19 03:34:54.906] Searching BlueStacks2 Window: Title = 'BlueStacks ', Class = '[CLASS:BlueStacksApp; INSTANCE:1]', Text = '_ctl.Window'
D [2016-07-19 03:34:54.911] BlueStacks2 Window not found
D [2016-07-19 03:34:54.912] InitAndroid(False): BlueStacks2 END, initialization successful = True
D [2016-07-19 03:34:54.912] UpdateAndroidConfig("") END
D [2016-07-19 03:34:54.912] UpdateAndroidConfig("")
D [2016-07-19 03:34:54.912] InitAndroid(False): BlueStacks
D [2016-07-19 03:34:54.913] BlueStacks Engine 'Plus'-Mode: False
D [2016-07-19 03:34:54.913] BlueStacks OEM Features: 2754561
D [2016-07-19 03:34:54.913] BlueStacks System Bar is not available
D [2016-07-19 03:34:54.913] Searching BlueStacks Window: Title = 'BlueStacks App Player', Class = '[CLASS:BlueStacksApp; INSTANCE:1]', Text = '_ctl.Window'
D [2016-07-19 03:34:54.918] BlueStacks Window not found
L [2016-07-19 03:34:54.919] BlueStacks supported version 0.8.x - 0.11.x not found
D [2016-07-19 03:34:54.919] InitAndroid(False): BlueStacks END, initialization successful = False
D [2016-07-19 03:34:54.919] UpdateAndroidConfig("") END
D [2016-07-19 03:34:54.919] UpdateAndroidConfig("MEmu")
D [2016-07-19 03:34:54.919] InitAndroid(False): MEmu
D [2016-07-19 03:34:55.861] Cannot read MEmu guestproperty phone_layout!
D [2016-07-19 03:34:55.861] Searching MEmu Window: Title = 'MEmu 2.', Class = '[CLASS:subWin; INSTANCE:1]', Text = ''
D [2016-07-19 03:34:55.867] MEmu Window not found
D [2016-07-19 03:34:55.867] Android: MEmu
D [2016-07-19 03:34:55.867] Android Config: 0
D [2016-07-19 03:34:55.867] Android Version: 2.5.0
D [2016-07-19 03:34:55.867] Android Instance: MEmu
D [2016-07-19 03:34:55.868] Android Window Title: MEmu 2.
D [2016-07-19 03:34:55.868] Android Program Path: C:\Program Files\Microvirt\MEmu\MEmu.exe
D [2016-07-19 03:34:55.868] Android Program Parameter: MEmu
D [2016-07-19 03:34:55.868] Android ADB Path: C:\Program Files\Microvirt\MEmu\adb.exe
D [2016-07-19 03:34:55.868] Android ADB Device: 127.0.0.1:21503
D [2016-07-19 03:34:55.868] Android ADB Shared Folder: /mnt/shell/emulated/0/Pictures/
D [2016-07-19 03:34:55.869] Android ADB Shared Folder on Host: C:\Users\Amin\Pictures\MEmu Photo\
D [2016-07-19 03:34:55.869] Android ADB Shared SubFolder: mybot.run\
D [2016-07-19 03:34:55.869] Android Mouse Device: Microvirt Virtual Input
D [2016-07-19 03:34:55.869] Android ADB screencap command enabled: True
D [2016-07-19 03:34:55.870] Android ADB input command enabled: False
D [2016-07-19 03:34:55.870] Android ADB Mouse Click enabled: False
D [2016-07-19 03:34:55.870] Android ADB Click Drag enabled: True
D [2016-07-19 03:34:55.870] Searching MEmu Window: Title = 'MEmu 2.', Class = '[CLASS:subWin; INSTANCE:1]', Text = ''
D [2016-07-19 03:34:55.876] MEmu Window not found
D [2016-07-19 03:34:55.876] InitAndroid(False): MEmu END, initialization successful = True
D [2016-07-19 03:34:55.877] UpdateAndroidConfig("MEmu") END
D [2016-07-19 03:34:56.495] Read Building Config C:\Users\Amin\Desktop\MyBot.Run\MOD AIO\MyBot-AIO-2.1.4\Profiles\MyVillage\building.ini
D [2016-07-19 03:34:56.506] Read Config C:\Users\Amin\Desktop\MyBot.Run\MOD AIO\MyBot-AIO-2.1.4\Profiles\MyVillage\config.ini
D [2016-07-19 03:34:56.561] Apply Config
D [2016-07-19 03:34:56.693] UpdateAndroidConfig("MEmu_1")
D [2016-07-19 03:34:56.693] InitAndroid(False): MEmu
D [2016-07-19 03:34:57.632] Cannot read MEmu guestproperty phone_layout!
D [2016-07-19 03:34:57.632] Searching MEmu Window: Title = 'MEmu 2.', Class = '[CLASS:subWin; INSTANCE:1]', Text = ''
D [2016-07-19 03:34:57.638] MEmu Window not found
D [2016-07-19 03:34:57.639] Android: MEmu
D [2016-07-19 03:34:57.639] Android Config: 0
D [2016-07-19 03:34:57.639] Android Version: 2.5.0
D [2016-07-19 03:34:57.639] Android Instance: MEmu_1
D [2016-07-19 03:34:57.639] Android Window Title: MEmu 2.
D [2016-07-19 03:34:57.640] Android Program Path: C:\Program Files\Microvirt\MEmu\MEmu.exe
D [2016-07-19 03:34:57.640] Android Program Parameter: MEmu_1
D [2016-07-19 03:34:57.640] Android ADB Path: C:\Program Files\Microvirt\MEmu\adb.exe
D [2016-07-19 03:34:57.640] Android ADB Device: 127.0.0.1:21513
D [2016-07-19 03:34:57.641] Android ADB Shared Folder: /mnt/shell/emulated/0/Pictures/
D [2016-07-19 03:34:57.641] Android ADB Shared Folder on Host: C:\Users\Amin\Pictures\MEmu Photo\
D [2016-07-19 03:34:57.641] Android ADB Shared SubFolder: mybot.run\
D [2016-07-19 03:34:57.641] Android Mouse Device: Microvirt Virtual Input
D [2016-07-19 03:34:57.642] Android ADB screencap command enabled: True
D [2016-07-19 03:34:57.642] Android ADB input command enabled: False
D [2016-07-19 03:34:57.642] Android ADB Mouse Click enabled: False
D [2016-07-19 03:34:57.642] Android ADB Click Drag enabled: True
D [2016-07-19 03:34:57.642] Searching MEmu Window: Title = 'MEmu 2.', Class = '[CLASS:subWin; INSTANCE:1]', Text = ''
D [2016-07-19 03:34:57.648] MEmu Window not found
D [2016-07-19 03:34:57.649] InitAndroid(False): MEmu END, initialization successful = True
D [2016-07-19 03:34:57.649] UpdateAndroidConfig("MEmu_1") END
D [2016-07-19 03:34:57.677] Redraw MyBot Window
L [2016-07-19 03:34:58.429] Found installed MEmu 2.5.0
L [2016-07-19 03:34:58.433] Android Emulator Configuration: MEmu (instance MEmu_1)
L [2016-07-19 03:35:01.350] WELCOME CHIEF, YOU HAVE THE LATEST VERSION OF THE BOT
L [2016-07-19 03:35:01.353]  
L [2016-07-19 03:35:01.355] Fully working with May update
L [2016-07-19 03:35:01.358] New GUI and lots of new features
L [2016-07-19 03:35:01.361] For more information, go to 
L [2016-07-19 03:35:01.363] https://mybot.run
L [2016-07-19 03:35:01.365] 
L [2016-07-19 03:35:01.368]  Always free and open source.
D [2016-07-19 03:35:02.673] MyBot.run launch time 17334 ms.
L [2016-07-19 03:35:28.084] Closing Merged My Bot v6.1.4 All In One v2.1.4 (MEmu_1) ...
D [2016-07-19 03:35:28.091] Save Config C:\Users\Amin\Desktop\MyBot.Run\MOD AIO\MyBot-AIO-2.1.4\Profiles\MyVillage\config.ini
D [2016-07-19 03:35:28.551] Save Building Config C:\Users\Amin\Desktop\MyBot.Run\MOD AIO\MyBot-AIO-2.1.4\Profiles\MyVillage\building.ini
