D [2016-07-19 03:36:26.072] @AutoItExe: C:\Program Files (x86)\AutoIt3\AutoIt3.exe
D [2016-07-19 03:36:26.073] @ScriptFullPath: C:\Users\Amin\Desktop\MyBot.Run\MOD AIO\MyBot-AIO-2.1.4\MyBot.run.au3
D [2016-07-19 03:36:26.073] @WorkingDir: C:\Users\Amin\Desktop\MyBot.Run\MOD AIO\MyBot-AIO-2.1.4
D [2016-07-19 03:36:26.073] @AutoItPID: 7472
D [2016-07-19 03:36:26.101] DetectRunningAndroid()
D [2016-07-19 03:36:26.101] UpdateAndroidConfig("MEmu")
D [2016-07-19 03:36:26.101] InitAndroid(False): MEmu
D [2016-07-19 03:36:27.115] Cannot read MEmu guestproperty phone_layout!
D [2016-07-19 03:36:27.115] Searching MEmu Window: Title = 'MEmu 2.', Class = '[CLASS:subWin; INSTANCE:1]', Text = ''
D [2016-07-19 03:36:27.120] MEmu Window not found
D [2016-07-19 03:36:27.121] Android: MEmu
D [2016-07-19 03:36:27.121] Android Config: 0
D [2016-07-19 03:36:27.121] Android Version: 2.5.0
D [2016-07-19 03:36:27.121] Android Instance: MEmu
D [2016-07-19 03:36:27.121] Android Window Title: MEmu 2.
D [2016-07-19 03:36:27.122] Android Program Path: C:\Program Files\Microvirt\MEmu\MEmu.exe
D [2016-07-19 03:36:27.122] Android Program Parameter: MEmu
D [2016-07-19 03:36:27.122] Android ADB Path: C:\Program Files\Microvirt\MEmu\adb.exe
D [2016-07-19 03:36:27.122] Android ADB Device: 127.0.0.1:21503
D [2016-07-19 03:36:27.122] Android ADB Shared Folder: /mnt/shell/emulated/0/Pictures/
D [2016-07-19 03:36:27.123] Android ADB Shared Folder on Host: C:\Users\Amin\Pictures\MEmu Photo\
D [2016-07-19 03:36:27.123] Android ADB Shared SubFolder: mybot.run\
D [2016-07-19 03:36:27.123] Android Mouse Device: Microvirt Virtual Input
D [2016-07-19 03:36:27.123] Android ADB screencap command enabled: True
D [2016-07-19 03:36:27.123] Android ADB input command enabled: False
D [2016-07-19 03:36:27.123] Android ADB Mouse Click enabled: False
D [2016-07-19 03:36:27.124] Android ADB Click Drag enabled: True
D [2016-07-19 03:36:27.124] Searching MEmu Window: Title = 'MEmu 2.', Class = '[CLASS:subWin; INSTANCE:1]', Text = ''
D [2016-07-19 03:36:27.127] MEmu Window not found
D [2016-07-19 03:36:27.127] InitAndroid(False): MEmu END, initialization successful = True
D [2016-07-19 03:36:27.127] UpdateAndroidConfig("MEmu") END
D [2016-07-19 03:36:27.128] GetAndroidRunningInstance: Try to find "C:\Program Files\Microvirt\MEmu\MEmu.exe"
D [2016-07-19 03:36:27.135] ObjGet("winmgmts:\\.\root\cimv2")
D [2016-07-19 03:36:27.135] WMI Query: Select * from Win32_Process where ExecutablePath like "%C:\\Program Files\\Microvirt\\MEmu\\MEmu.exe%"
D [2016-07-19 03:36:27.177] Process by CommandLine not found: C:\Program Files\Microvirt\MEmu\MEmu.exe
D [2016-07-19 03:36:27.177] UpdateAndroidConfig("droid4x")
D [2016-07-19 03:36:27.178] InitAndroid(False): Droid4X
L [2016-07-19 03:36:27.178] Serious error has occurred: Cannot find Droid4X:
L [2016-07-19 03:36:27.179] C:\Program Files (x86)\Droid4X\Droid4X.exe
D [2016-07-19 03:36:27.179] InitAndroid(False): Droid4X END, initialization successful = False
D [2016-07-19 03:36:27.179] UpdateAndroidConfig("droid4x") END
D [2016-07-19 03:36:27.179] UpdateAndroidConfig("nox")
D [2016-07-19 03:36:27.179] InitAndroid(False): Nox
D [2016-07-19 03:36:27.870] Android: Nox
D [2016-07-19 03:36:27.870] Android Config: 2
D [2016-07-19 03:36:27.870] Android Version: 3.1.0.0
D [2016-07-19 03:36:27.870] Android Instance: nox
D [2016-07-19 03:36:27.870] Android Window Title: No
D [2016-07-19 03:36:27.871] Android Program Path: C:\Users\Amin\AppData\Roaming\Nox\bin\Nox.exe
D [2016-07-19 03:36:27.871] Android Program Parameter: -resolution:860x732 -dpi:160 "-clone:nox"
D [2016-07-19 03:36:27.871] Android ADB Path: C:\Program Files\Microvirt\MEmu\adb.exe
D [2016-07-19 03:36:27.871] Android ADB Device: 127.0.0.1:62001
D [2016-07-19 03:36:27.871] Android ADB Shared Folder: /mnt/shared/Other/
D [2016-07-19 03:36:27.872] Android ADB Shared Folder on Host: C:\Users\Amin\Documents\Nox_share\Other\
D [2016-07-19 03:36:27.872] Android ADB Shared SubFolder: mybot.run\
D [2016-07-19 03:36:27.872] Android Mouse Device: nox Virtual Input
D [2016-07-19 03:36:27.872] Android ADB screencap command enabled: True
D [2016-07-19 03:36:27.872] Android ADB input command enabled: False
D [2016-07-19 03:36:27.873] Android ADB Mouse Click enabled: False
D [2016-07-19 03:36:27.873] Android ADB Click Drag enabled: True
D [2016-07-19 03:36:27.873] Searching Nox Window: Title = 'No', Class = '[CLASS:Qt5QWindowIcon;INSTANCE:4]', Text = ''
D [2016-07-19 03:36:27.878] Nox Window not found
D [2016-07-19 03:36:27.878] InitAndroid(False): Nox END, initialization successful = True
D [2016-07-19 03:36:27.878] UpdateAndroidConfig("nox") END
D [2016-07-19 03:36:27.879] GetAndroidRunningInstance: Try to find "C:\Users\Amin\AppData\Roaming\Nox\bin\Nox.exe"
D [2016-07-19 03:36:27.881] ObjGet("winmgmts:\\.\root\cimv2")
D [2016-07-19 03:36:27.882] WMI Query: Select * from Win32_Process where ExecutablePath like "%C:\\Users\\Amin\\AppData\\Roaming\\Nox\\bin\\Nox.exe%"
D [2016-07-19 03:36:27.923] No process found by CommandLine: C:\Users\Amin\AppData\Roaming\Nox\bin\Nox.exe
D [2016-07-19 03:36:27.924] UpdateAndroidConfig("")
D [2016-07-19 03:36:27.924] InitAndroid(False): BlueStacks2
D [2016-07-19 03:36:27.925] BlueStacks2 Engine 'Plus'-Mode: False
D [2016-07-19 03:36:27.925] BlueStacks2 OEM Features: 2754561
D [2016-07-19 03:36:27.925] BlueStacks2 System Bar is not available
D [2016-07-19 03:36:27.926] Searching BlueStacks2 Window: Title = 'BlueStacks ', Class = '[CLASS:BlueStacksApp; INSTANCE:1]', Text = '_ctl.Window'
D [2016-07-19 03:36:27.929] BlueStacks2 Window not found
D [2016-07-19 03:36:27.929] Android: BlueStacks2
D [2016-07-19 03:36:27.929] Android Config: 3
D [2016-07-19 03:36:27.930] Android Version: 2.0.2.5623
D [2016-07-19 03:36:27.930] Android Instance: 
D [2016-07-19 03:36:27.930] Android Window Title: BlueStacks 
D [2016-07-19 03:36:27.930] Android Program Path: C:\Program Files (x86)\BlueStacks\HD-Frontend.exe
D [2016-07-19 03:36:27.930] Android Program Parameter: Android
D [2016-07-19 03:36:27.931] Android ADB Path: C:\Program Files\Microvirt\MEmu\adb.exe
D [2016-07-19 03:36:27.931] Android ADB Device: emulator-5554
D [2016-07-19 03:36:27.931] Android ADB Shared Folder: /storage/sdcard/windows/BstSharedFolder/
D [2016-07-19 03:36:27.931] Android ADB Shared Folder on Host: C:\ProgramData\BlueStacks\UserData\SharedFolder\
D [2016-07-19 03:36:27.932] Android ADB Shared SubFolder: mybot.run\
D [2016-07-19 03:36:27.932] Android Mouse Device: BlueStacks Virtual Touch
D [2016-07-19 03:36:27.932] Android ADB screencap command enabled: False
D [2016-07-19 03:36:27.932] Android ADB input command enabled: False
D [2016-07-19 03:36:27.932] Android ADB Mouse Click enabled: False
D [2016-07-19 03:36:27.932] Android ADB Click Drag enabled: False
D [2016-07-19 03:36:27.933] Searching BlueStacks2 Window: Title = 'BlueStacks ', Class = '[CLASS:BlueStacksApp; INSTANCE:1]', Text = '_ctl.Window'
D [2016-07-19 03:36:27.938] BlueStacks2 Window not found
D [2016-07-19 03:36:27.938] InitAndroid(False): BlueStacks2 END, initialization successful = True
D [2016-07-19 03:36:27.938] UpdateAndroidConfig("") END
D [2016-07-19 03:36:27.938] Searching BlueStacks2 Window: Title = 'BlueStacks ', Class = '[CLASS:BlueStacksApp; INSTANCE:1]', Text = '_ctl.Window'
D [2016-07-19 03:36:27.942] BlueStacks2 Window not found
D [2016-07-19 03:36:27.943] UpdateAndroidConfig("")
D [2016-07-19 03:36:27.943] InitAndroid(False): BlueStacks
D [2016-07-19 03:36:27.944] BlueStacks Engine 'Plus'-Mode: False
D [2016-07-19 03:36:27.944] BlueStacks OEM Features: 2754561
D [2016-07-19 03:36:27.944] BlueStacks System Bar is not available
D [2016-07-19 03:36:27.944] Searching BlueStacks Window: Title = 'BlueStacks App Player', Class = '[CLASS:BlueStacksApp; INSTANCE:1]', Text = '_ctl.Window'
D [2016-07-19 03:36:27.948] BlueStacks Window not found
L [2016-07-19 03:36:27.949] BlueStacks supported version 0.8.x - 0.11.x not found
D [2016-07-19 03:36:27.949] InitAndroid(False): BlueStacks END, initialization successful = False
D [2016-07-19 03:36:27.949] UpdateAndroidConfig("") END
D [2016-07-19 03:36:27.949] UpdateAndroidConfig("MEmu")
D [2016-07-19 03:36:27.949] InitAndroid(False): MEmu
D [2016-07-19 03:36:28.886] Cannot read MEmu guestproperty phone_layout!
D [2016-07-19 03:36:28.887] Searching MEmu Window: Title = 'MEmu 2.', Class = '[CLASS:subWin; INSTANCE:1]', Text = ''
D [2016-07-19 03:36:28.891] MEmu Window not found
D [2016-07-19 03:36:28.891] Android: MEmu
D [2016-07-19 03:36:28.891] Android Config: 0
D [2016-07-19 03:36:28.891] Android Version: 2.5.0
D [2016-07-19 03:36:28.891] Android Instance: MEmu
D [2016-07-19 03:36:28.892] Android Window Title: MEmu 2.
D [2016-07-19 03:36:28.892] Android Program Path: C:\Program Files\Microvirt\MEmu\MEmu.exe
D [2016-07-19 03:36:28.892] Android Program Parameter: MEmu
D [2016-07-19 03:36:28.892] Android ADB Path: C:\Program Files\Microvirt\MEmu\adb.exe
D [2016-07-19 03:36:28.892] Android ADB Device: 127.0.0.1:21503
D [2016-07-19 03:36:28.893] Android ADB Shared Folder: /mnt/shell/emulated/0/Pictures/
D [2016-07-19 03:36:28.893] Android ADB Shared Folder on Host: C:\Users\Amin\Pictures\MEmu Photo\
D [2016-07-19 03:36:28.893] Android ADB Shared SubFolder: mybot.run\
D [2016-07-19 03:36:28.893] Android Mouse Device: Microvirt Virtual Input
D [2016-07-19 03:36:28.894] Android ADB screencap command enabled: True
D [2016-07-19 03:36:28.894] Android ADB input command enabled: False
D [2016-07-19 03:36:28.894] Android ADB Mouse Click enabled: False
D [2016-07-19 03:36:28.894] Android ADB Click Drag enabled: True
D [2016-07-19 03:36:28.894] Searching MEmu Window: Title = 'MEmu 2.', Class = '[CLASS:subWin; INSTANCE:1]', Text = ''
D [2016-07-19 03:36:28.898] MEmu Window not found
D [2016-07-19 03:36:28.898] InitAndroid(False): MEmu END, initialization successful = True
D [2016-07-19 03:36:28.898] UpdateAndroidConfig("MEmu") END
D [2016-07-19 03:36:28.898] Found no running Android Emulator
D [2016-07-19 03:36:28.898] DetectInstalledAndroid()
D [2016-07-19 03:36:28.899] UpdateAndroidConfig("MEmu")
D [2016-07-19 03:36:28.899] InitAndroid(False): MEmu
D [2016-07-19 03:36:29.831] Cannot read MEmu guestproperty phone_layout!
D [2016-07-19 03:36:29.831] Searching MEmu Window: Title = 'MEmu 2.', Class = '[CLASS:subWin; INSTANCE:1]', Text = ''
D [2016-07-19 03:36:29.835] MEmu Window not found
D [2016-07-19 03:36:29.835] Android: MEmu
D [2016-07-19 03:36:29.835] Android Config: 0
D [2016-07-19 03:36:29.835] Android Version: 2.5.0
D [2016-07-19 03:36:29.835] Android Instance: MEmu
D [2016-07-19 03:36:29.835] Android Window Title: MEmu 2.
D [2016-07-19 03:36:29.836] Android Program Path: C:\Program Files\Microvirt\MEmu\MEmu.exe
D [2016-07-19 03:36:29.836] Android Program Parameter: MEmu
D [2016-07-19 03:36:29.836] Android ADB Path: C:\Program Files\Microvirt\MEmu\adb.exe
D [2016-07-19 03:36:29.836] Android ADB Device: 127.0.0.1:21503
D [2016-07-19 03:36:29.836] Android ADB Shared Folder: /mnt/shell/emulated/0/Pictures/
D [2016-07-19 03:36:29.837] Android ADB Shared Folder on Host: C:\Users\Amin\Pictures\MEmu Photo\
D [2016-07-19 03:36:29.837] Android ADB Shared SubFolder: mybot.run\
D [2016-07-19 03:36:29.837] Android Mouse Device: Microvirt Virtual Input
D [2016-07-19 03:36:29.837] Android ADB screencap command enabled: True
D [2016-07-19 03:36:29.837] Android ADB input command enabled: False
D [2016-07-19 03:36:29.838] Android ADB Mouse Click enabled: False
D [2016-07-19 03:36:29.838] Android ADB Click Drag enabled: True
D [2016-07-19 03:36:29.838] Searching MEmu Window: Title = 'MEmu 2.', Class = '[CLASS:subWin; INSTANCE:1]', Text = ''
D [2016-07-19 03:36:29.842] MEmu Window not found
D [2016-07-19 03:36:29.842] InitAndroid(False): MEmu END, initialization successful = True
D [2016-07-19 03:36:29.842] UpdateAndroidConfig("MEmu") END
D [2016-07-19 03:36:29.843] Found installed MEmu 2.5.0
D [2016-07-19 03:36:29.843] My Bot is the only running instance
D [2016-07-19 03:36:34.097] UpdateAndroidConfig("MEmu")
D [2016-07-19 03:36:34.097] InitAndroid(False): MEmu
D [2016-07-19 03:36:35.043] Cannot read MEmu guestproperty phone_layout!
D [2016-07-19 03:36:35.043] Searching MEmu Window: Title = 'MEmu 2.', Class = '[CLASS:subWin; INSTANCE:1]', Text = ''
D [2016-07-19 03:36:35.050] MEmu Window not found
D [2016-07-19 03:36:35.050] Android: MEmu
D [2016-07-19 03:36:35.050] Android Config: 0
D [2016-07-19 03:36:35.050] Android Version: 2.5.0
D [2016-07-19 03:36:35.051] Android Instance: MEmu
D [2016-07-19 03:36:35.051] Android Window Title: MEmu 2.
D [2016-07-19 03:36:35.051] Android Program Path: C:\Program Files\Microvirt\MEmu\MEmu.exe
D [2016-07-19 03:36:35.051] Android Program Parameter: MEmu
D [2016-07-19 03:36:35.051] Android ADB Path: C:\Program Files\Microvirt\MEmu\adb.exe
D [2016-07-19 03:36:35.052] Android ADB Device: 127.0.0.1:21503
D [2016-07-19 03:36:35.052] Android ADB Shared Folder: /mnt/shell/emulated/0/Pictures/
D [2016-07-19 03:36:35.052] Android ADB Shared Folder on Host: C:\Users\Amin\Pictures\MEmu Photo\
D [2016-07-19 03:36:35.052] Android ADB Shared SubFolder: mybot.run\
D [2016-07-19 03:36:35.053] Android Mouse Device: Microvirt Virtual Input
D [2016-07-19 03:36:35.053] Android ADB screencap command enabled: True
D [2016-07-19 03:36:35.053] Android ADB input command enabled: False
D [2016-07-19 03:36:35.053] Android ADB Mouse Click enabled: False
D [2016-07-19 03:36:35.053] Android ADB Click Drag enabled: True
D [2016-07-19 03:36:35.054] Searching MEmu Window: Title = 'MEmu 2.', Class = '[CLASS:subWin; INSTANCE:1]', Text = ''
D [2016-07-19 03:36:35.060] MEmu Window not found
D [2016-07-19 03:36:35.061] InitAndroid(False): MEmu END, initialization successful = True
D [2016-07-19 03:36:35.061] UpdateAndroidConfig("MEmu") END
D [2016-07-19 03:36:35.061] UpdateAndroidConfig("droid4x")
D [2016-07-19 03:36:35.061] InitAndroid(False): Droid4X
L [2016-07-19 03:36:35.062] Serious error has occurred: Cannot find Droid4X:
L [2016-07-19 03:36:35.062] C:\Program Files (x86)\Droid4X\Droid4X.exe
D [2016-07-19 03:36:35.062] InitAndroid(False): Droid4X END, initialization successful = False
D [2016-07-19 03:36:35.062] UpdateAndroidConfig("droid4x") END
D [2016-07-19 03:36:35.063] UpdateAndroidConfig("nox")
D [2016-07-19 03:36:35.063] InitAndroid(False): Nox
D [2016-07-19 03:36:35.759] Android: Nox
D [2016-07-19 03:36:35.760] Android Config: 2
D [2016-07-19 03:36:35.760] Android Version: 3.1.0.0
D [2016-07-19 03:36:35.760] Android Instance: nox
D [2016-07-19 03:36:35.760] Android Window Title: No
D [2016-07-19 03:36:35.760] Android Program Path: C:\Users\Amin\AppData\Roaming\Nox\bin\Nox.exe
D [2016-07-19 03:36:35.761] Android Program Parameter: -resolution:860x732 -dpi:160 "-clone:nox"
D [2016-07-19 03:36:35.761] Android ADB Path: C:\Program Files\Microvirt\MEmu\adb.exe
D [2016-07-19 03:36:35.761] Android ADB Device: 127.0.0.1:62001
D [2016-07-19 03:36:35.761] Android ADB Shared Folder: /mnt/shared/Other/
D [2016-07-19 03:36:35.761] Android ADB Shared Folder on Host: C:\Users\Amin\Documents\Nox_share\Other\
D [2016-07-19 03:36:35.762] Android ADB Shared SubFolder: mybot.run\
D [2016-07-19 03:36:35.762] Android Mouse Device: nox Virtual Input
D [2016-07-19 03:36:35.762] Android ADB screencap command enabled: True
D [2016-07-19 03:36:35.762] Android ADB input command enabled: False
D [2016-07-19 03:36:35.762] Android ADB Mouse Click enabled: False
D [2016-07-19 03:36:35.763] Android ADB Click Drag enabled: True
D [2016-07-19 03:36:35.763] Searching Nox Window: Title = 'No', Class = '[CLASS:Qt5QWindowIcon;INSTANCE:4]', Text = ''
D [2016-07-19 03:36:35.769] Nox Window not found
D [2016-07-19 03:36:35.769] InitAndroid(False): Nox END, initialization successful = True
D [2016-07-19 03:36:35.769] UpdateAndroidConfig("nox") END
D [2016-07-19 03:36:35.769] UpdateAndroidConfig("")
D [2016-07-19 03:36:35.770] InitAndroid(False): BlueStacks2
D [2016-07-19 03:36:35.770] BlueStacks2 Engine 'Plus'-Mode: False
D [2016-07-19 03:36:35.771] BlueStacks2 OEM Features: 2754561
D [2016-07-19 03:36:35.771] BlueStacks2 System Bar is not available
D [2016-07-19 03:36:35.771] Searching BlueStacks2 Window: Title = 'BlueStacks ', Class = '[CLASS:BlueStacksApp; INSTANCE:1]', Text = '_ctl.Window'
D [2016-07-19 03:36:35.777] BlueStacks2 Window not found
D [2016-07-19 03:36:35.777] Android: BlueStacks2
D [2016-07-19 03:36:35.778] Android Config: 3
D [2016-07-19 03:36:35.778] Android Version: 2.0.2.5623
D [2016-07-19 03:36:35.778] Android Instance: 
D [2016-07-19 03:36:35.778] Android Window Title: BlueStacks 
D [2016-07-19 03:36:35.778] Android Program Path: C:\Program Files (x86)\BlueStacks\HD-Frontend.exe
D [2016-07-19 03:36:35.778] Android Program Parameter: Android
D [2016-07-19 03:36:35.779] Android ADB Path: C:\Program Files\Microvirt\MEmu\adb.exe
D [2016-07-19 03:36:35.780] Android ADB Device: emulator-5554
D [2016-07-19 03:36:35.780] Android ADB Shared Folder: /storage/sdcard/windows/BstSharedFolder/
D [2016-07-19 03:36:35.780] Android ADB Shared Folder on Host: C:\ProgramData\BlueStacks\UserData\SharedFolder\
D [2016-07-19 03:36:35.780] Android ADB Shared SubFolder: mybot.run\
D [2016-07-19 03:36:35.780] Android Mouse Device: BlueStacks Virtual Touch
D [2016-07-19 03:36:35.781] Android ADB screencap command enabled: False
D [2016-07-19 03:36:35.781] Android ADB input command enabled: False
D [2016-07-19 03:36:35.781] Android ADB Mouse Click enabled: False
D [2016-07-19 03:36:35.781] Android ADB Click Drag enabled: False
D [2016-07-19 03:36:35.781] Searching BlueStacks2 Window: Title = 'BlueStacks ', Class = '[CLASS:BlueStacksApp; INSTANCE:1]', Text = '_ctl.Window'
D [2016-07-19 03:36:35.786] BlueStacks2 Window not found
D [2016-07-19 03:36:35.786] InitAndroid(False): BlueStacks2 END, initialization successful = True
D [2016-07-19 03:36:35.787] UpdateAndroidConfig("") END
D [2016-07-19 03:36:35.787] UpdateAndroidConfig("")
D [2016-07-19 03:36:35.787] InitAndroid(False): BlueStacks
D [2016-07-19 03:36:35.788] BlueStacks Engine 'Plus'-Mode: False
D [2016-07-19 03:36:35.788] BlueStacks OEM Features: 2754561
D [2016-07-19 03:36:35.788] BlueStacks System Bar is not available
D [2016-07-19 03:36:35.788] Searching BlueStacks Window: Title = 'BlueStacks App Player', Class = '[CLASS:BlueStacksApp; INSTANCE:1]', Text = '_ctl.Window'
D [2016-07-19 03:36:35.793] BlueStacks Window not found
L [2016-07-19 03:36:35.793] BlueStacks supported version 0.8.x - 0.11.x not found
D [2016-07-19 03:36:35.793] InitAndroid(False): BlueStacks END, initialization successful = False
D [2016-07-19 03:36:35.794] UpdateAndroidConfig("") END
D [2016-07-19 03:36:35.794] UpdateAndroidConfig("MEmu")
D [2016-07-19 03:36:35.794] InitAndroid(False): MEmu
D [2016-07-19 03:36:36.734] Cannot read MEmu guestproperty phone_layout!
D [2016-07-19 03:36:36.734] Searching MEmu Window: Title = 'MEmu 2.', Class = '[CLASS:subWin; INSTANCE:1]', Text = ''
D [2016-07-19 03:36:36.740] MEmu Window not found
D [2016-07-19 03:36:36.740] Android: MEmu
D [2016-07-19 03:36:36.740] Android Config: 0
D [2016-07-19 03:36:36.740] Android Version: 2.5.0
D [2016-07-19 03:36:36.740] Android Instance: MEmu
D [2016-07-19 03:36:36.741] Android Window Title: MEmu 2.
D [2016-07-19 03:36:36.741] Android Program Path: C:\Program Files\Microvirt\MEmu\MEmu.exe
D [2016-07-19 03:36:36.741] Android Program Parameter: MEmu
D [2016-07-19 03:36:36.741] Android ADB Path: C:\Program Files\Microvirt\MEmu\adb.exe
D [2016-07-19 03:36:36.741] Android ADB Device: 127.0.0.1:21503
D [2016-07-19 03:36:36.742] Android ADB Shared Folder: /mnt/shell/emulated/0/Pictures/
D [2016-07-19 03:36:36.742] Android ADB Shared Folder on Host: C:\Users\Amin\Pictures\MEmu Photo\
D [2016-07-19 03:36:36.742] Android ADB Shared SubFolder: mybot.run\
D [2016-07-19 03:36:36.742] Android Mouse Device: Microvirt Virtual Input
D [2016-07-19 03:36:36.742] Android ADB screencap command enabled: True
D [2016-07-19 03:36:36.743] Android ADB input command enabled: False
D [2016-07-19 03:36:36.743] Android ADB Mouse Click enabled: False
D [2016-07-19 03:36:36.743] Android ADB Click Drag enabled: True
D [2016-07-19 03:36:36.743] Searching MEmu Window: Title = 'MEmu 2.', Class = '[CLASS:subWin; INSTANCE:1]', Text = ''
D [2016-07-19 03:36:36.748] MEmu Window not found
D [2016-07-19 03:36:36.748] InitAndroid(False): MEmu END, initialization successful = True
D [2016-07-19 03:36:36.748] UpdateAndroidConfig("MEmu") END
D [2016-07-19 03:36:37.403] Read Building Config C:\Users\Amin\Desktop\MyBot.Run\MOD AIO\MyBot-AIO-2.1.4\Profiles\MyVillage\building.ini
D [2016-07-19 03:36:37.414] Read Config C:\Users\Amin\Desktop\MyBot.Run\MOD AIO\MyBot-AIO-2.1.4\Profiles\MyVillage\config.ini
D [2016-07-19 03:36:37.468] Apply Config
D [2016-07-19 03:36:37.598] UpdateAndroidConfig("MEmu_1")
D [2016-07-19 03:36:37.599] InitAndroid(False): MEmu
D [2016-07-19 03:36:38.537] Cannot read MEmu guestproperty phone_layout!
D [2016-07-19 03:36:38.537] Searching MEmu Window: Title = 'MEmu 2.', Class = '[CLASS:subWin; INSTANCE:1]', Text = ''
D [2016-07-19 03:36:38.544] MEmu Window not found
D [2016-07-19 03:36:38.544] Android: MEmu
D [2016-07-19 03:36:38.545] Android Config: 0
D [2016-07-19 03:36:38.545] Android Version: 2.5.0
D [2016-07-19 03:36:38.545] Android Instance: MEmu_1
D [2016-07-19 03:36:38.545] Android Window Title: MEmu 2.
D [2016-07-19 03:36:38.545] Android Program Path: C:\Program Files\Microvirt\MEmu\MEmu.exe
D [2016-07-19 03:36:38.546] Android Program Parameter: MEmu_1
D [2016-07-19 03:36:38.546] Android ADB Path: C:\Program Files\Microvirt\MEmu\adb.exe
D [2016-07-19 03:36:38.546] Android ADB Device: 127.0.0.1:21513
D [2016-07-19 03:36:38.546] Android ADB Shared Folder: /mnt/shell/emulated/0/Pictures/
D [2016-07-19 03:36:38.547] Android ADB Shared Folder on Host: C:\Users\Amin\Pictures\MEmu Photo\
D [2016-07-19 03:36:38.547] Android ADB Shared SubFolder: mybot.run\
D [2016-07-19 03:36:38.547] Android Mouse Device: Microvirt Virtual Input
D [2016-07-19 03:36:38.547] Android ADB screencap command enabled: True
D [2016-07-19 03:36:38.547] Android ADB input command enabled: False
D [2016-07-19 03:36:38.547] Android ADB Mouse Click enabled: False
D [2016-07-19 03:36:38.548] Android ADB Click Drag enabled: True
D [2016-07-19 03:36:38.548] Searching MEmu Window: Title = 'MEmu 2.', Class = '[CLASS:subWin; INSTANCE:1]', Text = ''
D [2016-07-19 03:36:38.554] MEmu Window not found
D [2016-07-19 03:36:38.554] InitAndroid(False): MEmu END, initialization successful = True
D [2016-07-19 03:36:38.554] UpdateAndroidConfig("MEmu_1") END
D [2016-07-19 03:36:38.581] Redraw MyBot Window
L [2016-07-19 03:36:39.329] Found installed MEmu 2.5.0
L [2016-07-19 03:36:39.333] Android Emulator Configuration: MEmu (instance MEmu_1)
L [2016-07-19 03:36:42.071] WELCOME CHIEF, YOU HAVE THE LATEST VERSION OF THE BOT
L [2016-07-19 03:36:42.074]  
L [2016-07-19 03:36:42.077] Fully working with May update
L [2016-07-19 03:36:42.079] New GUI and lots of new features
L [2016-07-19 03:36:42.081] For more information, go to 
L [2016-07-19 03:36:42.084] https://mybot.run
L [2016-07-19 03:36:42.088] 
L [2016-07-19 03:36:42.091]  Always free and open source.
D [2016-07-19 03:36:43.394] MyBot.run launch time 17330 ms.
L [2016-07-19 03:37:28.148] Closing Merged My Bot v6.1.4 All In One v2.1.4 (MEmu_1) ...
D [2016-07-19 03:37:28.157] Save Config C:\Users\Amin\Desktop\MyBot.Run\MOD AIO\MyBot-AIO-2.1.4\Profiles\MyVillage\config.ini
D [2016-07-19 03:37:28.588] Save Building Config C:\Users\Amin\Desktop\MyBot.Run\MOD AIO\MyBot-AIO-2.1.4\Profiles\MyVillage\building.ini
