D [2016-07-19 03:44:01.257] @AutoItExe: C:\Program Files (x86)\AutoIt3\AutoIt3.exe
D [2016-07-19 03:44:01.257] @ScriptFullPath: C:\Users\Amin\Desktop\MyBot.Run\MOD AIO\MyBot-AIO-2.1.4\MyBot.run.au3
D [2016-07-19 03:44:01.257] @WorkingDir: C:\Users\Amin\Desktop\MyBot.Run\MOD AIO\MyBot-AIO-2.1.4
D [2016-07-19 03:44:01.257] @AutoItPID: 8852
D [2016-07-19 03:44:01.285] DetectRunningAndroid()
D [2016-07-19 03:44:01.286] UpdateAndroidConfig("MEmu")
D [2016-07-19 03:44:01.286] InitAndroid(False): MEmu
D [2016-07-19 03:44:02.297] Cannot read MEmu guestproperty phone_layout!
D [2016-07-19 03:44:02.297] Searching MEmu Window: Title = 'MEmu 2.', Class = '[CLASS:subWin; INSTANCE:1]', Text = ''
D [2016-07-19 03:44:02.302] MEmu Window not found
D [2016-07-19 03:44:02.302] Android: MEmu
D [2016-07-19 03:44:02.302] Android Config: 0
D [2016-07-19 03:44:02.302] Android Version: 2.5.0
D [2016-07-19 03:44:02.303] Android Instance: MEmu
D [2016-07-19 03:44:02.303] Android Window Title: MEmu 2.
D [2016-07-19 03:44:02.303] Android Program Path: C:\Program Files\Microvirt\MEmu\MEmu.exe
D [2016-07-19 03:44:02.303] Android Program Parameter: MEmu
D [2016-07-19 03:44:02.303] Android ADB Path: C:\Program Files\Microvirt\MEmu\adb.exe
D [2016-07-19 03:44:02.303] Android ADB Device: 127.0.0.1:21503
D [2016-07-19 03:44:02.304] Android ADB Shared Folder: /mnt/shell/emulated/0/Pictures/
D [2016-07-19 03:44:02.304] Android ADB Shared Folder on Host: C:\Users\Amin\Pictures\MEmu Photo\
D [2016-07-19 03:44:02.304] Android ADB Shared SubFolder: mybot.run\
D [2016-07-19 03:44:02.304] Android Mouse Device: Microvirt Virtual Input
D [2016-07-19 03:44:02.305] Android ADB screencap command enabled: True
D [2016-07-19 03:44:02.305] Android ADB input command enabled: False
D [2016-07-19 03:44:02.305] Android ADB Mouse Click enabled: False
D [2016-07-19 03:44:02.305] Android ADB Click Drag enabled: True
D [2016-07-19 03:44:02.305] Searching MEmu Window: Title = 'MEmu 2.', Class = '[CLASS:subWin; INSTANCE:1]', Text = ''
D [2016-07-19 03:44:02.309] MEmu Window not found
D [2016-07-19 03:44:02.309] InitAndroid(False): MEmu END, initialization successful = True
D [2016-07-19 03:44:02.309] UpdateAndroidConfig("MEmu") END
D [2016-07-19 03:44:02.309] GetAndroidRunningInstance: Try to find "C:\Program Files\Microvirt\MEmu\MEmu.exe"
D [2016-07-19 03:44:02.315] ObjGet("winmgmts:\\.\root\cimv2")
D [2016-07-19 03:44:02.316] WMI Query: Select * from Win32_Process where ExecutablePath like "%C:\\Program Files\\Microvirt\\MEmu\\MEmu.exe%"
D [2016-07-19 03:44:02.359] Process by CommandLine not found: C:\Program Files\Microvirt\MEmu\MEmu.exe
D [2016-07-19 03:44:02.359] UpdateAndroidConfig("droid4x")
D [2016-07-19 03:44:02.360] InitAndroid(False): Droid4X
L [2016-07-19 03:44:02.360] Serious error has occurred: Cannot find Droid4X:
L [2016-07-19 03:44:02.361] C:\Program Files (x86)\Droid4X\Droid4X.exe
D [2016-07-19 03:44:02.361] InitAndroid(False): Droid4X END, initialization successful = False
D [2016-07-19 03:44:02.361] UpdateAndroidConfig("droid4x") END
D [2016-07-19 03:44:02.361] UpdateAndroidConfig("nox")
D [2016-07-19 03:44:02.361] InitAndroid(False): Nox
D [2016-07-19 03:44:03.033] Android: Nox
D [2016-07-19 03:44:03.033] Android Config: 2
D [2016-07-19 03:44:03.034] Android Version: 3.1.0.0
D [2016-07-19 03:44:03.034] Android Instance: nox
D [2016-07-19 03:44:03.034] Android Window Title: No
D [2016-07-19 03:44:03.034] Android Program Path: C:\Users\Amin\AppData\Roaming\Nox\bin\Nox.exe
D [2016-07-19 03:44:03.034] Android Program Parameter: -resolution:860x732 -dpi:160 "-clone:nox"
D [2016-07-19 03:44:03.035] Android ADB Path: C:\Program Files\Microvirt\MEmu\adb.exe
D [2016-07-19 03:44:03.035] Android ADB Device: 127.0.0.1:62001
D [2016-07-19 03:44:03.035] Android ADB Shared Folder: /mnt/shared/Other/
D [2016-07-19 03:44:03.035] Android ADB Shared Folder on Host: C:\Users\Amin\Documents\Nox_share\Other\
D [2016-07-19 03:44:03.035] Android ADB Shared SubFolder: mybot.run\
D [2016-07-19 03:44:03.036] Android Mouse Device: nox Virtual Input
D [2016-07-19 03:44:03.036] Android ADB screencap command enabled: True
D [2016-07-19 03:44:03.036] Android ADB input command enabled: False
D [2016-07-19 03:44:03.036] Android ADB Mouse Click enabled: False
D [2016-07-19 03:44:03.037] Android ADB Click Drag enabled: True
D [2016-07-19 03:44:03.037] Searching Nox Window: Title = 'No', Class = '[CLASS:Qt5QWindowIcon;INSTANCE:4]', Text = ''
D [2016-07-19 03:44:03.041] Nox Window not found
D [2016-07-19 03:44:03.041] InitAndroid(False): Nox END, initialization successful = True
D [2016-07-19 03:44:03.042] UpdateAndroidConfig("nox") END
D [2016-07-19 03:44:03.042] GetAndroidRunningInstance: Try to find "C:\Users\Amin\AppData\Roaming\Nox\bin\Nox.exe"
D [2016-07-19 03:44:03.044] ObjGet("winmgmts:\\.\root\cimv2")
D [2016-07-19 03:44:03.044] WMI Query: Select * from Win32_Process where ExecutablePath like "%C:\\Users\\Amin\\AppData\\Roaming\\Nox\\bin\\Nox.exe%"
D [2016-07-19 03:44:03.087] No process found by CommandLine: C:\Users\Amin\AppData\Roaming\Nox\bin\Nox.exe
D [2016-07-19 03:44:03.087] UpdateAndroidConfig("")
D [2016-07-19 03:44:03.087] InitAndroid(False): BlueStacks2
D [2016-07-19 03:44:03.088] BlueStacks2 Engine 'Plus'-Mode: False
D [2016-07-19 03:44:03.088] BlueStacks2 OEM Features: 2754561
D [2016-07-19 03:44:03.088] BlueStacks2 System Bar is not available
D [2016-07-19 03:44:03.089] Searching BlueStacks2 Window: Title = 'BlueStacks ', Class = '[CLASS:BlueStacksApp; INSTANCE:1]', Text = '_ctl.Window'
D [2016-07-19 03:44:03.092] BlueStacks2 Window not found
D [2016-07-19 03:44:03.092] Android: BlueStacks2
D [2016-07-19 03:44:03.092] Android Config: 3
D [2016-07-19 03:44:03.093] Android Version: 2.0.2.5623
D [2016-07-19 03:44:03.093] Android Instance: 
D [2016-07-19 03:44:03.093] Android Window Title: BlueStacks 
D [2016-07-19 03:44:03.093] Android Program Path: C:\Program Files (x86)\BlueStacks\HD-Frontend.exe
D [2016-07-19 03:44:03.093] Android Program Parameter: Android
D [2016-07-19 03:44:03.094] Android ADB Path: C:\Program Files\Microvirt\MEmu\adb.exe
D [2016-07-19 03:44:03.094] Android ADB Device: emulator-5554
D [2016-07-19 03:44:03.094] Android ADB Shared Folder: /storage/sdcard/windows/BstSharedFolder/
D [2016-07-19 03:44:03.094] Android ADB Shared Folder on Host: C:\ProgramData\BlueStacks\UserData\SharedFolder\
D [2016-07-19 03:44:03.094] Android ADB Shared SubFolder: mybot.run\
D [2016-07-19 03:44:03.095] Android Mouse Device: BlueStacks Virtual Touch
D [2016-07-19 03:44:03.095] Android ADB screencap command enabled: False
D [2016-07-19 03:44:03.095] Android ADB input command enabled: False
D [2016-07-19 03:44:03.095] Android ADB Mouse Click enabled: False
D [2016-07-19 03:44:03.095] Android ADB Click Drag enabled: False
D [2016-07-19 03:44:03.095] Searching BlueStacks2 Window: Title = 'BlueStacks ', Class = '[CLASS:BlueStacksApp; INSTANCE:1]', Text = '_ctl.Window'
D [2016-07-19 03:44:03.100] BlueStacks2 Window not found
D [2016-07-19 03:44:03.100] InitAndroid(False): BlueStacks2 END, initialization successful = True
D [2016-07-19 03:44:03.100] UpdateAndroidConfig("") END
D [2016-07-19 03:44:03.100] Searching BlueStacks2 Window: Title = 'BlueStacks ', Class = '[CLASS:BlueStacksApp; INSTANCE:1]', Text = '_ctl.Window'
D [2016-07-19 03:44:03.104] BlueStacks2 Window not found
D [2016-07-19 03:44:03.105] UpdateAndroidConfig("")
D [2016-07-19 03:44:03.105] InitAndroid(False): BlueStacks
D [2016-07-19 03:44:03.106] BlueStacks Engine 'Plus'-Mode: False
D [2016-07-19 03:44:03.106] BlueStacks OEM Features: 2754561
D [2016-07-19 03:44:03.106] BlueStacks System Bar is not available
D [2016-07-19 03:44:03.107] Searching BlueStacks Window: Title = 'BlueStacks App Player', Class = '[CLASS:BlueStacksApp; INSTANCE:1]', Text = '_ctl.Window'
D [2016-07-19 03:44:03.110] BlueStacks Window not found
L [2016-07-19 03:44:03.110] BlueStacks supported version 0.8.x - 0.11.x not found
D [2016-07-19 03:44:03.110] InitAndroid(False): BlueStacks END, initialization successful = False
D [2016-07-19 03:44:03.111] UpdateAndroidConfig("") END
D [2016-07-19 03:44:03.111] UpdateAndroidConfig("MEmu")
D [2016-07-19 03:44:03.111] InitAndroid(False): MEmu
D [2016-07-19 03:44:04.030] Cannot read MEmu guestproperty phone_layout!
D [2016-07-19 03:44:04.031] Searching MEmu Window: Title = 'MEmu 2.', Class = '[CLASS:subWin; INSTANCE:1]', Text = ''
D [2016-07-19 03:44:04.035] MEmu Window not found
D [2016-07-19 03:44:04.035] Android: MEmu
D [2016-07-19 03:44:04.035] Android Config: 0
D [2016-07-19 03:44:04.036] Android Version: 2.5.0
D [2016-07-19 03:44:04.036] Android Instance: MEmu
D [2016-07-19 03:44:04.036] Android Window Title: MEmu 2.
D [2016-07-19 03:44:04.036] Android Program Path: C:\Program Files\Microvirt\MEmu\MEmu.exe
D [2016-07-19 03:44:04.036] Android Program Parameter: MEmu
D [2016-07-19 03:44:04.037] Android ADB Path: C:\Program Files\Microvirt\MEmu\adb.exe
D [2016-07-19 03:44:04.037] Android ADB Device: 127.0.0.1:21503
D [2016-07-19 03:44:04.037] Android ADB Shared Folder: /mnt/shell/emulated/0/Pictures/
D [2016-07-19 03:44:04.037] Android ADB Shared Folder on Host: C:\Users\Amin\Pictures\MEmu Photo\
D [2016-07-19 03:44:04.037] Android ADB Shared SubFolder: mybot.run\
D [2016-07-19 03:44:04.038] Android Mouse Device: Microvirt Virtual Input
D [2016-07-19 03:44:04.038] Android ADB screencap command enabled: True
D [2016-07-19 03:44:04.038] Android ADB input command enabled: False
D [2016-07-19 03:44:04.038] Android ADB Mouse Click enabled: False
D [2016-07-19 03:44:04.038] Android ADB Click Drag enabled: True
D [2016-07-19 03:44:04.038] Searching MEmu Window: Title = 'MEmu 2.', Class = '[CLASS:subWin; INSTANCE:1]', Text = ''
D [2016-07-19 03:44:04.042] MEmu Window not found
D [2016-07-19 03:44:04.042] InitAndroid(False): MEmu END, initialization successful = True
D [2016-07-19 03:44:04.042] UpdateAndroidConfig("MEmu") END
D [2016-07-19 03:44:04.043] Found no running Android Emulator
D [2016-07-19 03:44:04.043] DetectInstalledAndroid()
D [2016-07-19 03:44:04.043] UpdateAndroidConfig("MEmu")
D [2016-07-19 03:44:04.043] InitAndroid(False): MEmu
D [2016-07-19 03:44:04.983] Cannot read MEmu guestproperty phone_layout!
D [2016-07-19 03:44:04.983] Searching MEmu Window: Title = 'MEmu 2.', Class = '[CLASS:subWin; INSTANCE:1]', Text = ''
D [2016-07-19 03:44:04.989] MEmu Window not found
D [2016-07-19 03:44:04.989] Android: MEmu
D [2016-07-19 03:44:04.989] Android Config: 0
D [2016-07-19 03:44:04.990] Android Version: 2.5.0
D [2016-07-19 03:44:04.990] Android Instance: MEmu
D [2016-07-19 03:44:04.990] Android Window Title: MEmu 2.
D [2016-07-19 03:44:04.990] Android Program Path: C:\Program Files\Microvirt\MEmu\MEmu.exe
D [2016-07-19 03:44:04.990] Android Program Parameter: MEmu
D [2016-07-19 03:44:04.991] Android ADB Path: C:\Program Files\Microvirt\MEmu\adb.exe
D [2016-07-19 03:44:04.991] Android ADB Device: 127.0.0.1:21503
D [2016-07-19 03:44:04.991] Android ADB Shared Folder: /mnt/shell/emulated/0/Pictures/
D [2016-07-19 03:44:04.991] Android ADB Shared Folder on Host: C:\Users\Amin\Pictures\MEmu Photo\
D [2016-07-19 03:44:04.991] Android ADB Shared SubFolder: mybot.run\
D [2016-07-19 03:44:04.992] Android Mouse Device: Microvirt Virtual Input
D [2016-07-19 03:44:04.992] Android ADB screencap command enabled: True
D [2016-07-19 03:44:04.992] Android ADB input command enabled: False
D [2016-07-19 03:44:04.992] Android ADB Mouse Click enabled: False
D [2016-07-19 03:44:04.992] Android ADB Click Drag enabled: True
D [2016-07-19 03:44:04.992] Searching MEmu Window: Title = 'MEmu 2.', Class = '[CLASS:subWin; INSTANCE:1]', Text = ''
D [2016-07-19 03:44:04.996] MEmu Window not found
D [2016-07-19 03:44:04.996] InitAndroid(False): MEmu END, initialization successful = True
D [2016-07-19 03:44:04.996] UpdateAndroidConfig("MEmu") END
D [2016-07-19 03:44:04.997] Found installed MEmu 2.5.0
D [2016-07-19 03:44:04.997] My Bot is the only running instance
D [2016-07-19 03:44:09.068] UpdateAndroidConfig("MEmu")
D [2016-07-19 03:44:09.068] InitAndroid(False): MEmu
D [2016-07-19 03:44:10.006] Cannot read MEmu guestproperty phone_layout!
D [2016-07-19 03:44:10.006] Searching MEmu Window: Title = 'MEmu 2.', Class = '[CLASS:subWin; INSTANCE:1]', Text = ''
D [2016-07-19 03:44:10.012] MEmu Window not found
D [2016-07-19 03:44:10.012] Android: MEmu
D [2016-07-19 03:44:10.012] Android Config: 0
D [2016-07-19 03:44:10.012] Android Version: 2.5.0
D [2016-07-19 03:44:10.012] Android Instance: MEmu
D [2016-07-19 03:44:10.013] Android Window Title: MEmu 2.
D [2016-07-19 03:44:10.013] Android Program Path: C:\Program Files\Microvirt\MEmu\MEmu.exe
D [2016-07-19 03:44:10.013] Android Program Parameter: MEmu
D [2016-07-19 03:44:10.013] Android ADB Path: C:\Program Files\Microvirt\MEmu\adb.exe
D [2016-07-19 03:44:10.013] Android ADB Device: 127.0.0.1:21503
D [2016-07-19 03:44:10.014] Android ADB Shared Folder: /mnt/shell/emulated/0/Pictures/
D [2016-07-19 03:44:10.014] Android ADB Shared Folder on Host: C:\Users\Amin\Pictures\MEmu Photo\
D [2016-07-19 03:44:10.014] Android ADB Shared SubFolder: mybot.run\
D [2016-07-19 03:44:10.014] Android Mouse Device: Microvirt Virtual Input
D [2016-07-19 03:44:10.014] Android ADB screencap command enabled: True
D [2016-07-19 03:44:10.015] Android ADB input command enabled: False
D [2016-07-19 03:44:10.015] Android ADB Mouse Click enabled: False
D [2016-07-19 03:44:10.015] Android ADB Click Drag enabled: True
D [2016-07-19 03:44:10.015] Searching MEmu Window: Title = 'MEmu 2.', Class = '[CLASS:subWin; INSTANCE:1]', Text = ''
D [2016-07-19 03:44:10.021] MEmu Window not found
D [2016-07-19 03:44:10.022] InitAndroid(False): MEmu END, initialization successful = True
D [2016-07-19 03:44:10.022] UpdateAndroidConfig("MEmu") END
D [2016-07-19 03:44:10.022] UpdateAndroidConfig("droid4x")
D [2016-07-19 03:44:10.022] InitAndroid(False): Droid4X
L [2016-07-19 03:44:10.023] Serious error has occurred: Cannot find Droid4X:
L [2016-07-19 03:44:10.023] C:\Program Files (x86)\Droid4X\Droid4X.exe
D [2016-07-19 03:44:10.023] InitAndroid(False): Droid4X END, initialization successful = False
D [2016-07-19 03:44:10.024] UpdateAndroidConfig("droid4x") END
D [2016-07-19 03:44:10.024] UpdateAndroidConfig("nox")
D [2016-07-19 03:44:10.024] InitAndroid(False): Nox
D [2016-07-19 03:44:10.722] Android: Nox
D [2016-07-19 03:44:10.722] Android Config: 2
D [2016-07-19 03:44:10.722] Android Version: 3.1.0.0
D [2016-07-19 03:44:10.722] Android Instance: nox
D [2016-07-19 03:44:10.722] Android Window Title: No
D [2016-07-19 03:44:10.723] Android Program Path: C:\Users\Amin\AppData\Roaming\Nox\bin\Nox.exe
D [2016-07-19 03:44:10.723] Android Program Parameter: -resolution:860x732 -dpi:160 "-clone:nox"
D [2016-07-19 03:44:10.723] Android ADB Path: C:\Program Files\Microvirt\MEmu\adb.exe
D [2016-07-19 03:44:10.723] Android ADB Device: 127.0.0.1:62001
D [2016-07-19 03:44:10.723] Android ADB Shared Folder: /mnt/shared/Other/
D [2016-07-19 03:44:10.724] Android ADB Shared Folder on Host: C:\Users\Amin\Documents\Nox_share\Other\
D [2016-07-19 03:44:10.724] Android ADB Shared SubFolder: mybot.run\
D [2016-07-19 03:44:10.724] Android Mouse Device: nox Virtual Input
D [2016-07-19 03:44:10.724] Android ADB screencap command enabled: True
D [2016-07-19 03:44:10.724] Android ADB input command enabled: False
D [2016-07-19 03:44:10.725] Android ADB Mouse Click enabled: False
D [2016-07-19 03:44:10.725] Android ADB Click Drag enabled: True
D [2016-07-19 03:44:10.725] Searching Nox Window: Title = 'No', Class = '[CLASS:Qt5QWindowIcon;INSTANCE:4]', Text = ''
D [2016-07-19 03:44:10.730] Nox Window not found
D [2016-07-19 03:44:10.730] InitAndroid(False): Nox END, initialization successful = True
D [2016-07-19 03:44:10.731] UpdateAndroidConfig("nox") END
D [2016-07-19 03:44:10.731] UpdateAndroidConfig("")
D [2016-07-19 03:44:10.731] InitAndroid(False): BlueStacks2
D [2016-07-19 03:44:10.732] BlueStacks2 Engine 'Plus'-Mode: False
D [2016-07-19 03:44:10.733] BlueStacks2 OEM Features: 2754561
D [2016-07-19 03:44:10.733] BlueStacks2 System Bar is not available
D [2016-07-19 03:44:10.733] Searching BlueStacks2 Window: Title = 'BlueStacks ', Class = '[CLASS:BlueStacksApp; INSTANCE:1]', Text = '_ctl.Window'
D [2016-07-19 03:44:10.739] BlueStacks2 Window not found
D [2016-07-19 03:44:10.739] Android: BlueStacks2
D [2016-07-19 03:44:10.739] Android Config: 3
D [2016-07-19 03:44:10.739] Android Version: 2.0.2.5623
D [2016-07-19 03:44:10.739] Android Instance: 
D [2016-07-19 03:44:10.740] Android Window Title: BlueStacks 
D [2016-07-19 03:44:10.740] Android Program Path: C:\Program Files (x86)\BlueStacks\HD-Frontend.exe
D [2016-07-19 03:44:10.740] Android Program Parameter: Android
D [2016-07-19 03:44:10.740] Android ADB Path: C:\Program Files\Microvirt\MEmu\adb.exe
D [2016-07-19 03:44:10.740] Android ADB Device: emulator-5554
D [2016-07-19 03:44:10.740] Android ADB Shared Folder: /storage/sdcard/windows/BstSharedFolder/
D [2016-07-19 03:44:10.741] Android ADB Shared Folder on Host: C:\ProgramData\BlueStacks\UserData\SharedFolder\
D [2016-07-19 03:44:10.741] Android ADB Shared SubFolder: mybot.run\
D [2016-07-19 03:44:10.741] Android Mouse Device: BlueStacks Virtual Touch
D [2016-07-19 03:44:10.741] Android ADB screencap command enabled: False
D [2016-07-19 03:44:10.741] Android ADB input command enabled: False
D [2016-07-19 03:44:10.742] Android ADB Mouse Click enabled: False
D [2016-07-19 03:44:10.742] Android ADB Click Drag enabled: False
D [2016-07-19 03:44:10.742] Searching BlueStacks2 Window: Title = 'BlueStacks ', Class = '[CLASS:BlueStacksApp; INSTANCE:1]', Text = '_ctl.Window'
D [2016-07-19 03:44:10.748] BlueStacks2 Window not found
D [2016-07-19 03:44:10.748] InitAndroid(False): BlueStacks2 END, initialization successful = True
D [2016-07-19 03:44:10.748] UpdateAndroidConfig("") END
D [2016-07-19 03:44:10.748] UpdateAndroidConfig("")
D [2016-07-19 03:44:10.749] InitAndroid(False): BlueStacks
D [2016-07-19 03:44:10.749] BlueStacks Engine 'Plus'-Mode: False
D [2016-07-19 03:44:10.749] BlueStacks OEM Features: 2754561
D [2016-07-19 03:44:10.750] BlueStacks System Bar is not available
D [2016-07-19 03:44:10.750] Searching BlueStacks Window: Title = 'BlueStacks App Player', Class = '[CLASS:BlueStacksApp; INSTANCE:1]', Text = '_ctl.Window'
D [2016-07-19 03:44:10.756] BlueStacks Window not found
L [2016-07-19 03:44:10.756] BlueStacks supported version 0.8.x - 0.11.x not found
D [2016-07-19 03:44:10.756] InitAndroid(False): BlueStacks END, initialization successful = False
D [2016-07-19 03:44:10.756] UpdateAndroidConfig("") END
D [2016-07-19 03:44:10.757] UpdateAndroidConfig("MEmu")
D [2016-07-19 03:44:10.757] InitAndroid(False): MEmu
D [2016-07-19 03:44:11.696] Cannot read MEmu guestproperty phone_layout!
D [2016-07-19 03:44:11.697] Searching MEmu Window: Title = 'MEmu 2.', Class = '[CLASS:subWin; INSTANCE:1]', Text = ''
D [2016-07-19 03:44:11.702] MEmu Window not found
D [2016-07-19 03:44:11.703] Android: MEmu
D [2016-07-19 03:44:11.703] Android Config: 0
D [2016-07-19 03:44:11.703] Android Version: 2.5.0
D [2016-07-19 03:44:11.703] Android Instance: MEmu
D [2016-07-19 03:44:11.703] Android Window Title: MEmu 2.
D [2016-07-19 03:44:11.703] Android Program Path: C:\Program Files\Microvirt\MEmu\MEmu.exe
D [2016-07-19 03:44:11.704] Android Program Parameter: MEmu
D [2016-07-19 03:44:11.704] Android ADB Path: C:\Program Files\Microvirt\MEmu\adb.exe
D [2016-07-19 03:44:11.704] Android ADB Device: 127.0.0.1:21503
D [2016-07-19 03:44:11.704] Android ADB Shared Folder: /mnt/shell/emulated/0/Pictures/
D [2016-07-19 03:44:11.705] Android ADB Shared Folder on Host: C:\Users\Amin\Pictures\MEmu Photo\
D [2016-07-19 03:44:11.705] Android ADB Shared SubFolder: mybot.run\
D [2016-07-19 03:44:11.705] Android Mouse Device: Microvirt Virtual Input
D [2016-07-19 03:44:11.705] Android ADB screencap command enabled: True
D [2016-07-19 03:44:11.705] Android ADB input command enabled: False
D [2016-07-19 03:44:11.705] Android ADB Mouse Click enabled: False
D [2016-07-19 03:44:11.706] Android ADB Click Drag enabled: True
D [2016-07-19 03:44:11.706] Searching MEmu Window: Title = 'MEmu 2.', Class = '[CLASS:subWin; INSTANCE:1]', Text = ''
D [2016-07-19 03:44:11.711] MEmu Window not found
D [2016-07-19 03:44:11.711] InitAndroid(False): MEmu END, initialization successful = True
D [2016-07-19 03:44:11.712] UpdateAndroidConfig("MEmu") END
D [2016-07-19 03:44:12.353] Read Building Config C:\Users\Amin\Desktop\MyBot.Run\MOD AIO\MyBot-AIO-2.1.4\Profiles\MyVillage\building.ini
D [2016-07-19 03:44:12.365] Read Config C:\Users\Amin\Desktop\MyBot.Run\MOD AIO\MyBot-AIO-2.1.4\Profiles\MyVillage\config.ini
D [2016-07-19 03:44:12.419] Apply Config
D [2016-07-19 03:44:12.549] UpdateAndroidConfig("MEmu_1")
D [2016-07-19 03:44:12.549] InitAndroid(False): MEmu
D [2016-07-19 03:44:13.487] Cannot read MEmu guestproperty phone_layout!
D [2016-07-19 03:44:13.487] Searching MEmu Window: Title = 'MEmu 2.', Class = '[CLASS:subWin; INSTANCE:1]', Text = ''
D [2016-07-19 03:44:13.494] MEmu Window not found
D [2016-07-19 03:44:13.494] Android: MEmu
D [2016-07-19 03:44:13.494] Android Config: 0
D [2016-07-19 03:44:13.494] Android Version: 2.5.0
D [2016-07-19 03:44:13.495] Android Instance: MEmu_1
D [2016-07-19 03:44:13.495] Android Window Title: MEmu 2.
D [2016-07-19 03:44:13.495] Android Program Path: C:\Program Files\Microvirt\MEmu\MEmu.exe
D [2016-07-19 03:44:13.495] Android Program Parameter: MEmu_1
D [2016-07-19 03:44:13.495] Android ADB Path: C:\Program Files\Microvirt\MEmu\adb.exe
D [2016-07-19 03:44:13.496] Android ADB Device: 127.0.0.1:21513
D [2016-07-19 03:44:13.496] Android ADB Shared Folder: /mnt/shell/emulated/0/Pictures/
D [2016-07-19 03:44:13.496] Android ADB Shared Folder on Host: C:\Users\Amin\Pictures\MEmu Photo\
D [2016-07-19 03:44:13.496] Android ADB Shared SubFolder: mybot.run\
D [2016-07-19 03:44:13.497] Android Mouse Device: Microvirt Virtual Input
D [2016-07-19 03:44:13.497] Android ADB screencap command enabled: True
D [2016-07-19 03:44:13.497] Android ADB input command enabled: False
D [2016-07-19 03:44:13.497] Android ADB Mouse Click enabled: False
D [2016-07-19 03:44:13.497] Android ADB Click Drag enabled: True
D [2016-07-19 03:44:13.498] Searching MEmu Window: Title = 'MEmu 2.', Class = '[CLASS:subWin; INSTANCE:1]', Text = ''
D [2016-07-19 03:44:13.505] MEmu Window not found
D [2016-07-19 03:44:13.505] InitAndroid(False): MEmu END, initialization successful = True
D [2016-07-19 03:44:13.505] UpdateAndroidConfig("MEmu_1") END
D [2016-07-19 03:44:13.534] Redraw MyBot Window
L [2016-07-19 03:44:14.271] Found installed MEmu 2.5.0
L [2016-07-19 03:44:14.277] Android Emulator Configuration: MEmu (instance MEmu_1)
L [2016-07-19 03:44:17.035] WELCOME CHIEF, YOU HAVE THE LATEST VERSION OF THE BOT
L [2016-07-19 03:44:17.038]  
L [2016-07-19 03:44:17.040] Fully working with May update
L [2016-07-19 03:44:17.043] New GUI and lots of new features
L [2016-07-19 03:44:17.048] For more information, go to 
L [2016-07-19 03:44:17.050] https://mybot.run
L [2016-07-19 03:44:17.053] 
L [2016-07-19 03:44:17.055]  Always free and open source.
D [2016-07-19 03:44:18.358] MyBot.run launch time 17110 ms.
L [2016-07-19 03:45:13.629] Closing Merged My Bot v6.1.4 All In One v2.1.4 (MEmu_1) ...
D [2016-07-19 03:45:13.638] Save Config C:\Users\Amin\Desktop\MyBot.Run\MOD AIO\MyBot-AIO-2.1.4\Profiles\MyVillage\config.ini
D [2016-07-19 03:45:14.076] Save Building Config C:\Users\Amin\Desktop\MyBot.Run\MOD AIO\MyBot-AIO-2.1.4\Profiles\MyVillage\building.ini
