D [2016-07-19 03:55:02.101] @AutoItExe: C:\Program Files (x86)\AutoIt3\AutoIt3.exe
D [2016-07-19 03:55:02.101] @ScriptFullPath: C:\Users\Amin\Desktop\MyBot.Run\MOD AIO\MyBot-AIO-2.1.4\MyBot.run.au3
D [2016-07-19 03:55:02.101] @WorkingDir: C:\Users\Amin\Desktop\MyBot.Run\MOD AIO\MyBot-AIO-2.1.4
D [2016-07-19 03:55:02.101] @AutoItPID: 8320
D [2016-07-19 03:55:02.151] DetectRunningAndroid()
D [2016-07-19 03:55:02.151] UpdateAndroidConfig("MEmu")
D [2016-07-19 03:55:02.152] InitAndroid(False): MEmu
D [2016-07-19 03:55:03.159] Cannot read MEmu guestproperty phone_layout!
D [2016-07-19 03:55:03.160] Searching MEmu Window: Title = 'MEmu 2.', Class = '[CLASS:subWin; INSTANCE:1]', Text = ''
D [2016-07-19 03:55:03.164] MEmu Window not found
D [2016-07-19 03:55:03.164] Android: MEmu
D [2016-07-19 03:55:03.165] Android Config: 0
D [2016-07-19 03:55:03.165] Android Version: 2.5.0
D [2016-07-19 03:55:03.165] Android Instance: MEmu
D [2016-07-19 03:55:03.165] Android Window Title: MEmu 2.
D [2016-07-19 03:55:03.165] Android Program Path: C:\Program Files\Microvirt\MEmu\MEmu.exe
D [2016-07-19 03:55:03.166] Android Program Parameter: MEmu
D [2016-07-19 03:55:03.166] Android ADB Path: C:\Program Files\Microvirt\MEmu\adb.exe
D [2016-07-19 03:55:03.166] Android ADB Device: 127.0.0.1:21503
D [2016-07-19 03:55:03.166] Android ADB Shared Folder: /mnt/shell/emulated/0/Pictures/
D [2016-07-19 03:55:03.166] Android ADB Shared Folder on Host: C:\Users\Amin\Pictures\MEmu Photo\
D [2016-07-19 03:55:03.167] Android ADB Shared SubFolder: mybot.run\
D [2016-07-19 03:55:03.167] Android Mouse Device: Microvirt Virtual Input
D [2016-07-19 03:55:03.167] Android ADB screencap command enabled: True
D [2016-07-19 03:55:03.167] Android ADB input command enabled: False
D [2016-07-19 03:55:03.167] Android ADB Mouse Click enabled: False
D [2016-07-19 03:55:03.168] Android ADB Click Drag enabled: True
D [2016-07-19 03:55:03.168] Searching MEmu Window: Title = 'MEmu 2.', Class = '[CLASS:subWin; INSTANCE:1]', Text = ''
D [2016-07-19 03:55:03.171] MEmu Window not found
D [2016-07-19 03:55:03.171] InitAndroid(False): MEmu END, initialization successful = True
D [2016-07-19 03:55:03.171] UpdateAndroidConfig("MEmu") END
D [2016-07-19 03:55:03.172] GetAndroidRunningInstance: Try to find "C:\Program Files\Microvirt\MEmu\MEmu.exe"
D [2016-07-19 03:55:03.178] ObjGet("winmgmts:\\.\root\cimv2")
D [2016-07-19 03:55:03.179] WMI Query: Select * from Win32_Process where ExecutablePath like "%C:\\Program Files\\Microvirt\\MEmu\\MEmu.exe%"
D [2016-07-19 03:55:03.225] Process by CommandLine not found: C:\Program Files\Microvirt\MEmu\MEmu.exe
D [2016-07-19 03:55:03.225] UpdateAndroidConfig("droid4x")
D [2016-07-19 03:55:03.225] InitAndroid(False): Droid4X
L [2016-07-19 03:55:03.226] Serious error has occurred: Cannot find Droid4X:
L [2016-07-19 03:55:03.226] C:\Program Files (x86)\Droid4X\Droid4X.exe
D [2016-07-19 03:55:03.227] InitAndroid(False): Droid4X END, initialization successful = False
D [2016-07-19 03:55:03.227] UpdateAndroidConfig("droid4x") END
D [2016-07-19 03:55:03.227] UpdateAndroidConfig("nox")
D [2016-07-19 03:55:03.227] InitAndroid(False): Nox
D [2016-07-19 03:55:03.924] Android: Nox
D [2016-07-19 03:55:03.924] Android Config: 2
D [2016-07-19 03:55:03.924] Android Version: 3.1.0.0
D [2016-07-19 03:55:03.924] Android Instance: nox
D [2016-07-19 03:55:03.925] Android Window Title: No
D [2016-07-19 03:55:03.925] Android Program Path: C:\Users\Amin\AppData\Roaming\Nox\bin\Nox.exe
D [2016-07-19 03:55:03.925] Android Program Parameter: -resolution:860x732 -dpi:160 "-clone:nox"
D [2016-07-19 03:55:03.925] Android ADB Path: C:\Program Files\Microvirt\MEmu\adb.exe
D [2016-07-19 03:55:03.925] Android ADB Device: 127.0.0.1:62001
D [2016-07-19 03:55:03.926] Android ADB Shared Folder: /mnt/shared/Other/
D [2016-07-19 03:55:03.926] Android ADB Shared Folder on Host: C:\Users\Amin\Documents\Nox_share\Other\
D [2016-07-19 03:55:03.926] Android ADB Shared SubFolder: mybot.run\
D [2016-07-19 03:55:03.926] Android Mouse Device: nox Virtual Input
D [2016-07-19 03:55:03.926] Android ADB screencap command enabled: True
D [2016-07-19 03:55:03.927] Android ADB input command enabled: False
D [2016-07-19 03:55:03.927] Android ADB Mouse Click enabled: False
D [2016-07-19 03:55:03.927] Android ADB Click Drag enabled: True
D [2016-07-19 03:55:03.927] Searching Nox Window: Title = 'No', Class = '[CLASS:Qt5QWindowIcon;INSTANCE:4]', Text = ''
D [2016-07-19 03:55:03.932] Nox Window not found
D [2016-07-19 03:55:03.932] InitAndroid(False): Nox END, initialization successful = True
D [2016-07-19 03:55:03.932] UpdateAndroidConfig("nox") END
D [2016-07-19 03:55:03.932] GetAndroidRunningInstance: Try to find "C:\Users\Amin\AppData\Roaming\Nox\bin\Nox.exe"
D [2016-07-19 03:55:03.934] ObjGet("winmgmts:\\.\root\cimv2")
D [2016-07-19 03:55:03.934] WMI Query: Select * from Win32_Process where ExecutablePath like "%C:\\Users\\Amin\\AppData\\Roaming\\Nox\\bin\\Nox.exe%"
D [2016-07-19 03:55:03.977] No process found by CommandLine: C:\Users\Amin\AppData\Roaming\Nox\bin\Nox.exe
D [2016-07-19 03:55:03.978] UpdateAndroidConfig("")
D [2016-07-19 03:55:03.978] InitAndroid(False): BlueStacks2
D [2016-07-19 03:55:03.979] BlueStacks2 Engine 'Plus'-Mode: False
D [2016-07-19 03:55:03.979] BlueStacks2 OEM Features: 2754561
D [2016-07-19 03:55:03.979] BlueStacks2 System Bar is not available
D [2016-07-19 03:55:03.979] Searching BlueStacks2 Window: Title = 'BlueStacks ', Class = '[CLASS:BlueStacksApp; INSTANCE:1]', Text = '_ctl.Window'
D [2016-07-19 03:55:03.984] BlueStacks2 Window not found
D [2016-07-19 03:55:03.984] Android: BlueStacks2
D [2016-07-19 03:55:03.984] Android Config: 3
D [2016-07-19 03:55:03.984] Android Version: 2.0.2.5623
D [2016-07-19 03:55:03.985] Android Instance: 
D [2016-07-19 03:55:03.985] Android Window Title: BlueStacks 
D [2016-07-19 03:55:03.985] Android Program Path: C:\Program Files (x86)\BlueStacks\HD-Frontend.exe
D [2016-07-19 03:55:03.986] Android Program Parameter: Android
D [2016-07-19 03:55:03.986] Android ADB Path: C:\Program Files\Microvirt\MEmu\adb.exe
D [2016-07-19 03:55:03.986] Android ADB Device: emulator-5554
D [2016-07-19 03:55:03.986] Android ADB Shared Folder: /storage/sdcard/windows/BstSharedFolder/
D [2016-07-19 03:55:03.986] Android ADB Shared Folder on Host: C:\ProgramData\BlueStacks\UserData\SharedFolder\
D [2016-07-19 03:55:03.987] Android ADB Shared SubFolder: mybot.run\
D [2016-07-19 03:55:03.987] Android Mouse Device: BlueStacks Virtual Touch
D [2016-07-19 03:55:03.987] Android ADB screencap command enabled: False
D [2016-07-19 03:55:03.987] Android ADB input command enabled: False
D [2016-07-19 03:55:03.987] Android ADB Mouse Click enabled: False
D [2016-07-19 03:55:03.988] Android ADB Click Drag enabled: False
D [2016-07-19 03:55:03.988] Searching BlueStacks2 Window: Title = 'BlueStacks ', Class = '[CLASS:BlueStacksApp; INSTANCE:1]', Text = '_ctl.Window'
D [2016-07-19 03:55:03.992] BlueStacks2 Window not found
D [2016-07-19 03:55:03.992] InitAndroid(False): BlueStacks2 END, initialization successful = True
D [2016-07-19 03:55:03.992] UpdateAndroidConfig("") END
D [2016-07-19 03:55:03.992] Searching BlueStacks2 Window: Title = 'BlueStacks ', Class = '[CLASS:BlueStacksApp; INSTANCE:1]', Text = '_ctl.Window'
D [2016-07-19 03:55:03.997] BlueStacks2 Window not found
D [2016-07-19 03:55:04.000] UpdateAndroidConfig("")
D [2016-07-19 03:55:04.000] InitAndroid(False): BlueStacks
D [2016-07-19 03:55:04.001] BlueStacks Engine 'Plus'-Mode: False
D [2016-07-19 03:55:04.001] BlueStacks OEM Features: 2754561
D [2016-07-19 03:55:04.001] BlueStacks System Bar is not available
D [2016-07-19 03:55:04.002] Searching BlueStacks Window: Title = 'BlueStacks App Player', Class = '[CLASS:BlueStacksApp; INSTANCE:1]', Text = '_ctl.Window'
D [2016-07-19 03:55:04.005] BlueStacks Window not found
L [2016-07-19 03:55:04.005] BlueStacks supported version 0.8.x - 0.11.x not found
D [2016-07-19 03:55:04.006] InitAndroid(False): BlueStacks END, initialization successful = False
D [2016-07-19 03:55:04.006] UpdateAndroidConfig("") END
D [2016-07-19 03:55:04.006] UpdateAndroidConfig("MEmu")
D [2016-07-19 03:55:04.006] InitAndroid(False): MEmu
D [2016-07-19 03:55:04.940] Cannot read MEmu guestproperty phone_layout!
D [2016-07-19 03:55:04.940] Searching MEmu Window: Title = 'MEmu 2.', Class = '[CLASS:subWin; INSTANCE:1]', Text = ''
D [2016-07-19 03:55:04.944] MEmu Window not found
D [2016-07-19 03:55:04.944] Android: MEmu
D [2016-07-19 03:55:04.944] Android Config: 0
D [2016-07-19 03:55:04.944] Android Version: 2.5.0
D [2016-07-19 03:55:04.945] Android Instance: MEmu
D [2016-07-19 03:55:04.945] Android Window Title: MEmu 2.
D [2016-07-19 03:55:04.945] Android Program Path: C:\Program Files\Microvirt\MEmu\MEmu.exe
D [2016-07-19 03:55:04.945] Android Program Parameter: MEmu
D [2016-07-19 03:55:04.946] Android ADB Path: C:\Program Files\Microvirt\MEmu\adb.exe
D [2016-07-19 03:55:04.946] Android ADB Device: 127.0.0.1:21503
D [2016-07-19 03:55:04.946] Android ADB Shared Folder: /mnt/shell/emulated/0/Pictures/
D [2016-07-19 03:55:04.946] Android ADB Shared Folder on Host: C:\Users\Amin\Pictures\MEmu Photo\
D [2016-07-19 03:55:04.946] Android ADB Shared SubFolder: mybot.run\
D [2016-07-19 03:55:04.947] Android Mouse Device: Microvirt Virtual Input
D [2016-07-19 03:55:04.947] Android ADB screencap command enabled: True
D [2016-07-19 03:55:04.947] Android ADB input command enabled: False
D [2016-07-19 03:55:04.947] Android ADB Mouse Click enabled: False
D [2016-07-19 03:55:04.947] Android ADB Click Drag enabled: True
D [2016-07-19 03:55:04.948] Searching MEmu Window: Title = 'MEmu 2.', Class = '[CLASS:subWin; INSTANCE:1]', Text = ''
D [2016-07-19 03:55:04.951] MEmu Window not found
D [2016-07-19 03:55:04.951] InitAndroid(False): MEmu END, initialization successful = True
D [2016-07-19 03:55:04.951] UpdateAndroidConfig("MEmu") END
D [2016-07-19 03:55:04.952] Found no running Android Emulator
D [2016-07-19 03:55:04.952] DetectInstalledAndroid()
D [2016-07-19 03:55:04.952] UpdateAndroidConfig("MEmu")
D [2016-07-19 03:55:04.952] InitAndroid(False): MEmu
D [2016-07-19 03:55:05.884] Cannot read MEmu guestproperty phone_layout!
D [2016-07-19 03:55:05.885] Searching MEmu Window: Title = 'MEmu 2.', Class = '[CLASS:subWin; INSTANCE:1]', Text = ''
D [2016-07-19 03:55:05.890] MEmu Window not found
D [2016-07-19 03:55:05.890] Android: MEmu
D [2016-07-19 03:55:05.890] Android Config: 0
D [2016-07-19 03:55:05.890] Android Version: 2.5.0
D [2016-07-19 03:55:05.891] Android Instance: MEmu
D [2016-07-19 03:55:05.891] Android Window Title: MEmu 2.
D [2016-07-19 03:55:05.891] Android Program Path: C:\Program Files\Microvirt\MEmu\MEmu.exe
D [2016-07-19 03:55:05.891] Android Program Parameter: MEmu
D [2016-07-19 03:55:05.891] Android ADB Path: C:\Program Files\Microvirt\MEmu\adb.exe
D [2016-07-19 03:55:05.892] Android ADB Device: 127.0.0.1:21503
D [2016-07-19 03:55:05.892] Android ADB Shared Folder: /mnt/shell/emulated/0/Pictures/
D [2016-07-19 03:55:05.892] Android ADB Shared Folder on Host: C:\Users\Amin\Pictures\MEmu Photo\
D [2016-07-19 03:55:05.892] Android ADB Shared SubFolder: mybot.run\
D [2016-07-19 03:55:05.893] Android Mouse Device: Microvirt Virtual Input
D [2016-07-19 03:55:05.893] Android ADB screencap command enabled: True
D [2016-07-19 03:55:05.893] Android ADB input command enabled: False
D [2016-07-19 03:55:05.893] Android ADB Mouse Click enabled: False
D [2016-07-19 03:55:05.893] Android ADB Click Drag enabled: True
D [2016-07-19 03:55:05.894] Searching MEmu Window: Title = 'MEmu 2.', Class = '[CLASS:subWin; INSTANCE:1]', Text = ''
D [2016-07-19 03:55:05.897] MEmu Window not found
D [2016-07-19 03:55:05.897] InitAndroid(False): MEmu END, initialization successful = True
D [2016-07-19 03:55:05.898] UpdateAndroidConfig("MEmu") END
D [2016-07-19 03:55:05.898] Found installed MEmu 2.5.0
D [2016-07-19 03:55:05.899] My Bot is the only running instance
D [2016-07-19 03:55:10.243] UpdateAndroidConfig("MEmu")
D [2016-07-19 03:55:10.243] InitAndroid(False): MEmu
D [2016-07-19 03:55:11.183] Cannot read MEmu guestproperty phone_layout!
D [2016-07-19 03:55:11.184] Searching MEmu Window: Title = 'MEmu 2.', Class = '[CLASS:subWin; INSTANCE:1]', Text = ''
D [2016-07-19 03:55:11.190] MEmu Window not found
D [2016-07-19 03:55:11.191] Android: MEmu
D [2016-07-19 03:55:11.191] Android Config: 0
D [2016-07-19 03:55:11.191] Android Version: 2.5.0
D [2016-07-19 03:55:11.191] Android Instance: MEmu
D [2016-07-19 03:55:11.191] Android Window Title: MEmu 2.
D [2016-07-19 03:55:11.192] Android Program Path: C:\Program Files\Microvirt\MEmu\MEmu.exe
D [2016-07-19 03:55:11.192] Android Program Parameter: MEmu
D [2016-07-19 03:55:11.192] Android ADB Path: C:\Program Files\Microvirt\MEmu\adb.exe
D [2016-07-19 03:55:11.192] Android ADB Device: 127.0.0.1:21503
D [2016-07-19 03:55:11.192] Android ADB Shared Folder: /mnt/shell/emulated/0/Pictures/
D [2016-07-19 03:55:11.193] Android ADB Shared Folder on Host: C:\Users\Amin\Pictures\MEmu Photo\
D [2016-07-19 03:55:11.193] Android ADB Shared SubFolder: mybot.run\
D [2016-07-19 03:55:11.193] Android Mouse Device: Microvirt Virtual Input
D [2016-07-19 03:55:11.193] Android ADB screencap command enabled: True
D [2016-07-19 03:55:11.193] Android ADB input command enabled: False
D [2016-07-19 03:55:11.193] Android ADB Mouse Click enabled: False
D [2016-07-19 03:55:11.194] Android ADB Click Drag enabled: True
D [2016-07-19 03:55:11.194] Searching MEmu Window: Title = 'MEmu 2.', Class = '[CLASS:subWin; INSTANCE:1]', Text = ''
D [2016-07-19 03:55:11.200] MEmu Window not found
D [2016-07-19 03:55:11.200] InitAndroid(False): MEmu END, initialization successful = True
D [2016-07-19 03:55:11.201] UpdateAndroidConfig("MEmu") END
D [2016-07-19 03:55:11.201] UpdateAndroidConfig("droid4x")
D [2016-07-19 03:55:11.201] InitAndroid(False): Droid4X
L [2016-07-19 03:55:11.202] Serious error has occurred: Cannot find Droid4X:
L [2016-07-19 03:55:11.202] C:\Program Files (x86)\Droid4X\Droid4X.exe
D [2016-07-19 03:55:11.202] InitAndroid(False): Droid4X END, initialization successful = False
D [2016-07-19 03:55:11.202] UpdateAndroidConfig("droid4x") END
D [2016-07-19 03:55:11.202] UpdateAndroidConfig("nox")
D [2016-07-19 03:55:11.203] InitAndroid(False): Nox
D [2016-07-19 03:55:11.894] Android: Nox
D [2016-07-19 03:55:11.894] Android Config: 2
D [2016-07-19 03:55:11.894] Android Version: 3.1.0.0
D [2016-07-19 03:55:11.894] Android Instance: nox
D [2016-07-19 03:55:11.894] Android Window Title: No
D [2016-07-19 03:55:11.895] Android Program Path: C:\Users\Amin\AppData\Roaming\Nox\bin\Nox.exe
D [2016-07-19 03:55:11.895] Android Program Parameter: -resolution:860x732 -dpi:160 "-clone:nox"
D [2016-07-19 03:55:11.895] Android ADB Path: C:\Program Files\Microvirt\MEmu\adb.exe
D [2016-07-19 03:55:11.895] Android ADB Device: 127.0.0.1:62001
D [2016-07-19 03:55:11.895] Android ADB Shared Folder: /mnt/shared/Other/
D [2016-07-19 03:55:11.896] Android ADB Shared Folder on Host: C:\Users\Amin\Documents\Nox_share\Other\
D [2016-07-19 03:55:11.896] Android ADB Shared SubFolder: mybot.run\
D [2016-07-19 03:55:11.896] Android Mouse Device: nox Virtual Input
D [2016-07-19 03:55:11.896] Android ADB screencap command enabled: True
D [2016-07-19 03:55:11.896] Android ADB input command enabled: False
D [2016-07-19 03:55:11.897] Android ADB Mouse Click enabled: False
D [2016-07-19 03:55:11.897] Android ADB Click Drag enabled: True
D [2016-07-19 03:55:11.897] Searching Nox Window: Title = 'No', Class = '[CLASS:Qt5QWindowIcon;INSTANCE:4]', Text = ''
D [2016-07-19 03:55:11.902] Nox Window not found
D [2016-07-19 03:55:11.902] InitAndroid(False): Nox END, initialization successful = True
D [2016-07-19 03:55:11.903] UpdateAndroidConfig("nox") END
D [2016-07-19 03:55:11.903] UpdateAndroidConfig("")
D [2016-07-19 03:55:11.903] InitAndroid(False): BlueStacks2
D [2016-07-19 03:55:11.904] BlueStacks2 Engine 'Plus'-Mode: False
D [2016-07-19 03:55:11.904] BlueStacks2 OEM Features: 2754561
D [2016-07-19 03:55:11.904] BlueStacks2 System Bar is not available
D [2016-07-19 03:55:11.904] Searching BlueStacks2 Window: Title = 'BlueStacks ', Class = '[CLASS:BlueStacksApp; INSTANCE:1]', Text = '_ctl.Window'
D [2016-07-19 03:55:11.910] BlueStacks2 Window not found
D [2016-07-19 03:55:11.911] Android: BlueStacks2
D [2016-07-19 03:55:11.911] Android Config: 3
D [2016-07-19 03:55:11.911] Android Version: 2.0.2.5623
D [2016-07-19 03:55:11.911] Android Instance: 
D [2016-07-19 03:55:11.911] Android Window Title: BlueStacks 
D [2016-07-19 03:55:11.912] Android Program Path: C:\Program Files (x86)\BlueStacks\HD-Frontend.exe
D [2016-07-19 03:55:11.912] Android Program Parameter: Android
D [2016-07-19 03:55:11.912] Android ADB Path: C:\Program Files\Microvirt\MEmu\adb.exe
D [2016-07-19 03:55:11.912] Android ADB Device: emulator-5554
D [2016-07-19 03:55:11.912] Android ADB Shared Folder: /storage/sdcard/windows/BstSharedFolder/
D [2016-07-19 03:55:11.913] Android ADB Shared Folder on Host: C:\ProgramData\BlueStacks\UserData\SharedFolder\
D [2016-07-19 03:55:11.913] Android ADB Shared SubFolder: mybot.run\
D [2016-07-19 03:55:11.913] Android Mouse Device: BlueStacks Virtual Touch
D [2016-07-19 03:55:11.913] Android ADB screencap command enabled: False
D [2016-07-19 03:55:11.913] Android ADB input command enabled: False
D [2016-07-19 03:55:11.914] Android ADB Mouse Click enabled: False
D [2016-07-19 03:55:11.914] Android ADB Click Drag enabled: False
D [2016-07-19 03:55:11.914] Searching BlueStacks2 Window: Title = 'BlueStacks ', Class = '[CLASS:BlueStacksApp; INSTANCE:1]', Text = '_ctl.Window'
D [2016-07-19 03:55:11.920] BlueStacks2 Window not found
D [2016-07-19 03:55:11.920] InitAndroid(False): BlueStacks2 END, initialization successful = True
D [2016-07-19 03:55:11.920] UpdateAndroidConfig("") END
D [2016-07-19 03:55:11.921] UpdateAndroidConfig("")
D [2016-07-19 03:55:11.921] InitAndroid(False): BlueStacks
D [2016-07-19 03:55:11.921] BlueStacks Engine 'Plus'-Mode: False
D [2016-07-19 03:55:11.922] BlueStacks OEM Features: 2754561
D [2016-07-19 03:55:11.922] BlueStacks System Bar is not available
D [2016-07-19 03:55:11.922] Searching BlueStacks Window: Title = 'BlueStacks App Player', Class = '[CLASS:BlueStacksApp; INSTANCE:1]', Text = '_ctl.Window'
D [2016-07-19 03:55:11.928] BlueStacks Window not found
L [2016-07-19 03:55:11.928] BlueStacks supported version 0.8.x - 0.11.x not found
D [2016-07-19 03:55:11.928] InitAndroid(False): BlueStacks END, initialization successful = False
D [2016-07-19 03:55:11.929] UpdateAndroidConfig("") END
D [2016-07-19 03:55:11.929] UpdateAndroidConfig("MEmu")
D [2016-07-19 03:55:11.929] InitAndroid(False): MEmu
D [2016-07-19 03:55:12.868] Cannot read MEmu guestproperty phone_layout!
D [2016-07-19 03:55:12.868] Searching MEmu Window: Title = 'MEmu 2.', Class = '[CLASS:subWin; INSTANCE:1]', Text = ''
D [2016-07-19 03:55:12.875] MEmu Window not found
D [2016-07-19 03:55:12.875] Android: MEmu
D [2016-07-19 03:55:12.876] Android Config: 0
D [2016-07-19 03:55:12.876] Android Version: 2.5.0
D [2016-07-19 03:55:12.876] Android Instance: MEmu
D [2016-07-19 03:55:12.876] Android Window Title: MEmu 2.
D [2016-07-19 03:55:12.876] Android Program Path: C:\Program Files\Microvirt\MEmu\MEmu.exe
D [2016-07-19 03:55:12.877] Android Program Parameter: MEmu
D [2016-07-19 03:55:12.877] Android ADB Path: C:\Program Files\Microvirt\MEmu\adb.exe
D [2016-07-19 03:55:12.877] Android ADB Device: 127.0.0.1:21503
D [2016-07-19 03:55:12.877] Android ADB Shared Folder: /mnt/shell/emulated/0/Pictures/
D [2016-07-19 03:55:12.877] Android ADB Shared Folder on Host: C:\Users\Amin\Pictures\MEmu Photo\
D [2016-07-19 03:55:12.878] Android ADB Shared SubFolder: mybot.run\
D [2016-07-19 03:55:12.878] Android Mouse Device: Microvirt Virtual Input
D [2016-07-19 03:55:12.878] Android ADB screencap command enabled: True
D [2016-07-19 03:55:12.878] Android ADB input command enabled: False
D [2016-07-19 03:55:12.878] Android ADB Mouse Click enabled: False
D [2016-07-19 03:55:12.879] Android ADB Click Drag enabled: True
D [2016-07-19 03:55:12.879] Searching MEmu Window: Title = 'MEmu 2.', Class = '[CLASS:subWin; INSTANCE:1]', Text = ''
D [2016-07-19 03:55:12.884] MEmu Window not found
D [2016-07-19 03:55:12.884] InitAndroid(False): MEmu END, initialization successful = True
D [2016-07-19 03:55:12.884] UpdateAndroidConfig("MEmu") END
D [2016-07-19 03:55:13.544] Read Building Config C:\Users\Amin\Desktop\MyBot.Run\MOD AIO\MyBot-AIO-2.1.4\Profiles\MyVillage\building.ini
D [2016-07-19 03:55:13.556] Read Config C:\Users\Amin\Desktop\MyBot.Run\MOD AIO\MyBot-AIO-2.1.4\Profiles\MyVillage\config.ini
D [2016-07-19 03:55:13.611] Apply Config
D [2016-07-19 03:55:13.746] UpdateAndroidConfig("MEmu_1")
D [2016-07-19 03:55:13.746] InitAndroid(False): MEmu
D [2016-07-19 03:55:14.681] Cannot read MEmu guestproperty phone_layout!
D [2016-07-19 03:55:14.681] Searching MEmu Window: Title = 'MEmu 2.', Class = '[CLASS:subWin; INSTANCE:1]', Text = ''
D [2016-07-19 03:55:14.688] MEmu Window not found
D [2016-07-19 03:55:14.688] Android: MEmu
D [2016-07-19 03:55:14.688] Android Config: 0
D [2016-07-19 03:55:14.689] Android Version: 2.5.0
D [2016-07-19 03:55:14.689] Android Instance: MEmu_1
D [2016-07-19 03:55:14.689] Android Window Title: MEmu 2.
D [2016-07-19 03:55:14.689] Android Program Path: C:\Program Files\Microvirt\MEmu\MEmu.exe
D [2016-07-19 03:55:14.689] Android Program Parameter: MEmu_1
D [2016-07-19 03:55:14.690] Android ADB Path: C:\Program Files\Microvirt\MEmu\adb.exe
D [2016-07-19 03:55:14.690] Android ADB Device: 127.0.0.1:21513
D [2016-07-19 03:55:14.690] Android ADB Shared Folder: /mnt/shell/emulated/0/Pictures/
D [2016-07-19 03:55:14.690] Android ADB Shared Folder on Host: C:\Users\Amin\Pictures\MEmu Photo\
D [2016-07-19 03:55:14.691] Android ADB Shared SubFolder: mybot.run\
D [2016-07-19 03:55:14.691] Android Mouse Device: Microvirt Virtual Input
D [2016-07-19 03:55:14.691] Android ADB screencap command enabled: True
D [2016-07-19 03:55:14.691] Android ADB input command enabled: False
D [2016-07-19 03:55:14.691] Android ADB Mouse Click enabled: False
D [2016-07-19 03:55:14.692] Android ADB Click Drag enabled: True
D [2016-07-19 03:55:14.692] Searching MEmu Window: Title = 'MEmu 2.', Class = '[CLASS:subWin; INSTANCE:1]', Text = ''
D [2016-07-19 03:55:14.698] MEmu Window not found
D [2016-07-19 03:55:14.698] InitAndroid(False): MEmu END, initialization successful = True
D [2016-07-19 03:55:14.699] UpdateAndroidConfig("MEmu_1") END
D [2016-07-19 03:55:14.730] Redraw MyBot Window
L [2016-07-19 03:55:15.488] Found installed MEmu 2.5.0
L [2016-07-19 03:55:15.491] Android Emulator Configuration: MEmu (instance MEmu_1)
L [2016-07-19 03:55:18.289] WELCOME CHIEF, YOU HAVE THE LATEST VERSION OF THE BOT
L [2016-07-19 03:55:18.292]  
L [2016-07-19 03:55:18.294] Fully working with May update
L [2016-07-19 03:55:18.297] New GUI and lots of new features
L [2016-07-19 03:55:18.299] For more information, go to 
L [2016-07-19 03:55:18.301] https://mybot.run
L [2016-07-19 03:55:18.304] 
L [2016-07-19 03:55:18.307]  Always free and open source.
D [2016-07-19 03:55:19.631] MyBot.run launch time 17538 ms.
L [2016-07-19 03:56:19.415] Closing Merged My Bot v6.1.4 All In One v2.1.4 (MEmu_1) ...
D [2016-07-19 03:56:19.423] Save Config C:\Users\Amin\Desktop\MyBot.Run\MOD AIO\MyBot-AIO-2.1.4\Profiles\MyVillage\config.ini
D [2016-07-19 03:56:19.878] Save Building Config C:\Users\Amin\Desktop\MyBot.Run\MOD AIO\MyBot-AIO-2.1.4\Profiles\MyVillage\building.ini
