D [2016-07-19 02:22:55.747] Save Config C:\Users\Amin\Desktop\MyBot.Run\MOD AIO\MyBot-AIO-2.1.4\Profiles\MyVillage\config.ini
D [2016-07-19 02:22:56.193] Save Building Config C:\Users\Amin\Desktop\MyBot.Run\MOD AIO\MyBot-AIO-2.1.4\Profiles\MyVillage\building.ini
D [2016-07-19 02:22:56.437] Read Building Config C:\Users\Amin\Desktop\MyBot.Run\MOD AIO\MyBot-AIO-2.1.4\Profiles\MyVillage\building.ini
D [2016-07-19 02:22:56.448] Read Config C:\Users\Amin\Desktop\MyBot.Run\MOD AIO\MyBot-AIO-2.1.4\Profiles\MyVillage\config.ini
D [2016-07-19 02:22:56.504] Apply Config
D [2016-07-19 02:22:56.607] Disable GUI Controls
D [2016-07-19 02:22:57.227] Redraw MyBot Window
D [2016-07-19 02:22:57.261] btnStart: Current Android Window Handle: 0x00071E1E
D [2016-07-19 02:22:57.261] InitiateLayout: MEmu 2.5.0 - MEmu_1 Android-ClientSize: 860 x 768
L [2016-07-19 02:22:57.656] ADB script file created: C:\Users\Amin\Pictures\MEmu Photo\mybot.run\shell.init.script.sh
D [2016-07-19 02:22:57.734] ADB shell launched, PID = 3016: root@android:/ # PS1=mybot.run:Android Steady Shell PID=2145
/system/xbin/renice -20 2145
/system/xbin/renice -20 1852
D [2016-07-19 02:22:58.241] MEmu getevent -p: add device 1: /dev/input/event7
  name:     "Microvirt Virtual Input"
  events:
    KEY (0001): 0001  0002  0003  0004  0005  0006  0007  0008 
                0009  000a  000b  000c  000d  000e  000f  0010 
                0011  0012  0013  0014  0015  0016  0017  0018 
                0019  001a  001b  001c  001d  001e  001f  0020 
                0021  0022  0023  0024  0025  0026  0027  0028 
                0029  002a  002b  002c  002d  002e  002f  0030 
                0031  0032  0033  0034  0035  0036  0037  0038 
                0039  003a  003b  003c  003d  003e  003f  0040 
                0041  0042  0043  0044  0045  0046  0047  0048 
                0049  004a  004b  004c  004d  004e  004f  0050 
                0051  0052  0053  0054  0055  0056  0057  0058 
                0059  005a  005b  005c  005d  005e  005f  0060 
                0061  0062  0063  0064  0065  0066  0067  0068 
                0069  006a  006b  006c  006d  006e  006f  0070 
                0071  0072  0073  0074  0075  0076  0077  0078 
                0079  007a  007b  007c  007d  007e  007f  0080 
                0081  0082  0083  0084  0085  0086  0087  0088 
                0089  008a  008b  008c  008d  008e  008f  0090 
                0091  0092  0093  0094  0095  0096  0097  0098 
                0099  009a  009b  009c  009d  009e  009f  00a0 
                00a1  00a2  00a3  00a4  00a5  00a6  00a7  00a8 
                00a9  00aa  00ab  00ac  00ad  00ae  00af  00b0 
                00b1  00b2  00b3  00b4  00b5  00b6  00b7  00b8 
                00b9  00ba  00bb  00bc  00bd  00be  00bf  00c0 
                00c1  00c2  00c3  00c4  00c5  00c6  00c7  00c8 
                00c9  00ca  00cb  00cc  00cd  00ce  00cf  00d0 
                00d1  00d2  00d3  00d4  00d5  00d6  00d7  00d8 
                00d9  00da  00db  00dc  00dd  00de  00df  00e0 
                00e1  00e2  00e3  00e4  00e5  00e6  00e7  00e8 
                00e9  00ea  00eb  00ec  00ed  00ee  00ef  00f0 
                00f1  00f2  00f3  00f4  00f5  00f6  00f7  00f8 
                00f9  00fa  00fb  00fc  00fd  00fe  00ff  0110 
                0145  014a 
    REL (0002): 0006  0008 
    ABS (0003): 0035  : value 0, min 0, max 860, fuzz 0, flat 0, resolution 0
                0036  : value 0, min 0, max 768, fuzz 0, flat 0, resolution 0
                003a  : value 0, min 0, max 0, fuzz 0, flat 0, resolution 0
  input props:
    <none>
could not get driver version for /dev/input/mouse3, Not a typewriter
add device 2: /dev/input/event6
  name:     "microvirt via VirtualBox PS/2 mouse"
  events:
    KEY (0001): 0110  0111  0112  0113  0114 
    REL (0002): 0000  0001  0006  0008 
  input props:
    <none>
could not get driver version for /dev/input/mouse2, Not a typewriter
add device 3: /dev/input/event5
  name:     "MemuHyperv mouse integration"
  events:
    KEY (0001): 0110 
    ABS (0003): 0000  : value 0, min 0, max 65535, fuzz 0, flat 0, resolution 0
                0001  : value 0, min 0, max 65535, fuzz 0, flat 0, resolution 0
  input props:
    <none>
add device 4: /dev/input/event1
  name:     "Sleep Button"
  events:
    KEY (0001): 008e 
  input props:
    <none>
add device 5: /dev/input/event0
  name:     "Power Button"
  events:
    KEY (0001): 0074 
  input props:
    <none>
could not get driver version for /dev/input/mouse0, Not a typewriter
add device 6: /dev/input/event3
  name:     "ImExPS/2 Generic Explorer Mouse"
  events:
    KEY (0001): 0110  0111  0112  0113  0114 
    REL (0002): 0000  0001  0006  0008 
  input props:
    <none>
add device 7: /dev/input/event2
  name:     "AT Translated Set 2 keyboard"
  events:
    KEY (0001): 0001  0002  0003  0004  0005  0006  0007  0008 
                0009  000a  000b  000c  000d  000e  000f  0010 
                0011  0012  0013  0014  0015  0016  0017  0018 
                0019  001a  001b  001c  001d  001e  001f  0020 
                0021  0022  0023  0024  0025  0026  0027  0028 
                0029  002a  002b  002c  002d  002e  002f  0030 
                0031  0032  0033  0034  0035  0036  0037  0038 
                0039  003a  003b  003c  003d  003e  003f  0040 
                0041  0042  0043  0044  0045  0046  0047  0048 
                0049  004a  004b  004c  004d  004e  004f  0050 
                0051  0052  0053  0055  0056  0057  0058  0059 
                005a  005b  005c  005d  005e  005f  0060  0061 
                0062  0063  0064  0066  0067  0068  0069  006a 
                006b  006c  006d  006e  006f  0070  0071  0072 
                0073  0074  0075  0076  0077  0079  007a  007b 
                007c  007d  007e  007f  0080  008c  008e  008f 
                009b  009c  009d  009e  009f  00a3  00a4  00a5 
                00a6  00ac  00ad  00b7  00b8  00b9  00d9  00e2 
    MSC (0004): 0004 
    LED (0011): 0000  0001  0002 
  input props:
    <none>
could not get driver version for /dev/input/mice, Not a typewriter
could not get driver version for /dev/input/mouse1, Not a typewriter
add device 8: /dev/input/event4
  name:     "MemuHyperv USB Tablet"
  events:
    KEY (0001): 0110  0111  0112  0113  0114 
    REL (0002): 0006  0008 
    ABS (0003): 0000  : value 0, min 0, max 32767, fuzz 0, flat 0, resolution 0
                0001  : value 0, min 0, max 32767, fuzz 0, flat 0, resolution 0
    MSC (0004): 0004 
  input props:
    <none>
D [2016-07-19 02:22:58.242] Using /dev/input/event7 for mouse events
D [2016-07-19 02:22:58.242] CheckScreenAndroid: Window size 911 x 804
D [2016-07-19 02:22:58.606] MEmu font_scale = 1
L [2016-07-19 02:23:00.320]  Merged My Bot v6.1.4 All In One v2.1.4 (MEmu_1) Powered by MyBot.run 
L [2016-07-19 02:23:00.322] MyBot.run.au3 Script running on WIN_10  X64
L [2016-07-19 02:23:00.325] =================== Bot Start ====================
L [2016-07-19 02:23:00.329] ----------------------  Current Profile: MyVillage ----------------------
L [2016-07-19 02:23:00.331] Trying to locate Main Screen
L [2016-07-19 02:23:00.462] Main Screen Located
L [2016-07-19 02:23:01.518] Detecting your Buildings..
L [2016-07-19 02:23:02.194] Townhall: (752,320)
L [2016-07-19 02:23:05.592] Your Town Hall Level read as: 9
L [2016-07-19 02:23:07.122] Detecting your Village Theme
L [2016-07-19 02:23:07.382] Normal Theme detected
L [2016-07-19 02:23:08.545] Locating Clan Castle...
L [2016-07-19 02:23:12.080] Clan Castle: (536,439)
L [2016-07-19 02:23:15.320] Your Clan Castle is at level: 4
D [2016-07-19 02:23:15.409] Save Config C:\Users\Amin\Desktop\MyBot.Run\MOD AIO\MyBot-AIO-2.1.4\Profiles\MyVillage\config.ini
D [2016-07-19 02:23:15.868] Save Building Config C:\Users\Amin\Desktop\MyBot.Run\MOD AIO\MyBot-AIO-2.1.4\Profiles\MyVillage\building.ini
L [2016-07-19 02:23:16.164] Language setting is English: Correct.
L [2016-07-19 02:23:17.240] Trying to locate Main Screen
L [2016-07-19 02:23:17.333] Main Screen Located
L [2016-07-19 02:23:18.998] Village Report
L [2016-07-19 02:23:19.101] No. of Free/Total Builders: 4/4
L [2016-07-19 02:23:19.115]  [T]: 873
L [2016-07-19 02:23:19.182]  [G]: 1 549 945 [E]: 1 387 339 [D]: 6 523 [GEM]: 133
L [2016-07-19 02:23:19.202] Start Clan Hopping
L [2016-07-19 02:23:19.881] Training Troops & Spells
L [2016-07-19 02:23:21.903] Total Army Camp capacity: 200/200 (100%)
L [2016-07-19 02:23:23.770]  - No. of Barbarians: 110
L [2016-07-19 02:23:23.876]  - No. of Archers: 90
L [2016-07-19 02:23:24.011]  - Barbarian King available
L [2016-07-19 02:23:24.397] Barracks and Spell factory status: 
L [2016-07-19 02:23:24.401] - Barracks detected: 4 | Available: 4 | Upgrading: 0
L [2016-07-19 02:23:24.404] - Dark Barracks detected: 2 | Available: 2 | Upgrading: 0
L [2016-07-19 02:23:24.406] - Spell factory detected: 1 | Available: 1 | Upgrading: 0
L [2016-07-19 02:23:24.409] - Dark Spell factory detected: 1 | Available: 1 | Upgrading: 0
L [2016-07-19 02:23:25.488] Your Army Camps are now Full
L [2016-07-19 02:23:25.491] Calculating Troops before Training new Army.
L [2016-07-19 02:23:47.328] ADB script file created: C:\Users\Amin\Pictures\MEmu Photo\mybot.run\clickdrag.getevent.dev.input.event7.500.650.500.316.sh
L [2016-07-19 02:23:50.569] ... Clan found !
L [2016-07-19 02:23:50.587] Entering clan
L [2016-07-19 02:23:53.637] Time to donate troops
L [2016-07-19 02:23:53.730] Checking for Donate Requests in Clan Chat
L [2016-07-19 02:23:56.386] -----------End Donate-----------
L [2016-07-19 02:23:57.164] Check if I missed some requests
L [2016-07-19 02:23:57.246] Checking for Donate Requests in Clan Chat
L [2016-07-19 02:23:59.567] Chat Troops: 25/30, Spells: 1/1
L [2016-07-19 02:23:59.570] Clan Castle spells are full, skip spell donation...
L [2016-07-19 02:23:59.759] Clan Castle troops are full Or No existing images to compare
L [2016-07-19 02:24:00.719] Donating 5 Barbarians (to all requests)
L [2016-07-19 02:24:01.035] DonateStats: Adding new clan member with: 5 Barbarians
L [2016-07-19 02:24:01.046] DonateStats: Updated for 2016-07-19__02.23.59.bmp with 5 Barbarians
L [2016-07-19 02:24:01.051] Totals Donation Updated: 5 Troops Or Spell
L [2016-07-19 02:24:03.252] Chat Troops: 0/35, Spells: 1/1
L [2016-07-19 02:24:03.256] Clan Castle spells are full, skip spell donation...
L [2016-07-19 02:24:04.059] Donating 5 Barbarians (to all requests)
L [2016-07-19 02:24:04.376] DonateStats: Adding new clan member with: 5 Barbarians
L [2016-07-19 02:24:04.388] DonateStats: Updated for 2016-07-19__02.24.03.bmp with 5 Barbarians
L [2016-07-19 02:24:04.392] Totals Donation Updated: 10 Troops Or Spell
L [2016-07-19 02:24:05.980] -----------End Donate-----------
L [2016-07-19 02:24:06.758] Checking If There Is More Request
L [2016-07-19 02:24:06.947] Checking for Donate Requests in Clan Chat
L [2016-07-19 02:24:09.246] -----------End Donate-----------
L [2016-07-19 02:24:10.343] Village Report
L [2016-07-19 02:24:10.399] No. of Free/Total Builders: 4/4
L [2016-07-19 02:24:10.413]  [T]: 873
L [2016-07-19 02:24:10.478]  [G]: 1 549 945 [E]: 1 363 489 [D]: 6 523 [GEM]: 133
L [2016-07-19 02:24:12.918] Leaving clan
D [2016-07-19 02:24:15.380] AdbScreencap: 93/60/47 ms (all/10/1),41,0,l=221,t=59,w=2,h=2, Merged My Bot v6.1.4 All In One v2.1.4 (MEmu_1).rgba: w=860,h=768,f=1
L [2016-07-19 02:24:16.665] Searching for a new clan
L [2016-07-19 02:24:22.745] ... Clan found !
L [2016-07-19 02:24:22.764] Entering clan
L [2016-07-19 02:24:25.813] Time to donate troops
L [2016-07-19 02:24:25.875] Checking for Donate Requests in Clan Chat
L [2016-07-19 02:24:34.654] Chat Troops: 25/25, Spells: 0/1
L [2016-07-19 02:24:34.658] Clan Castle troops are full, skip troop donation...
L [2016-07-19 02:24:36.975] Chat Troops: 25/25, Spells: 0/1
L [2016-07-19 02:24:36.979] Clan Castle troops are full, skip troop donation...
L [2016-07-19 02:24:39.346] Chat Troops: 25/25, Spells: 0/1
L [2016-07-19 02:24:39.350] Clan Castle troops are full, skip troop donation...
L [2016-07-19 02:24:41.768] Chat Troops: 7/10
L [2016-07-19 02:24:42.891] Donating 3 Barbarians (to all requests)
L [2016-07-19 02:24:43.082] DonateStats: Adding new clan member with: 3 Barbarians
L [2016-07-19 02:24:43.094] DonateStats: Updated for 2016-07-19__02.24.41.bmp with 3 Barbarians
L [2016-07-19 02:24:43.099] Totals Donation Updated: 13 Troops Or Spell
L [2016-07-19 02:24:45.193] Chat Troops: 5/10
L [2016-07-19 02:24:46.112] Donating 5 Barbarians (to all requests)
L [2016-07-19 02:24:46.428] DonateStats: Adding new clan member with: 5 Barbarians
L [2016-07-19 02:24:46.441] DonateStats: Updated for 2016-07-19__02.24.45.bmp with 5 Barbarians
L [2016-07-19 02:24:46.446] Totals Donation Updated: 18 Troops Or Spell
L [2016-07-19 02:24:48.770] Chat Troops: 10/15
L [2016-07-19 02:24:49.637] Donating 5 Barbarians (to all requests)
L [2016-07-19 02:24:49.950] DonateStats: Adding new clan member with: 5 Barbarians
L [2016-07-19 02:24:49.966] DonateStats: Updated for 2016-07-19__02.24.48.bmp with 5 Barbarians
L [2016-07-19 02:24:49.971] Totals Donation Updated: 23 Troops Or Spell
L [2016-07-19 02:24:52.317] Chat Troops: 13/15
L [2016-07-19 02:24:53.246] Donating 2 Barbarians (to all requests)
L [2016-07-19 02:24:53.392] DonateStats: Adding new clan member with: 2 Barbarians
L [2016-07-19 02:24:53.410] DonateStats: Updated for 2016-07-19__02.24.52.bmp with 2 Barbarians
L [2016-07-19 02:24:53.414] Totals Donation Updated: 25 Troops Or Spell
L [2016-07-19 02:24:55.506] Chat Troops: 10/15
L [2016-07-19 02:24:56.423] Donating 5 Barbarians (to all requests)
L [2016-07-19 02:24:56.739] DonateStats: Adding new clan member with: 5 Barbarians
L [2016-07-19 02:24:56.759] DonateStats: Updated for 2016-07-19__02.24.55.bmp with 5 Barbarians
L [2016-07-19 02:24:56.763] Totals Donation Updated: 30 Troops Or Spell
L [2016-07-19 02:24:58.991] Chat Troops: 25/25, Spells: 0/1
L [2016-07-19 02:24:58.994] Clan Castle troops are full, skip troop donation...
D [2016-07-19 02:25:01.014] AdbScreencap: 80/54/47 ms (all/10/1),41,0,l=180,t=186,w=118,h=24, Merged My Bot v6.1.4 All In One v2.1.4 (MEmu_1).rgba: w=860,h=768,f=1
L [2016-07-19 02:25:01.449] Chat Troops: 0/15
L [2016-07-19 02:25:02.318] Donating 5 Barbarians (to all requests)
L [2016-07-19 02:25:02.764] DonateStats: Adding new clan member with: 5 Barbarians
L [2016-07-19 02:25:02.785] DonateStats: Updated for 2016-07-19__02.25.01.bmp with 5 Barbarians
L [2016-07-19 02:25:02.790] Totals Donation Updated: 35 Troops Or Spell
L [2016-07-19 02:25:04.745] Chat Troops: 0/10
L [2016-07-19 02:25:05.632] Donating 5 Barbarians (to all requests)
L [2016-07-19 02:25:05.947] DonateStats: Adding new clan member with: 5 Barbarians
L [2016-07-19 02:25:05.969] DonateStats: Updated for 2016-07-19__02.25.04.bmp with 5 Barbarians
L [2016-07-19 02:25:05.974] Totals Donation Updated: 40 Troops Or Spell
L [2016-07-19 02:25:07.980] Chat Troops: 0/20
L [2016-07-19 02:25:08.885] Donating 5 Barbarians (to all requests)
L [2016-07-19 02:25:09.200] DonateStats: Adding new clan member with: 5 Barbarians
L [2016-07-19 02:25:09.224] DonateStats: Updated for 2016-07-19__02.25.08.bmp with 5 Barbarians
L [2016-07-19 02:25:09.228] Totals Donation Updated: 45 Troops Or Spell
L [2016-07-19 02:25:11.356] Chat Troops: 0/15
L [2016-07-19 02:25:12.347] Donating 5 Barbarians (to all requests)
L [2016-07-19 02:25:12.663] DonateStats: Adding new clan member with: 5 Barbarians
L [2016-07-19 02:25:12.696] DonateStats: Updated for 2016-07-19__02.25.11.bmp with 5 Barbarians
L [2016-07-19 02:25:12.700] Totals Donation Updated: 50 Troops Or Spell
L [2016-07-19 02:25:14.706] Chat Troops: 0/10
L [2016-07-19 02:25:16.050] Donating 5 Barbarians (to all requests)
L [2016-07-19 02:25:16.364] DonateStats: Adding new clan member with: 5 Barbarians
L [2016-07-19 02:25:16.392] DonateStats: Updated for 2016-07-19__02.25.14.bmp with 5 Barbarians
L [2016-07-19 02:25:16.396] Totals Donation Updated: 55 Troops Or Spell
L [2016-07-19 02:25:18.452] Chat Troops: 4/10
L [2016-07-19 02:25:19.254] Donating 5 Barbarians (to all requests)
L [2016-07-19 02:25:19.573] DonateStats: updated for 2016-07-19__02.24.45.bmp with 5 Barbarians
L [2016-07-19 02:25:19.577] Totals Donation Updated: 60 Troops Or Spell
L [2016-07-19 02:25:21.599] Chat Troops: 0/15
L [2016-07-19 02:25:22.613] Donating 5 Barbarians (to all requests)
L [2016-07-19 02:25:22.930] DonateStats: Adding new clan member with: 5 Barbarians
L [2016-07-19 02:25:22.957] DonateStats: Updated for 2016-07-19__02.25.21.bmp with 5 Barbarians
L [2016-07-19 02:25:22.962] Totals Donation Updated: 65 Troops Or Spell
L [2016-07-19 02:25:24.964] Chat Troops: 0/15
L [2016-07-19 02:25:26.018] Donating 5 Barbarians (to all requests)
L [2016-07-19 02:25:26.335] DonateStats: Adding new clan member with: 5 Barbarians
L [2016-07-19 02:25:26.362] DonateStats: Updated for 2016-07-19__02.25.25.bmp with 5 Barbarians
L [2016-07-19 02:25:26.367] Totals Donation Updated: 70 Troops Or Spell
L [2016-07-19 02:25:28.495] Chat Troops: 0/10
L [2016-07-19 02:25:29.595] Donating 5 Barbarians (to all requests)
L [2016-07-19 02:25:29.913] DonateStats: Adding new clan member with: 5 Barbarians
L [2016-07-19 02:25:29.945] DonateStats: Updated for 2016-07-19__02.25.28.bmp with 5 Barbarians
L [2016-07-19 02:25:29.949] Totals Donation Updated: 75 Troops Or Spell
L [2016-07-19 02:25:32.092] Chat Troops: 0/15
L [2016-07-19 02:25:33.242] Donating 5 Barbarians (to all requests)
L [2016-07-19 02:25:33.560] DonateStats: Adding new clan member with: 5 Barbarians
L [2016-07-19 02:25:33.595] DonateStats: Updated for 2016-07-19__02.25.32.bmp with 5 Barbarians
L [2016-07-19 02:25:33.600] Totals Donation Updated: 80 Troops Or Spell
D [2016-07-19 02:25:34.452] AdbScreencap: 73/72/100 ms (all/10/1),95,0,l=293,t=657,w=2,h=6, Merged My Bot v6.1.4 All In One v2.1.4 (MEmu_1).rgba: w=860,h=768,f=1
L [2016-07-19 02:25:34.933] -----------End Donate-----------
L [2016-07-19 02:25:35.710] Check if I missed some requests
L [2016-07-19 02:25:35.794] Checking for Donate Requests in Clan Chat
L [2016-07-19 02:25:39.522] Chat Troops: 25/25, Spells: 0/1
L [2016-07-19 02:25:39.526] Clan Castle troops are full, skip troop donation...
L [2016-07-19 02:25:41.955] Chat Troops: 25/25, Spells: 0/1
L [2016-07-19 02:25:41.958] Clan Castle troops are full, skip troop donation...
L [2016-07-19 02:25:44.250] Chat Troops: 25/25, Spells: 0/1
L [2016-07-19 02:25:44.253] Clan Castle troops are full, skip troop donation...
L [2016-07-19 02:25:46.571] Chat Troops: 5/10
L [2016-07-19 02:25:47.680] Donating 5 Barbarians (to all requests)
L [2016-07-19 02:25:47.992] DonateStats: Adding new clan member with: 5 Barbarians
L [2016-07-19 02:25:48.028] DonateStats: Updated for 2016-07-19__02.25.46.bmp with 5 Barbarians
L [2016-07-19 02:25:48.031] Totals Donation Updated: 85 Troops Or Spell
L [2016-07-19 02:25:50.048] Chat Troops: 25/25, Spells: 0/1
L [2016-07-19 02:25:50.052] Clan Castle troops are full, skip troop donation...
L [2016-07-19 02:25:51.584] -----------End Donate-----------
L [2016-07-19 02:25:52.364] Checking If There Is More Request
L [2016-07-19 02:25:52.427] Checking for Donate Requests in Clan Chat
L [2016-07-19 02:25:55.470] Chat Troops: 25/25, Spells: 0/1
L [2016-07-19 02:25:55.474] Clan Castle troops are full, skip troop donation...
L [2016-07-19 02:25:57.864] Chat Troops: 25/25, Spells: 0/1
L [2016-07-19 02:25:57.869] Clan Castle troops are full, skip troop donation...
L [2016-07-19 02:26:00.340] Chat Troops: 25/25, Spells: 0/1
L [2016-07-19 02:26:00.344] Clan Castle troops are full, skip troop donation...
L [2016-07-19 02:26:02.673] Chat Troops: 25/25, Spells: 0/1
L [2016-07-19 02:26:02.676] Clan Castle troops are full, skip troop donation...
L [2016-07-19 02:26:04.146] -----------End Donate-----------
L [2016-07-19 02:26:05.262] Village Report
L [2016-07-19 02:26:05.317] No. of Free/Total Builders: 4/4
L [2016-07-19 02:26:05.329]  [T]: 873
L [2016-07-19 02:26:05.393]  [G]: 1 549 945 [E]: 1 365 739 [D]: 6 523 [GEM]: 133
D [2016-07-19 02:26:05.690] Enable GUI Controls
L [2016-07-19 02:26:06.359] ==================== Bot Stop ====================
D [2016-07-19 02:26:06.363] Redraw MyBot Window
