D [2016-07-20 06:03:23.792] @AutoItExe: C:\Users\Amin\Desktop\MyBot.Run\MOD AIO\MyBot-AIO-2.1.5\MyBot.run.exe
D [2016-07-20 06:03:23.792] @ScriptFullPath: C:\Users\Amin\Desktop\MyBot.Run\MOD AIO\MyBot-AIO-2.1.5\MyBot.run.exe
D [2016-07-20 06:03:23.793] @WorkingDir: C:\Users\Amin\Desktop\MyBot.Run\MOD AIO\MyBot-AIO-2.1.5
D [2016-07-20 06:03:23.793] @AutoItPID: 8572
D [2016-07-20 06:03:23.816] DetectRunningAndroid()
D [2016-07-20 06:03:23.816] UpdateAndroidConfig("MEmu")
D [2016-07-20 06:03:23.816] InitAndroid(False): MEmu
D [2016-07-20 06:03:24.955] Cannot read MEmu guestproperty phone_layout!
D [2016-07-20 06:03:24.957] Searching MEmu Window: Title = 'MEmu 2.', Class = '[CLASS:subWin; INSTANCE:1]', Text = ''
D [2016-07-20 06:03:24.958] MEmu Window not found
D [2016-07-20 06:03:24.958] Android: MEmu
D [2016-07-20 06:03:24.959] Android Config: 0
D [2016-07-20 06:03:24.959] Android Version: 2.5.0
D [2016-07-20 06:03:24.959] Android Instance: MEmu
D [2016-07-20 06:03:24.959] Android Window Title: MEmu 2.
D [2016-07-20 06:03:24.959] Android Program Path: C:\Program Files\Microvirt\MEmu\MEmu.exe
D [2016-07-20 06:03:24.959] Android Program Parameter: MEmu
D [2016-07-20 06:03:24.960] Android ADB Path: C:\Program Files\Microvirt\MEmu\adb.exe
D [2016-07-20 06:03:24.960] Android ADB Device: 127.0.0.1:21503
D [2016-07-20 06:03:24.960] Android ADB Shared Folder: /mnt/shell/emulated/0/Pictures/
D [2016-07-20 06:03:24.960] Android ADB Shared Folder on Host: C:\Users\Amin\Pictures\MEmu Photo\
D [2016-07-20 06:03:24.961] Android ADB Shared SubFolder: mybot.run\
D [2016-07-20 06:03:24.961] Android Mouse Device: Microvirt Virtual Input
D [2016-07-20 06:03:24.961] Android ADB screencap command enabled: True
D [2016-07-20 06:03:24.961] Android ADB input command enabled: False
D [2016-07-20 06:03:24.961] Android ADB Mouse Click enabled: False
D [2016-07-20 06:03:24.961] Android ADB Click Drag enabled: True
D [2016-07-20 06:03:24.962] Searching MEmu Window: Title = 'MEmu 2.', Class = '[CLASS:subWin; INSTANCE:1]', Text = ''
D [2016-07-20 06:03:24.963] MEmu Window not found
D [2016-07-20 06:03:24.963] InitAndroid(False): MEmu END, initialization successful = True
D [2016-07-20 06:03:24.963] UpdateAndroidConfig("MEmu") END
D [2016-07-20 06:03:24.964] GetAndroidRunningInstance: Try to find "C:\Program Files\Microvirt\MEmu\MEmu.exe"
D [2016-07-20 06:03:24.972] ObjGet("winmgmts:\\.\root\cimv2")
D [2016-07-20 06:03:24.972] WMI Query: Select * from Win32_Process where ExecutablePath like "%C:\\Program Files\\Microvirt\\MEmu\\MEmu.exe%"
D [2016-07-20 06:03:25.011] Process by CommandLine not found: C:\Program Files\Microvirt\MEmu\MEmu.exe
D [2016-07-20 06:03:25.011] UpdateAndroidConfig("droid4x")
D [2016-07-20 06:03:25.011] InitAndroid(False): Droid4X
L [2016-07-20 06:03:25.012] Serious error has occurred: Cannot find Droid4X:
L [2016-07-20 06:03:25.012] C:\Program Files (x86)\Droid4X\Droid4X.exe
D [2016-07-20 06:03:25.012] InitAndroid(False): Droid4X END, initialization successful = False
D [2016-07-20 06:03:25.012] UpdateAndroidConfig("droid4x") END
D [2016-07-20 06:03:25.013] UpdateAndroidConfig("nox")
D [2016-07-20 06:03:25.013] InitAndroid(False): Nox
D [2016-07-20 06:03:25.783] Android: Nox
D [2016-07-20 06:03:25.783] Android Config: 2
D [2016-07-20 06:03:25.784] Android Version: 3.1.0.0
D [2016-07-20 06:03:25.784] Android Instance: nox
D [2016-07-20 06:03:25.784] Android Window Title: No
D [2016-07-20 06:03:25.784] Android Program Path: C:\Users\Amin\AppData\Roaming\Nox\bin\Nox.exe
D [2016-07-20 06:03:25.784] Android Program Parameter: -resolution:860x732 -dpi:160 "-clone:nox"
D [2016-07-20 06:03:25.784] Android ADB Path: C:\Program Files\Microvirt\MEmu\adb.exe
D [2016-07-20 06:03:25.785] Android ADB Device: 127.0.0.1:62001
D [2016-07-20 06:03:25.785] Android ADB Shared Folder: /mnt/shared/Other/
D [2016-07-20 06:03:25.785] Android ADB Shared Folder on Host: C:\Users\Amin\Documents\Nox_share\Other\
D [2016-07-20 06:03:25.785] Android ADB Shared SubFolder: mybot.run\
D [2016-07-20 06:03:25.786] Android Mouse Device: nox Virtual Input
D [2016-07-20 06:03:25.786] Android ADB screencap command enabled: True
D [2016-07-20 06:03:25.786] Android ADB input command enabled: False
D [2016-07-20 06:03:25.786] Android ADB Mouse Click enabled: False
D [2016-07-20 06:03:25.786] Android ADB Click Drag enabled: True
D [2016-07-20 06:03:25.786] Searching Nox Window: Title = 'No', Class = '[CLASS:Qt5QWindowIcon;INSTANCE:4]', Text = ''
D [2016-07-20 06:03:25.789] Nox Window not found
D [2016-07-20 06:03:25.789] InitAndroid(False): Nox END, initialization successful = True
D [2016-07-20 06:03:25.789] UpdateAndroidConfig("nox") END
D [2016-07-20 06:03:25.789] GetAndroidRunningInstance: Try to find "C:\Users\Amin\AppData\Roaming\Nox\bin\Nox.exe"
D [2016-07-20 06:03:25.791] ObjGet("winmgmts:\\.\root\cimv2")
D [2016-07-20 06:03:25.791] WMI Query: Select * from Win32_Process where ExecutablePath like "%C:\\Users\\Amin\\AppData\\Roaming\\Nox\\bin\\Nox.exe%"
D [2016-07-20 06:03:25.828] No process found by CommandLine: C:\Users\Amin\AppData\Roaming\Nox\bin\Nox.exe
D [2016-07-20 06:03:25.829] UpdateAndroidConfig("")
D [2016-07-20 06:03:25.829] InitAndroid(False): BlueStacks2
D [2016-07-20 06:03:25.830] BlueStacks2 Engine 'Plus'-Mode: False
D [2016-07-20 06:03:25.830] BlueStacks2 OEM Features: 2754561
D [2016-07-20 06:03:25.830] BlueStacks2 System Bar is not available
D [2016-07-20 06:03:25.830] Searching BlueStacks2 Window: Title = 'BlueStacks ', Class = '[CLASS:BlueStacksApp; INSTANCE:1]', Text = '_ctl.Window'
D [2016-07-20 06:03:25.831] BlueStacks2 Window not found
D [2016-07-20 06:03:25.832] Android: BlueStacks2
D [2016-07-20 06:03:25.832] Android Config: 3
D [2016-07-20 06:03:25.832] Android Version: 2.0.2.5623
D [2016-07-20 06:03:25.832] Android Instance: 
D [2016-07-20 06:03:25.832] Android Window Title: BlueStacks 
D [2016-07-20 06:03:25.833] Android Program Path: C:\Program Files (x86)\BlueStacks\HD-Frontend.exe
D [2016-07-20 06:03:25.833] Android Program Parameter: Android
D [2016-07-20 06:03:25.833] Android ADB Path: C:\Program Files\Microvirt\MEmu\adb.exe
D [2016-07-20 06:03:25.833] Android ADB Device: emulator-5554
D [2016-07-20 06:03:25.833] Android ADB Shared Folder: /storage/sdcard/windows/BstSharedFolder/
D [2016-07-20 06:03:25.834] Android ADB Shared Folder on Host: C:\ProgramData\BlueStacks\UserData\SharedFolder\
D [2016-07-20 06:03:25.834] Android ADB Shared SubFolder: mybot.run\
D [2016-07-20 06:03:25.834] Android Mouse Device: BlueStacks Virtual Touch
D [2016-07-20 06:03:25.834] Android ADB screencap command enabled: False
D [2016-07-20 06:03:25.834] Android ADB input command enabled: False
D [2016-07-20 06:03:25.835] Android ADB Mouse Click enabled: False
D [2016-07-20 06:03:25.836] Android ADB Click Drag enabled: False
D [2016-07-20 06:03:25.836] Searching BlueStacks2 Window: Title = 'BlueStacks ', Class = '[CLASS:BlueStacksApp; INSTANCE:1]', Text = '_ctl.Window'
D [2016-07-20 06:03:25.837] BlueStacks2 Window not found
D [2016-07-20 06:03:25.838] InitAndroid(False): BlueStacks2 END, initialization successful = True
D [2016-07-20 06:03:25.838] UpdateAndroidConfig("") END
D [2016-07-20 06:03:25.838] Searching BlueStacks2 Window: Title = 'BlueStacks ', Class = '[CLASS:BlueStacksApp; INSTANCE:1]', Text = '_ctl.Window'
D [2016-07-20 06:03:25.839] BlueStacks2 Window not found
D [2016-07-20 06:03:25.839] UpdateAndroidConfig("")
D [2016-07-20 06:03:25.840] InitAndroid(False): BlueStacks
D [2016-07-20 06:03:25.840] BlueStacks Engine 'Plus'-Mode: False
D [2016-07-20 06:03:25.840] BlueStacks OEM Features: 2754561
D [2016-07-20 06:03:25.840] BlueStacks System Bar is not available
D [2016-07-20 06:03:25.841] Searching BlueStacks Window: Title = 'BlueStacks App Player', Class = '[CLASS:BlueStacksApp; INSTANCE:1]', Text = '_ctl.Window'
D [2016-07-20 06:03:25.842] BlueStacks Window not found
L [2016-07-20 06:03:25.842] BlueStacks supported version 0.8.x - 0.11.x not found
D [2016-07-20 06:03:25.842] InitAndroid(False): BlueStacks END, initialization successful = False
D [2016-07-20 06:03:25.842] UpdateAndroidConfig("") END
D [2016-07-20 06:03:25.843] UpdateAndroidConfig("MEmu")
D [2016-07-20 06:03:25.843] InitAndroid(False): MEmu
D [2016-07-20 06:03:26.781] Cannot read MEmu guestproperty phone_layout!
D [2016-07-20 06:03:26.781] Searching MEmu Window: Title = 'MEmu 2.', Class = '[CLASS:subWin; INSTANCE:1]', Text = ''
D [2016-07-20 06:03:26.782] MEmu Window not found
D [2016-07-20 06:03:26.783] Android: MEmu
D [2016-07-20 06:03:26.783] Android Config: 0
D [2016-07-20 06:03:26.783] Android Version: 2.5.0
D [2016-07-20 06:03:26.783] Android Instance: MEmu
D [2016-07-20 06:03:26.783] Android Window Title: MEmu 2.
D [2016-07-20 06:03:26.784] Android Program Path: C:\Program Files\Microvirt\MEmu\MEmu.exe
D [2016-07-20 06:03:26.784] Android Program Parameter: MEmu
D [2016-07-20 06:03:26.784] Android ADB Path: C:\Program Files\Microvirt\MEmu\adb.exe
D [2016-07-20 06:03:26.784] Android ADB Device: 127.0.0.1:21503
D [2016-07-20 06:03:26.784] Android ADB Shared Folder: /mnt/shell/emulated/0/Pictures/
D [2016-07-20 06:03:26.785] Android ADB Shared Folder on Host: C:\Users\Amin\Pictures\MEmu Photo\
D [2016-07-20 06:03:26.785] Android ADB Shared SubFolder: mybot.run\
D [2016-07-20 06:03:26.785] Android Mouse Device: Microvirt Virtual Input
D [2016-07-20 06:03:26.785] Android ADB screencap command enabled: True
D [2016-07-20 06:03:26.785] Android ADB input command enabled: False
D [2016-07-20 06:03:26.786] Android ADB Mouse Click enabled: False
D [2016-07-20 06:03:26.786] Android ADB Click Drag enabled: True
D [2016-07-20 06:03:26.786] Searching MEmu Window: Title = 'MEmu 2.', Class = '[CLASS:subWin; INSTANCE:1]', Text = ''
D [2016-07-20 06:03:26.787] MEmu Window not found
D [2016-07-20 06:03:26.787] InitAndroid(False): MEmu END, initialization successful = True
D [2016-07-20 06:03:26.787] UpdateAndroidConfig("MEmu") END
D [2016-07-20 06:03:26.787] Found no running Android Emulator
D [2016-07-20 06:03:26.788] DetectInstalledAndroid()
D [2016-07-20 06:03:26.788] UpdateAndroidConfig("MEmu")
D [2016-07-20 06:03:26.788] InitAndroid(False): MEmu
D [2016-07-20 06:03:27.728] Cannot read MEmu guestproperty phone_layout!
D [2016-07-20 06:03:27.728] Searching MEmu Window: Title = 'MEmu 2.', Class = '[CLASS:subWin; INSTANCE:1]', Text = ''
D [2016-07-20 06:03:27.729] MEmu Window not found
D [2016-07-20 06:03:27.729] Android: MEmu
D [2016-07-20 06:03:27.729] Android Config: 0
D [2016-07-20 06:03:27.729] Android Version: 2.5.0
D [2016-07-20 06:03:27.731] Android Instance: MEmu
D [2016-07-20 06:03:27.731] Android Window Title: MEmu 2.
D [2016-07-20 06:03:27.731] Android Program Path: C:\Program Files\Microvirt\MEmu\MEmu.exe
D [2016-07-20 06:03:27.731] Android Program Parameter: MEmu
D [2016-07-20 06:03:27.731] Android ADB Path: C:\Program Files\Microvirt\MEmu\adb.exe
D [2016-07-20 06:03:27.731] Android ADB Device: 127.0.0.1:21503
D [2016-07-20 06:03:27.732] Android ADB Shared Folder: /mnt/shell/emulated/0/Pictures/
D [2016-07-20 06:03:27.732] Android ADB Shared Folder on Host: C:\Users\Amin\Pictures\MEmu Photo\
D [2016-07-20 06:03:27.732] Android ADB Shared SubFolder: mybot.run\
D [2016-07-20 06:03:27.732] Android Mouse Device: Microvirt Virtual Input
D [2016-07-20 06:03:27.733] Android ADB screencap command enabled: True
D [2016-07-20 06:03:27.733] Android ADB input command enabled: False
D [2016-07-20 06:03:27.733] Android ADB Mouse Click enabled: False
D [2016-07-20 06:03:27.733] Android ADB Click Drag enabled: True
D [2016-07-20 06:03:27.733] Searching MEmu Window: Title = 'MEmu 2.', Class = '[CLASS:subWin; INSTANCE:1]', Text = ''
D [2016-07-20 06:03:27.734] MEmu Window not found
D [2016-07-20 06:03:27.734] InitAndroid(False): MEmu END, initialization successful = True
D [2016-07-20 06:03:27.735] UpdateAndroidConfig("MEmu") END
D [2016-07-20 06:03:27.735] Found installed MEmu 2.5.0
D [2016-07-20 06:03:27.736] My Bot is the only running instance
D [2016-07-20 06:03:29.732] UpdateAndroidConfig("MEmu")
D [2016-07-20 06:03:29.732] InitAndroid(False): MEmu
D [2016-07-20 06:03:30.670] Cannot read MEmu guestproperty phone_layout!
D [2016-07-20 06:03:30.671] Searching MEmu Window: Title = 'MEmu 2.', Class = '[CLASS:subWin; INSTANCE:1]', Text = ''
D [2016-07-20 06:03:30.689] MEmu Window not found
D [2016-07-20 06:03:30.689] Android: MEmu
D [2016-07-20 06:03:30.690] Android Config: 0
D [2016-07-20 06:03:30.690] Android Version: 2.5.0
D [2016-07-20 06:03:30.690] Android Instance: MEmu
D [2016-07-20 06:03:30.690] Android Window Title: MEmu 2.
D [2016-07-20 06:03:30.690] Android Program Path: C:\Program Files\Microvirt\MEmu\MEmu.exe
D [2016-07-20 06:03:30.690] Android Program Parameter: MEmu
D [2016-07-20 06:03:30.691] Android ADB Path: C:\Program Files\Microvirt\MEmu\adb.exe
D [2016-07-20 06:03:30.691] Android ADB Device: 127.0.0.1:21503
D [2016-07-20 06:03:30.691] Android ADB Shared Folder: /mnt/shell/emulated/0/Pictures/
D [2016-07-20 06:03:30.691] Android ADB Shared Folder on Host: C:\Users\Amin\Pictures\MEmu Photo\
D [2016-07-20 06:03:30.692] Android ADB Shared SubFolder: mybot.run\
D [2016-07-20 06:03:30.692] Android Mouse Device: Microvirt Virtual Input
D [2016-07-20 06:03:30.692] Android ADB screencap command enabled: True
D [2016-07-20 06:03:30.692] Android ADB input command enabled: False
D [2016-07-20 06:03:30.692] Android ADB Mouse Click enabled: False
D [2016-07-20 06:03:30.692] Android ADB Click Drag enabled: True
D [2016-07-20 06:03:30.693] Searching MEmu Window: Title = 'MEmu 2.', Class = '[CLASS:subWin; INSTANCE:1]', Text = ''
D [2016-07-20 06:03:30.714] MEmu Window not found
D [2016-07-20 06:03:30.714] InitAndroid(False): MEmu END, initialization successful = True
D [2016-07-20 06:03:30.714] UpdateAndroidConfig("MEmu") END
D [2016-07-20 06:03:30.715] UpdateAndroidConfig("droid4x")
D [2016-07-20 06:03:30.715] InitAndroid(False): Droid4X
L [2016-07-20 06:03:30.715] Serious error has occurred: Cannot find Droid4X:
L [2016-07-20 06:03:30.716] C:\Program Files (x86)\Droid4X\Droid4X.exe
D [2016-07-20 06:03:30.716] InitAndroid(False): Droid4X END, initialization successful = False
D [2016-07-20 06:03:30.716] UpdateAndroidConfig("droid4x") END
D [2016-07-20 06:03:30.716] UpdateAndroidConfig("nox")
D [2016-07-20 06:03:30.716] InitAndroid(False): Nox
D [2016-07-20 06:03:31.407] Android: Nox
D [2016-07-20 06:03:31.407] Android Config: 2
D [2016-07-20 06:03:31.407] Android Version: 3.1.0.0
D [2016-07-20 06:03:31.408] Android Instance: nox
D [2016-07-20 06:03:31.408] Android Window Title: No
D [2016-07-20 06:03:31.408] Android Program Path: C:\Users\Amin\AppData\Roaming\Nox\bin\Nox.exe
D [2016-07-20 06:03:31.408] Android Program Parameter: -resolution:860x732 -dpi:160 "-clone:nox"
D [2016-07-20 06:03:31.408] Android ADB Path: C:\Program Files\Microvirt\MEmu\adb.exe
D [2016-07-20 06:03:31.409] Android ADB Device: 127.0.0.1:62001
D [2016-07-20 06:03:31.409] Android ADB Shared Folder: /mnt/shared/Other/
D [2016-07-20 06:03:31.409] Android ADB Shared Folder on Host: C:\Users\Amin\Documents\Nox_share\Other\
D [2016-07-20 06:03:31.409] Android ADB Shared SubFolder: mybot.run\
D [2016-07-20 06:03:31.409] Android Mouse Device: nox Virtual Input
D [2016-07-20 06:03:31.410] Android ADB screencap command enabled: True
D [2016-07-20 06:03:31.410] Android ADB input command enabled: False
D [2016-07-20 06:03:31.410] Android ADB Mouse Click enabled: False
D [2016-07-20 06:03:31.410] Android ADB Click Drag enabled: True
D [2016-07-20 06:03:31.410] Searching Nox Window: Title = 'No', Class = '[CLASS:Qt5QWindowIcon;INSTANCE:4]', Text = ''
D [2016-07-20 06:03:31.432] Nox Window not found
D [2016-07-20 06:03:31.432] InitAndroid(False): Nox END, initialization successful = True
D [2016-07-20 06:03:31.432] UpdateAndroidConfig("nox") END
D [2016-07-20 06:03:31.432] UpdateAndroidConfig("")
D [2016-07-20 06:03:31.432] InitAndroid(False): BlueStacks2
D [2016-07-20 06:03:31.433] BlueStacks2 Engine 'Plus'-Mode: False
D [2016-07-20 06:03:31.433] BlueStacks2 OEM Features: 2754561
D [2016-07-20 06:03:31.434] BlueStacks2 System Bar is not available
D [2016-07-20 06:03:31.434] Searching BlueStacks2 Window: Title = 'BlueStacks ', Class = '[CLASS:BlueStacksApp; INSTANCE:1]', Text = '_ctl.Window'
D [2016-07-20 06:03:31.453] BlueStacks2 Window not found
D [2016-07-20 06:03:31.453] Android: BlueStacks2
D [2016-07-20 06:03:31.453] Android Config: 3
D [2016-07-20 06:03:31.454] Android Version: 2.0.2.5623
D [2016-07-20 06:03:31.454] Android Instance: 
D [2016-07-20 06:03:31.454] Android Window Title: BlueStacks 
D [2016-07-20 06:03:31.454] Android Program Path: C:\Program Files (x86)\BlueStacks\HD-Frontend.exe
D [2016-07-20 06:03:31.454] Android Program Parameter: Android
D [2016-07-20 06:03:31.455] Android ADB Path: C:\Program Files\Microvirt\MEmu\adb.exe
D [2016-07-20 06:03:31.455] Android ADB Device: emulator-5554
D [2016-07-20 06:03:31.455] Android ADB Shared Folder: /storage/sdcard/windows/BstSharedFolder/
D [2016-07-20 06:03:31.455] Android ADB Shared Folder on Host: C:\ProgramData\BlueStacks\UserData\SharedFolder\
D [2016-07-20 06:03:31.455] Android ADB Shared SubFolder: mybot.run\
D [2016-07-20 06:03:31.456] Android Mouse Device: BlueStacks Virtual Touch
D [2016-07-20 06:03:31.456] Android ADB screencap command enabled: False
D [2016-07-20 06:03:31.456] Android ADB input command enabled: False
D [2016-07-20 06:03:31.456] Android ADB Mouse Click enabled: False
D [2016-07-20 06:03:31.456] Android ADB Click Drag enabled: False
D [2016-07-20 06:03:31.457] Searching BlueStacks2 Window: Title = 'BlueStacks ', Class = '[CLASS:BlueStacksApp; INSTANCE:1]', Text = '_ctl.Window'
D [2016-07-20 06:03:31.476] BlueStacks2 Window not found
D [2016-07-20 06:03:31.476] InitAndroid(False): BlueStacks2 END, initialization successful = True
D [2016-07-20 06:03:31.476] UpdateAndroidConfig("") END
D [2016-07-20 06:03:31.476] UpdateAndroidConfig("")
D [2016-07-20 06:03:31.477] InitAndroid(False): BlueStacks
D [2016-07-20 06:03:31.477] BlueStacks Engine 'Plus'-Mode: False
D [2016-07-20 06:03:31.477] BlueStacks OEM Features: 2754561
D [2016-07-20 06:03:31.478] BlueStacks System Bar is not available
D [2016-07-20 06:03:31.478] Searching BlueStacks Window: Title = 'BlueStacks App Player', Class = '[CLASS:BlueStacksApp; INSTANCE:1]', Text = '_ctl.Window'
D [2016-07-20 06:03:31.498] BlueStacks Window not found
L [2016-07-20 06:03:31.498] BlueStacks supported version 0.8.x - 0.11.x not found
D [2016-07-20 06:03:31.498] InitAndroid(False): BlueStacks END, initialization successful = False
D [2016-07-20 06:03:31.498] UpdateAndroidConfig("") END
D [2016-07-20 06:03:31.499] UpdateAndroidConfig("MEmu")
D [2016-07-20 06:03:31.499] InitAndroid(False): MEmu
D [2016-07-20 06:03:32.439] Cannot read MEmu guestproperty phone_layout!
D [2016-07-20 06:03:32.439] Searching MEmu Window: Title = 'MEmu 2.', Class = '[CLASS:subWin; INSTANCE:1]', Text = ''
D [2016-07-20 06:03:32.460] MEmu Window not found
D [2016-07-20 06:03:32.460] Android: MEmu
D [2016-07-20 06:03:32.460] Android Config: 0
D [2016-07-20 06:03:32.460] Android Version: 2.5.0
D [2016-07-20 06:03:32.460] Android Instance: MEmu
D [2016-07-20 06:03:32.461] Android Window Title: MEmu 2.
D [2016-07-20 06:03:32.461] Android Program Path: C:\Program Files\Microvirt\MEmu\MEmu.exe
D [2016-07-20 06:03:32.461] Android Program Parameter: MEmu
D [2016-07-20 06:03:32.461] Android ADB Path: C:\Program Files\Microvirt\MEmu\adb.exe
D [2016-07-20 06:03:32.461] Android ADB Device: 127.0.0.1:21503
D [2016-07-20 06:03:32.462] Android ADB Shared Folder: /mnt/shell/emulated/0/Pictures/
D [2016-07-20 06:03:32.462] Android ADB Shared Folder on Host: C:\Users\Amin\Pictures\MEmu Photo\
D [2016-07-20 06:03:32.462] Android ADB Shared SubFolder: mybot.run\
D [2016-07-20 06:03:32.463] Android Mouse Device: Microvirt Virtual Input
D [2016-07-20 06:03:32.463] Android ADB screencap command enabled: True
D [2016-07-20 06:03:32.463] Android ADB input command enabled: False
D [2016-07-20 06:03:32.463] Android ADB Mouse Click enabled: False
D [2016-07-20 06:03:32.463] Android ADB Click Drag enabled: True
D [2016-07-20 06:03:32.464] Searching MEmu Window: Title = 'MEmu 2.', Class = '[CLASS:subWin; INSTANCE:1]', Text = ''
D [2016-07-20 06:03:32.484] MEmu Window not found
D [2016-07-20 06:03:32.484] InitAndroid(False): MEmu END, initialization successful = True
D [2016-07-20 06:03:32.484] UpdateAndroidConfig("MEmu") END
D [2016-07-20 06:03:32.847] Read Building Config C:\Users\Amin\Desktop\MyBot.Run\MOD AIO\MyBot-AIO-2.1.5\Profiles\MyVillage\building.ini
D [2016-07-20 06:03:32.858] Read Config C:\Users\Amin\Desktop\MyBot.Run\MOD AIO\MyBot-AIO-2.1.5\Profiles\MyVillage\config.ini
D [2016-07-20 06:03:32.912] Apply Config
D [2016-07-20 06:03:33.029] UpdateAndroidConfig("MEmu_1")
D [2016-07-20 06:03:33.029] InitAndroid(False): MEmu
D [2016-07-20 06:03:33.966] Cannot read MEmu guestproperty phone_layout!
D [2016-07-20 06:03:33.966] Searching MEmu Window: Title = 'MEmu 2.', Class = '[CLASS:subWin; INSTANCE:1]', Text = ''
D [2016-07-20 06:03:33.989] MEmu Window not found
D [2016-07-20 06:03:33.989] Android: MEmu
D [2016-07-20 06:03:33.989] Android Config: 0
D [2016-07-20 06:03:33.989] Android Version: 2.5.0
D [2016-07-20 06:03:33.990] Android Instance: MEmu_1
D [2016-07-20 06:03:33.990] Android Window Title: MEmu 2.
D [2016-07-20 06:03:33.990] Android Program Path: C:\Program Files\Microvirt\MEmu\MEmu.exe
D [2016-07-20 06:03:33.990] Android Program Parameter: MEmu_1
D [2016-07-20 06:03:33.990] Android ADB Path: C:\Program Files\Microvirt\MEmu\adb.exe
D [2016-07-20 06:03:33.991] Android ADB Device: 127.0.0.1:21513
D [2016-07-20 06:03:33.991] Android ADB Shared Folder: /mnt/shell/emulated/0/Pictures/
D [2016-07-20 06:03:33.991] Android ADB Shared Folder on Host: C:\Users\Amin\Pictures\MEmu Photo\
D [2016-07-20 06:03:33.991] Android ADB Shared SubFolder: mybot.run\
D [2016-07-20 06:03:33.991] Android Mouse Device: Microvirt Virtual Input
D [2016-07-20 06:03:33.992] Android ADB screencap command enabled: True
D [2016-07-20 06:03:33.992] Android ADB input command enabled: False
D [2016-07-20 06:03:33.992] Android ADB Mouse Click enabled: False
D [2016-07-20 06:03:33.992] Android ADB Click Drag enabled: True
D [2016-07-20 06:03:33.992] Searching MEmu Window: Title = 'MEmu 2.', Class = '[CLASS:subWin; INSTANCE:1]', Text = ''
D [2016-07-20 06:03:34.016] MEmu Window not found
D [2016-07-20 06:03:34.016] InitAndroid(False): MEmu END, initialization successful = True
D [2016-07-20 06:03:34.016] UpdateAndroidConfig("MEmu_1") END
D [2016-07-20 06:03:34.019] Redraw MyBot Window
L [2016-07-20 06:03:34.792] Found installed MEmu 2.5.0
L [2016-07-20 06:03:34.799] Android Emulator Configuration: MEmu (instance MEmu_1)
L [2016-07-20 06:03:37.758] WELCOME CHIEF, YOU HAVE THE LATEST VERSION OF THE BOT
L [2016-07-20 06:03:37.762]  
L [2016-07-20 06:03:37.764] Fully working with May update
L [2016-07-20 06:03:37.767] New GUI and lots of new features
L [2016-07-20 06:03:37.769] For more information, go to 
L [2016-07-20 06:03:37.772] https://mybot.run
L [2016-07-20 06:03:37.775] 
L [2016-07-20 06:03:37.779]  Always free and open source.
L [2016-07-20 06:03:40.142] Closing Merged My Bot v6.1.4 All In One v2.1.5 (MEmu_1) ...
D [2016-07-20 06:03:40.153] Save Config C:\Users\Amin\Desktop\MyBot.Run\MOD AIO\MyBot-AIO-2.1.5\Profiles\MyVillage\config.ini
D [2016-07-20 06:03:40.626] Save Building Config C:\Users\Amin\Desktop\MyBot.Run\MOD AIO\MyBot-AIO-2.1.5\Profiles\MyVillage\building.ini
