D [2016-07-19 02:40:54.705] @AutoItExe: C:\Program Files (x86)\AutoIt3\AutoIt3.exe
D [2016-07-19 02:40:54.706] @ScriptFullPath: C:\Users\Amin\Desktop\MyBot.Run\MOD AIO\MyBot-AIO-2.1.4\MyBot.run.au3
D [2016-07-19 02:40:54.706] @WorkingDir: C:\Users\Amin\Desktop\MyBot.Run\MOD AIO\MyBot-AIO-2.1.4
D [2016-07-19 02:40:54.706] @AutoItPID: 388
D [2016-07-19 02:40:54.727] DetectRunningAndroid()
D [2016-07-19 02:40:54.727] UpdateAndroidConfig("MEmu")
D [2016-07-19 02:40:54.727] InitAndroid(False): MEmu
D [2016-07-19 02:40:55.711] Cannot read MEmu guestproperty phone_layout!
D [2016-07-19 02:40:55.711] Searching MEmu Window: Title = 'MEmu 2.', Class = '[CLASS:subWin; INSTANCE:1]', Text = ''
D [2016-07-19 02:40:55.713] MEmu Window not found
D [2016-07-19 02:40:55.713] Android: MEmu
D [2016-07-19 02:40:55.713] Android Config: 0
D [2016-07-19 02:40:55.713] Android Version: 2.5.0
D [2016-07-19 02:40:55.714] Android Instance: MEmu
D [2016-07-19 02:40:55.714] Android Window Title: MEmu 2.
D [2016-07-19 02:40:55.714] Android Program Path: C:\Program Files\Microvirt\MEmu\MEmu.exe
D [2016-07-19 02:40:55.714] Android Program Parameter: MEmu
D [2016-07-19 02:40:55.714] Android ADB Path: C:\Program Files\Microvirt\MEmu\adb.exe
D [2016-07-19 02:40:55.715] Android ADB Device: 127.0.0.1:21503
D [2016-07-19 02:40:55.715] Android ADB Shared Folder: /mnt/shell/emulated/0/Pictures/
D [2016-07-19 02:40:55.715] Android ADB Shared Folder on Host: C:\Users\Amin\Pictures\MEmu Photo\
D [2016-07-19 02:40:55.715] Android ADB Shared SubFolder: mybot.run\
D [2016-07-19 02:40:55.715] Android Mouse Device: Microvirt Virtual Input
D [2016-07-19 02:40:55.716] Android ADB screencap command enabled: True
D [2016-07-19 02:40:55.716] Android ADB input command enabled: False
D [2016-07-19 02:40:55.716] Android ADB Mouse Click enabled: False
D [2016-07-19 02:40:55.716] Android ADB Click Drag enabled: True
D [2016-07-19 02:40:55.716] Searching MEmu Window: Title = 'MEmu 2.', Class = '[CLASS:subWin; INSTANCE:1]', Text = ''
D [2016-07-19 02:40:55.718] MEmu Window not found
D [2016-07-19 02:40:55.718] InitAndroid(False): MEmu END, initialization successful = True
D [2016-07-19 02:40:55.718] UpdateAndroidConfig("MEmu") END
D [2016-07-19 02:40:55.718] GetAndroidRunningInstance: Try to find "C:\Program Files\Microvirt\MEmu\MEmu.exe"
D [2016-07-19 02:40:55.726] ObjGet("winmgmts:\\.\root\cimv2")
D [2016-07-19 02:40:55.726] WMI Query: Select * from Win32_Process where ExecutablePath like "%C:\\Program Files\\Microvirt\\MEmu\\MEmu.exe%"
D [2016-07-19 02:40:55.769] Process by CommandLine not found: C:\Program Files\Microvirt\MEmu\MEmu.exe
D [2016-07-19 02:40:55.770] UpdateAndroidConfig("droid4x")
D [2016-07-19 02:40:55.770] InitAndroid(False): Droid4X
L [2016-07-19 02:40:55.771] Serious error has occurred: Cannot find Droid4X:
L [2016-07-19 02:40:55.771] C:\Program Files (x86)\Droid4X\Droid4X.exe
D [2016-07-19 02:40:55.771] InitAndroid(False): Droid4X END, initialization successful = False
D [2016-07-19 02:40:55.771] UpdateAndroidConfig("droid4x") END
D [2016-07-19 02:40:55.772] UpdateAndroidConfig("nox")
D [2016-07-19 02:40:55.772] InitAndroid(False): Nox
D [2016-07-19 02:40:56.456] Android: Nox
D [2016-07-19 02:40:56.457] Android Config: 2
D [2016-07-19 02:40:56.457] Android Version: 3.1.0.0
D [2016-07-19 02:40:56.457] Android Instance: nox
D [2016-07-19 02:40:56.457] Android Window Title: No
D [2016-07-19 02:40:56.457] Android Program Path: C:\Users\Amin\AppData\Roaming\Nox\bin\Nox.exe
D [2016-07-19 02:40:56.457] Android Program Parameter: -resolution:860x732 -dpi:160 "-clone:nox"
D [2016-07-19 02:40:56.458] Android ADB Path: C:\Program Files\Microvirt\MEmu\adb.exe
D [2016-07-19 02:40:56.458] Android ADB Device: 127.0.0.1:62001
D [2016-07-19 02:40:56.458] Android ADB Shared Folder: /mnt/shared/Other/
D [2016-07-19 02:40:56.458] Android ADB Shared Folder on Host: C:\Users\Amin\Documents\Nox_share\Other\
D [2016-07-19 02:40:56.458] Android ADB Shared SubFolder: mybot.run\
D [2016-07-19 02:40:56.459] Android Mouse Device: nox Virtual Input
D [2016-07-19 02:40:56.459] Android ADB screencap command enabled: True
D [2016-07-19 02:40:56.459] Android ADB input command enabled: False
D [2016-07-19 02:40:56.459] Android ADB Mouse Click enabled: False
D [2016-07-19 02:40:56.459] Android ADB Click Drag enabled: True
D [2016-07-19 02:40:56.460] Searching Nox Window: Title = 'No', Class = '[CLASS:Qt5QWindowIcon;INSTANCE:4]', Text = ''
D [2016-07-19 02:40:56.461] Nox Window not found
D [2016-07-19 02:40:56.461] InitAndroid(False): Nox END, initialization successful = True
D [2016-07-19 02:40:56.461] UpdateAndroidConfig("nox") END
D [2016-07-19 02:40:56.461] GetAndroidRunningInstance: Try to find "C:\Users\Amin\AppData\Roaming\Nox\bin\Nox.exe"
D [2016-07-19 02:40:56.462] ObjGet("winmgmts:\\.\root\cimv2")
D [2016-07-19 02:40:56.463] WMI Query: Select * from Win32_Process where ExecutablePath like "%C:\\Users\\Amin\\AppData\\Roaming\\Nox\\bin\\Nox.exe%"
D [2016-07-19 02:40:56.505] No process found by CommandLine: C:\Users\Amin\AppData\Roaming\Nox\bin\Nox.exe
D [2016-07-19 02:40:56.506] UpdateAndroidConfig("")
D [2016-07-19 02:40:56.506] InitAndroid(False): BlueStacks2
D [2016-07-19 02:40:56.506] BlueStacks2 Engine 'Plus'-Mode: False
D [2016-07-19 02:40:56.507] BlueStacks2 OEM Features: 2754561
D [2016-07-19 02:40:56.507] BlueStacks2 System Bar is not available
D [2016-07-19 02:40:56.507] Searching BlueStacks2 Window: Title = 'BlueStacks ', Class = '[CLASS:BlueStacksApp; INSTANCE:1]', Text = '_ctl.Window'
D [2016-07-19 02:40:56.508] BlueStacks2 Window not found
D [2016-07-19 02:40:56.508] Android: BlueStacks2
D [2016-07-19 02:40:56.508] Android Config: 3
D [2016-07-19 02:40:56.509] Android Version: 2.0.2.5623
D [2016-07-19 02:40:56.509] Android Instance: 
D [2016-07-19 02:40:56.509] Android Window Title: BlueStacks 
D [2016-07-19 02:40:56.509] Android Program Path: C:\Program Files (x86)\BlueStacks\HD-Frontend.exe
D [2016-07-19 02:40:56.509] Android Program Parameter: Android
D [2016-07-19 02:40:56.510] Android ADB Path: C:\Program Files\Microvirt\MEmu\adb.exe
D [2016-07-19 02:40:56.510] Android ADB Device: emulator-5554
D [2016-07-19 02:40:56.510] Android ADB Shared Folder: /storage/sdcard/windows/BstSharedFolder/
D [2016-07-19 02:40:56.510] Android ADB Shared Folder on Host: C:\ProgramData\BlueStacks\UserData\SharedFolder\
D [2016-07-19 02:40:56.510] Android ADB Shared SubFolder: mybot.run\
D [2016-07-19 02:40:56.511] Android Mouse Device: BlueStacks Virtual Touch
D [2016-07-19 02:40:56.511] Android ADB screencap command enabled: False
D [2016-07-19 02:40:56.511] Android ADB input command enabled: False
D [2016-07-19 02:40:56.511] Android ADB Mouse Click enabled: False
D [2016-07-19 02:40:56.511] Android ADB Click Drag enabled: False
D [2016-07-19 02:40:56.511] Searching BlueStacks2 Window: Title = 'BlueStacks ', Class = '[CLASS:BlueStacksApp; INSTANCE:1]', Text = '_ctl.Window'
D [2016-07-19 02:40:56.513] BlueStacks2 Window not found
D [2016-07-19 02:40:56.514] InitAndroid(False): BlueStacks2 END, initialization successful = True
D [2016-07-19 02:40:56.514] UpdateAndroidConfig("") END
D [2016-07-19 02:40:56.514] Searching BlueStacks2 Window: Title = 'BlueStacks ', Class = '[CLASS:BlueStacksApp; INSTANCE:1]', Text = '_ctl.Window'
D [2016-07-19 02:40:56.515] BlueStacks2 Window not found
D [2016-07-19 02:40:56.516] UpdateAndroidConfig("")
D [2016-07-19 02:40:56.516] InitAndroid(False): BlueStacks
D [2016-07-19 02:40:56.517] BlueStacks Engine 'Plus'-Mode: False
D [2016-07-19 02:40:56.517] BlueStacks OEM Features: 2754561
D [2016-07-19 02:40:56.517] BlueStacks System Bar is not available
D [2016-07-19 02:40:56.517] Searching BlueStacks Window: Title = 'BlueStacks App Player', Class = '[CLASS:BlueStacksApp; INSTANCE:1]', Text = '_ctl.Window'
D [2016-07-19 02:40:56.518] BlueStacks Window not found
L [2016-07-19 02:40:56.519] BlueStacks supported version 0.8.x - 0.11.x not found
D [2016-07-19 02:40:56.519] InitAndroid(False): BlueStacks END, initialization successful = False
D [2016-07-19 02:40:56.519] UpdateAndroidConfig("") END
D [2016-07-19 02:40:56.519] UpdateAndroidConfig("MEmu")
D [2016-07-19 02:40:56.519] InitAndroid(False): MEmu
D [2016-07-19 02:40:57.437] Cannot read MEmu guestproperty phone_layout!
D [2016-07-19 02:40:57.438] Searching MEmu Window: Title = 'MEmu 2.', Class = '[CLASS:subWin; INSTANCE:1]', Text = ''
D [2016-07-19 02:40:57.439] MEmu Window not found
D [2016-07-19 02:40:57.439] Android: MEmu
D [2016-07-19 02:40:57.439] Android Config: 0
D [2016-07-19 02:40:57.439] Android Version: 2.5.0
D [2016-07-19 02:40:57.440] Android Instance: MEmu
D [2016-07-19 02:40:57.440] Android Window Title: MEmu 2.
D [2016-07-19 02:40:57.440] Android Program Path: C:\Program Files\Microvirt\MEmu\MEmu.exe
D [2016-07-19 02:40:57.440] Android Program Parameter: MEmu
D [2016-07-19 02:40:57.440] Android ADB Path: C:\Program Files\Microvirt\MEmu\adb.exe
D [2016-07-19 02:40:57.440] Android ADB Device: 127.0.0.1:21503
D [2016-07-19 02:40:57.441] Android ADB Shared Folder: /mnt/shell/emulated/0/Pictures/
D [2016-07-19 02:40:57.441] Android ADB Shared Folder on Host: C:\Users\Amin\Pictures\MEmu Photo\
D [2016-07-19 02:40:57.441] Android ADB Shared SubFolder: mybot.run\
D [2016-07-19 02:40:57.441] Android Mouse Device: Microvirt Virtual Input
D [2016-07-19 02:40:57.441] Android ADB screencap command enabled: True
D [2016-07-19 02:40:57.442] Android ADB input command enabled: False
D [2016-07-19 02:40:57.442] Android ADB Mouse Click enabled: False
D [2016-07-19 02:40:57.442] Android ADB Click Drag enabled: True
D [2016-07-19 02:40:57.442] Searching MEmu Window: Title = 'MEmu 2.', Class = '[CLASS:subWin; INSTANCE:1]', Text = ''
D [2016-07-19 02:40:57.444] MEmu Window not found
D [2016-07-19 02:40:57.444] InitAndroid(False): MEmu END, initialization successful = True
D [2016-07-19 02:40:57.444] UpdateAndroidConfig("MEmu") END
D [2016-07-19 02:40:57.444] Found no running Android Emulator
D [2016-07-19 02:40:57.444] DetectInstalledAndroid()
D [2016-07-19 02:40:57.445] UpdateAndroidConfig("MEmu")
D [2016-07-19 02:40:57.445] InitAndroid(False): MEmu
D [2016-07-19 02:40:58.352] Cannot read MEmu guestproperty phone_layout!
D [2016-07-19 02:40:58.352] Searching MEmu Window: Title = 'MEmu 2.', Class = '[CLASS:subWin; INSTANCE:1]', Text = ''
D [2016-07-19 02:40:58.354] MEmu Window not found
D [2016-07-19 02:40:58.354] Android: MEmu
D [2016-07-19 02:40:58.354] Android Config: 0
D [2016-07-19 02:40:58.354] Android Version: 2.5.0
D [2016-07-19 02:40:58.354] Android Instance: MEmu
D [2016-07-19 02:40:58.355] Android Window Title: MEmu 2.
D [2016-07-19 02:40:58.355] Android Program Path: C:\Program Files\Microvirt\MEmu\MEmu.exe
D [2016-07-19 02:40:58.355] Android Program Parameter: MEmu
D [2016-07-19 02:40:58.355] Android ADB Path: C:\Program Files\Microvirt\MEmu\adb.exe
D [2016-07-19 02:40:58.355] Android ADB Device: 127.0.0.1:21503
D [2016-07-19 02:40:58.355] Android ADB Shared Folder: /mnt/shell/emulated/0/Pictures/
D [2016-07-19 02:40:58.356] Android ADB Shared Folder on Host: C:\Users\Amin\Pictures\MEmu Photo\
D [2016-07-19 02:40:58.356] Android ADB Shared SubFolder: mybot.run\
D [2016-07-19 02:40:58.356] Android Mouse Device: Microvirt Virtual Input
D [2016-07-19 02:40:58.356] Android ADB screencap command enabled: True
D [2016-07-19 02:40:58.357] Android ADB input command enabled: False
D [2016-07-19 02:40:58.357] Android ADB Mouse Click enabled: False
D [2016-07-19 02:40:58.357] Android ADB Click Drag enabled: True
D [2016-07-19 02:40:58.357] Searching MEmu Window: Title = 'MEmu 2.', Class = '[CLASS:subWin; INSTANCE:1]', Text = ''
D [2016-07-19 02:40:58.359] MEmu Window not found
D [2016-07-19 02:40:58.359] InitAndroid(False): MEmu END, initialization successful = True
D [2016-07-19 02:40:58.359] UpdateAndroidConfig("MEmu") END
D [2016-07-19 02:40:58.359] Found installed MEmu 2.5.0
D [2016-07-19 02:40:58.360] My Bot is the only running instance
D [2016-07-19 02:41:00.459] UpdateAndroidConfig("MEmu")
D [2016-07-19 02:41:00.459] InitAndroid(False): MEmu
D [2016-07-19 02:41:01.389] Cannot read MEmu guestproperty phone_layout!
D [2016-07-19 02:41:01.390] Searching MEmu Window: Title = 'MEmu 2.', Class = '[CLASS:subWin; INSTANCE:1]', Text = ''
D [2016-07-19 02:41:01.392] MEmu Window not found
D [2016-07-19 02:41:01.393] Android: MEmu
D [2016-07-19 02:41:01.393] Android Config: 0
D [2016-07-19 02:41:01.393] Android Version: 2.5.0
D [2016-07-19 02:41:01.393] Android Instance: MEmu
D [2016-07-19 02:41:01.393] Android Window Title: MEmu 2.
D [2016-07-19 02:41:01.394] Android Program Path: C:\Program Files\Microvirt\MEmu\MEmu.exe
D [2016-07-19 02:41:01.394] Android Program Parameter: MEmu
D [2016-07-19 02:41:01.394] Android ADB Path: C:\Program Files\Microvirt\MEmu\adb.exe
D [2016-07-19 02:41:01.394] Android ADB Device: 127.0.0.1:21503
D [2016-07-19 02:41:01.394] Android ADB Shared Folder: /mnt/shell/emulated/0/Pictures/
D [2016-07-19 02:41:01.395] Android ADB Shared Folder on Host: C:\Users\Amin\Pictures\MEmu Photo\
D [2016-07-19 02:41:01.395] Android ADB Shared SubFolder: mybot.run\
D [2016-07-19 02:41:01.395] Android Mouse Device: Microvirt Virtual Input
D [2016-07-19 02:41:01.395] Android ADB screencap command enabled: True
D [2016-07-19 02:41:01.396] Android ADB input command enabled: False
D [2016-07-19 02:41:01.396] Android ADB Mouse Click enabled: False
D [2016-07-19 02:41:01.396] Android ADB Click Drag enabled: True
D [2016-07-19 02:41:01.396] Searching MEmu Window: Title = 'MEmu 2.', Class = '[CLASS:subWin; INSTANCE:1]', Text = ''
D [2016-07-19 02:41:01.399] MEmu Window not found
D [2016-07-19 02:41:01.399] InitAndroid(False): MEmu END, initialization successful = True
D [2016-07-19 02:41:01.399] UpdateAndroidConfig("MEmu") END
D [2016-07-19 02:41:01.399] UpdateAndroidConfig("droid4x")
D [2016-07-19 02:41:01.400] InitAndroid(False): Droid4X
L [2016-07-19 02:41:01.400] Serious error has occurred: Cannot find Droid4X:
L [2016-07-19 02:41:01.401] C:\Program Files (x86)\Droid4X\Droid4X.exe
D [2016-07-19 02:41:01.401] InitAndroid(False): Droid4X END, initialization successful = False
D [2016-07-19 02:41:01.401] UpdateAndroidConfig("droid4x") END
D [2016-07-19 02:41:01.401] UpdateAndroidConfig("nox")
D [2016-07-19 02:41:01.401] InitAndroid(False): Nox
D [2016-07-19 02:41:02.075] Android: Nox
D [2016-07-19 02:41:02.075] Android Config: 2
D [2016-07-19 02:41:02.075] Android Version: 3.1.0.0
D [2016-07-19 02:41:02.075] Android Instance: nox
D [2016-07-19 02:41:02.076] Android Window Title: No
D [2016-07-19 02:41:02.076] Android Program Path: C:\Users\Amin\AppData\Roaming\Nox\bin\Nox.exe
D [2016-07-19 02:41:02.076] Android Program Parameter: -resolution:860x732 -dpi:160 "-clone:nox"
D [2016-07-19 02:41:02.076] Android ADB Path: C:\Program Files\Microvirt\MEmu\adb.exe
D [2016-07-19 02:41:02.076] Android ADB Device: 127.0.0.1:62001
D [2016-07-19 02:41:02.078] Android ADB Shared Folder: /mnt/shared/Other/
D [2016-07-19 02:41:02.078] Android ADB Shared Folder on Host: C:\Users\Amin\Documents\Nox_share\Other\
D [2016-07-19 02:41:02.078] Android ADB Shared SubFolder: mybot.run\
D [2016-07-19 02:41:02.078] Android Mouse Device: nox Virtual Input
D [2016-07-19 02:41:02.079] Android ADB screencap command enabled: True
D [2016-07-19 02:41:02.079] Android ADB input command enabled: False
D [2016-07-19 02:41:02.079] Android ADB Mouse Click enabled: False
D [2016-07-19 02:41:02.079] Android ADB Click Drag enabled: True
D [2016-07-19 02:41:02.079] Searching Nox Window: Title = 'No', Class = '[CLASS:Qt5QWindowIcon;INSTANCE:4]', Text = ''
D [2016-07-19 02:41:02.082] Nox Window not found
D [2016-07-19 02:41:02.083] InitAndroid(False): Nox END, initialization successful = True
D [2016-07-19 02:41:02.083] UpdateAndroidConfig("nox") END
D [2016-07-19 02:41:02.083] UpdateAndroidConfig("")
D [2016-07-19 02:41:02.083] InitAndroid(False): BlueStacks2
D [2016-07-19 02:41:02.084] BlueStacks2 Engine 'Plus'-Mode: False
D [2016-07-19 02:41:02.084] BlueStacks2 OEM Features: 2754561
D [2016-07-19 02:41:02.084] BlueStacks2 System Bar is not available
D [2016-07-19 02:41:02.085] Searching BlueStacks2 Window: Title = 'BlueStacks ', Class = '[CLASS:BlueStacksApp; INSTANCE:1]', Text = '_ctl.Window'
D [2016-07-19 02:41:02.087] BlueStacks2 Window not found
D [2016-07-19 02:41:02.087] Android: BlueStacks2
D [2016-07-19 02:41:02.088] Android Config: 3
D [2016-07-19 02:41:02.088] Android Version: 2.0.2.5623
D [2016-07-19 02:41:02.088] Android Instance: 
D [2016-07-19 02:41:02.088] Android Window Title: BlueStacks 
D [2016-07-19 02:41:02.088] Android Program Path: C:\Program Files (x86)\BlueStacks\HD-Frontend.exe
D [2016-07-19 02:41:02.089] Android Program Parameter: Android
D [2016-07-19 02:41:02.089] Android ADB Path: C:\Program Files\Microvirt\MEmu\adb.exe
D [2016-07-19 02:41:02.089] Android ADB Device: emulator-5554
D [2016-07-19 02:41:02.089] Android ADB Shared Folder: /storage/sdcard/windows/BstSharedFolder/
D [2016-07-19 02:41:02.089] Android ADB Shared Folder on Host: C:\ProgramData\BlueStacks\UserData\SharedFolder\
D [2016-07-19 02:41:02.090] Android ADB Shared SubFolder: mybot.run\
D [2016-07-19 02:41:02.090] Android Mouse Device: BlueStacks Virtual Touch
D [2016-07-19 02:41:02.090] Android ADB screencap command enabled: False
D [2016-07-19 02:41:02.090] Android ADB input command enabled: False
D [2016-07-19 02:41:02.090] Android ADB Mouse Click enabled: False
D [2016-07-19 02:41:02.091] Android ADB Click Drag enabled: False
D [2016-07-19 02:41:02.091] Searching BlueStacks2 Window: Title = 'BlueStacks ', Class = '[CLASS:BlueStacksApp; INSTANCE:1]', Text = '_ctl.Window'
D [2016-07-19 02:41:02.094] BlueStacks2 Window not found
D [2016-07-19 02:41:02.094] InitAndroid(False): BlueStacks2 END, initialization successful = True
D [2016-07-19 02:41:02.094] UpdateAndroidConfig("") END
D [2016-07-19 02:41:02.095] UpdateAndroidConfig("")
D [2016-07-19 02:41:02.095] InitAndroid(False): BlueStacks
D [2016-07-19 02:41:02.095] BlueStacks Engine 'Plus'-Mode: False
D [2016-07-19 02:41:02.096] BlueStacks OEM Features: 2754561
D [2016-07-19 02:41:02.096] BlueStacks System Bar is not available
D [2016-07-19 02:41:02.096] Searching BlueStacks Window: Title = 'BlueStacks App Player', Class = '[CLASS:BlueStacksApp; INSTANCE:1]', Text = '_ctl.Window'
D [2016-07-19 02:41:02.099] BlueStacks Window not found
L [2016-07-19 02:41:02.099] BlueStacks supported version 0.8.x - 0.11.x not found
D [2016-07-19 02:41:02.099] InitAndroid(False): BlueStacks END, initialization successful = False
D [2016-07-19 02:41:02.099] UpdateAndroidConfig("") END
D [2016-07-19 02:41:02.100] UpdateAndroidConfig("MEmu")
D [2016-07-19 02:41:02.100] InitAndroid(False): MEmu
D [2016-07-19 02:41:03.029] Cannot read MEmu guestproperty phone_layout!
D [2016-07-19 02:41:03.029] Searching MEmu Window: Title = 'MEmu 2.', Class = '[CLASS:subWin; INSTANCE:1]', Text = ''
D [2016-07-19 02:41:03.032] MEmu Window not found
D [2016-07-19 02:41:03.032] Android: MEmu
D [2016-07-19 02:41:03.032] Android Config: 0
D [2016-07-19 02:41:03.033] Android Version: 2.5.0
D [2016-07-19 02:41:03.033] Android Instance: MEmu
D [2016-07-19 02:41:03.033] Android Window Title: MEmu 2.
D [2016-07-19 02:41:03.033] Android Program Path: C:\Program Files\Microvirt\MEmu\MEmu.exe
D [2016-07-19 02:41:03.033] Android Program Parameter: MEmu
D [2016-07-19 02:41:03.035] Android ADB Path: C:\Program Files\Microvirt\MEmu\adb.exe
D [2016-07-19 02:41:03.035] Android ADB Device: 127.0.0.1:21503
D [2016-07-19 02:41:03.035] Android ADB Shared Folder: /mnt/shell/emulated/0/Pictures/
D [2016-07-19 02:41:03.035] Android ADB Shared Folder on Host: C:\Users\Amin\Pictures\MEmu Photo\
D [2016-07-19 02:41:03.036] Android ADB Shared SubFolder: mybot.run\
D [2016-07-19 02:41:03.036] Android Mouse Device: Microvirt Virtual Input
D [2016-07-19 02:41:03.036] Android ADB screencap command enabled: True
D [2016-07-19 02:41:03.036] Android ADB input command enabled: False
D [2016-07-19 02:41:03.036] Android ADB Mouse Click enabled: False
D [2016-07-19 02:41:03.037] Android ADB Click Drag enabled: True
D [2016-07-19 02:41:03.037] Searching MEmu Window: Title = 'MEmu 2.', Class = '[CLASS:subWin; INSTANCE:1]', Text = ''
D [2016-07-19 02:41:03.041] MEmu Window not found
D [2016-07-19 02:41:03.041] InitAndroid(False): MEmu END, initialization successful = True
D [2016-07-19 02:41:03.041] UpdateAndroidConfig("MEmu") END
D [2016-07-19 02:41:03.457] Read Building Config C:\Users\Amin\Desktop\MyBot.Run\MOD AIO\MyBot-AIO-2.1.4\Profiles\MyVillage\building.ini
D [2016-07-19 02:41:03.468] Read Config C:\Users\Amin\Desktop\MyBot.Run\MOD AIO\MyBot-AIO-2.1.4\Profiles\MyVillage\config.ini
D [2016-07-19 02:41:03.524] Apply Config
D [2016-07-19 02:41:03.621] UpdateAndroidConfig("MEmu_1")
D [2016-07-19 02:41:03.621] InitAndroid(False): MEmu
D [2016-07-19 02:41:04.559] Cannot read MEmu guestproperty phone_layout!
D [2016-07-19 02:41:04.560] Searching MEmu Window: Title = 'MEmu 2.', Class = '[CLASS:subWin; INSTANCE:1]', Text = ''
D [2016-07-19 02:41:04.563] MEmu Window not found
D [2016-07-19 02:41:04.563] Android: MEmu
D [2016-07-19 02:41:04.564] Android Config: 0
D [2016-07-19 02:41:04.564] Android Version: 2.5.0
D [2016-07-19 02:41:04.564] Android Instance: MEmu_1
D [2016-07-19 02:41:04.564] Android Window Title: MEmu 2.
D [2016-07-19 02:41:04.564] Android Program Path: C:\Program Files\Microvirt\MEmu\MEmu.exe
D [2016-07-19 02:41:04.565] Android Program Parameter: MEmu_1
D [2016-07-19 02:41:04.565] Android ADB Path: C:\Program Files\Microvirt\MEmu\adb.exe
D [2016-07-19 02:41:04.565] Android ADB Device: 127.0.0.1:21513
D [2016-07-19 02:41:04.565] Android ADB Shared Folder: /mnt/shell/emulated/0/Pictures/
D [2016-07-19 02:41:04.566] Android ADB Shared Folder on Host: C:\Users\Amin\Pictures\MEmu Photo\
D [2016-07-19 02:41:04.566] Android ADB Shared SubFolder: mybot.run\
D [2016-07-19 02:41:04.566] Android Mouse Device: Microvirt Virtual Input
D [2016-07-19 02:41:04.566] Android ADB screencap command enabled: True
D [2016-07-19 02:41:04.567] Android ADB input command enabled: False
D [2016-07-19 02:41:04.567] Android ADB Mouse Click enabled: False
D [2016-07-19 02:41:04.567] Android ADB Click Drag enabled: True
D [2016-07-19 02:41:04.567] Searching MEmu Window: Title = 'MEmu 2.', Class = '[CLASS:subWin; INSTANCE:1]', Text = ''
D [2016-07-19 02:41:04.572] MEmu Window not found
D [2016-07-19 02:41:04.572] InitAndroid(False): MEmu END, initialization successful = True
D [2016-07-19 02:41:04.572] UpdateAndroidConfig("MEmu_1") END
D [2016-07-19 02:41:04.573] Redraw MyBot Window
L [2016-07-19 02:41:04.837] Found installed MEmu 2.5.0
L [2016-07-19 02:41:04.844] Android Emulator Configuration: MEmu (instance MEmu_1)
L [2016-07-19 02:41:07.464] WELCOME CHIEF, YOU HAVE THE LATEST VERSION OF THE BOT
L [2016-07-19 02:41:07.470]  
L [2016-07-19 02:41:07.472] Fully working with May update
L [2016-07-19 02:41:07.474] New GUI and lots of new features
L [2016-07-19 02:41:07.477] For more information, go to 
L [2016-07-19 02:41:07.479] https://mybot.run
L [2016-07-19 02:41:07.482] 
L [2016-07-19 02:41:07.484]  Always free and open source.
D [2016-07-19 02:41:08.795] MyBot.run launch time 14098 ms.
L [2016-07-19 02:50:25.844] Closing Merged My Bot v6.1.4 All In One v2.1.4 (MEmu_1) ...
D [2016-07-19 02:50:25.853] Save Config C:\Users\Amin\Desktop\MyBot.Run\MOD AIO\MyBot-AIO-2.1.4\Profiles\MyVillage\config.ini
D [2016-07-19 02:50:26.287] Save Building Config C:\Users\Amin\Desktop\MyBot.Run\MOD AIO\MyBot-AIO-2.1.4\Profiles\MyVillage\building.ini
