D [2016-07-19 03:45:20.005] @AutoItExe: C:\Program Files (x86)\AutoIt3\AutoIt3.exe
D [2016-07-19 03:45:20.005] @ScriptFullPath: C:\Users\Amin\Desktop\MyBot.Run\MOD AIO\MyBot-AIO-2.1.4\MyBot.run.au3
D [2016-07-19 03:45:20.005] @WorkingDir: C:\Users\Amin\Desktop\MyBot.Run\MOD AIO\MyBot-AIO-2.1.4
D [2016-07-19 03:45:20.005] @AutoItPID: 8904
D [2016-07-19 03:45:20.036] DetectRunningAndroid()
D [2016-07-19 03:45:20.036] UpdateAndroidConfig("MEmu")
D [2016-07-19 03:45:20.037] InitAndroid(False): MEmu
D [2016-07-19 03:45:21.055] Cannot read MEmu guestproperty phone_layout!
D [2016-07-19 03:45:21.055] Searching MEmu Window: Title = 'MEmu 2.', Class = '[CLASS:subWin; INSTANCE:1]', Text = ''
D [2016-07-19 03:45:21.059] MEmu Window not found
D [2016-07-19 03:45:21.060] Android: MEmu
D [2016-07-19 03:45:21.060] Android Config: 0
D [2016-07-19 03:45:21.060] Android Version: 2.5.0
D [2016-07-19 03:45:21.060] Android Instance: MEmu
D [2016-07-19 03:45:21.061] Android Window Title: MEmu 2.
D [2016-07-19 03:45:21.061] Android Program Path: C:\Program Files\Microvirt\MEmu\MEmu.exe
D [2016-07-19 03:45:21.061] Android Program Parameter: MEmu
D [2016-07-19 03:45:21.061] Android ADB Path: C:\Program Files\Microvirt\MEmu\adb.exe
D [2016-07-19 03:45:21.061] Android ADB Device: 127.0.0.1:21503
D [2016-07-19 03:45:21.061] Android ADB Shared Folder: /mnt/shell/emulated/0/Pictures/
D [2016-07-19 03:45:21.062] Android ADB Shared Folder on Host: C:\Users\Amin\Pictures\MEmu Photo\
D [2016-07-19 03:45:21.062] Android ADB Shared SubFolder: mybot.run\
D [2016-07-19 03:45:21.062] Android Mouse Device: Microvirt Virtual Input
D [2016-07-19 03:45:21.062] Android ADB screencap command enabled: True
D [2016-07-19 03:45:21.063] Android ADB input command enabled: False
D [2016-07-19 03:45:21.063] Android ADB Mouse Click enabled: False
D [2016-07-19 03:45:21.063] Android ADB Click Drag enabled: True
D [2016-07-19 03:45:21.063] Searching MEmu Window: Title = 'MEmu 2.', Class = '[CLASS:subWin; INSTANCE:1]', Text = ''
D [2016-07-19 03:45:21.067] MEmu Window not found
D [2016-07-19 03:45:21.067] InitAndroid(False): MEmu END, initialization successful = True
D [2016-07-19 03:45:21.067] UpdateAndroidConfig("MEmu") END
D [2016-07-19 03:45:21.067] GetAndroidRunningInstance: Try to find "C:\Program Files\Microvirt\MEmu\MEmu.exe"
D [2016-07-19 03:45:21.075] ObjGet("winmgmts:\\.\root\cimv2")
D [2016-07-19 03:45:21.075] WMI Query: Select * from Win32_Process where ExecutablePath like "%C:\\Program Files\\Microvirt\\MEmu\\MEmu.exe%"
D [2016-07-19 03:45:21.119] Process by CommandLine not found: C:\Program Files\Microvirt\MEmu\MEmu.exe
D [2016-07-19 03:45:21.120] UpdateAndroidConfig("droid4x")
D [2016-07-19 03:45:21.120] InitAndroid(False): Droid4X
L [2016-07-19 03:45:21.121] Serious error has occurred: Cannot find Droid4X:
L [2016-07-19 03:45:21.121] C:\Program Files (x86)\Droid4X\Droid4X.exe
D [2016-07-19 03:45:21.121] InitAndroid(False): Droid4X END, initialization successful = False
D [2016-07-19 03:45:21.121] UpdateAndroidConfig("droid4x") END
D [2016-07-19 03:45:21.122] UpdateAndroidConfig("nox")
D [2016-07-19 03:45:21.122] InitAndroid(False): Nox
D [2016-07-19 03:45:21.803] Android: Nox
D [2016-07-19 03:45:21.804] Android Config: 2
D [2016-07-19 03:45:21.804] Android Version: 3.1.0.0
D [2016-07-19 03:45:21.804] Android Instance: nox
D [2016-07-19 03:45:21.804] Android Window Title: No
D [2016-07-19 03:45:21.804] Android Program Path: C:\Users\Amin\AppData\Roaming\Nox\bin\Nox.exe
D [2016-07-19 03:45:21.805] Android Program Parameter: -resolution:860x732 -dpi:160 "-clone:nox"
D [2016-07-19 03:45:21.805] Android ADB Path: C:\Program Files\Microvirt\MEmu\adb.exe
D [2016-07-19 03:45:21.805] Android ADB Device: 127.0.0.1:62001
D [2016-07-19 03:45:21.805] Android ADB Shared Folder: /mnt/shared/Other/
D [2016-07-19 03:45:21.806] Android ADB Shared Folder on Host: C:\Users\Amin\Documents\Nox_share\Other\
D [2016-07-19 03:45:21.806] Android ADB Shared SubFolder: mybot.run\
D [2016-07-19 03:45:21.806] Android Mouse Device: nox Virtual Input
D [2016-07-19 03:45:21.806] Android ADB screencap command enabled: True
D [2016-07-19 03:45:21.807] Android ADB input command enabled: False
D [2016-07-19 03:45:21.807] Android ADB Mouse Click enabled: False
D [2016-07-19 03:45:21.807] Android ADB Click Drag enabled: True
D [2016-07-19 03:45:21.807] Searching Nox Window: Title = 'No', Class = '[CLASS:Qt5QWindowIcon;INSTANCE:4]', Text = ''
D [2016-07-19 03:45:21.812] Nox Window not found
D [2016-07-19 03:45:21.812] InitAndroid(False): Nox END, initialization successful = True
D [2016-07-19 03:45:21.812] UpdateAndroidConfig("nox") END
D [2016-07-19 03:45:21.812] GetAndroidRunningInstance: Try to find "C:\Users\Amin\AppData\Roaming\Nox\bin\Nox.exe"
D [2016-07-19 03:45:21.814] ObjGet("winmgmts:\\.\root\cimv2")
D [2016-07-19 03:45:21.814] WMI Query: Select * from Win32_Process where ExecutablePath like "%C:\\Users\\Amin\\AppData\\Roaming\\Nox\\bin\\Nox.exe%"
D [2016-07-19 03:45:21.857] No process found by CommandLine: C:\Users\Amin\AppData\Roaming\Nox\bin\Nox.exe
D [2016-07-19 03:45:21.857] UpdateAndroidConfig("")
D [2016-07-19 03:45:21.857] InitAndroid(False): BlueStacks2
D [2016-07-19 03:45:21.858] BlueStacks2 Engine 'Plus'-Mode: False
D [2016-07-19 03:45:21.858] BlueStacks2 OEM Features: 2754561
D [2016-07-19 03:45:21.858] BlueStacks2 System Bar is not available
D [2016-07-19 03:45:21.859] Searching BlueStacks2 Window: Title = 'BlueStacks ', Class = '[CLASS:BlueStacksApp; INSTANCE:1]', Text = '_ctl.Window'
D [2016-07-19 03:45:21.862] BlueStacks2 Window not found
D [2016-07-19 03:45:21.862] Android: BlueStacks2
D [2016-07-19 03:45:21.863] Android Config: 3
D [2016-07-19 03:45:21.863] Android Version: 2.0.2.5623
D [2016-07-19 03:45:21.863] Android Instance: 
D [2016-07-19 03:45:21.863] Android Window Title: BlueStacks 
D [2016-07-19 03:45:21.863] Android Program Path: C:\Program Files (x86)\BlueStacks\HD-Frontend.exe
D [2016-07-19 03:45:21.864] Android Program Parameter: Android
D [2016-07-19 03:45:21.864] Android ADB Path: C:\Program Files\Microvirt\MEmu\adb.exe
D [2016-07-19 03:45:21.864] Android ADB Device: emulator-5554
D [2016-07-19 03:45:21.864] Android ADB Shared Folder: /storage/sdcard/windows/BstSharedFolder/
D [2016-07-19 03:45:21.864] Android ADB Shared Folder on Host: C:\ProgramData\BlueStacks\UserData\SharedFolder\
D [2016-07-19 03:45:21.865] Android ADB Shared SubFolder: mybot.run\
D [2016-07-19 03:45:21.865] Android Mouse Device: BlueStacks Virtual Touch
D [2016-07-19 03:45:21.865] Android ADB screencap command enabled: False
D [2016-07-19 03:45:21.865] Android ADB input command enabled: False
D [2016-07-19 03:45:21.865] Android ADB Mouse Click enabled: False
D [2016-07-19 03:45:21.865] Android ADB Click Drag enabled: False
D [2016-07-19 03:45:21.866] Searching BlueStacks2 Window: Title = 'BlueStacks ', Class = '[CLASS:BlueStacksApp; INSTANCE:1]', Text = '_ctl.Window'
D [2016-07-19 03:45:21.870] BlueStacks2 Window not found
D [2016-07-19 03:45:21.870] InitAndroid(False): BlueStacks2 END, initialization successful = True
D [2016-07-19 03:45:21.871] UpdateAndroidConfig("") END
D [2016-07-19 03:45:21.871] Searching BlueStacks2 Window: Title = 'BlueStacks ', Class = '[CLASS:BlueStacksApp; INSTANCE:1]', Text = '_ctl.Window'
D [2016-07-19 03:45:21.875] BlueStacks2 Window not found
D [2016-07-19 03:45:21.876] UpdateAndroidConfig("")
D [2016-07-19 03:45:21.877] InitAndroid(False): BlueStacks
D [2016-07-19 03:45:21.877] BlueStacks Engine 'Plus'-Mode: False
D [2016-07-19 03:45:21.877] BlueStacks OEM Features: 2754561
D [2016-07-19 03:45:21.878] BlueStacks System Bar is not available
D [2016-07-19 03:45:21.878] Searching BlueStacks Window: Title = 'BlueStacks App Player', Class = '[CLASS:BlueStacksApp; INSTANCE:1]', Text = '_ctl.Window'
D [2016-07-19 03:45:21.883] BlueStacks Window not found
L [2016-07-19 03:45:21.883] BlueStacks supported version 0.8.x - 0.11.x not found
D [2016-07-19 03:45:21.883] InitAndroid(False): BlueStacks END, initialization successful = False
D [2016-07-19 03:45:21.883] UpdateAndroidConfig("") END
D [2016-07-19 03:45:21.884] UpdateAndroidConfig("MEmu")
D [2016-07-19 03:45:21.884] InitAndroid(False): MEmu
D [2016-07-19 03:45:22.811] Cannot read MEmu guestproperty phone_layout!
D [2016-07-19 03:45:22.812] Searching MEmu Window: Title = 'MEmu 2.', Class = '[CLASS:subWin; INSTANCE:1]', Text = ''
D [2016-07-19 03:45:22.816] MEmu Window not found
D [2016-07-19 03:45:22.816] Android: MEmu
D [2016-07-19 03:45:22.817] Android Config: 0
D [2016-07-19 03:45:22.817] Android Version: 2.5.0
D [2016-07-19 03:45:22.817] Android Instance: MEmu
D [2016-07-19 03:45:22.817] Android Window Title: MEmu 2.
D [2016-07-19 03:45:22.817] Android Program Path: C:\Program Files\Microvirt\MEmu\MEmu.exe
D [2016-07-19 03:45:22.817] Android Program Parameter: MEmu
D [2016-07-19 03:45:22.818] Android ADB Path: C:\Program Files\Microvirt\MEmu\adb.exe
D [2016-07-19 03:45:22.818] Android ADB Device: 127.0.0.1:21503
D [2016-07-19 03:45:22.818] Android ADB Shared Folder: /mnt/shell/emulated/0/Pictures/
D [2016-07-19 03:45:22.818] Android ADB Shared Folder on Host: C:\Users\Amin\Pictures\MEmu Photo\
D [2016-07-19 03:45:22.819] Android ADB Shared SubFolder: mybot.run\
D [2016-07-19 03:45:22.819] Android Mouse Device: Microvirt Virtual Input
D [2016-07-19 03:45:22.819] Android ADB screencap command enabled: True
D [2016-07-19 03:45:22.819] Android ADB input command enabled: False
D [2016-07-19 03:45:22.819] Android ADB Mouse Click enabled: False
D [2016-07-19 03:45:22.819] Android ADB Click Drag enabled: True
D [2016-07-19 03:45:22.820] Searching MEmu Window: Title = 'MEmu 2.', Class = '[CLASS:subWin; INSTANCE:1]', Text = ''
D [2016-07-19 03:45:22.824] MEmu Window not found
D [2016-07-19 03:45:22.824] InitAndroid(False): MEmu END, initialization successful = True
D [2016-07-19 03:45:22.824] UpdateAndroidConfig("MEmu") END
D [2016-07-19 03:45:22.824] Found no running Android Emulator
D [2016-07-19 03:45:22.824] DetectInstalledAndroid()
D [2016-07-19 03:45:22.825] UpdateAndroidConfig("MEmu")
D [2016-07-19 03:45:22.825] InitAndroid(False): MEmu
D [2016-07-19 03:45:23.762] Cannot read MEmu guestproperty phone_layout!
D [2016-07-19 03:45:23.762] Searching MEmu Window: Title = 'MEmu 2.', Class = '[CLASS:subWin; INSTANCE:1]', Text = ''
D [2016-07-19 03:45:23.766] MEmu Window not found
D [2016-07-19 03:45:23.767] Android: MEmu
D [2016-07-19 03:45:23.767] Android Config: 0
D [2016-07-19 03:45:23.767] Android Version: 2.5.0
D [2016-07-19 03:45:23.767] Android Instance: MEmu
D [2016-07-19 03:45:23.767] Android Window Title: MEmu 2.
D [2016-07-19 03:45:23.768] Android Program Path: C:\Program Files\Microvirt\MEmu\MEmu.exe
D [2016-07-19 03:45:23.768] Android Program Parameter: MEmu
D [2016-07-19 03:45:23.768] Android ADB Path: C:\Program Files\Microvirt\MEmu\adb.exe
D [2016-07-19 03:45:23.768] Android ADB Device: 127.0.0.1:21503
D [2016-07-19 03:45:23.768] Android ADB Shared Folder: /mnt/shell/emulated/0/Pictures/
D [2016-07-19 03:45:23.769] Android ADB Shared Folder on Host: C:\Users\Amin\Pictures\MEmu Photo\
D [2016-07-19 03:45:23.769] Android ADB Shared SubFolder: mybot.run\
D [2016-07-19 03:45:23.769] Android Mouse Device: Microvirt Virtual Input
D [2016-07-19 03:45:23.769] Android ADB screencap command enabled: True
D [2016-07-19 03:45:23.770] Android ADB input command enabled: False
D [2016-07-19 03:45:23.770] Android ADB Mouse Click enabled: False
D [2016-07-19 03:45:23.770] Android ADB Click Drag enabled: True
D [2016-07-19 03:45:23.770] Searching MEmu Window: Title = 'MEmu 2.', Class = '[CLASS:subWin; INSTANCE:1]', Text = ''
D [2016-07-19 03:45:23.774] MEmu Window not found
D [2016-07-19 03:45:23.774] InitAndroid(False): MEmu END, initialization successful = True
D [2016-07-19 03:45:23.775] UpdateAndroidConfig("MEmu") END
D [2016-07-19 03:45:23.775] Found installed MEmu 2.5.0
D [2016-07-19 03:45:23.776] My Bot is the only running instance
D [2016-07-19 03:45:27.780] UpdateAndroidConfig("MEmu")
D [2016-07-19 03:45:27.780] InitAndroid(False): MEmu
D [2016-07-19 03:45:28.722] Cannot read MEmu guestproperty phone_layout!
D [2016-07-19 03:45:28.722] Searching MEmu Window: Title = 'MEmu 2.', Class = '[CLASS:subWin; INSTANCE:1]', Text = ''
D [2016-07-19 03:45:28.728] MEmu Window not found
D [2016-07-19 03:45:28.728] Android: MEmu
D [2016-07-19 03:45:28.728] Android Config: 0
D [2016-07-19 03:45:28.728] Android Version: 2.5.0
D [2016-07-19 03:45:28.728] Android Instance: MEmu
D [2016-07-19 03:45:28.729] Android Window Title: MEmu 2.
D [2016-07-19 03:45:28.729] Android Program Path: C:\Program Files\Microvirt\MEmu\MEmu.exe
D [2016-07-19 03:45:28.729] Android Program Parameter: MEmu
D [2016-07-19 03:45:28.729] Android ADB Path: C:\Program Files\Microvirt\MEmu\adb.exe
D [2016-07-19 03:45:28.729] Android ADB Device: 127.0.0.1:21503
D [2016-07-19 03:45:28.729] Android ADB Shared Folder: /mnt/shell/emulated/0/Pictures/
D [2016-07-19 03:45:28.730] Android ADB Shared Folder on Host: C:\Users\Amin\Pictures\MEmu Photo\
D [2016-07-19 03:45:28.730] Android ADB Shared SubFolder: mybot.run\
D [2016-07-19 03:45:28.730] Android Mouse Device: Microvirt Virtual Input
D [2016-07-19 03:45:28.730] Android ADB screencap command enabled: True
D [2016-07-19 03:45:28.730] Android ADB input command enabled: False
D [2016-07-19 03:45:28.731] Android ADB Mouse Click enabled: False
D [2016-07-19 03:45:28.731] Android ADB Click Drag enabled: True
D [2016-07-19 03:45:28.731] Searching MEmu Window: Title = 'MEmu 2.', Class = '[CLASS:subWin; INSTANCE:1]', Text = ''
D [2016-07-19 03:45:28.737] MEmu Window not found
D [2016-07-19 03:45:28.737] InitAndroid(False): MEmu END, initialization successful = True
D [2016-07-19 03:45:28.738] UpdateAndroidConfig("MEmu") END
D [2016-07-19 03:45:28.738] UpdateAndroidConfig("droid4x")
D [2016-07-19 03:45:28.738] InitAndroid(False): Droid4X
L [2016-07-19 03:45:28.739] Serious error has occurred: Cannot find Droid4X:
L [2016-07-19 03:45:28.739] C:\Program Files (x86)\Droid4X\Droid4X.exe
D [2016-07-19 03:45:28.739] InitAndroid(False): Droid4X END, initialization successful = False
D [2016-07-19 03:45:28.739] UpdateAndroidConfig("droid4x") END
D [2016-07-19 03:45:28.739] UpdateAndroidConfig("nox")
D [2016-07-19 03:45:28.740] InitAndroid(False): Nox
D [2016-07-19 03:45:29.438] Android: Nox
D [2016-07-19 03:45:29.438] Android Config: 2
D [2016-07-19 03:45:29.438] Android Version: 3.1.0.0
D [2016-07-19 03:45:29.438] Android Instance: nox
D [2016-07-19 03:45:29.439] Android Window Title: No
D [2016-07-19 03:45:29.439] Android Program Path: C:\Users\Amin\AppData\Roaming\Nox\bin\Nox.exe
D [2016-07-19 03:45:29.439] Android Program Parameter: -resolution:860x732 -dpi:160 "-clone:nox"
D [2016-07-19 03:45:29.439] Android ADB Path: C:\Program Files\Microvirt\MEmu\adb.exe
D [2016-07-19 03:45:29.439] Android ADB Device: 127.0.0.1:62001
D [2016-07-19 03:45:29.439] Android ADB Shared Folder: /mnt/shared/Other/
D [2016-07-19 03:45:29.440] Android ADB Shared Folder on Host: C:\Users\Amin\Documents\Nox_share\Other\
D [2016-07-19 03:45:29.440] Android ADB Shared SubFolder: mybot.run\
D [2016-07-19 03:45:29.440] Android Mouse Device: nox Virtual Input
D [2016-07-19 03:45:29.440] Android ADB screencap command enabled: True
D [2016-07-19 03:45:29.442] Android ADB input command enabled: False
D [2016-07-19 03:45:29.442] Android ADB Mouse Click enabled: False
D [2016-07-19 03:45:29.442] Android ADB Click Drag enabled: True
D [2016-07-19 03:45:29.442] Searching Nox Window: Title = 'No', Class = '[CLASS:Qt5QWindowIcon;INSTANCE:4]', Text = ''
D [2016-07-19 03:45:29.448] Nox Window not found
D [2016-07-19 03:45:29.449] InitAndroid(False): Nox END, initialization successful = True
D [2016-07-19 03:45:29.449] UpdateAndroidConfig("nox") END
D [2016-07-19 03:45:29.449] UpdateAndroidConfig("")
D [2016-07-19 03:45:29.449] InitAndroid(False): BlueStacks2
D [2016-07-19 03:45:29.449] BlueStacks2 Engine 'Plus'-Mode: False
D [2016-07-19 03:45:29.449] BlueStacks2 OEM Features: 2754561
D [2016-07-19 03:45:29.449] BlueStacks2 System Bar is not available
D [2016-07-19 03:45:29.449] Searching BlueStacks2 Window: Title = 'BlueStacks ', Class = '[CLASS:BlueStacksApp; INSTANCE:1]', Text = '_ctl.Window'
D [2016-07-19 03:45:29.455] BlueStacks2 Window not found
D [2016-07-19 03:45:29.455] Android: BlueStacks2
D [2016-07-19 03:45:29.456] Android Config: 3
D [2016-07-19 03:45:29.456] Android Version: 2.0.2.5623
D [2016-07-19 03:45:29.456] Android Instance: 
D [2016-07-19 03:45:29.456] Android Window Title: BlueStacks 
D [2016-07-19 03:45:29.456] Android Program Path: C:\Program Files (x86)\BlueStacks\HD-Frontend.exe
D [2016-07-19 03:45:29.457] Android Program Parameter: Android
D [2016-07-19 03:45:29.457] Android ADB Path: C:\Program Files\Microvirt\MEmu\adb.exe
D [2016-07-19 03:45:29.457] Android ADB Device: emulator-5554
D [2016-07-19 03:45:29.457] Android ADB Shared Folder: /storage/sdcard/windows/BstSharedFolder/
D [2016-07-19 03:45:29.457] Android ADB Shared Folder on Host: C:\ProgramData\BlueStacks\UserData\SharedFolder\
D [2016-07-19 03:45:29.458] Android ADB Shared SubFolder: mybot.run\
D [2016-07-19 03:45:29.458] Android Mouse Device: BlueStacks Virtual Touch
D [2016-07-19 03:45:29.458] Android ADB screencap command enabled: False
D [2016-07-19 03:45:29.458] Android ADB input command enabled: False
D [2016-07-19 03:45:29.458] Android ADB Mouse Click enabled: False
D [2016-07-19 03:45:29.459] Android ADB Click Drag enabled: False
D [2016-07-19 03:45:29.459] Searching BlueStacks2 Window: Title = 'BlueStacks ', Class = '[CLASS:BlueStacksApp; INSTANCE:1]', Text = '_ctl.Window'
D [2016-07-19 03:45:29.465] BlueStacks2 Window not found
D [2016-07-19 03:45:29.465] InitAndroid(False): BlueStacks2 END, initialization successful = True
D [2016-07-19 03:45:29.465] UpdateAndroidConfig("") END
D [2016-07-19 03:45:29.465] UpdateAndroidConfig("")
D [2016-07-19 03:45:29.466] InitAndroid(False): BlueStacks
D [2016-07-19 03:45:29.466] BlueStacks Engine 'Plus'-Mode: False
D [2016-07-19 03:45:29.466] BlueStacks OEM Features: 2754561
D [2016-07-19 03:45:29.467] BlueStacks System Bar is not available
D [2016-07-19 03:45:29.469] Searching BlueStacks Window: Title = 'BlueStacks App Player', Class = '[CLASS:BlueStacksApp; INSTANCE:1]', Text = '_ctl.Window'
D [2016-07-19 03:45:29.474] BlueStacks Window not found
L [2016-07-19 03:45:29.475] BlueStacks supported version 0.8.x - 0.11.x not found
D [2016-07-19 03:45:29.475] InitAndroid(False): BlueStacks END, initialization successful = False
D [2016-07-19 03:45:29.475] UpdateAndroidConfig("") END
D [2016-07-19 03:45:29.475] UpdateAndroidConfig("MEmu")
D [2016-07-19 03:45:29.476] InitAndroid(False): MEmu
D [2016-07-19 03:45:30.416] Cannot read MEmu guestproperty phone_layout!
D [2016-07-19 03:45:30.417] Searching MEmu Window: Title = 'MEmu 2.', Class = '[CLASS:subWin; INSTANCE:1]', Text = ''
D [2016-07-19 03:45:30.423] MEmu Window not found
D [2016-07-19 03:45:30.423] Android: MEmu
D [2016-07-19 03:45:30.424] Android Config: 0
D [2016-07-19 03:45:30.424] Android Version: 2.5.0
D [2016-07-19 03:45:30.424] Android Instance: MEmu
D [2016-07-19 03:45:30.424] Android Window Title: MEmu 2.
D [2016-07-19 03:45:30.424] Android Program Path: C:\Program Files\Microvirt\MEmu\MEmu.exe
D [2016-07-19 03:45:30.425] Android Program Parameter: MEmu
D [2016-07-19 03:45:30.425] Android ADB Path: C:\Program Files\Microvirt\MEmu\adb.exe
D [2016-07-19 03:45:30.425] Android ADB Device: 127.0.0.1:21503
D [2016-07-19 03:45:30.425] Android ADB Shared Folder: /mnt/shell/emulated/0/Pictures/
D [2016-07-19 03:45:30.425] Android ADB Shared Folder on Host: C:\Users\Amin\Pictures\MEmu Photo\
D [2016-07-19 03:45:30.426] Android ADB Shared SubFolder: mybot.run\
D [2016-07-19 03:45:30.426] Android Mouse Device: Microvirt Virtual Input
D [2016-07-19 03:45:30.426] Android ADB screencap command enabled: True
D [2016-07-19 03:45:30.426] Android ADB input command enabled: False
D [2016-07-19 03:45:30.426] Android ADB Mouse Click enabled: False
D [2016-07-19 03:45:30.427] Android ADB Click Drag enabled: True
D [2016-07-19 03:45:30.427] Searching MEmu Window: Title = 'MEmu 2.', Class = '[CLASS:subWin; INSTANCE:1]', Text = ''
D [2016-07-19 03:45:30.432] MEmu Window not found
D [2016-07-19 03:45:30.432] InitAndroid(False): MEmu END, initialization successful = True
D [2016-07-19 03:45:30.432] UpdateAndroidConfig("MEmu") END
D [2016-07-19 03:45:31.065] Read Building Config C:\Users\Amin\Desktop\MyBot.Run\MOD AIO\MyBot-AIO-2.1.4\Profiles\MyVillage\building.ini
D [2016-07-19 03:45:31.077] Read Config C:\Users\Amin\Desktop\MyBot.Run\MOD AIO\MyBot-AIO-2.1.4\Profiles\MyVillage\config.ini
D [2016-07-19 03:45:31.131] Apply Config
D [2016-07-19 03:45:31.264] UpdateAndroidConfig("MEmu_1")
D [2016-07-19 03:45:31.264] InitAndroid(False): MEmu
D [2016-07-19 03:45:32.204] Cannot read MEmu guestproperty phone_layout!
D [2016-07-19 03:45:32.204] Searching MEmu Window: Title = 'MEmu 2.', Class = '[CLASS:subWin; INSTANCE:1]', Text = ''
D [2016-07-19 03:45:32.210] MEmu Window not found
D [2016-07-19 03:45:32.210] Android: MEmu
D [2016-07-19 03:45:32.210] Android Config: 0
D [2016-07-19 03:45:32.210] Android Version: 2.5.0
D [2016-07-19 03:45:32.211] Android Instance: MEmu_1
D [2016-07-19 03:45:32.211] Android Window Title: MEmu 2.
D [2016-07-19 03:45:32.211] Android Program Path: C:\Program Files\Microvirt\MEmu\MEmu.exe
D [2016-07-19 03:45:32.211] Android Program Parameter: MEmu_1
D [2016-07-19 03:45:32.211] Android ADB Path: C:\Program Files\Microvirt\MEmu\adb.exe
D [2016-07-19 03:45:32.212] Android ADB Device: 127.0.0.1:21513
D [2016-07-19 03:45:32.212] Android ADB Shared Folder: /mnt/shell/emulated/0/Pictures/
D [2016-07-19 03:45:32.212] Android ADB Shared Folder on Host: C:\Users\Amin\Pictures\MEmu Photo\
D [2016-07-19 03:45:32.212] Android ADB Shared SubFolder: mybot.run\
D [2016-07-19 03:45:32.213] Android Mouse Device: Microvirt Virtual Input
D [2016-07-19 03:45:32.213] Android ADB screencap command enabled: True
D [2016-07-19 03:45:32.213] Android ADB input command enabled: False
D [2016-07-19 03:45:32.213] Android ADB Mouse Click enabled: False
D [2016-07-19 03:45:32.213] Android ADB Click Drag enabled: True
D [2016-07-19 03:45:32.214] Searching MEmu Window: Title = 'MEmu 2.', Class = '[CLASS:subWin; INSTANCE:1]', Text = ''
D [2016-07-19 03:45:32.222] MEmu Window not found
D [2016-07-19 03:45:32.222] InitAndroid(False): MEmu END, initialization successful = True
D [2016-07-19 03:45:32.223] UpdateAndroidConfig("MEmu_1") END
D [2016-07-19 03:45:32.224] Redraw MyBot Window
L [2016-07-19 03:45:32.897] Found installed MEmu 2.5.0
L [2016-07-19 03:45:32.903] Android Emulator Configuration: MEmu (instance MEmu_1)
L [2016-07-19 03:45:35.695] WELCOME CHIEF, YOU HAVE THE LATEST VERSION OF THE BOT
L [2016-07-19 03:45:35.698]  
L [2016-07-19 03:45:35.701] Fully working with May update
L [2016-07-19 03:45:35.704] New GUI and lots of new features
L [2016-07-19 03:45:35.706] For more information, go to 
L [2016-07-19 03:45:35.709] https://mybot.run
L [2016-07-19 03:45:35.711] 
L [2016-07-19 03:45:35.715]  Always free and open source.
D [2016-07-19 03:45:37.019] MyBot.run launch time 17023 ms.
L [2016-07-19 03:46:46.933] Closing Merged My Bot v6.1.4 All In One v2.1.4 (MEmu_1) ...
D [2016-07-19 03:46:46.942] Save Config C:\Users\Amin\Desktop\MyBot.Run\MOD AIO\MyBot-AIO-2.1.4\Profiles\MyVillage\config.ini
D [2016-07-19 03:46:47.371] Save Building Config C:\Users\Amin\Desktop\MyBot.Run\MOD AIO\MyBot-AIO-2.1.4\Profiles\MyVillage\building.ini
