D [2016-07-14 16:56:19.438] @AutoItExe: C:\Program Files (x86)\AutoIt3\AutoIt3.exe
D [2016-07-14 16:56:19.439] @ScriptFullPath: C:\Users\Amin\Desktop\MyBot.Run\MOD AIO\MyBot-AIO-2.1.3+Latest Fix-With-LimitDonations-byCutidudz\MyBot.run.au3
D [2016-07-14 16:56:19.439] @WorkingDir: C:\Users\Amin\Desktop\MyBot.Run\MOD AIO\MyBot-AIO-2.1.3+Latest Fix-With-LimitDonations-byCutidudz
D [2016-07-14 16:56:19.440] @AutoItPID: 11236
D [2016-07-14 16:56:19.460] DetectRunningAndroid()
D [2016-07-14 16:56:19.460] UpdateAndroidConfig("MEmu")
D [2016-07-14 16:56:19.461] InitAndroid(False): MEmu
D [2016-07-14 16:56:20.449] Cannot read MEmu guestproperty phone_layout!
D [2016-07-14 16:56:20.449] Searching MEmu Window: Title = 'MEmu 2.', Class = '[CLASS:subWin; INSTANCE:1]', Text = ''
D [2016-07-14 16:56:20.451] MEmu Window not found
D [2016-07-14 16:56:20.451] Android: MEmu
D [2016-07-14 16:56:20.451] Android Config: 0
D [2016-07-14 16:56:20.452] Android Version: 2.5.0
D [2016-07-14 16:56:20.452] Android Instance: MEmu
D [2016-07-14 16:56:20.452] Android Window Title: MEmu 2.
D [2016-07-14 16:56:20.452] Android Program Path: C:\Program Files\Microvirt\MEmu\MEmu.exe
D [2016-07-14 16:56:20.452] Android Program Parameter: MEmu
D [2016-07-14 16:56:20.453] Android ADB Path: C:\Program Files\Microvirt\MEmu\adb.exe
D [2016-07-14 16:56:20.453] Android ADB Device: 127.0.0.1:21503
D [2016-07-14 16:56:20.453] Android ADB Shared Folder: /mnt/shell/emulated/0/Pictures/
D [2016-07-14 16:56:20.453] Android ADB Shared Folder on Host: C:\Users\Amin\Pictures\MEmu Photo\
D [2016-07-14 16:56:20.454] Android ADB Shared SubFolder: mybot.run\
D [2016-07-14 16:56:20.454] Android Mouse Device: Microvirt Virtual Input
D [2016-07-14 16:56:20.454] Android ADB screencap command enabled: True
D [2016-07-14 16:56:20.454] Android ADB input command enabled: False
D [2016-07-14 16:56:20.454] Android ADB Mouse Click enabled: False
D [2016-07-14 16:56:20.455] Android ADB Click Drag enabled: True
D [2016-07-14 16:56:20.455] Searching MEmu Window: Title = 'MEmu 2.', Class = '[CLASS:subWin; INSTANCE:1]', Text = ''
D [2016-07-14 16:56:20.456] MEmu Window not found
D [2016-07-14 16:56:20.456] InitAndroid(False): MEmu END, initialization successful = True
D [2016-07-14 16:56:20.456] UpdateAndroidConfig("MEmu") END
D [2016-07-14 16:56:20.457] GetAndroidRunningInstance: Try to find "C:\Program Files\Microvirt\MEmu\MEmu.exe"
D [2016-07-14 16:56:20.463] ObjGet("winmgmts:\\.\root\cimv2")
D [2016-07-14 16:56:20.463] WMI Query: Select * from Win32_Process where ExecutablePath like "%C:\\Program Files\\Microvirt\\MEmu\\MEmu.exe%"
D [2016-07-14 16:56:20.510] Process by CommandLine not found: C:\Program Files\Microvirt\MEmu\MEmu.exe
D [2016-07-14 16:56:20.510] UpdateAndroidConfig("droid4x")
D [2016-07-14 16:56:20.511] InitAndroid(False): Droid4X
L [2016-07-14 16:56:20.511] Serious error has occurred: Cannot find Droid4X:
L [2016-07-14 16:56:20.512] C:\Program Files (x86)\Droid4X\Droid4X.exe
D [2016-07-14 16:56:20.512] InitAndroid(False): Droid4X END, initialization successful = False
D [2016-07-14 16:56:20.512] UpdateAndroidConfig("droid4x") END
D [2016-07-14 16:56:20.512] UpdateAndroidConfig("nox")
D [2016-07-14 16:56:20.513] InitAndroid(False): Nox
D [2016-07-14 16:56:21.181] Android: Nox
D [2016-07-14 16:56:21.181] Android Config: 2
D [2016-07-14 16:56:21.181] Android Version: 3.1.0.0
D [2016-07-14 16:56:21.181] Android Instance: nox
D [2016-07-14 16:56:21.181] Android Window Title: No
D [2016-07-14 16:56:21.182] Android Program Path: C:\Users\Amin\AppData\Roaming\Nox\bin\Nox.exe
D [2016-07-14 16:56:21.182] Android Program Parameter: -resolution:860x732 -dpi:160 "-clone:nox"
D [2016-07-14 16:56:21.182] Android ADB Path: C:\Program Files\Microvirt\MEmu\adb.exe
D [2016-07-14 16:56:21.182] Android ADB Device: 127.0.0.1:62001
D [2016-07-14 16:56:21.182] Android ADB Shared Folder: /mnt/shared/Other/
D [2016-07-14 16:56:21.183] Android ADB Shared Folder on Host: C:\Users\Amin\Documents\Nox_share\Other\
D [2016-07-14 16:56:21.183] Android ADB Shared SubFolder: mybot.run\
D [2016-07-14 16:56:21.183] Android Mouse Device: nox Virtual Input
D [2016-07-14 16:56:21.183] Android ADB screencap command enabled: True
D [2016-07-14 16:56:21.183] Android ADB input command enabled: False
D [2016-07-14 16:56:21.184] Android ADB Mouse Click enabled: False
D [2016-07-14 16:56:21.184] Android ADB Click Drag enabled: True
D [2016-07-14 16:56:21.184] Searching Nox Window: Title = 'No', Class = '[CLASS:Qt5QWindowIcon;INSTANCE:4]', Text = ''
D [2016-07-14 16:56:21.186] Nox Window not found
D [2016-07-14 16:56:21.186] InitAndroid(False): Nox END, initialization successful = True
D [2016-07-14 16:56:21.186] UpdateAndroidConfig("nox") END
D [2016-07-14 16:56:21.186] GetAndroidRunningInstance: Try to find "C:\Users\Amin\AppData\Roaming\Nox\bin\Nox.exe"
D [2016-07-14 16:56:21.188] ObjGet("winmgmts:\\.\root\cimv2")
D [2016-07-14 16:56:21.188] WMI Query: Select * from Win32_Process where ExecutablePath like "%C:\\Users\\Amin\\AppData\\Roaming\\Nox\\bin\\Nox.exe%"
D [2016-07-14 16:56:21.232] No process found by CommandLine: C:\Users\Amin\AppData\Roaming\Nox\bin\Nox.exe
D [2016-07-14 16:56:21.232] UpdateAndroidConfig("")
D [2016-07-14 16:56:21.233] InitAndroid(False): BlueStacks2
D [2016-07-14 16:56:21.233] BlueStacks2 Engine 'Plus'-Mode: False
D [2016-07-14 16:56:21.234] BlueStacks2 OEM Features: 2754561
D [2016-07-14 16:56:21.234] BlueStacks2 System Bar is not available
D [2016-07-14 16:56:21.234] Searching BlueStacks2 Window: Title = 'BlueStacks ', Class = '[CLASS:BlueStacksApp; INSTANCE:1]', Text = '_ctl.Window'
D [2016-07-14 16:56:21.235] BlueStacks2 Window not found
D [2016-07-14 16:56:21.236] Android: BlueStacks2
D [2016-07-14 16:56:21.236] Android Config: 3
D [2016-07-14 16:56:21.236] Android Version: 2.0.2.5623
D [2016-07-14 16:56:21.236] Android Instance: 
D [2016-07-14 16:56:21.236] Android Window Title: BlueStacks 
D [2016-07-14 16:56:21.236] Android Program Path: C:\Program Files (x86)\BlueStacks\HD-Frontend.exe
D [2016-07-14 16:56:21.237] Android Program Parameter: Android
D [2016-07-14 16:56:21.237] Android ADB Path: C:\Program Files\Microvirt\MEmu\adb.exe
D [2016-07-14 16:56:21.237] Android ADB Device: emulator-5554
D [2016-07-14 16:56:21.237] Android ADB Shared Folder: /storage/sdcard/windows/BstSharedFolder/
D [2016-07-14 16:56:21.238] Android ADB Shared Folder on Host: C:\ProgramData\BlueStacks\UserData\SharedFolder\
D [2016-07-14 16:56:21.238] Android ADB Shared SubFolder: mybot.run\
D [2016-07-14 16:56:21.238] Android Mouse Device: BlueStacks Virtual Touch
D [2016-07-14 16:56:21.238] Android ADB screencap command enabled: False
D [2016-07-14 16:56:21.238] Android ADB input command enabled: False
D [2016-07-14 16:56:21.239] Android ADB Mouse Click enabled: False
D [2016-07-14 16:56:21.239] Android ADB Click Drag enabled: False
D [2016-07-14 16:56:21.239] Searching BlueStacks2 Window: Title = 'BlueStacks ', Class = '[CLASS:BlueStacksApp; INSTANCE:1]', Text = '_ctl.Window'
D [2016-07-14 16:56:21.240] BlueStacks2 Window not found
D [2016-07-14 16:56:21.240] InitAndroid(False): BlueStacks2 END, initialization successful = True
D [2016-07-14 16:56:21.241] UpdateAndroidConfig("") END
D [2016-07-14 16:56:21.241] Searching BlueStacks2 Window: Title = 'BlueStacks ', Class = '[CLASS:BlueStacksApp; INSTANCE:1]', Text = '_ctl.Window'
D [2016-07-14 16:56:21.243] BlueStacks2 Window not found
D [2016-07-14 16:56:21.244] UpdateAndroidConfig("")
D [2016-07-14 16:56:21.244] InitAndroid(False): BlueStacks
D [2016-07-14 16:56:21.244] BlueStacks Engine 'Plus'-Mode: False
D [2016-07-14 16:56:21.245] BlueStacks OEM Features: 2754561
D [2016-07-14 16:56:21.245] BlueStacks System Bar is not available
D [2016-07-14 16:56:21.245] Searching BlueStacks Window: Title = 'BlueStacks App Player', Class = '[CLASS:BlueStacksApp; INSTANCE:1]', Text = '_ctl.Window'
D [2016-07-14 16:56:21.246] BlueStacks Window not found
L [2016-07-14 16:56:21.247] BlueStacks supported version 0.8.x - 0.11.x not found
D [2016-07-14 16:56:21.247] InitAndroid(False): BlueStacks END, initialization successful = False
D [2016-07-14 16:56:21.247] UpdateAndroidConfig("") END
D [2016-07-14 16:56:21.247] UpdateAndroidConfig("MEmu")
D [2016-07-14 16:56:21.248] InitAndroid(False): MEmu
D [2016-07-14 16:56:22.188] Cannot read MEmu guestproperty phone_layout!
D [2016-07-14 16:56:22.188] Searching MEmu Window: Title = 'MEmu 2.', Class = '[CLASS:subWin; INSTANCE:1]', Text = ''
D [2016-07-14 16:56:22.190] MEmu Window not found
D [2016-07-14 16:56:22.190] Android: MEmu
D [2016-07-14 16:56:22.190] Android Config: 0
D [2016-07-14 16:56:22.191] Android Version: 2.5.0
D [2016-07-14 16:56:22.191] Android Instance: MEmu
D [2016-07-14 16:56:22.191] Android Window Title: MEmu 2.
D [2016-07-14 16:56:22.191] Android Program Path: C:\Program Files\Microvirt\MEmu\MEmu.exe
D [2016-07-14 16:56:22.191] Android Program Parameter: MEmu
D [2016-07-14 16:56:22.192] Android ADB Path: C:\Program Files\Microvirt\MEmu\adb.exe
D [2016-07-14 16:56:22.192] Android ADB Device: 127.0.0.1:21503
D [2016-07-14 16:56:22.192] Android ADB Shared Folder: /mnt/shell/emulated/0/Pictures/
D [2016-07-14 16:56:22.192] Android ADB Shared Folder on Host: C:\Users\Amin\Pictures\MEmu Photo\
D [2016-07-14 16:56:22.193] Android ADB Shared SubFolder: mybot.run\
D [2016-07-14 16:56:22.193] Android Mouse Device: Microvirt Virtual Input
D [2016-07-14 16:56:22.193] Android ADB screencap command enabled: True
D [2016-07-14 16:56:22.193] Android ADB input command enabled: False
D [2016-07-14 16:56:22.193] Android ADB Mouse Click enabled: False
D [2016-07-14 16:56:22.194] Android ADB Click Drag enabled: True
D [2016-07-14 16:56:22.194] Searching MEmu Window: Title = 'MEmu 2.', Class = '[CLASS:subWin; INSTANCE:1]', Text = ''
D [2016-07-14 16:56:22.195] MEmu Window not found
D [2016-07-14 16:56:22.195] InitAndroid(False): MEmu END, initialization successful = True
D [2016-07-14 16:56:22.195] UpdateAndroidConfig("MEmu") END
D [2016-07-14 16:56:22.196] Found no running Android Emulator
D [2016-07-14 16:56:22.196] DetectInstalledAndroid()
D [2016-07-14 16:56:22.196] UpdateAndroidConfig("MEmu")
D [2016-07-14 16:56:22.196] InitAndroid(False): MEmu
D [2016-07-14 16:56:23.104] Cannot read MEmu guestproperty phone_layout!
D [2016-07-14 16:56:23.104] Searching MEmu Window: Title = 'MEmu 2.', Class = '[CLASS:subWin; INSTANCE:1]', Text = ''
D [2016-07-14 16:56:23.106] MEmu Window not found
D [2016-07-14 16:56:23.106] Android: MEmu
D [2016-07-14 16:56:23.106] Android Config: 0
D [2016-07-14 16:56:23.106] Android Version: 2.5.0
D [2016-07-14 16:56:23.106] Android Instance: MEmu
D [2016-07-14 16:56:23.107] Android Window Title: MEmu 2.
D [2016-07-14 16:56:23.107] Android Program Path: C:\Program Files\Microvirt\MEmu\MEmu.exe
D [2016-07-14 16:56:23.107] Android Program Parameter: MEmu
D [2016-07-14 16:56:23.107] Android ADB Path: C:\Program Files\Microvirt\MEmu\adb.exe
D [2016-07-14 16:56:23.107] Android ADB Device: 127.0.0.1:21503
D [2016-07-14 16:56:23.108] Android ADB Shared Folder: /mnt/shell/emulated/0/Pictures/
D [2016-07-14 16:56:23.108] Android ADB Shared Folder on Host: C:\Users\Amin\Pictures\MEmu Photo\
D [2016-07-14 16:56:23.108] Android ADB Shared SubFolder: mybot.run\
D [2016-07-14 16:56:23.108] Android Mouse Device: Microvirt Virtual Input
D [2016-07-14 16:56:23.108] Android ADB screencap command enabled: True
D [2016-07-14 16:56:23.109] Android ADB input command enabled: False
D [2016-07-14 16:56:23.109] Android ADB Mouse Click enabled: False
D [2016-07-14 16:56:23.109] Android ADB Click Drag enabled: True
D [2016-07-14 16:56:23.109] Searching MEmu Window: Title = 'MEmu 2.', Class = '[CLASS:subWin; INSTANCE:1]', Text = ''
D [2016-07-14 16:56:23.110] MEmu Window not found
D [2016-07-14 16:56:23.111] InitAndroid(False): MEmu END, initialization successful = True
D [2016-07-14 16:56:23.111] UpdateAndroidConfig("MEmu") END
D [2016-07-14 16:56:23.111] Found installed MEmu 2.5.0
D [2016-07-14 16:56:23.112] My Bot is the only running instance
D [2016-07-14 16:56:25.332] UpdateAndroidConfig("MEmu")
D [2016-07-14 16:56:25.332] InitAndroid(False): MEmu
D [2016-07-14 16:56:26.271] Cannot read MEmu guestproperty phone_layout!
D [2016-07-14 16:56:26.271] Searching MEmu Window: Title = 'MEmu 2.', Class = '[CLASS:subWin; INSTANCE:1]', Text = ''
D [2016-07-14 16:56:26.274] MEmu Window not found
D [2016-07-14 16:56:26.274] Android: MEmu
D [2016-07-14 16:56:26.274] Android Config: 0
D [2016-07-14 16:56:26.275] Android Version: 2.5.0
D [2016-07-14 16:56:26.275] Android Instance: MEmu
D [2016-07-14 16:56:26.275] Android Window Title: MEmu 2.
D [2016-07-14 16:56:26.275] Android Program Path: C:\Program Files\Microvirt\MEmu\MEmu.exe
D [2016-07-14 16:56:26.275] Android Program Parameter: MEmu
D [2016-07-14 16:56:26.276] Android ADB Path: C:\Program Files\Microvirt\MEmu\adb.exe
D [2016-07-14 16:56:26.276] Android ADB Device: 127.0.0.1:21503
D [2016-07-14 16:56:26.276] Android ADB Shared Folder: /mnt/shell/emulated/0/Pictures/
D [2016-07-14 16:56:26.276] Android ADB Shared Folder on Host: C:\Users\Amin\Pictures\MEmu Photo\
D [2016-07-14 16:56:26.277] Android ADB Shared SubFolder: mybot.run\
D [2016-07-14 16:56:26.277] Android Mouse Device: Microvirt Virtual Input
D [2016-07-14 16:56:26.277] Android ADB screencap command enabled: True
D [2016-07-14 16:56:26.277] Android ADB input command enabled: False
D [2016-07-14 16:56:26.277] Android ADB Mouse Click enabled: False
D [2016-07-14 16:56:26.277] Android ADB Click Drag enabled: True
D [2016-07-14 16:56:26.278] Searching MEmu Window: Title = 'MEmu 2.', Class = '[CLASS:subWin; INSTANCE:1]', Text = ''
D [2016-07-14 16:56:26.282] MEmu Window not found
D [2016-07-14 16:56:26.282] InitAndroid(False): MEmu END, initialization successful = True
D [2016-07-14 16:56:26.282] UpdateAndroidConfig("MEmu") END
D [2016-07-14 16:56:26.282] UpdateAndroidConfig("droid4x")
D [2016-07-14 16:56:26.282] InitAndroid(False): Droid4X
L [2016-07-14 16:56:26.283] Serious error has occurred: Cannot find Droid4X:
L [2016-07-14 16:56:26.283] C:\Program Files (x86)\Droid4X\Droid4X.exe
D [2016-07-14 16:56:26.284] InitAndroid(False): Droid4X END, initialization successful = False
D [2016-07-14 16:56:26.284] UpdateAndroidConfig("droid4x") END
D [2016-07-14 16:56:26.284] UpdateAndroidConfig("nox")
D [2016-07-14 16:56:26.284] InitAndroid(False): Nox
D [2016-07-14 16:56:26.978] Android: Nox
D [2016-07-14 16:56:26.979] Android Config: 2
D [2016-07-14 16:56:26.979] Android Version: 3.1.0.0
D [2016-07-14 16:56:26.979] Android Instance: nox
D [2016-07-14 16:56:26.979] Android Window Title: No
D [2016-07-14 16:56:26.979] Android Program Path: C:\Users\Amin\AppData\Roaming\Nox\bin\Nox.exe
D [2016-07-14 16:56:26.980] Android Program Parameter: -resolution:860x732 -dpi:160 "-clone:nox"
D [2016-07-14 16:56:26.980] Android ADB Path: C:\Program Files\Microvirt\MEmu\adb.exe
D [2016-07-14 16:56:26.980] Android ADB Device: 127.0.0.1:62001
D [2016-07-14 16:56:26.980] Android ADB Shared Folder: /mnt/shared/Other/
D [2016-07-14 16:56:26.981] Android ADB Shared Folder on Host: C:\Users\Amin\Documents\Nox_share\Other\
D [2016-07-14 16:56:26.981] Android ADB Shared SubFolder: mybot.run\
D [2016-07-14 16:56:26.981] Android Mouse Device: nox Virtual Input
D [2016-07-14 16:56:26.981] Android ADB screencap command enabled: True
D [2016-07-14 16:56:26.981] Android ADB input command enabled: False
D [2016-07-14 16:56:26.981] Android ADB Mouse Click enabled: False
D [2016-07-14 16:56:26.982] Android ADB Click Drag enabled: True
D [2016-07-14 16:56:26.982] Searching Nox Window: Title = 'No', Class = '[CLASS:Qt5QWindowIcon;INSTANCE:4]', Text = ''
D [2016-07-14 16:56:26.985] Nox Window not found
D [2016-07-14 16:56:26.985] InitAndroid(False): Nox END, initialization successful = True
D [2016-07-14 16:56:26.985] UpdateAndroidConfig("nox") END
D [2016-07-14 16:56:26.985] UpdateAndroidConfig("")
D [2016-07-14 16:56:26.986] InitAndroid(False): BlueStacks2
D [2016-07-14 16:56:26.986] BlueStacks2 Engine 'Plus'-Mode: False
D [2016-07-14 16:56:26.987] BlueStacks2 OEM Features: 2754561
D [2016-07-14 16:56:26.988] BlueStacks2 System Bar is not available
D [2016-07-14 16:56:26.988] Searching BlueStacks2 Window: Title = 'BlueStacks ', Class = '[CLASS:BlueStacksApp; INSTANCE:1]', Text = '_ctl.Window'
D [2016-07-14 16:56:26.991] BlueStacks2 Window not found
D [2016-07-14 16:56:26.991] Android: BlueStacks2
D [2016-07-14 16:56:26.991] Android Config: 3
D [2016-07-14 16:56:26.991] Android Version: 2.0.2.5623
D [2016-07-14 16:56:26.992] Android Instance: 
D [2016-07-14 16:56:26.992] Android Window Title: BlueStacks 
D [2016-07-14 16:56:26.992] Android Program Path: C:\Program Files (x86)\BlueStacks\HD-Frontend.exe
D [2016-07-14 16:56:26.992] Android Program Parameter: Android
D [2016-07-14 16:56:26.992] Android ADB Path: C:\Program Files\Microvirt\MEmu\adb.exe
D [2016-07-14 16:56:26.992] Android ADB Device: emulator-5554
D [2016-07-14 16:56:26.993] Android ADB Shared Folder: /storage/sdcard/windows/BstSharedFolder/
D [2016-07-14 16:56:26.993] Android ADB Shared Folder on Host: C:\ProgramData\BlueStacks\UserData\SharedFolder\
D [2016-07-14 16:56:26.993] Android ADB Shared SubFolder: mybot.run\
D [2016-07-14 16:56:26.993] Android Mouse Device: BlueStacks Virtual Touch
D [2016-07-14 16:56:26.994] Android ADB screencap command enabled: False
D [2016-07-14 16:56:26.994] Android ADB input command enabled: False
D [2016-07-14 16:56:26.994] Android ADB Mouse Click enabled: False
D [2016-07-14 16:56:26.994] Android ADB Click Drag enabled: False
D [2016-07-14 16:56:26.994] Searching BlueStacks2 Window: Title = 'BlueStacks ', Class = '[CLASS:BlueStacksApp; INSTANCE:1]', Text = '_ctl.Window'
D [2016-07-14 16:56:26.997] BlueStacks2 Window not found
D [2016-07-14 16:56:26.997] InitAndroid(False): BlueStacks2 END, initialization successful = True
D [2016-07-14 16:56:26.998] UpdateAndroidConfig("") END
D [2016-07-14 16:56:26.998] UpdateAndroidConfig("")
D [2016-07-14 16:56:26.998] InitAndroid(False): BlueStacks
D [2016-07-14 16:56:26.999] BlueStacks Engine 'Plus'-Mode: False
D [2016-07-14 16:56:26.999] BlueStacks OEM Features: 2754561
D [2016-07-14 16:56:26.999] BlueStacks System Bar is not available
D [2016-07-14 16:56:26.999] Searching BlueStacks Window: Title = 'BlueStacks App Player', Class = '[CLASS:BlueStacksApp; INSTANCE:1]', Text = '_ctl.Window'
D [2016-07-14 16:56:27.003] BlueStacks Window not found
L [2016-07-14 16:56:27.003] BlueStacks supported version 0.8.x - 0.11.x not found
D [2016-07-14 16:56:27.004] InitAndroid(False): BlueStacks END, initialization successful = False
D [2016-07-14 16:56:27.004] UpdateAndroidConfig("") END
D [2016-07-14 16:56:27.004] UpdateAndroidConfig("MEmu")
D [2016-07-14 16:56:27.004] InitAndroid(False): MEmu
D [2016-07-14 16:56:27.947] Cannot read MEmu guestproperty phone_layout!
D [2016-07-14 16:56:27.947] Searching MEmu Window: Title = 'MEmu 2.', Class = '[CLASS:subWin; INSTANCE:1]', Text = ''
D [2016-07-14 16:56:27.950] MEmu Window not found
D [2016-07-14 16:56:27.950] Android: MEmu
D [2016-07-14 16:56:27.950] Android Config: 0
D [2016-07-14 16:56:27.951] Android Version: 2.5.0
D [2016-07-14 16:56:27.951] Android Instance: MEmu
D [2016-07-14 16:56:27.951] Android Window Title: MEmu 2.
D [2016-07-14 16:56:27.951] Android Program Path: C:\Program Files\Microvirt\MEmu\MEmu.exe
D [2016-07-14 16:56:27.951] Android Program Parameter: MEmu
D [2016-07-14 16:56:27.952] Android ADB Path: C:\Program Files\Microvirt\MEmu\adb.exe
D [2016-07-14 16:56:27.952] Android ADB Device: 127.0.0.1:21503
D [2016-07-14 16:56:27.952] Android ADB Shared Folder: /mnt/shell/emulated/0/Pictures/
D [2016-07-14 16:56:27.952] Android ADB Shared Folder on Host: C:\Users\Amin\Pictures\MEmu Photo\
D [2016-07-14 16:56:27.952] Android ADB Shared SubFolder: mybot.run\
D [2016-07-14 16:56:27.953] Android Mouse Device: Microvirt Virtual Input
D [2016-07-14 16:56:27.953] Android ADB screencap command enabled: True
D [2016-07-14 16:56:27.953] Android ADB input command enabled: False
D [2016-07-14 16:56:27.953] Android ADB Mouse Click enabled: False
D [2016-07-14 16:56:27.953] Android ADB Click Drag enabled: True
D [2016-07-14 16:56:27.954] Searching MEmu Window: Title = 'MEmu 2.', Class = '[CLASS:subWin; INSTANCE:1]', Text = ''
D [2016-07-14 16:56:27.958] MEmu Window not found
D [2016-07-14 16:56:27.958] InitAndroid(False): MEmu END, initialization successful = True
D [2016-07-14 16:56:27.958] UpdateAndroidConfig("MEmu") END
D [2016-07-14 16:56:28.314] Read Building Config C:\Users\Amin\Desktop\MyBot.Run\MOD AIO\MyBot-AIO-2.1.3+Latest Fix-With-LimitDonations-byCutidudz\Profiles\MyVillage\building.ini
D [2016-07-14 16:56:28.325] Read Config C:\Users\Amin\Desktop\MyBot.Run\MOD AIO\MyBot-AIO-2.1.3+Latest Fix-With-LimitDonations-byCutidudz\Profiles\MyVillage\config.ini
D [2016-07-14 16:56:28.383] Apply Config
D [2016-07-14 16:56:28.468] UpdateAndroidConfig("MEmu")
D [2016-07-14 16:56:28.469] InitAndroid(False): MEmu
D [2016-07-14 16:56:29.408] Cannot read MEmu guestproperty phone_layout!
D [2016-07-14 16:56:29.409] Searching MEmu Window: Title = 'MEmu 2.', Class = '[CLASS:subWin; INSTANCE:1]', Text = ''
D [2016-07-14 16:56:29.412] MEmu Window not found
D [2016-07-14 16:56:29.413] Android: MEmu
D [2016-07-14 16:56:29.413] Android Config: 0
D [2016-07-14 16:56:29.413] Android Version: 2.5.0
D [2016-07-14 16:56:29.413] Android Instance: MEmu
D [2016-07-14 16:56:29.413] Android Window Title: MEmu 2.
D [2016-07-14 16:56:29.414] Android Program Path: C:\Program Files\Microvirt\MEmu\MEmu.exe
D [2016-07-14 16:56:29.414] Android Program Parameter: MEmu
D [2016-07-14 16:56:29.414] Android ADB Path: C:\Program Files\Microvirt\MEmu\adb.exe
D [2016-07-14 16:56:29.414] Android ADB Device: 127.0.0.1:21503
D [2016-07-14 16:56:29.414] Android ADB Shared Folder: /mnt/shell/emulated/0/Pictures/
D [2016-07-14 16:56:29.415] Android ADB Shared Folder on Host: C:\Users\Amin\Pictures\MEmu Photo\
D [2016-07-14 16:56:29.415] Android ADB Shared SubFolder: mybot.run\
D [2016-07-14 16:56:29.415] Android Mouse Device: Microvirt Virtual Input
D [2016-07-14 16:56:29.415] Android ADB screencap command enabled: True
D [2016-07-14 16:56:29.416] Android ADB input command enabled: False
D [2016-07-14 16:56:29.416] Android ADB Mouse Click enabled: False
D [2016-07-14 16:56:29.416] Android ADB Click Drag enabled: True
D [2016-07-14 16:56:29.416] Searching MEmu Window: Title = 'MEmu 2.', Class = '[CLASS:subWin; INSTANCE:1]', Text = ''
D [2016-07-14 16:56:29.421] MEmu Window not found
D [2016-07-14 16:56:29.421] InitAndroid(False): MEmu END, initialization successful = True
D [2016-07-14 16:56:29.421] UpdateAndroidConfig("MEmu") END
D [2016-07-14 16:56:29.437] Redraw MyBot Window
L [2016-07-14 16:56:30.174] Found installed MEmu 2.5.0
L [2016-07-14 16:56:30.178] Android Emulator Configuration: MEmu (instance MEmu)
L [2016-07-14 16:56:32.337] WELCOME CHIEF, YOU HAVE THE LATEST VERSION OF THE BOT
L [2016-07-14 16:56:32.340]  
L [2016-07-14 16:56:32.342] Fully working with May update
L [2016-07-14 16:56:32.344] New GUI and lots of new features
L [2016-07-14 16:56:32.348] For more information, go to 
L [2016-07-14 16:56:32.351] https://mybot.run
L [2016-07-14 16:56:32.354] 
L [2016-07-14 16:56:32.356]  Always free and open source.
D [2016-07-14 16:56:33.420] MyBot.run launch time 13990 ms.
L [2016-07-14 16:59:48.066] Closing Merged My Bot v6.1.4 All In One v2.1.3 (MEmu) ...
D [2016-07-14 16:59:48.073] Save Config C:\Users\Amin\Desktop\MyBot.Run\MOD AIO\MyBot-AIO-2.1.3+Latest Fix-With-LimitDonations-byCutidudz\Profiles\MyVillage\config.ini
D [2016-07-14 16:59:48.508] Save Building Config C:\Users\Amin\Desktop\MyBot.Run\MOD AIO\MyBot-AIO-2.1.3+Latest Fix-With-LimitDonations-byCutidudz\Profiles\MyVillage\building.ini
