D [2016-07-14 16:55:38.074] @AutoItExe: C:\Program Files (x86)\AutoIt3\AutoIt3.exe
D [2016-07-14 16:55:38.075] @ScriptFullPath: C:\Users\Amin\Desktop\MyBot.Run\MOD AIO\MyBot-AIO-2.1.3+Latest Fix-With-LimitDonations-byCutidudz\MyBot.run.au3
D [2016-07-14 16:55:38.075] @WorkingDir: C:\Users\Amin\Desktop\MyBot.Run\MOD AIO\MyBot-AIO-2.1.3+Latest Fix-With-LimitDonations-byCutidudz
D [2016-07-14 16:55:38.075] @AutoItPID: 11844
D [2016-07-14 16:55:38.095] DetectRunningAndroid()
D [2016-07-14 16:55:38.095] UpdateAndroidConfig("MEmu")
D [2016-07-14 16:55:38.095] InitAndroid(False): MEmu
D [2016-07-14 16:55:39.100] Cannot read MEmu guestproperty phone_layout!
D [2016-07-14 16:55:39.101] Searching MEmu Window: Title = 'MEmu 2.', Class = '[CLASS:subWin; INSTANCE:1]', Text = ''
D [2016-07-14 16:55:39.102] MEmu Window not found
D [2016-07-14 16:55:39.102] Android: MEmu
D [2016-07-14 16:55:39.103] Android Config: 0
D [2016-07-14 16:55:39.103] Android Version: 2.5.0
D [2016-07-14 16:55:39.103] Android Instance: MEmu
D [2016-07-14 16:55:39.103] Android Window Title: MEmu 2.
D [2016-07-14 16:55:39.103] Android Program Path: C:\Program Files\Microvirt\MEmu\MEmu.exe
D [2016-07-14 16:55:39.103] Android Program Parameter: MEmu
D [2016-07-14 16:55:39.104] Android ADB Path: C:\Program Files\Microvirt\MEmu\adb.exe
D [2016-07-14 16:55:39.104] Android ADB Device: 127.0.0.1:21503
D [2016-07-14 16:55:39.104] Android ADB Shared Folder: /mnt/shell/emulated/0/Pictures/
D [2016-07-14 16:55:39.104] Android ADB Shared Folder on Host: C:\Users\Amin\Pictures\MEmu Photo\
D [2016-07-14 16:55:39.105] Android ADB Shared SubFolder: mybot.run\
D [2016-07-14 16:55:39.105] Android Mouse Device: Microvirt Virtual Input
D [2016-07-14 16:55:39.105] Android ADB screencap command enabled: True
D [2016-07-14 16:55:39.105] Android ADB input command enabled: False
D [2016-07-14 16:55:39.105] Android ADB Mouse Click enabled: False
D [2016-07-14 16:55:39.105] Android ADB Click Drag enabled: True
D [2016-07-14 16:55:39.106] Searching MEmu Window: Title = 'MEmu 2.', Class = '[CLASS:subWin; INSTANCE:1]', Text = ''
D [2016-07-14 16:55:39.107] MEmu Window not found
D [2016-07-14 16:55:39.107] InitAndroid(False): MEmu END, initialization successful = True
D [2016-07-14 16:55:39.107] UpdateAndroidConfig("MEmu") END
D [2016-07-14 16:55:39.108] GetAndroidRunningInstance: Try to find "C:\Program Files\Microvirt\MEmu\MEmu.exe"
D [2016-07-14 16:55:39.116] ObjGet("winmgmts:\\.\root\cimv2")
D [2016-07-14 16:55:39.116] WMI Query: Select * from Win32_Process where ExecutablePath like "%C:\\Program Files\\Microvirt\\MEmu\\MEmu.exe%"
D [2016-07-14 16:55:39.163] Process by CommandLine not found: C:\Program Files\Microvirt\MEmu\MEmu.exe
D [2016-07-14 16:55:39.163] UpdateAndroidConfig("droid4x")
D [2016-07-14 16:55:39.163] InitAndroid(False): Droid4X
L [2016-07-14 16:55:39.164] Serious error has occurred: Cannot find Droid4X:
L [2016-07-14 16:55:39.164] C:\Program Files (x86)\Droid4X\Droid4X.exe
D [2016-07-14 16:55:39.165] InitAndroid(False): Droid4X END, initialization successful = False
D [2016-07-14 16:55:39.165] UpdateAndroidConfig("droid4x") END
D [2016-07-14 16:55:39.165] UpdateAndroidConfig("nox")
D [2016-07-14 16:55:39.165] InitAndroid(False): Nox
D [2016-07-14 16:55:39.836] Android: Nox
D [2016-07-14 16:55:39.837] Android Config: 2
D [2016-07-14 16:55:39.837] Android Version: 3.1.0.0
D [2016-07-14 16:55:39.837] Android Instance: nox
D [2016-07-14 16:55:39.837] Android Window Title: No
D [2016-07-14 16:55:39.837] Android Program Path: C:\Users\Amin\AppData\Roaming\Nox\bin\Nox.exe
D [2016-07-14 16:55:39.838] Android Program Parameter: -resolution:860x732 -dpi:160 "-clone:nox"
D [2016-07-14 16:55:39.838] Android ADB Path: C:\Program Files\Microvirt\MEmu\adb.exe
D [2016-07-14 16:55:39.838] Android ADB Device: 127.0.0.1:62001
D [2016-07-14 16:55:39.838] Android ADB Shared Folder: /mnt/shared/Other/
D [2016-07-14 16:55:39.839] Android ADB Shared Folder on Host: C:\Users\Amin\Documents\Nox_share\Other\
D [2016-07-14 16:55:39.839] Android ADB Shared SubFolder: mybot.run\
D [2016-07-14 16:55:39.839] Android Mouse Device: nox Virtual Input
D [2016-07-14 16:55:39.839] Android ADB screencap command enabled: True
D [2016-07-14 16:55:39.839] Android ADB input command enabled: False
D [2016-07-14 16:55:39.840] Android ADB Mouse Click enabled: False
D [2016-07-14 16:55:39.840] Android ADB Click Drag enabled: True
D [2016-07-14 16:55:39.840] Searching Nox Window: Title = 'No', Class = '[CLASS:Qt5QWindowIcon;INSTANCE:4]', Text = ''
D [2016-07-14 16:55:39.842] Nox Window not found
D [2016-07-14 16:55:39.842] InitAndroid(False): Nox END, initialization successful = True
D [2016-07-14 16:55:39.842] UpdateAndroidConfig("nox") END
D [2016-07-14 16:55:39.842] GetAndroidRunningInstance: Try to find "C:\Users\Amin\AppData\Roaming\Nox\bin\Nox.exe"
D [2016-07-14 16:55:39.844] ObjGet("winmgmts:\\.\root\cimv2")
D [2016-07-14 16:55:39.844] WMI Query: Select * from Win32_Process where ExecutablePath like "%C:\\Users\\Amin\\AppData\\Roaming\\Nox\\bin\\Nox.exe%"
D [2016-07-14 16:55:39.888] No process found by CommandLine: C:\Users\Amin\AppData\Roaming\Nox\bin\Nox.exe
D [2016-07-14 16:55:39.889] UpdateAndroidConfig("")
D [2016-07-14 16:55:39.889] InitAndroid(False): BlueStacks2
D [2016-07-14 16:55:39.889] BlueStacks2 Engine 'Plus'-Mode: False
D [2016-07-14 16:55:39.890] BlueStacks2 OEM Features: 2754561
D [2016-07-14 16:55:39.890] BlueStacks2 System Bar is not available
D [2016-07-14 16:55:39.890] Searching BlueStacks2 Window: Title = 'BlueStacks ', Class = '[CLASS:BlueStacksApp; INSTANCE:1]', Text = '_ctl.Window'
D [2016-07-14 16:55:39.891] BlueStacks2 Window not found
D [2016-07-14 16:55:39.894] Android: BlueStacks2
D [2016-07-14 16:55:39.894] Android Config: 3
D [2016-07-14 16:55:39.894] Android Version: 2.0.2.5623
D [2016-07-14 16:55:39.894] Android Instance: 
D [2016-07-14 16:55:39.894] Android Window Title: BlueStacks 
D [2016-07-14 16:55:39.895] Android Program Path: C:\Program Files (x86)\BlueStacks\HD-Frontend.exe
D [2016-07-14 16:55:39.895] Android Program Parameter: Android
D [2016-07-14 16:55:39.895] Android ADB Path: C:\Program Files\Microvirt\MEmu\adb.exe
D [2016-07-14 16:55:39.895] Android ADB Device: emulator-5554
D [2016-07-14 16:55:39.895] Android ADB Shared Folder: /storage/sdcard/windows/BstSharedFolder/
D [2016-07-14 16:55:39.896] Android ADB Shared Folder on Host: C:\ProgramData\BlueStacks\UserData\SharedFolder\
D [2016-07-14 16:55:39.896] Android ADB Shared SubFolder: mybot.run\
D [2016-07-14 16:55:39.896] Android Mouse Device: BlueStacks Virtual Touch
D [2016-07-14 16:55:39.896] Android ADB screencap command enabled: False
D [2016-07-14 16:55:39.896] Android ADB input command enabled: False
D [2016-07-14 16:55:39.897] Android ADB Mouse Click enabled: False
D [2016-07-14 16:55:39.897] Android ADB Click Drag enabled: False
D [2016-07-14 16:55:39.897] Searching BlueStacks2 Window: Title = 'BlueStacks ', Class = '[CLASS:BlueStacksApp; INSTANCE:1]', Text = '_ctl.Window'
D [2016-07-14 16:55:39.898] BlueStacks2 Window not found
D [2016-07-14 16:55:39.898] InitAndroid(False): BlueStacks2 END, initialization successful = True
D [2016-07-14 16:55:39.899] UpdateAndroidConfig("") END
D [2016-07-14 16:55:39.899] Searching BlueStacks2 Window: Title = 'BlueStacks ', Class = '[CLASS:BlueStacksApp; INSTANCE:1]', Text = '_ctl.Window'
D [2016-07-14 16:55:39.900] BlueStacks2 Window not found
D [2016-07-14 16:55:39.901] UpdateAndroidConfig("")
D [2016-07-14 16:55:39.901] InitAndroid(False): BlueStacks
D [2016-07-14 16:55:39.902] BlueStacks Engine 'Plus'-Mode: False
D [2016-07-14 16:55:39.902] BlueStacks OEM Features: 2754561
D [2016-07-14 16:55:39.902] BlueStacks System Bar is not available
D [2016-07-14 16:55:39.902] Searching BlueStacks Window: Title = 'BlueStacks App Player', Class = '[CLASS:BlueStacksApp; INSTANCE:1]', Text = '_ctl.Window'
D [2016-07-14 16:55:39.904] BlueStacks Window not found
L [2016-07-14 16:55:39.905] BlueStacks supported version 0.8.x - 0.11.x not found
D [2016-07-14 16:55:39.905] InitAndroid(False): BlueStacks END, initialization successful = False
D [2016-07-14 16:55:39.905] UpdateAndroidConfig("") END
D [2016-07-14 16:55:39.905] UpdateAndroidConfig("MEmu")
D [2016-07-14 16:55:39.906] InitAndroid(False): MEmu
D [2016-07-14 16:55:40.828] Cannot read MEmu guestproperty phone_layout!
D [2016-07-14 16:55:40.828] Searching MEmu Window: Title = 'MEmu 2.', Class = '[CLASS:subWin; INSTANCE:1]', Text = ''
D [2016-07-14 16:55:40.829] MEmu Window not found
D [2016-07-14 16:55:40.829] Android: MEmu
D [2016-07-14 16:55:40.829] Android Config: 0
D [2016-07-14 16:55:40.831] Android Version: 2.5.0
D [2016-07-14 16:55:40.831] Android Instance: MEmu
D [2016-07-14 16:55:40.831] Android Window Title: MEmu 2.
D [2016-07-14 16:55:40.832] Android Program Path: C:\Program Files\Microvirt\MEmu\MEmu.exe
D [2016-07-14 16:55:40.832] Android Program Parameter: MEmu
D [2016-07-14 16:55:40.832] Android ADB Path: C:\Program Files\Microvirt\MEmu\adb.exe
D [2016-07-14 16:55:40.832] Android ADB Device: 127.0.0.1:21503
D [2016-07-14 16:55:40.832] Android ADB Shared Folder: /mnt/shell/emulated/0/Pictures/
D [2016-07-14 16:55:40.833] Android ADB Shared Folder on Host: C:\Users\Amin\Pictures\MEmu Photo\
D [2016-07-14 16:55:40.833] Android ADB Shared SubFolder: mybot.run\
D [2016-07-14 16:55:40.833] Android Mouse Device: Microvirt Virtual Input
D [2016-07-14 16:55:40.833] Android ADB screencap command enabled: True
D [2016-07-14 16:55:40.833] Android ADB input command enabled: False
D [2016-07-14 16:55:40.834] Android ADB Mouse Click enabled: False
D [2016-07-14 16:55:40.834] Android ADB Click Drag enabled: True
D [2016-07-14 16:55:40.834] Searching MEmu Window: Title = 'MEmu 2.', Class = '[CLASS:subWin; INSTANCE:1]', Text = ''
D [2016-07-14 16:55:40.835] MEmu Window not found
D [2016-07-14 16:55:40.836] InitAndroid(False): MEmu END, initialization successful = True
D [2016-07-14 16:55:40.836] UpdateAndroidConfig("MEmu") END
D [2016-07-14 16:55:40.836] Found no running Android Emulator
D [2016-07-14 16:55:40.836] DetectInstalledAndroid()
D [2016-07-14 16:55:40.836] UpdateAndroidConfig("MEmu")
D [2016-07-14 16:55:40.837] InitAndroid(False): MEmu
D [2016-07-14 16:55:41.762] Cannot read MEmu guestproperty phone_layout!
D [2016-07-14 16:55:41.762] Searching MEmu Window: Title = 'MEmu 2.', Class = '[CLASS:subWin; INSTANCE:1]', Text = ''
D [2016-07-14 16:55:41.764] MEmu Window not found
D [2016-07-14 16:55:41.764] Android: MEmu
D [2016-07-14 16:55:41.764] Android Config: 0
D [2016-07-14 16:55:41.764] Android Version: 2.5.0
D [2016-07-14 16:55:41.764] Android Instance: MEmu
D [2016-07-14 16:55:41.765] Android Window Title: MEmu 2.
D [2016-07-14 16:55:41.765] Android Program Path: C:\Program Files\Microvirt\MEmu\MEmu.exe
D [2016-07-14 16:55:41.765] Android Program Parameter: MEmu
D [2016-07-14 16:55:41.765] Android ADB Path: C:\Program Files\Microvirt\MEmu\adb.exe
D [2016-07-14 16:55:41.765] Android ADB Device: 127.0.0.1:21503
D [2016-07-14 16:55:41.765] Android ADB Shared Folder: /mnt/shell/emulated/0/Pictures/
D [2016-07-14 16:55:41.766] Android ADB Shared Folder on Host: C:\Users\Amin\Pictures\MEmu Photo\
D [2016-07-14 16:55:41.766] Android ADB Shared SubFolder: mybot.run\
D [2016-07-14 16:55:41.766] Android Mouse Device: Microvirt Virtual Input
D [2016-07-14 16:55:41.766] Android ADB screencap command enabled: True
D [2016-07-14 16:55:41.767] Android ADB input command enabled: False
D [2016-07-14 16:55:41.767] Android ADB Mouse Click enabled: False
D [2016-07-14 16:55:41.767] Android ADB Click Drag enabled: True
D [2016-07-14 16:55:41.767] Searching MEmu Window: Title = 'MEmu 2.', Class = '[CLASS:subWin; INSTANCE:1]', Text = ''
D [2016-07-14 16:55:41.768] MEmu Window not found
D [2016-07-14 16:55:41.769] InitAndroid(False): MEmu END, initialization successful = True
D [2016-07-14 16:55:41.769] UpdateAndroidConfig("MEmu") END
D [2016-07-14 16:55:41.769] Found installed MEmu 2.5.0
D [2016-07-14 16:55:41.770] My Bot is the only running instance
D [2016-07-14 16:55:43.978] UpdateAndroidConfig("MEmu")
D [2016-07-14 16:55:43.978] InitAndroid(False): MEmu
D [2016-07-14 16:55:44.909] Cannot read MEmu guestproperty phone_layout!
D [2016-07-14 16:55:44.910] Searching MEmu Window: Title = 'MEmu 2.', Class = '[CLASS:subWin; INSTANCE:1]', Text = ''
D [2016-07-14 16:55:44.914] MEmu Window not found
D [2016-07-14 16:55:44.914] Android: MEmu
D [2016-07-14 16:55:44.914] Android Config: 0
D [2016-07-14 16:55:44.914] Android Version: 2.5.0
D [2016-07-14 16:55:44.914] Android Instance: MEmu
D [2016-07-14 16:55:44.915] Android Window Title: MEmu 2.
D [2016-07-14 16:55:44.915] Android Program Path: C:\Program Files\Microvirt\MEmu\MEmu.exe
D [2016-07-14 16:55:44.915] Android Program Parameter: MEmu
D [2016-07-14 16:55:44.915] Android ADB Path: C:\Program Files\Microvirt\MEmu\adb.exe
D [2016-07-14 16:55:44.915] Android ADB Device: 127.0.0.1:21503
D [2016-07-14 16:55:44.916] Android ADB Shared Folder: /mnt/shell/emulated/0/Pictures/
D [2016-07-14 16:55:44.916] Android ADB Shared Folder on Host: C:\Users\Amin\Pictures\MEmu Photo\
D [2016-07-14 16:55:44.916] Android ADB Shared SubFolder: mybot.run\
D [2016-07-14 16:55:44.916] Android Mouse Device: Microvirt Virtual Input
D [2016-07-14 16:55:44.917] Android ADB screencap command enabled: True
D [2016-07-14 16:55:44.917] Android ADB input command enabled: False
D [2016-07-14 16:55:44.917] Android ADB Mouse Click enabled: False
D [2016-07-14 16:55:44.917] Android ADB Click Drag enabled: True
D [2016-07-14 16:55:44.917] Searching MEmu Window: Title = 'MEmu 2.', Class = '[CLASS:subWin; INSTANCE:1]', Text = ''
D [2016-07-14 16:55:44.921] MEmu Window not found
D [2016-07-14 16:55:44.921] InitAndroid(False): MEmu END, initialization successful = True
D [2016-07-14 16:55:44.921] UpdateAndroidConfig("MEmu") END
D [2016-07-14 16:55:44.922] UpdateAndroidConfig("droid4x")
D [2016-07-14 16:55:44.922] InitAndroid(False): Droid4X
L [2016-07-14 16:55:44.922] Serious error has occurred: Cannot find Droid4X:
L [2016-07-14 16:55:44.923] C:\Program Files (x86)\Droid4X\Droid4X.exe
D [2016-07-14 16:55:44.923] InitAndroid(False): Droid4X END, initialization successful = False
D [2016-07-14 16:55:44.923] UpdateAndroidConfig("droid4x") END
D [2016-07-14 16:55:44.923] UpdateAndroidConfig("nox")
D [2016-07-14 16:55:44.924] InitAndroid(False): Nox
D [2016-07-14 16:55:45.613] Android: Nox
D [2016-07-14 16:55:45.614] Android Config: 2
D [2016-07-14 16:55:45.614] Android Version: 3.1.0.0
D [2016-07-14 16:55:45.614] Android Instance: nox
D [2016-07-14 16:55:45.614] Android Window Title: No
D [2016-07-14 16:55:45.614] Android Program Path: C:\Users\Amin\AppData\Roaming\Nox\bin\Nox.exe
D [2016-07-14 16:55:45.615] Android Program Parameter: -resolution:860x732 -dpi:160 "-clone:nox"
D [2016-07-14 16:55:45.615] Android ADB Path: C:\Program Files\Microvirt\MEmu\adb.exe
D [2016-07-14 16:55:45.615] Android ADB Device: 127.0.0.1:62001
D [2016-07-14 16:55:45.615] Android ADB Shared Folder: /mnt/shared/Other/
D [2016-07-14 16:55:45.616] Android ADB Shared Folder on Host: C:\Users\Amin\Documents\Nox_share\Other\
D [2016-07-14 16:55:45.616] Android ADB Shared SubFolder: mybot.run\
D [2016-07-14 16:55:45.616] Android Mouse Device: nox Virtual Input
D [2016-07-14 16:55:45.616] Android ADB screencap command enabled: True
D [2016-07-14 16:55:45.616] Android ADB input command enabled: False
D [2016-07-14 16:55:45.617] Android ADB Mouse Click enabled: False
D [2016-07-14 16:55:45.617] Android ADB Click Drag enabled: True
D [2016-07-14 16:55:45.617] Searching Nox Window: Title = 'No', Class = '[CLASS:Qt5QWindowIcon;INSTANCE:4]', Text = ''
D [2016-07-14 16:55:45.620] Nox Window not found
D [2016-07-14 16:55:45.621] InitAndroid(False): Nox END, initialization successful = True
D [2016-07-14 16:55:45.621] UpdateAndroidConfig("nox") END
D [2016-07-14 16:55:45.621] UpdateAndroidConfig("")
D [2016-07-14 16:55:45.621] InitAndroid(False): BlueStacks2
D [2016-07-14 16:55:45.622] BlueStacks2 Engine 'Plus'-Mode: False
D [2016-07-14 16:55:45.622] BlueStacks2 OEM Features: 2754561
D [2016-07-14 16:55:45.622] BlueStacks2 System Bar is not available
D [2016-07-14 16:55:45.623] Searching BlueStacks2 Window: Title = 'BlueStacks ', Class = '[CLASS:BlueStacksApp; INSTANCE:1]', Text = '_ctl.Window'
D [2016-07-14 16:55:45.625] BlueStacks2 Window not found
D [2016-07-14 16:55:45.626] Android: BlueStacks2
D [2016-07-14 16:55:45.626] Android Config: 3
D [2016-07-14 16:55:45.626] Android Version: 2.0.2.5623
D [2016-07-14 16:55:45.626] Android Instance: 
D [2016-07-14 16:55:45.626] Android Window Title: BlueStacks 
D [2016-07-14 16:55:45.626] Android Program Path: C:\Program Files (x86)\BlueStacks\HD-Frontend.exe
D [2016-07-14 16:55:45.627] Android Program Parameter: Android
D [2016-07-14 16:55:45.627] Android ADB Path: C:\Program Files\Microvirt\MEmu\adb.exe
D [2016-07-14 16:55:45.627] Android ADB Device: emulator-5554
D [2016-07-14 16:55:45.627] Android ADB Shared Folder: /storage/sdcard/windows/BstSharedFolder/
D [2016-07-14 16:55:45.629] Android ADB Shared Folder on Host: C:\ProgramData\BlueStacks\UserData\SharedFolder\
D [2016-07-14 16:55:45.629] Android ADB Shared SubFolder: mybot.run\
D [2016-07-14 16:55:45.629] Android Mouse Device: BlueStacks Virtual Touch
D [2016-07-14 16:55:45.629] Android ADB screencap command enabled: False
D [2016-07-14 16:55:45.629] Android ADB input command enabled: False
D [2016-07-14 16:55:45.629] Android ADB Mouse Click enabled: False
D [2016-07-14 16:55:45.630] Android ADB Click Drag enabled: False
D [2016-07-14 16:55:45.630] Searching BlueStacks2 Window: Title = 'BlueStacks ', Class = '[CLASS:BlueStacksApp; INSTANCE:1]', Text = '_ctl.Window'
D [2016-07-14 16:55:45.633] BlueStacks2 Window not found
D [2016-07-14 16:55:45.633] InitAndroid(False): BlueStacks2 END, initialization successful = True
D [2016-07-14 16:55:45.633] UpdateAndroidConfig("") END
D [2016-07-14 16:55:45.633] UpdateAndroidConfig("")
D [2016-07-14 16:55:45.633] InitAndroid(False): BlueStacks
D [2016-07-14 16:55:45.634] BlueStacks Engine 'Plus'-Mode: False
D [2016-07-14 16:55:45.634] BlueStacks OEM Features: 2754561
D [2016-07-14 16:55:45.635] BlueStacks System Bar is not available
D [2016-07-14 16:55:45.635] Searching BlueStacks Window: Title = 'BlueStacks App Player', Class = '[CLASS:BlueStacksApp; INSTANCE:1]', Text = '_ctl.Window'
D [2016-07-14 16:55:45.638] BlueStacks Window not found
L [2016-07-14 16:55:45.639] BlueStacks supported version 0.8.x - 0.11.x not found
D [2016-07-14 16:55:45.639] InitAndroid(False): BlueStacks END, initialization successful = False
D [2016-07-14 16:55:45.639] UpdateAndroidConfig("") END
D [2016-07-14 16:55:45.639] UpdateAndroidConfig("MEmu")
D [2016-07-14 16:55:45.640] InitAndroid(False): MEmu
D [2016-07-14 16:55:46.582] Cannot read MEmu guestproperty phone_layout!
D [2016-07-14 16:55:46.582] Searching MEmu Window: Title = 'MEmu 2.', Class = '[CLASS:subWin; INSTANCE:1]', Text = ''
D [2016-07-14 16:55:46.585] MEmu Window not found
D [2016-07-14 16:55:46.585] Android: MEmu
D [2016-07-14 16:55:46.585] Android Config: 0
D [2016-07-14 16:55:46.585] Android Version: 2.5.0
D [2016-07-14 16:55:46.586] Android Instance: MEmu
D [2016-07-14 16:55:46.586] Android Window Title: MEmu 2.
D [2016-07-14 16:55:46.586] Android Program Path: C:\Program Files\Microvirt\MEmu\MEmu.exe
D [2016-07-14 16:55:46.586] Android Program Parameter: MEmu
D [2016-07-14 16:55:46.586] Android ADB Path: C:\Program Files\Microvirt\MEmu\adb.exe
D [2016-07-14 16:55:46.587] Android ADB Device: 127.0.0.1:21503
D [2016-07-14 16:55:46.587] Android ADB Shared Folder: /mnt/shell/emulated/0/Pictures/
D [2016-07-14 16:55:46.587] Android ADB Shared Folder on Host: C:\Users\Amin\Pictures\MEmu Photo\
D [2016-07-14 16:55:46.587] Android ADB Shared SubFolder: mybot.run\
D [2016-07-14 16:55:46.587] Android Mouse Device: Microvirt Virtual Input
D [2016-07-14 16:55:46.588] Android ADB screencap command enabled: True
D [2016-07-14 16:55:46.588] Android ADB input command enabled: False
D [2016-07-14 16:55:46.588] Android ADB Mouse Click enabled: False
D [2016-07-14 16:55:46.588] Android ADB Click Drag enabled: True
D [2016-07-14 16:55:46.588] Searching MEmu Window: Title = 'MEmu 2.', Class = '[CLASS:subWin; INSTANCE:1]', Text = ''
D [2016-07-14 16:55:46.591] MEmu Window not found
D [2016-07-14 16:55:46.591] InitAndroid(False): MEmu END, initialization successful = True
D [2016-07-14 16:55:46.592] UpdateAndroidConfig("MEmu") END
D [2016-07-14 16:55:46.952] Read Building Config C:\Users\Amin\Desktop\MyBot.Run\MOD AIO\MyBot-AIO-2.1.3+Latest Fix-With-LimitDonations-byCutidudz\Profiles\MyVillage\building.ini
D [2016-07-14 16:55:46.963] Read Config C:\Users\Amin\Desktop\MyBot.Run\MOD AIO\MyBot-AIO-2.1.3+Latest Fix-With-LimitDonations-byCutidudz\Profiles\MyVillage\config.ini
D [2016-07-14 16:55:47.021] Apply Config
D [2016-07-14 16:55:47.107] UpdateAndroidConfig("MEmu")
D [2016-07-14 16:55:47.107] InitAndroid(False): MEmu
D [2016-07-14 16:55:48.042] Cannot read MEmu guestproperty phone_layout!
D [2016-07-14 16:55:48.043] Searching MEmu Window: Title = 'MEmu 2.', Class = '[CLASS:subWin; INSTANCE:1]', Text = ''
D [2016-07-14 16:55:48.047] MEmu Window not found
D [2016-07-14 16:55:48.047] Android: MEmu
D [2016-07-14 16:55:48.047] Android Config: 0
D [2016-07-14 16:55:48.047] Android Version: 2.5.0
D [2016-07-14 16:55:48.047] Android Instance: MEmu
D [2016-07-14 16:55:48.048] Android Window Title: MEmu 2.
D [2016-07-14 16:55:48.048] Android Program Path: C:\Program Files\Microvirt\MEmu\MEmu.exe
D [2016-07-14 16:55:48.048] Android Program Parameter: MEmu
D [2016-07-14 16:55:48.048] Android ADB Path: C:\Program Files\Microvirt\MEmu\adb.exe
D [2016-07-14 16:55:48.048] Android ADB Device: 127.0.0.1:21503
D [2016-07-14 16:55:48.049] Android ADB Shared Folder: /mnt/shell/emulated/0/Pictures/
D [2016-07-14 16:55:48.049] Android ADB Shared Folder on Host: C:\Users\Amin\Pictures\MEmu Photo\
D [2016-07-14 16:55:48.049] Android ADB Shared SubFolder: mybot.run\
D [2016-07-14 16:55:48.049] Android Mouse Device: Microvirt Virtual Input
D [2016-07-14 16:55:48.050] Android ADB screencap command enabled: True
D [2016-07-14 16:55:48.050] Android ADB input command enabled: False
D [2016-07-14 16:55:48.050] Android ADB Mouse Click enabled: False
D [2016-07-14 16:55:48.050] Android ADB Click Drag enabled: True
D [2016-07-14 16:55:48.051] Searching MEmu Window: Title = 'MEmu 2.', Class = '[CLASS:subWin; INSTANCE:1]', Text = ''
D [2016-07-14 16:55:48.052] MEmu Window not found
D [2016-07-14 16:55:48.052] InitAndroid(False): MEmu END, initialization successful = True
D [2016-07-14 16:55:48.052] UpdateAndroidConfig("MEmu") END
D [2016-07-14 16:55:48.072] Redraw MyBot Window
L [2016-07-14 16:55:48.794] Found installed MEmu 2.5.0
L [2016-07-14 16:55:48.801] Android Emulator Configuration: MEmu (instance MEmu)
L [2016-07-14 16:55:51.071] WELCOME CHIEF, YOU HAVE THE LATEST VERSION OF THE BOT
L [2016-07-14 16:55:51.076]  
L [2016-07-14 16:55:51.078] Fully working with May update
L [2016-07-14 16:55:51.082] New GUI and lots of new features
L [2016-07-14 16:55:51.084] For more information, go to 
L [2016-07-14 16:55:51.087] https://mybot.run
L [2016-07-14 16:55:51.089] 
L [2016-07-14 16:55:51.091]  Always free and open source.
D [2016-07-14 16:55:52.173] MyBot.run launch time 14108 ms.
L [2016-07-14 16:56:14.562] Closing Merged My Bot v6.1.4 All In One v2.1.3 (MEmu) ...
D [2016-07-14 16:56:14.571] Save Config C:\Users\Amin\Desktop\MyBot.Run\MOD AIO\MyBot-AIO-2.1.3+Latest Fix-With-LimitDonations-byCutidudz\Profiles\MyVillage\config.ini
D [2016-07-14 16:56:15.012] Save Building Config C:\Users\Amin\Desktop\MyBot.Run\MOD AIO\MyBot-AIO-2.1.3+Latest Fix-With-LimitDonations-byCutidudz\Profiles\MyVillage\building.ini
