D [2016-07-19 03:43:20.837] @AutoItExe: C:\Program Files (x86)\AutoIt3\AutoIt3.exe
D [2016-07-19 03:43:20.838] @ScriptFullPath: C:\Users\Amin\Desktop\MyBot.Run\MOD AIO\MyBot-AIO-2.1.4\MyBot.run.au3
D [2016-07-19 03:43:20.838] @WorkingDir: C:\Users\Amin\Desktop\MyBot.Run\MOD AIO\MyBot-AIO-2.1.4
D [2016-07-19 03:43:20.838] @AutoItPID: 1532
D [2016-07-19 03:43:20.871] DetectRunningAndroid()
D [2016-07-19 03:43:20.872] UpdateAndroidConfig("MEmu")
D [2016-07-19 03:43:20.872] InitAndroid(False): MEmu
D [2016-07-19 03:43:21.892] Cannot read MEmu guestproperty phone_layout!
D [2016-07-19 03:43:21.892] Searching MEmu Window: Title = 'MEmu 2.', Class = '[CLASS:subWin; INSTANCE:1]', Text = ''
D [2016-07-19 03:43:21.897] MEmu Window not found
D [2016-07-19 03:43:21.897] Android: MEmu
D [2016-07-19 03:43:21.897] Android Config: 0
D [2016-07-19 03:43:21.897] Android Version: 2.5.0
D [2016-07-19 03:43:21.897] Android Instance: MEmu
D [2016-07-19 03:43:21.898] Android Window Title: MEmu 2.
D [2016-07-19 03:43:21.898] Android Program Path: C:\Program Files\Microvirt\MEmu\MEmu.exe
D [2016-07-19 03:43:21.898] Android Program Parameter: MEmu
D [2016-07-19 03:43:21.898] Android ADB Path: C:\Program Files\Microvirt\MEmu\adb.exe
D [2016-07-19 03:43:21.898] Android ADB Device: 127.0.0.1:21503
D [2016-07-19 03:43:21.899] Android ADB Shared Folder: /mnt/shell/emulated/0/Pictures/
D [2016-07-19 03:43:21.899] Android ADB Shared Folder on Host: C:\Users\Amin\Pictures\MEmu Photo\
D [2016-07-19 03:43:21.899] Android ADB Shared SubFolder: mybot.run\
D [2016-07-19 03:43:21.899] Android Mouse Device: Microvirt Virtual Input
D [2016-07-19 03:43:21.899] Android ADB screencap command enabled: True
D [2016-07-19 03:43:21.900] Android ADB input command enabled: False
D [2016-07-19 03:43:21.900] Android ADB Mouse Click enabled: False
D [2016-07-19 03:43:21.900] Android ADB Click Drag enabled: True
D [2016-07-19 03:43:21.900] Searching MEmu Window: Title = 'MEmu 2.', Class = '[CLASS:subWin; INSTANCE:1]', Text = ''
D [2016-07-19 03:43:21.903] MEmu Window not found
D [2016-07-19 03:43:21.904] InitAndroid(False): MEmu END, initialization successful = True
D [2016-07-19 03:43:21.904] UpdateAndroidConfig("MEmu") END
D [2016-07-19 03:43:21.904] GetAndroidRunningInstance: Try to find "C:\Program Files\Microvirt\MEmu\MEmu.exe"
D [2016-07-19 03:43:21.911] ObjGet("winmgmts:\\.\root\cimv2")
D [2016-07-19 03:43:21.912] WMI Query: Select * from Win32_Process where ExecutablePath like "%C:\\Program Files\\Microvirt\\MEmu\\MEmu.exe%"
D [2016-07-19 03:43:21.956] Process by CommandLine not found: C:\Program Files\Microvirt\MEmu\MEmu.exe
D [2016-07-19 03:43:21.957] UpdateAndroidConfig("droid4x")
D [2016-07-19 03:43:21.957] InitAndroid(False): Droid4X
L [2016-07-19 03:43:21.958] Serious error has occurred: Cannot find Droid4X:
L [2016-07-19 03:43:21.958] C:\Program Files (x86)\Droid4X\Droid4X.exe
D [2016-07-19 03:43:21.958] InitAndroid(False): Droid4X END, initialization successful = False
D [2016-07-19 03:43:21.959] UpdateAndroidConfig("droid4x") END
D [2016-07-19 03:43:21.959] UpdateAndroidConfig("nox")
D [2016-07-19 03:43:21.959] InitAndroid(False): Nox
D [2016-07-19 03:43:22.652] Android: Nox
D [2016-07-19 03:43:22.653] Android Config: 2
D [2016-07-19 03:43:22.653] Android Version: 3.1.0.0
D [2016-07-19 03:43:22.653] Android Instance: nox
D [2016-07-19 03:43:22.653] Android Window Title: No
D [2016-07-19 03:43:22.653] Android Program Path: C:\Users\Amin\AppData\Roaming\Nox\bin\Nox.exe
D [2016-07-19 03:43:22.653] Android Program Parameter: -resolution:860x732 -dpi:160 "-clone:nox"
D [2016-07-19 03:43:22.654] Android ADB Path: C:\Program Files\Microvirt\MEmu\adb.exe
D [2016-07-19 03:43:22.654] Android ADB Device: 127.0.0.1:62001
D [2016-07-19 03:43:22.654] Android ADB Shared Folder: /mnt/shared/Other/
D [2016-07-19 03:43:22.654] Android ADB Shared Folder on Host: C:\Users\Amin\Documents\Nox_share\Other\
D [2016-07-19 03:43:22.654] Android ADB Shared SubFolder: mybot.run\
D [2016-07-19 03:43:22.655] Android Mouse Device: nox Virtual Input
D [2016-07-19 03:43:22.655] Android ADB screencap command enabled: True
D [2016-07-19 03:43:22.655] Android ADB input command enabled: False
D [2016-07-19 03:43:22.655] Android ADB Mouse Click enabled: False
D [2016-07-19 03:43:22.655] Android ADB Click Drag enabled: True
D [2016-07-19 03:43:22.656] Searching Nox Window: Title = 'No', Class = '[CLASS:Qt5QWindowIcon;INSTANCE:4]', Text = ''
D [2016-07-19 03:43:22.659] Nox Window not found
D [2016-07-19 03:43:22.659] InitAndroid(False): Nox END, initialization successful = True
D [2016-07-19 03:43:22.659] UpdateAndroidConfig("nox") END
D [2016-07-19 03:43:22.660] GetAndroidRunningInstance: Try to find "C:\Users\Amin\AppData\Roaming\Nox\bin\Nox.exe"
D [2016-07-19 03:43:22.661] ObjGet("winmgmts:\\.\root\cimv2")
D [2016-07-19 03:43:22.661] WMI Query: Select * from Win32_Process where ExecutablePath like "%C:\\Users\\Amin\\AppData\\Roaming\\Nox\\bin\\Nox.exe%"
D [2016-07-19 03:43:22.702] No process found by CommandLine: C:\Users\Amin\AppData\Roaming\Nox\bin\Nox.exe
D [2016-07-19 03:43:22.703] UpdateAndroidConfig("")
D [2016-07-19 03:43:22.703] InitAndroid(False): BlueStacks2
D [2016-07-19 03:43:22.705] BlueStacks2 Engine 'Plus'-Mode: False
D [2016-07-19 03:43:22.705] BlueStacks2 OEM Features: 2754561
D [2016-07-19 03:43:22.705] BlueStacks2 System Bar is not available
D [2016-07-19 03:43:22.705] Searching BlueStacks2 Window: Title = 'BlueStacks ', Class = '[CLASS:BlueStacksApp; INSTANCE:1]', Text = '_ctl.Window'
D [2016-07-19 03:43:22.709] BlueStacks2 Window not found
D [2016-07-19 03:43:22.709] Android: BlueStacks2
D [2016-07-19 03:43:22.709] Android Config: 3
D [2016-07-19 03:43:22.709] Android Version: 2.0.2.5623
D [2016-07-19 03:43:22.710] Android Instance: 
D [2016-07-19 03:43:22.710] Android Window Title: BlueStacks 
D [2016-07-19 03:43:22.710] Android Program Path: C:\Program Files (x86)\BlueStacks\HD-Frontend.exe
D [2016-07-19 03:43:22.710] Android Program Parameter: Android
D [2016-07-19 03:43:22.710] Android ADB Path: C:\Program Files\Microvirt\MEmu\adb.exe
D [2016-07-19 03:43:22.710] Android ADB Device: emulator-5554
D [2016-07-19 03:43:22.711] Android ADB Shared Folder: /storage/sdcard/windows/BstSharedFolder/
D [2016-07-19 03:43:22.711] Android ADB Shared Folder on Host: C:\ProgramData\BlueStacks\UserData\SharedFolder\
D [2016-07-19 03:43:22.711] Android ADB Shared SubFolder: mybot.run\
D [2016-07-19 03:43:22.711] Android Mouse Device: BlueStacks Virtual Touch
D [2016-07-19 03:43:22.711] Android ADB screencap command enabled: False
D [2016-07-19 03:43:22.712] Android ADB input command enabled: False
D [2016-07-19 03:43:22.712] Android ADB Mouse Click enabled: False
D [2016-07-19 03:43:22.712] Android ADB Click Drag enabled: False
D [2016-07-19 03:43:22.712] Searching BlueStacks2 Window: Title = 'BlueStacks ', Class = '[CLASS:BlueStacksApp; INSTANCE:1]', Text = '_ctl.Window'
D [2016-07-19 03:43:22.716] BlueStacks2 Window not found
D [2016-07-19 03:43:22.716] InitAndroid(False): BlueStacks2 END, initialization successful = True
D [2016-07-19 03:43:22.716] UpdateAndroidConfig("") END
D [2016-07-19 03:43:22.716] Searching BlueStacks2 Window: Title = 'BlueStacks ', Class = '[CLASS:BlueStacksApp; INSTANCE:1]', Text = '_ctl.Window'
D [2016-07-19 03:43:22.721] BlueStacks2 Window not found
D [2016-07-19 03:43:22.723] UpdateAndroidConfig("")
D [2016-07-19 03:43:22.723] InitAndroid(False): BlueStacks
D [2016-07-19 03:43:22.724] BlueStacks Engine 'Plus'-Mode: False
D [2016-07-19 03:43:22.724] BlueStacks OEM Features: 2754561
D [2016-07-19 03:43:22.724] BlueStacks System Bar is not available
D [2016-07-19 03:43:22.725] Searching BlueStacks Window: Title = 'BlueStacks App Player', Class = '[CLASS:BlueStacksApp; INSTANCE:1]', Text = '_ctl.Window'
D [2016-07-19 03:43:22.729] BlueStacks Window not found
L [2016-07-19 03:43:22.729] BlueStacks supported version 0.8.x - 0.11.x not found
D [2016-07-19 03:43:22.729] InitAndroid(False): BlueStacks END, initialization successful = False
D [2016-07-19 03:43:22.729] UpdateAndroidConfig("") END
D [2016-07-19 03:43:22.730] UpdateAndroidConfig("MEmu")
D [2016-07-19 03:43:22.730] InitAndroid(False): MEmu
D [2016-07-19 03:43:23.667] Cannot read MEmu guestproperty phone_layout!
D [2016-07-19 03:43:23.667] Searching MEmu Window: Title = 'MEmu 2.', Class = '[CLASS:subWin; INSTANCE:1]', Text = ''
D [2016-07-19 03:43:23.672] MEmu Window not found
D [2016-07-19 03:43:23.672] Android: MEmu
D [2016-07-19 03:43:23.672] Android Config: 0
D [2016-07-19 03:43:23.672] Android Version: 2.5.0
D [2016-07-19 03:43:23.673] Android Instance: MEmu
D [2016-07-19 03:43:23.673] Android Window Title: MEmu 2.
D [2016-07-19 03:43:23.673] Android Program Path: C:\Program Files\Microvirt\MEmu\MEmu.exe
D [2016-07-19 03:43:23.673] Android Program Parameter: MEmu
D [2016-07-19 03:43:23.673] Android ADB Path: C:\Program Files\Microvirt\MEmu\adb.exe
D [2016-07-19 03:43:23.673] Android ADB Device: 127.0.0.1:21503
D [2016-07-19 03:43:23.674] Android ADB Shared Folder: /mnt/shell/emulated/0/Pictures/
D [2016-07-19 03:43:23.674] Android ADB Shared Folder on Host: C:\Users\Amin\Pictures\MEmu Photo\
D [2016-07-19 03:43:23.674] Android ADB Shared SubFolder: mybot.run\
D [2016-07-19 03:43:23.674] Android Mouse Device: Microvirt Virtual Input
D [2016-07-19 03:43:23.674] Android ADB screencap command enabled: True
D [2016-07-19 03:43:23.675] Android ADB input command enabled: False
D [2016-07-19 03:43:23.675] Android ADB Mouse Click enabled: False
D [2016-07-19 03:43:23.675] Android ADB Click Drag enabled: True
D [2016-07-19 03:43:23.675] Searching MEmu Window: Title = 'MEmu 2.', Class = '[CLASS:subWin; INSTANCE:1]', Text = ''
D [2016-07-19 03:43:23.678] MEmu Window not found
D [2016-07-19 03:43:23.679] InitAndroid(False): MEmu END, initialization successful = True
D [2016-07-19 03:43:23.679] UpdateAndroidConfig("MEmu") END
D [2016-07-19 03:43:23.679] Found no running Android Emulator
D [2016-07-19 03:43:23.679] DetectInstalledAndroid()
D [2016-07-19 03:43:23.679] UpdateAndroidConfig("MEmu")
D [2016-07-19 03:43:23.680] InitAndroid(False): MEmu
D [2016-07-19 03:43:24.608] Cannot read MEmu guestproperty phone_layout!
D [2016-07-19 03:43:24.609] Searching MEmu Window: Title = 'MEmu 2.', Class = '[CLASS:subWin; INSTANCE:1]', Text = ''
D [2016-07-19 03:43:24.614] MEmu Window not found
D [2016-07-19 03:43:24.614] Android: MEmu
D [2016-07-19 03:43:24.614] Android Config: 0
D [2016-07-19 03:43:24.614] Android Version: 2.5.0
D [2016-07-19 03:43:24.615] Android Instance: MEmu
D [2016-07-19 03:43:24.615] Android Window Title: MEmu 2.
D [2016-07-19 03:43:24.615] Android Program Path: C:\Program Files\Microvirt\MEmu\MEmu.exe
D [2016-07-19 03:43:24.615] Android Program Parameter: MEmu
D [2016-07-19 03:43:24.615] Android ADB Path: C:\Program Files\Microvirt\MEmu\adb.exe
D [2016-07-19 03:43:24.615] Android ADB Device: 127.0.0.1:21503
D [2016-07-19 03:43:24.616] Android ADB Shared Folder: /mnt/shell/emulated/0/Pictures/
D [2016-07-19 03:43:24.616] Android ADB Shared Folder on Host: C:\Users\Amin\Pictures\MEmu Photo\
D [2016-07-19 03:43:24.616] Android ADB Shared SubFolder: mybot.run\
D [2016-07-19 03:43:24.616] Android Mouse Device: Microvirt Virtual Input
D [2016-07-19 03:43:24.616] Android ADB screencap command enabled: True
D [2016-07-19 03:43:24.617] Android ADB input command enabled: False
D [2016-07-19 03:43:24.617] Android ADB Mouse Click enabled: False
D [2016-07-19 03:43:24.617] Android ADB Click Drag enabled: True
D [2016-07-19 03:43:24.617] Searching MEmu Window: Title = 'MEmu 2.', Class = '[CLASS:subWin; INSTANCE:1]', Text = ''
D [2016-07-19 03:43:24.620] MEmu Window not found
D [2016-07-19 03:43:24.621] InitAndroid(False): MEmu END, initialization successful = True
D [2016-07-19 03:43:24.621] UpdateAndroidConfig("MEmu") END
D [2016-07-19 03:43:24.621] Found installed MEmu 2.5.0
D [2016-07-19 03:43:24.622] My Bot is the only running instance
D [2016-07-19 03:43:28.613] UpdateAndroidConfig("MEmu")
D [2016-07-19 03:43:28.613] InitAndroid(False): MEmu
D [2016-07-19 03:43:29.553] Cannot read MEmu guestproperty phone_layout!
D [2016-07-19 03:43:29.554] Searching MEmu Window: Title = 'MEmu 2.', Class = '[CLASS:subWin; INSTANCE:1]', Text = ''
D [2016-07-19 03:43:29.559] MEmu Window not found
D [2016-07-19 03:43:29.559] Android: MEmu
D [2016-07-19 03:43:29.559] Android Config: 0
D [2016-07-19 03:43:29.559] Android Version: 2.5.0
D [2016-07-19 03:43:29.561] Android Instance: MEmu
D [2016-07-19 03:43:29.561] Android Window Title: MEmu 2.
D [2016-07-19 03:43:29.561] Android Program Path: C:\Program Files\Microvirt\MEmu\MEmu.exe
D [2016-07-19 03:43:29.562] Android Program Parameter: MEmu
D [2016-07-19 03:43:29.562] Android ADB Path: C:\Program Files\Microvirt\MEmu\adb.exe
D [2016-07-19 03:43:29.562] Android ADB Device: 127.0.0.1:21503
D [2016-07-19 03:43:29.562] Android ADB Shared Folder: /mnt/shell/emulated/0/Pictures/
D [2016-07-19 03:43:29.562] Android ADB Shared Folder on Host: C:\Users\Amin\Pictures\MEmu Photo\
D [2016-07-19 03:43:29.563] Android ADB Shared SubFolder: mybot.run\
D [2016-07-19 03:43:29.563] Android Mouse Device: Microvirt Virtual Input
D [2016-07-19 03:43:29.563] Android ADB screencap command enabled: True
D [2016-07-19 03:43:29.563] Android ADB input command enabled: False
D [2016-07-19 03:43:29.563] Android ADB Mouse Click enabled: False
D [2016-07-19 03:43:29.564] Android ADB Click Drag enabled: True
D [2016-07-19 03:43:29.564] Searching MEmu Window: Title = 'MEmu 2.', Class = '[CLASS:subWin; INSTANCE:1]', Text = ''
D [2016-07-19 03:43:29.569] MEmu Window not found
D [2016-07-19 03:43:29.569] InitAndroid(False): MEmu END, initialization successful = True
D [2016-07-19 03:43:29.569] UpdateAndroidConfig("MEmu") END
D [2016-07-19 03:43:29.569] UpdateAndroidConfig("droid4x")
D [2016-07-19 03:43:29.569] InitAndroid(False): Droid4X
L [2016-07-19 03:43:29.570] Serious error has occurred: Cannot find Droid4X:
L [2016-07-19 03:43:29.570] C:\Program Files (x86)\Droid4X\Droid4X.exe
D [2016-07-19 03:43:29.570] InitAndroid(False): Droid4X END, initialization successful = False
D [2016-07-19 03:43:29.571] UpdateAndroidConfig("droid4x") END
D [2016-07-19 03:43:29.571] UpdateAndroidConfig("nox")
D [2016-07-19 03:43:29.571] InitAndroid(False): Nox
D [2016-07-19 03:43:30.276] Android: Nox
D [2016-07-19 03:43:30.276] Android Config: 2
D [2016-07-19 03:43:30.276] Android Version: 3.1.0.0
D [2016-07-19 03:43:30.276] Android Instance: nox
D [2016-07-19 03:43:30.276] Android Window Title: No
D [2016-07-19 03:43:30.277] Android Program Path: C:\Users\Amin\AppData\Roaming\Nox\bin\Nox.exe
D [2016-07-19 03:43:30.277] Android Program Parameter: -resolution:860x732 -dpi:160 "-clone:nox"
D [2016-07-19 03:43:30.277] Android ADB Path: C:\Program Files\Microvirt\MEmu\adb.exe
D [2016-07-19 03:43:30.277] Android ADB Device: 127.0.0.1:62001
D [2016-07-19 03:43:30.277] Android ADB Shared Folder: /mnt/shared/Other/
D [2016-07-19 03:43:30.278] Android ADB Shared Folder on Host: C:\Users\Amin\Documents\Nox_share\Other\
D [2016-07-19 03:43:30.278] Android ADB Shared SubFolder: mybot.run\
D [2016-07-19 03:43:30.278] Android Mouse Device: nox Virtual Input
D [2016-07-19 03:43:30.278] Android ADB screencap command enabled: True
D [2016-07-19 03:43:30.278] Android ADB input command enabled: False
D [2016-07-19 03:43:30.279] Android ADB Mouse Click enabled: False
D [2016-07-19 03:43:30.279] Android ADB Click Drag enabled: True
D [2016-07-19 03:43:30.279] Searching Nox Window: Title = 'No', Class = '[CLASS:Qt5QWindowIcon;INSTANCE:4]', Text = ''
D [2016-07-19 03:43:30.285] Nox Window not found
D [2016-07-19 03:43:30.286] InitAndroid(False): Nox END, initialization successful = True
D [2016-07-19 03:43:30.286] UpdateAndroidConfig("nox") END
D [2016-07-19 03:43:30.286] UpdateAndroidConfig("")
D [2016-07-19 03:43:30.286] InitAndroid(False): BlueStacks2
D [2016-07-19 03:43:30.287] BlueStacks2 Engine 'Plus'-Mode: False
D [2016-07-19 03:43:30.287] BlueStacks2 OEM Features: 2754561
D [2016-07-19 03:43:30.287] BlueStacks2 System Bar is not available
D [2016-07-19 03:43:30.287] Searching BlueStacks2 Window: Title = 'BlueStacks ', Class = '[CLASS:BlueStacksApp; INSTANCE:1]', Text = '_ctl.Window'
D [2016-07-19 03:43:30.292] BlueStacks2 Window not found
D [2016-07-19 03:43:30.293] Android: BlueStacks2
D [2016-07-19 03:43:30.293] Android Config: 3
D [2016-07-19 03:43:30.293] Android Version: 2.0.2.5623
D [2016-07-19 03:43:30.293] Android Instance: 
D [2016-07-19 03:43:30.293] Android Window Title: BlueStacks 
D [2016-07-19 03:43:30.293] Android Program Path: C:\Program Files (x86)\BlueStacks\HD-Frontend.exe
D [2016-07-19 03:43:30.294] Android Program Parameter: Android
D [2016-07-19 03:43:30.294] Android ADB Path: C:\Program Files\Microvirt\MEmu\adb.exe
D [2016-07-19 03:43:30.294] Android ADB Device: emulator-5554
D [2016-07-19 03:43:30.294] Android ADB Shared Folder: /storage/sdcard/windows/BstSharedFolder/
D [2016-07-19 03:43:30.294] Android ADB Shared Folder on Host: C:\ProgramData\BlueStacks\UserData\SharedFolder\
D [2016-07-19 03:43:30.295] Android ADB Shared SubFolder: mybot.run\
D [2016-07-19 03:43:30.295] Android Mouse Device: BlueStacks Virtual Touch
D [2016-07-19 03:43:30.295] Android ADB screencap command enabled: False
D [2016-07-19 03:43:30.295] Android ADB input command enabled: False
D [2016-07-19 03:43:30.295] Android ADB Mouse Click enabled: False
D [2016-07-19 03:43:30.296] Android ADB Click Drag enabled: False
D [2016-07-19 03:43:30.296] Searching BlueStacks2 Window: Title = 'BlueStacks ', Class = '[CLASS:BlueStacksApp; INSTANCE:1]', Text = '_ctl.Window'
D [2016-07-19 03:43:30.301] BlueStacks2 Window not found
D [2016-07-19 03:43:30.301] InitAndroid(False): BlueStacks2 END, initialization successful = True
D [2016-07-19 03:43:30.301] UpdateAndroidConfig("") END
D [2016-07-19 03:43:30.301] UpdateAndroidConfig("")
D [2016-07-19 03:43:30.301] InitAndroid(False): BlueStacks
D [2016-07-19 03:43:30.302] BlueStacks Engine 'Plus'-Mode: False
D [2016-07-19 03:43:30.302] BlueStacks OEM Features: 2754561
D [2016-07-19 03:43:30.302] BlueStacks System Bar is not available
D [2016-07-19 03:43:30.303] Searching BlueStacks Window: Title = 'BlueStacks App Player', Class = '[CLASS:BlueStacksApp; INSTANCE:1]', Text = '_ctl.Window'
D [2016-07-19 03:43:30.308] BlueStacks Window not found
L [2016-07-19 03:43:30.308] BlueStacks supported version 0.8.x - 0.11.x not found
D [2016-07-19 03:43:30.308] InitAndroid(False): BlueStacks END, initialization successful = False
D [2016-07-19 03:43:30.309] UpdateAndroidConfig("") END
D [2016-07-19 03:43:30.309] UpdateAndroidConfig("MEmu")
D [2016-07-19 03:43:30.309] InitAndroid(False): MEmu
D [2016-07-19 03:43:31.251] Cannot read MEmu guestproperty phone_layout!
D [2016-07-19 03:43:31.251] Searching MEmu Window: Title = 'MEmu 2.', Class = '[CLASS:subWin; INSTANCE:1]', Text = ''
D [2016-07-19 03:43:31.256] MEmu Window not found
D [2016-07-19 03:43:31.256] Android: MEmu
D [2016-07-19 03:43:31.257] Android Config: 0
D [2016-07-19 03:43:31.257] Android Version: 2.5.0
D [2016-07-19 03:43:31.257] Android Instance: MEmu
D [2016-07-19 03:43:31.257] Android Window Title: MEmu 2.
D [2016-07-19 03:43:31.257] Android Program Path: C:\Program Files\Microvirt\MEmu\MEmu.exe
D [2016-07-19 03:43:31.257] Android Program Parameter: MEmu
D [2016-07-19 03:43:31.258] Android ADB Path: C:\Program Files\Microvirt\MEmu\adb.exe
D [2016-07-19 03:43:31.258] Android ADB Device: 127.0.0.1:21503
D [2016-07-19 03:43:31.258] Android ADB Shared Folder: /mnt/shell/emulated/0/Pictures/
D [2016-07-19 03:43:31.258] Android ADB Shared Folder on Host: C:\Users\Amin\Pictures\MEmu Photo\
D [2016-07-19 03:43:31.259] Android ADB Shared SubFolder: mybot.run\
D [2016-07-19 03:43:31.259] Android Mouse Device: Microvirt Virtual Input
D [2016-07-19 03:43:31.259] Android ADB screencap command enabled: True
D [2016-07-19 03:43:31.259] Android ADB input command enabled: False
D [2016-07-19 03:43:31.259] Android ADB Mouse Click enabled: False
D [2016-07-19 03:43:31.259] Android ADB Click Drag enabled: True
D [2016-07-19 03:43:31.260] Searching MEmu Window: Title = 'MEmu 2.', Class = '[CLASS:subWin; INSTANCE:1]', Text = ''
D [2016-07-19 03:43:31.264] MEmu Window not found
D [2016-07-19 03:43:31.265] InitAndroid(False): MEmu END, initialization successful = True
D [2016-07-19 03:43:31.265] UpdateAndroidConfig("MEmu") END
D [2016-07-19 03:43:31.888] Read Building Config C:\Users\Amin\Desktop\MyBot.Run\MOD AIO\MyBot-AIO-2.1.4\Profiles\MyVillage\building.ini
D [2016-07-19 03:43:31.900] Read Config C:\Users\Amin\Desktop\MyBot.Run\MOD AIO\MyBot-AIO-2.1.4\Profiles\MyVillage\config.ini
D [2016-07-19 03:43:31.956] Apply Config
D [2016-07-19 03:43:32.085] UpdateAndroidConfig("MEmu_1")
D [2016-07-19 03:43:32.085] InitAndroid(False): MEmu
D [2016-07-19 03:43:33.023] Cannot read MEmu guestproperty phone_layout!
D [2016-07-19 03:43:33.023] Searching MEmu Window: Title = 'MEmu 2.', Class = '[CLASS:subWin; INSTANCE:1]', Text = ''
D [2016-07-19 03:43:33.029] MEmu Window not found
D [2016-07-19 03:43:33.029] Android: MEmu
D [2016-07-19 03:43:33.029] Android Config: 0
D [2016-07-19 03:43:33.029] Android Version: 2.5.0
D [2016-07-19 03:43:33.030] Android Instance: MEmu_1
D [2016-07-19 03:43:33.030] Android Window Title: MEmu 2.
D [2016-07-19 03:43:33.030] Android Program Path: C:\Program Files\Microvirt\MEmu\MEmu.exe
D [2016-07-19 03:43:33.030] Android Program Parameter: MEmu_1
D [2016-07-19 03:43:33.030] Android ADB Path: C:\Program Files\Microvirt\MEmu\adb.exe
D [2016-07-19 03:43:33.031] Android ADB Device: 127.0.0.1:21513
D [2016-07-19 03:43:33.031] Android ADB Shared Folder: /mnt/shell/emulated/0/Pictures/
D [2016-07-19 03:43:33.031] Android ADB Shared Folder on Host: C:\Users\Amin\Pictures\MEmu Photo\
D [2016-07-19 03:43:33.031] Android ADB Shared SubFolder: mybot.run\
D [2016-07-19 03:43:33.031] Android Mouse Device: Microvirt Virtual Input
D [2016-07-19 03:43:33.032] Android ADB screencap command enabled: True
D [2016-07-19 03:43:33.032] Android ADB input command enabled: False
D [2016-07-19 03:43:33.032] Android ADB Mouse Click enabled: False
D [2016-07-19 03:43:33.032] Android ADB Click Drag enabled: True
D [2016-07-19 03:43:33.032] Searching MEmu Window: Title = 'MEmu 2.', Class = '[CLASS:subWin; INSTANCE:1]', Text = ''
D [2016-07-19 03:43:33.040] MEmu Window not found
D [2016-07-19 03:43:33.040] InitAndroid(False): MEmu END, initialization successful = True
D [2016-07-19 03:43:33.040] UpdateAndroidConfig("MEmu_1") END
D [2016-07-19 03:43:33.070] Redraw MyBot Window
L [2016-07-19 03:43:33.820] Found installed MEmu 2.5.0
L [2016-07-19 03:43:33.823] Android Emulator Configuration: MEmu (instance MEmu_1)
L [2016-07-19 03:43:36.654] WELCOME CHIEF, YOU HAVE THE LATEST VERSION OF THE BOT
L [2016-07-19 03:43:36.657]  
L [2016-07-19 03:43:36.659] Fully working with May update
L [2016-07-19 03:43:36.662] New GUI and lots of new features
L [2016-07-19 03:43:36.664] For more information, go to 
L [2016-07-19 03:43:36.666] https://mybot.run
L [2016-07-19 03:43:36.669] 
L [2016-07-19 03:43:36.672]  Always free and open source.
D [2016-07-19 03:43:37.978] MyBot.run launch time 17149 ms.
L [2016-07-19 03:43:56.389] Closing Merged My Bot v6.1.4 All In One v2.1.4 (MEmu_1) ...
D [2016-07-19 03:43:56.397] Save Config C:\Users\Amin\Desktop\MyBot.Run\MOD AIO\MyBot-AIO-2.1.4\Profiles\MyVillage\config.ini
D [2016-07-19 03:43:56.829] Save Building Config C:\Users\Amin\Desktop\MyBot.Run\MOD AIO\MyBot-AIO-2.1.4\Profiles\MyVillage\building.ini
