D [2016-07-19 03:56:24.506] @AutoItExe: C:\Program Files (x86)\AutoIt3\AutoIt3.exe
D [2016-07-19 03:56:24.506] @ScriptFullPath: C:\Users\Amin\Desktop\MyBot.Run\MOD AIO\MyBot-AIO-2.1.4\MyBot.run.au3
D [2016-07-19 03:56:24.507] @WorkingDir: C:\Users\Amin\Desktop\MyBot.Run\MOD AIO\MyBot-AIO-2.1.4
D [2016-07-19 03:56:24.507] @AutoItPID: 664
D [2016-07-19 03:56:24.539] DetectRunningAndroid()
D [2016-07-19 03:56:24.539] UpdateAndroidConfig("MEmu")
D [2016-07-19 03:56:24.540] InitAndroid(False): MEmu
D [2016-07-19 03:56:25.549] Cannot read MEmu guestproperty phone_layout!
D [2016-07-19 03:56:25.550] Searching MEmu Window: Title = 'MEmu 2.', Class = '[CLASS:subWin; INSTANCE:1]', Text = ''
D [2016-07-19 03:56:25.554] MEmu Window not found
D [2016-07-19 03:56:25.554] Android: MEmu
D [2016-07-19 03:56:25.554] Android Config: 0
D [2016-07-19 03:56:25.555] Android Version: 2.5.0
D [2016-07-19 03:56:25.555] Android Instance: MEmu
D [2016-07-19 03:56:25.555] Android Window Title: MEmu 2.
D [2016-07-19 03:56:25.555] Android Program Path: C:\Program Files\Microvirt\MEmu\MEmu.exe
D [2016-07-19 03:56:25.555] Android Program Parameter: MEmu
D [2016-07-19 03:56:25.555] Android ADB Path: C:\Program Files\Microvirt\MEmu\adb.exe
D [2016-07-19 03:56:25.556] Android ADB Device: 127.0.0.1:21503
D [2016-07-19 03:56:25.556] Android ADB Shared Folder: /mnt/shell/emulated/0/Pictures/
D [2016-07-19 03:56:25.556] Android ADB Shared Folder on Host: C:\Users\Amin\Pictures\MEmu Photo\
D [2016-07-19 03:56:25.556] Android ADB Shared SubFolder: mybot.run\
D [2016-07-19 03:56:25.556] Android Mouse Device: Microvirt Virtual Input
D [2016-07-19 03:56:25.557] Android ADB screencap command enabled: True
D [2016-07-19 03:56:25.557] Android ADB input command enabled: False
D [2016-07-19 03:56:25.557] Android ADB Mouse Click enabled: False
D [2016-07-19 03:56:25.557] Android ADB Click Drag enabled: True
D [2016-07-19 03:56:25.557] Searching MEmu Window: Title = 'MEmu 2.', Class = '[CLASS:subWin; INSTANCE:1]', Text = ''
D [2016-07-19 03:56:25.561] MEmu Window not found
D [2016-07-19 03:56:25.561] InitAndroid(False): MEmu END, initialization successful = True
D [2016-07-19 03:56:25.561] UpdateAndroidConfig("MEmu") END
D [2016-07-19 03:56:25.562] GetAndroidRunningInstance: Try to find "C:\Program Files\Microvirt\MEmu\MEmu.exe"
D [2016-07-19 03:56:25.568] ObjGet("winmgmts:\\.\root\cimv2")
D [2016-07-19 03:56:25.568] WMI Query: Select * from Win32_Process where ExecutablePath like "%C:\\Program Files\\Microvirt\\MEmu\\MEmu.exe%"
D [2016-07-19 03:56:25.611] Process by CommandLine not found: C:\Program Files\Microvirt\MEmu\MEmu.exe
D [2016-07-19 03:56:25.612] UpdateAndroidConfig("droid4x")
D [2016-07-19 03:56:25.612] InitAndroid(False): Droid4X
L [2016-07-19 03:56:25.613] Serious error has occurred: Cannot find Droid4X:
L [2016-07-19 03:56:25.613] C:\Program Files (x86)\Droid4X\Droid4X.exe
D [2016-07-19 03:56:25.613] InitAndroid(False): Droid4X END, initialization successful = False
D [2016-07-19 03:56:25.613] UpdateAndroidConfig("droid4x") END
D [2016-07-19 03:56:25.614] UpdateAndroidConfig("nox")
D [2016-07-19 03:56:25.614] InitAndroid(False): Nox
D [2016-07-19 03:56:26.291] Android: Nox
D [2016-07-19 03:56:26.291] Android Config: 2
D [2016-07-19 03:56:26.292] Android Version: 3.1.0.0
D [2016-07-19 03:56:26.292] Android Instance: nox
D [2016-07-19 03:56:26.292] Android Window Title: No
D [2016-07-19 03:56:26.292] Android Program Path: C:\Users\Amin\AppData\Roaming\Nox\bin\Nox.exe
D [2016-07-19 03:56:26.292] Android Program Parameter: -resolution:860x732 -dpi:160 "-clone:nox"
D [2016-07-19 03:56:26.293] Android ADB Path: C:\Program Files\Microvirt\MEmu\adb.exe
D [2016-07-19 03:56:26.293] Android ADB Device: 127.0.0.1:62001
D [2016-07-19 03:56:26.293] Android ADB Shared Folder: /mnt/shared/Other/
D [2016-07-19 03:56:26.293] Android ADB Shared Folder on Host: C:\Users\Amin\Documents\Nox_share\Other\
D [2016-07-19 03:56:26.293] Android ADB Shared SubFolder: mybot.run\
D [2016-07-19 03:56:26.294] Android Mouse Device: nox Virtual Input
D [2016-07-19 03:56:26.294] Android ADB screencap command enabled: True
D [2016-07-19 03:56:26.294] Android ADB input command enabled: False
D [2016-07-19 03:56:26.294] Android ADB Mouse Click enabled: False
D [2016-07-19 03:56:26.294] Android ADB Click Drag enabled: True
D [2016-07-19 03:56:26.295] Searching Nox Window: Title = 'No', Class = '[CLASS:Qt5QWindowIcon;INSTANCE:4]', Text = ''
D [2016-07-19 03:56:26.299] Nox Window not found
D [2016-07-19 03:56:26.299] InitAndroid(False): Nox END, initialization successful = True
D [2016-07-19 03:56:26.299] UpdateAndroidConfig("nox") END
D [2016-07-19 03:56:26.299] GetAndroidRunningInstance: Try to find "C:\Users\Amin\AppData\Roaming\Nox\bin\Nox.exe"
D [2016-07-19 03:56:26.301] ObjGet("winmgmts:\\.\root\cimv2")
D [2016-07-19 03:56:26.301] WMI Query: Select * from Win32_Process where ExecutablePath like "%C:\\Users\\Amin\\AppData\\Roaming\\Nox\\bin\\Nox.exe%"
D [2016-07-19 03:56:26.345] No process found by CommandLine: C:\Users\Amin\AppData\Roaming\Nox\bin\Nox.exe
D [2016-07-19 03:56:26.345] UpdateAndroidConfig("")
D [2016-07-19 03:56:26.345] InitAndroid(False): BlueStacks2
D [2016-07-19 03:56:26.346] BlueStacks2 Engine 'Plus'-Mode: False
D [2016-07-19 03:56:26.346] BlueStacks2 OEM Features: 2754561
D [2016-07-19 03:56:26.346] BlueStacks2 System Bar is not available
D [2016-07-19 03:56:26.347] Searching BlueStacks2 Window: Title = 'BlueStacks ', Class = '[CLASS:BlueStacksApp; INSTANCE:1]', Text = '_ctl.Window'
D [2016-07-19 03:56:26.350] BlueStacks2 Window not found
D [2016-07-19 03:56:26.350] Android: BlueStacks2
D [2016-07-19 03:56:26.351] Android Config: 3
D [2016-07-19 03:56:26.351] Android Version: 2.0.2.5623
D [2016-07-19 03:56:26.351] Android Instance: 
D [2016-07-19 03:56:26.351] Android Window Title: BlueStacks 
D [2016-07-19 03:56:26.351] Android Program Path: C:\Program Files (x86)\BlueStacks\HD-Frontend.exe
D [2016-07-19 03:56:26.352] Android Program Parameter: Android
D [2016-07-19 03:56:26.352] Android ADB Path: C:\Program Files\Microvirt\MEmu\adb.exe
D [2016-07-19 03:56:26.352] Android ADB Device: emulator-5554
D [2016-07-19 03:56:26.352] Android ADB Shared Folder: /storage/sdcard/windows/BstSharedFolder/
D [2016-07-19 03:56:26.352] Android ADB Shared Folder on Host: C:\ProgramData\BlueStacks\UserData\SharedFolder\
D [2016-07-19 03:56:26.353] Android ADB Shared SubFolder: mybot.run\
D [2016-07-19 03:56:26.353] Android Mouse Device: BlueStacks Virtual Touch
D [2016-07-19 03:56:26.353] Android ADB screencap command enabled: False
D [2016-07-19 03:56:26.353] Android ADB input command enabled: False
D [2016-07-19 03:56:26.353] Android ADB Mouse Click enabled: False
D [2016-07-19 03:56:26.354] Android ADB Click Drag enabled: False
D [2016-07-19 03:56:26.354] Searching BlueStacks2 Window: Title = 'BlueStacks ', Class = '[CLASS:BlueStacksApp; INSTANCE:1]', Text = '_ctl.Window'
D [2016-07-19 03:56:26.357] BlueStacks2 Window not found
D [2016-07-19 03:56:26.358] InitAndroid(False): BlueStacks2 END, initialization successful = True
D [2016-07-19 03:56:26.358] UpdateAndroidConfig("") END
D [2016-07-19 03:56:26.358] Searching BlueStacks2 Window: Title = 'BlueStacks ', Class = '[CLASS:BlueStacksApp; INSTANCE:1]', Text = '_ctl.Window'
D [2016-07-19 03:56:26.362] BlueStacks2 Window not found
D [2016-07-19 03:56:26.364] UpdateAndroidConfig("")
D [2016-07-19 03:56:26.364] InitAndroid(False): BlueStacks
D [2016-07-19 03:56:26.364] BlueStacks Engine 'Plus'-Mode: False
D [2016-07-19 03:56:26.365] BlueStacks OEM Features: 2754561
D [2016-07-19 03:56:26.365] BlueStacks System Bar is not available
D [2016-07-19 03:56:26.365] Searching BlueStacks Window: Title = 'BlueStacks App Player', Class = '[CLASS:BlueStacksApp; INSTANCE:1]', Text = '_ctl.Window'
D [2016-07-19 03:56:26.369] BlueStacks Window not found
L [2016-07-19 03:56:26.369] BlueStacks supported version 0.8.x - 0.11.x not found
D [2016-07-19 03:56:26.369] InitAndroid(False): BlueStacks END, initialization successful = False
D [2016-07-19 03:56:26.369] UpdateAndroidConfig("") END
D [2016-07-19 03:56:26.370] UpdateAndroidConfig("MEmu")
D [2016-07-19 03:56:26.370] InitAndroid(False): MEmu
D [2016-07-19 03:56:27.305] Cannot read MEmu guestproperty phone_layout!
D [2016-07-19 03:56:27.305] Searching MEmu Window: Title = 'MEmu 2.', Class = '[CLASS:subWin; INSTANCE:1]', Text = ''
D [2016-07-19 03:56:27.308] MEmu Window not found
D [2016-07-19 03:56:27.308] Android: MEmu
D [2016-07-19 03:56:27.309] Android Config: 0
D [2016-07-19 03:56:27.309] Android Version: 2.5.0
D [2016-07-19 03:56:27.309] Android Instance: MEmu
D [2016-07-19 03:56:27.309] Android Window Title: MEmu 2.
D [2016-07-19 03:56:27.309] Android Program Path: C:\Program Files\Microvirt\MEmu\MEmu.exe
D [2016-07-19 03:56:27.310] Android Program Parameter: MEmu
D [2016-07-19 03:56:27.310] Android ADB Path: C:\Program Files\Microvirt\MEmu\adb.exe
D [2016-07-19 03:56:27.310] Android ADB Device: 127.0.0.1:21503
D [2016-07-19 03:56:27.310] Android ADB Shared Folder: /mnt/shell/emulated/0/Pictures/
D [2016-07-19 03:56:27.310] Android ADB Shared Folder on Host: C:\Users\Amin\Pictures\MEmu Photo\
D [2016-07-19 03:56:27.311] Android ADB Shared SubFolder: mybot.run\
D [2016-07-19 03:56:27.311] Android Mouse Device: Microvirt Virtual Input
D [2016-07-19 03:56:27.311] Android ADB screencap command enabled: True
D [2016-07-19 03:56:27.311] Android ADB input command enabled: False
D [2016-07-19 03:56:27.311] Android ADB Mouse Click enabled: False
D [2016-07-19 03:56:27.311] Android ADB Click Drag enabled: True
D [2016-07-19 03:56:27.312] Searching MEmu Window: Title = 'MEmu 2.', Class = '[CLASS:subWin; INSTANCE:1]', Text = ''
D [2016-07-19 03:56:27.315] MEmu Window not found
D [2016-07-19 03:56:27.315] InitAndroid(False): MEmu END, initialization successful = True
D [2016-07-19 03:56:27.315] UpdateAndroidConfig("MEmu") END
D [2016-07-19 03:56:27.316] Found no running Android Emulator
D [2016-07-19 03:56:27.316] DetectInstalledAndroid()
D [2016-07-19 03:56:27.316] UpdateAndroidConfig("MEmu")
D [2016-07-19 03:56:27.317] InitAndroid(False): MEmu
D [2016-07-19 03:56:28.250] Cannot read MEmu guestproperty phone_layout!
D [2016-07-19 03:56:28.250] Searching MEmu Window: Title = 'MEmu 2.', Class = '[CLASS:subWin; INSTANCE:1]', Text = ''
D [2016-07-19 03:56:28.254] MEmu Window not found
D [2016-07-19 03:56:28.254] Android: MEmu
D [2016-07-19 03:56:28.255] Android Config: 0
D [2016-07-19 03:56:28.255] Android Version: 2.5.0
D [2016-07-19 03:56:28.255] Android Instance: MEmu
D [2016-07-19 03:56:28.255] Android Window Title: MEmu 2.
D [2016-07-19 03:56:28.255] Android Program Path: C:\Program Files\Microvirt\MEmu\MEmu.exe
D [2016-07-19 03:56:28.256] Android Program Parameter: MEmu
D [2016-07-19 03:56:28.256] Android ADB Path: C:\Program Files\Microvirt\MEmu\adb.exe
D [2016-07-19 03:56:28.256] Android ADB Device: 127.0.0.1:21503
D [2016-07-19 03:56:28.256] Android ADB Shared Folder: /mnt/shell/emulated/0/Pictures/
D [2016-07-19 03:56:28.256] Android ADB Shared Folder on Host: C:\Users\Amin\Pictures\MEmu Photo\
D [2016-07-19 03:56:28.257] Android ADB Shared SubFolder: mybot.run\
D [2016-07-19 03:56:28.257] Android Mouse Device: Microvirt Virtual Input
D [2016-07-19 03:56:28.257] Android ADB screencap command enabled: True
D [2016-07-19 03:56:28.258] Android ADB input command enabled: False
D [2016-07-19 03:56:28.258] Android ADB Mouse Click enabled: False
D [2016-07-19 03:56:28.258] Android ADB Click Drag enabled: True
D [2016-07-19 03:56:28.258] Searching MEmu Window: Title = 'MEmu 2.', Class = '[CLASS:subWin; INSTANCE:1]', Text = ''
D [2016-07-19 03:56:28.261] MEmu Window not found
D [2016-07-19 03:56:28.262] InitAndroid(False): MEmu END, initialization successful = True
D [2016-07-19 03:56:28.262] UpdateAndroidConfig("MEmu") END
D [2016-07-19 03:56:28.262] Found installed MEmu 2.5.0
D [2016-07-19 03:56:28.262] My Bot is the only running instance
D [2016-07-19 03:56:32.360] UpdateAndroidConfig("MEmu")
D [2016-07-19 03:56:32.360] InitAndroid(False): MEmu
D [2016-07-19 03:56:33.297] Cannot read MEmu guestproperty phone_layout!
D [2016-07-19 03:56:33.298] Searching MEmu Window: Title = 'MEmu 2.', Class = '[CLASS:subWin; INSTANCE:1]', Text = ''
D [2016-07-19 03:56:33.303] MEmu Window not found
D [2016-07-19 03:56:33.303] Android: MEmu
D [2016-07-19 03:56:33.303] Android Config: 0
D [2016-07-19 03:56:33.304] Android Version: 2.5.0
D [2016-07-19 03:56:33.304] Android Instance: MEmu
D [2016-07-19 03:56:33.304] Android Window Title: MEmu 2.
D [2016-07-19 03:56:33.304] Android Program Path: C:\Program Files\Microvirt\MEmu\MEmu.exe
D [2016-07-19 03:56:33.304] Android Program Parameter: MEmu
D [2016-07-19 03:56:33.304] Android ADB Path: C:\Program Files\Microvirt\MEmu\adb.exe
D [2016-07-19 03:56:33.305] Android ADB Device: 127.0.0.1:21503
D [2016-07-19 03:56:33.305] Android ADB Shared Folder: /mnt/shell/emulated/0/Pictures/
D [2016-07-19 03:56:33.305] Android ADB Shared Folder on Host: C:\Users\Amin\Pictures\MEmu Photo\
D [2016-07-19 03:56:33.305] Android ADB Shared SubFolder: mybot.run\
D [2016-07-19 03:56:33.305] Android Mouse Device: Microvirt Virtual Input
D [2016-07-19 03:56:33.306] Android ADB screencap command enabled: True
D [2016-07-19 03:56:33.306] Android ADB input command enabled: False
D [2016-07-19 03:56:33.306] Android ADB Mouse Click enabled: False
D [2016-07-19 03:56:33.306] Android ADB Click Drag enabled: True
D [2016-07-19 03:56:33.306] Searching MEmu Window: Title = 'MEmu 2.', Class = '[CLASS:subWin; INSTANCE:1]', Text = ''
D [2016-07-19 03:56:33.311] MEmu Window not found
D [2016-07-19 03:56:33.311] InitAndroid(False): MEmu END, initialization successful = True
D [2016-07-19 03:56:33.312] UpdateAndroidConfig("MEmu") END
D [2016-07-19 03:56:33.312] UpdateAndroidConfig("droid4x")
D [2016-07-19 03:56:33.312] InitAndroid(False): Droid4X
L [2016-07-19 03:56:33.313] Serious error has occurred: Cannot find Droid4X:
L [2016-07-19 03:56:33.313] C:\Program Files (x86)\Droid4X\Droid4X.exe
D [2016-07-19 03:56:33.313] InitAndroid(False): Droid4X END, initialization successful = False
D [2016-07-19 03:56:33.313] UpdateAndroidConfig("droid4x") END
D [2016-07-19 03:56:33.313] UpdateAndroidConfig("nox")
D [2016-07-19 03:56:33.314] InitAndroid(False): Nox
D [2016-07-19 03:56:34.009] Android: Nox
D [2016-07-19 03:56:34.009] Android Config: 2
D [2016-07-19 03:56:34.009] Android Version: 3.1.0.0
D [2016-07-19 03:56:34.010] Android Instance: nox
D [2016-07-19 03:56:34.010] Android Window Title: No
D [2016-07-19 03:56:34.010] Android Program Path: C:\Users\Amin\AppData\Roaming\Nox\bin\Nox.exe
D [2016-07-19 03:56:34.011] Android Program Parameter: -resolution:860x732 -dpi:160 "-clone:nox"
D [2016-07-19 03:56:34.011] Android ADB Path: C:\Program Files\Microvirt\MEmu\adb.exe
D [2016-07-19 03:56:34.011] Android ADB Device: 127.0.0.1:62001
D [2016-07-19 03:56:34.011] Android ADB Shared Folder: /mnt/shared/Other/
D [2016-07-19 03:56:34.012] Android ADB Shared Folder on Host: C:\Users\Amin\Documents\Nox_share\Other\
D [2016-07-19 03:56:34.012] Android ADB Shared SubFolder: mybot.run\
D [2016-07-19 03:56:34.012] Android Mouse Device: nox Virtual Input
D [2016-07-19 03:56:34.012] Android ADB screencap command enabled: True
D [2016-07-19 03:56:34.012] Android ADB input command enabled: False
D [2016-07-19 03:56:34.013] Android ADB Mouse Click enabled: False
D [2016-07-19 03:56:34.013] Android ADB Click Drag enabled: True
D [2016-07-19 03:56:34.013] Searching Nox Window: Title = 'No', Class = '[CLASS:Qt5QWindowIcon;INSTANCE:4]', Text = ''
D [2016-07-19 03:56:34.018] Nox Window not found
D [2016-07-19 03:56:34.019] InitAndroid(False): Nox END, initialization successful = True
D [2016-07-19 03:56:34.019] UpdateAndroidConfig("nox") END
D [2016-07-19 03:56:34.019] UpdateAndroidConfig("")
D [2016-07-19 03:56:34.019] InitAndroid(False): BlueStacks2
D [2016-07-19 03:56:34.020] BlueStacks2 Engine 'Plus'-Mode: False
D [2016-07-19 03:56:34.020] BlueStacks2 OEM Features: 2754561
D [2016-07-19 03:56:34.020] BlueStacks2 System Bar is not available
D [2016-07-19 03:56:34.021] Searching BlueStacks2 Window: Title = 'BlueStacks ', Class = '[CLASS:BlueStacksApp; INSTANCE:1]', Text = '_ctl.Window'
D [2016-07-19 03:56:34.026] BlueStacks2 Window not found
D [2016-07-19 03:56:34.026] Android: BlueStacks2
D [2016-07-19 03:56:34.026] Android Config: 3
D [2016-07-19 03:56:34.027] Android Version: 2.0.2.5623
D [2016-07-19 03:56:34.027] Android Instance: 
D [2016-07-19 03:56:34.027] Android Window Title: BlueStacks 
D [2016-07-19 03:56:34.027] Android Program Path: C:\Program Files (x86)\BlueStacks\HD-Frontend.exe
D [2016-07-19 03:56:34.027] Android Program Parameter: Android
D [2016-07-19 03:56:34.028] Android ADB Path: C:\Program Files\Microvirt\MEmu\adb.exe
D [2016-07-19 03:56:34.028] Android ADB Device: emulator-5554
D [2016-07-19 03:56:34.028] Android ADB Shared Folder: /storage/sdcard/windows/BstSharedFolder/
D [2016-07-19 03:56:34.028] Android ADB Shared Folder on Host: C:\ProgramData\BlueStacks\UserData\SharedFolder\
D [2016-07-19 03:56:34.029] Android ADB Shared SubFolder: mybot.run\
D [2016-07-19 03:56:34.029] Android Mouse Device: BlueStacks Virtual Touch
D [2016-07-19 03:56:34.029] Android ADB screencap command enabled: False
D [2016-07-19 03:56:34.029] Android ADB input command enabled: False
D [2016-07-19 03:56:34.029] Android ADB Mouse Click enabled: False
D [2016-07-19 03:56:34.029] Android ADB Click Drag enabled: False
D [2016-07-19 03:56:34.030] Searching BlueStacks2 Window: Title = 'BlueStacks ', Class = '[CLASS:BlueStacksApp; INSTANCE:1]', Text = '_ctl.Window'
D [2016-07-19 03:56:34.035] BlueStacks2 Window not found
D [2016-07-19 03:56:34.035] InitAndroid(False): BlueStacks2 END, initialization successful = True
D [2016-07-19 03:56:34.035] UpdateAndroidConfig("") END
D [2016-07-19 03:56:34.035] UpdateAndroidConfig("")
D [2016-07-19 03:56:34.037] InitAndroid(False): BlueStacks
D [2016-07-19 03:56:34.038] BlueStacks Engine 'Plus'-Mode: False
D [2016-07-19 03:56:34.038] BlueStacks OEM Features: 2754561
D [2016-07-19 03:56:34.038] BlueStacks System Bar is not available
D [2016-07-19 03:56:34.038] Searching BlueStacks Window: Title = 'BlueStacks App Player', Class = '[CLASS:BlueStacksApp; INSTANCE:1]', Text = '_ctl.Window'
D [2016-07-19 03:56:34.044] BlueStacks Window not found
L [2016-07-19 03:56:34.044] BlueStacks supported version 0.8.x - 0.11.x not found
D [2016-07-19 03:56:34.044] InitAndroid(False): BlueStacks END, initialization successful = False
D [2016-07-19 03:56:34.044] UpdateAndroidConfig("") END
D [2016-07-19 03:56:34.045] UpdateAndroidConfig("MEmu")
D [2016-07-19 03:56:34.045] InitAndroid(False): MEmu
D [2016-07-19 03:56:34.981] Cannot read MEmu guestproperty phone_layout!
D [2016-07-19 03:56:34.981] Searching MEmu Window: Title = 'MEmu 2.', Class = '[CLASS:subWin; INSTANCE:1]', Text = ''
D [2016-07-19 03:56:34.986] MEmu Window not found
D [2016-07-19 03:56:34.986] Android: MEmu
D [2016-07-19 03:56:34.987] Android Config: 0
D [2016-07-19 03:56:34.987] Android Version: 2.5.0
D [2016-07-19 03:56:34.987] Android Instance: MEmu
D [2016-07-19 03:56:34.987] Android Window Title: MEmu 2.
D [2016-07-19 03:56:34.987] Android Program Path: C:\Program Files\Microvirt\MEmu\MEmu.exe
D [2016-07-19 03:56:34.988] Android Program Parameter: MEmu
D [2016-07-19 03:56:34.988] Android ADB Path: C:\Program Files\Microvirt\MEmu\adb.exe
D [2016-07-19 03:56:34.988] Android ADB Device: 127.0.0.1:21503
D [2016-07-19 03:56:34.988] Android ADB Shared Folder: /mnt/shell/emulated/0/Pictures/
D [2016-07-19 03:56:34.988] Android ADB Shared Folder on Host: C:\Users\Amin\Pictures\MEmu Photo\
D [2016-07-19 03:56:34.989] Android ADB Shared SubFolder: mybot.run\
D [2016-07-19 03:56:34.989] Android Mouse Device: Microvirt Virtual Input
D [2016-07-19 03:56:34.989] Android ADB screencap command enabled: True
D [2016-07-19 03:56:34.989] Android ADB input command enabled: False
D [2016-07-19 03:56:34.989] Android ADB Mouse Click enabled: False
D [2016-07-19 03:56:34.990] Android ADB Click Drag enabled: True
D [2016-07-19 03:56:34.990] Searching MEmu Window: Title = 'MEmu 2.', Class = '[CLASS:subWin; INSTANCE:1]', Text = ''
D [2016-07-19 03:56:34.995] MEmu Window not found
D [2016-07-19 03:56:34.995] InitAndroid(False): MEmu END, initialization successful = True
D [2016-07-19 03:56:34.995] UpdateAndroidConfig("MEmu") END
D [2016-07-19 03:56:35.625] Read Building Config C:\Users\Amin\Desktop\MyBot.Run\MOD AIO\MyBot-AIO-2.1.4\Profiles\MyVillage\building.ini
D [2016-07-19 03:56:35.641] Read Config C:\Users\Amin\Desktop\MyBot.Run\MOD AIO\MyBot-AIO-2.1.4\Profiles\MyVillage\config.ini
D [2016-07-19 03:56:35.697] Apply Config
D [2016-07-19 03:56:35.838] UpdateAndroidConfig("MEmu_1")
D [2016-07-19 03:56:35.838] InitAndroid(False): MEmu
D [2016-07-19 03:56:36.783] Cannot read MEmu guestproperty phone_layout!
D [2016-07-19 03:56:36.783] Searching MEmu Window: Title = 'MEmu 2.', Class = '[CLASS:subWin; INSTANCE:1]', Text = ''
D [2016-07-19 03:56:36.789] MEmu Window not found
D [2016-07-19 03:56:36.790] Android: MEmu
D [2016-07-19 03:56:36.790] Android Config: 0
D [2016-07-19 03:56:36.790] Android Version: 2.5.0
D [2016-07-19 03:56:36.790] Android Instance: MEmu_1
D [2016-07-19 03:56:36.790] Android Window Title: MEmu 2.
D [2016-07-19 03:56:36.791] Android Program Path: C:\Program Files\Microvirt\MEmu\MEmu.exe
D [2016-07-19 03:56:36.791] Android Program Parameter: MEmu_1
D [2016-07-19 03:56:36.791] Android ADB Path: C:\Program Files\Microvirt\MEmu\adb.exe
D [2016-07-19 03:56:36.791] Android ADB Device: 127.0.0.1:21513
D [2016-07-19 03:56:36.791] Android ADB Shared Folder: /mnt/shell/emulated/0/Pictures/
D [2016-07-19 03:56:36.792] Android ADB Shared Folder on Host: C:\Users\Amin\Pictures\MEmu Photo\
D [2016-07-19 03:56:36.792] Android ADB Shared SubFolder: mybot.run\
D [2016-07-19 03:56:36.792] Android Mouse Device: Microvirt Virtual Input
D [2016-07-19 03:56:36.792] Android ADB screencap command enabled: True
D [2016-07-19 03:56:36.792] Android ADB input command enabled: False
D [2016-07-19 03:56:36.793] Android ADB Mouse Click enabled: False
D [2016-07-19 03:56:36.793] Android ADB Click Drag enabled: True
D [2016-07-19 03:56:36.793] Searching MEmu Window: Title = 'MEmu 2.', Class = '[CLASS:subWin; INSTANCE:1]', Text = ''
D [2016-07-19 03:56:36.799] MEmu Window not found
D [2016-07-19 03:56:36.799] InitAndroid(False): MEmu END, initialization successful = True
D [2016-07-19 03:56:36.799] UpdateAndroidConfig("MEmu_1") END
D [2016-07-19 03:56:36.800] Redraw MyBot Window
L [2016-07-19 03:56:37.404] Found installed MEmu 2.5.0
L [2016-07-19 03:56:37.454] Android Emulator Configuration: MEmu (instance MEmu_1)
D [2016-07-19 03:56:39.451] Redraw MyBot ControlIds (forced): 0x002C1ED4, 0x002B12A4
L [2016-07-19 03:56:40.258] WELCOME CHIEF, YOU HAVE THE LATEST VERSION OF THE BOT
L [2016-07-19 03:56:40.263]  
L [2016-07-19 03:56:40.267] Fully working with May update
L [2016-07-19 03:56:40.272] New GUI and lots of new features
L [2016-07-19 03:56:40.277] For more information, go to 
L [2016-07-19 03:56:40.282] https://mybot.run
L [2016-07-19 03:56:40.286] 
L [2016-07-19 03:56:40.291]  Always free and open source.
D [2016-07-19 03:56:41.615] MyBot.run launch time 17117 ms.
L [2016-07-19 03:58:41.855] Closing Merged My Bot v6.1.4 All In One v2.1.4 (MEmu_1) ...
D [2016-07-19 03:58:41.867] Save Config C:\Users\Amin\Desktop\MyBot.Run\MOD AIO\MyBot-AIO-2.1.4\Profiles\MyVillage\config.ini
D [2016-07-19 03:58:42.300] Save Building Config C:\Users\Amin\Desktop\MyBot.Run\MOD AIO\MyBot-AIO-2.1.4\Profiles\MyVillage\building.ini
