D [2016-07-19 03:00:53.356] @AutoItExe: C:\Program Files (x86)\AutoIt3\AutoIt3.exe
D [2016-07-19 03:00:53.356] @ScriptFullPath: C:\Users\Amin\Desktop\MyBot.Run\MOD AIO\MyBot-AIO-2.1.4\MyBot.run.au3
D [2016-07-19 03:00:53.356] @WorkingDir: C:\Users\Amin\Desktop\MyBot.Run\MOD AIO\MyBot-AIO-2.1.4
D [2016-07-19 03:00:53.357] @AutoItPID: 5604
D [2016-07-19 03:00:53.378] DetectRunningAndroid()
D [2016-07-19 03:00:53.378] UpdateAndroidConfig("MEmu")
D [2016-07-19 03:00:53.379] InitAndroid(False): MEmu
D [2016-07-19 03:00:54.373] Cannot read MEmu guestproperty phone_layout!
D [2016-07-19 03:00:54.373] Searching MEmu Window: Title = 'MEmu 2.', Class = '[CLASS:subWin; INSTANCE:1]', Text = ''
D [2016-07-19 03:00:54.375] MEmu Window not found
D [2016-07-19 03:00:54.375] Android: MEmu
D [2016-07-19 03:00:54.375] Android Config: 0
D [2016-07-19 03:00:54.376] Android Version: 2.5.0
D [2016-07-19 03:00:54.376] Android Instance: MEmu
D [2016-07-19 03:00:54.376] Android Window Title: MEmu 2.
D [2016-07-19 03:00:54.376] Android Program Path: C:\Program Files\Microvirt\MEmu\MEmu.exe
D [2016-07-19 03:00:54.376] Android Program Parameter: MEmu
D [2016-07-19 03:00:54.376] Android ADB Path: C:\Program Files\Microvirt\MEmu\adb.exe
D [2016-07-19 03:00:54.377] Android ADB Device: 127.0.0.1:21503
D [2016-07-19 03:00:54.377] Android ADB Shared Folder: /mnt/shell/emulated/0/Pictures/
D [2016-07-19 03:00:54.377] Android ADB Shared Folder on Host: C:\Users\Amin\Pictures\MEmu Photo\
D [2016-07-19 03:00:54.377] Android ADB Shared SubFolder: mybot.run\
D [2016-07-19 03:00:54.377] Android Mouse Device: Microvirt Virtual Input
D [2016-07-19 03:00:54.378] Android ADB screencap command enabled: True
D [2016-07-19 03:00:54.378] Android ADB input command enabled: False
D [2016-07-19 03:00:54.378] Android ADB Mouse Click enabled: False
D [2016-07-19 03:00:54.378] Android ADB Click Drag enabled: True
D [2016-07-19 03:00:54.378] Searching MEmu Window: Title = 'MEmu 2.', Class = '[CLASS:subWin; INSTANCE:1]', Text = ''
D [2016-07-19 03:00:54.379] MEmu Window not found
D [2016-07-19 03:00:54.380] InitAndroid(False): MEmu END, initialization successful = True
D [2016-07-19 03:00:54.381] UpdateAndroidConfig("MEmu") END
D [2016-07-19 03:00:54.381] GetAndroidRunningInstance: Try to find "C:\Program Files\Microvirt\MEmu\MEmu.exe"
D [2016-07-19 03:00:54.388] ObjGet("winmgmts:\\.\root\cimv2")
D [2016-07-19 03:00:54.388] WMI Query: Select * from Win32_Process where ExecutablePath like "%C:\\Program Files\\Microvirt\\MEmu\\MEmu.exe%"
D [2016-07-19 03:00:54.431] Process by CommandLine not found: C:\Program Files\Microvirt\MEmu\MEmu.exe
D [2016-07-19 03:00:54.432] UpdateAndroidConfig("droid4x")
D [2016-07-19 03:00:54.432] InitAndroid(False): Droid4X
L [2016-07-19 03:00:54.433] Serious error has occurred: Cannot find Droid4X:
L [2016-07-19 03:00:54.433] C:\Program Files (x86)\Droid4X\Droid4X.exe
D [2016-07-19 03:00:54.433] InitAndroid(False): Droid4X END, initialization successful = False
D [2016-07-19 03:00:54.434] UpdateAndroidConfig("droid4x") END
D [2016-07-19 03:00:54.434] UpdateAndroidConfig("nox")
D [2016-07-19 03:00:54.434] InitAndroid(False): Nox
D [2016-07-19 03:00:55.114] Android: Nox
D [2016-07-19 03:00:55.114] Android Config: 2
D [2016-07-19 03:00:55.115] Android Version: 3.1.0.0
D [2016-07-19 03:00:55.115] Android Instance: nox
D [2016-07-19 03:00:55.115] Android Window Title: No
D [2016-07-19 03:00:55.115] Android Program Path: C:\Users\Amin\AppData\Roaming\Nox\bin\Nox.exe
D [2016-07-19 03:00:55.115] Android Program Parameter: -resolution:860x732 -dpi:160 "-clone:nox"
D [2016-07-19 03:00:55.116] Android ADB Path: C:\Program Files\Microvirt\MEmu\adb.exe
D [2016-07-19 03:00:55.116] Android ADB Device: 127.0.0.1:62001
D [2016-07-19 03:00:55.116] Android ADB Shared Folder: /mnt/shared/Other/
D [2016-07-19 03:00:55.116] Android ADB Shared Folder on Host: C:\Users\Amin\Documents\Nox_share\Other\
D [2016-07-19 03:00:55.116] Android ADB Shared SubFolder: mybot.run\
D [2016-07-19 03:00:55.117] Android Mouse Device: nox Virtual Input
D [2016-07-19 03:00:55.117] Android ADB screencap command enabled: True
D [2016-07-19 03:00:55.117] Android ADB input command enabled: False
D [2016-07-19 03:00:55.117] Android ADB Mouse Click enabled: False
D [2016-07-19 03:00:55.117] Android ADB Click Drag enabled: True
D [2016-07-19 03:00:55.118] Searching Nox Window: Title = 'No', Class = '[CLASS:Qt5QWindowIcon;INSTANCE:4]', Text = ''
D [2016-07-19 03:00:55.119] Nox Window not found
D [2016-07-19 03:00:55.119] InitAndroid(False): Nox END, initialization successful = True
D [2016-07-19 03:00:55.119] UpdateAndroidConfig("nox") END
D [2016-07-19 03:00:55.120] GetAndroidRunningInstance: Try to find "C:\Users\Amin\AppData\Roaming\Nox\bin\Nox.exe"
D [2016-07-19 03:00:55.122] ObjGet("winmgmts:\\.\root\cimv2")
D [2016-07-19 03:00:55.122] WMI Query: Select * from Win32_Process where ExecutablePath like "%C:\\Users\\Amin\\AppData\\Roaming\\Nox\\bin\\Nox.exe%"
D [2016-07-19 03:00:55.163] No process found by CommandLine: C:\Users\Amin\AppData\Roaming\Nox\bin\Nox.exe
D [2016-07-19 03:00:55.164] UpdateAndroidConfig("")
D [2016-07-19 03:00:55.164] InitAndroid(False): BlueStacks2
D [2016-07-19 03:00:55.165] BlueStacks2 Engine 'Plus'-Mode: False
D [2016-07-19 03:00:55.165] BlueStacks2 OEM Features: 2754561
D [2016-07-19 03:00:55.165] BlueStacks2 System Bar is not available
D [2016-07-19 03:00:55.165] Searching BlueStacks2 Window: Title = 'BlueStacks ', Class = '[CLASS:BlueStacksApp; INSTANCE:1]', Text = '_ctl.Window'
D [2016-07-19 03:00:55.167] BlueStacks2 Window not found
D [2016-07-19 03:00:55.167] Android: BlueStacks2
D [2016-07-19 03:00:55.167] Android Config: 3
D [2016-07-19 03:00:55.168] Android Version: 2.0.2.5623
D [2016-07-19 03:00:55.168] Android Instance: 
D [2016-07-19 03:00:55.168] Android Window Title: BlueStacks 
D [2016-07-19 03:00:55.168] Android Program Path: C:\Program Files (x86)\BlueStacks\HD-Frontend.exe
D [2016-07-19 03:00:55.168] Android Program Parameter: Android
D [2016-07-19 03:00:55.169] Android ADB Path: C:\Program Files\Microvirt\MEmu\adb.exe
D [2016-07-19 03:00:55.169] Android ADB Device: emulator-5554
D [2016-07-19 03:00:55.169] Android ADB Shared Folder: /storage/sdcard/windows/BstSharedFolder/
D [2016-07-19 03:00:55.169] Android ADB Shared Folder on Host: C:\ProgramData\BlueStacks\UserData\SharedFolder\
D [2016-07-19 03:00:55.169] Android ADB Shared SubFolder: mybot.run\
D [2016-07-19 03:00:55.170] Android Mouse Device: BlueStacks Virtual Touch
D [2016-07-19 03:00:55.171] Android ADB screencap command enabled: False
D [2016-07-19 03:00:55.171] Android ADB input command enabled: False
D [2016-07-19 03:00:55.171] Android ADB Mouse Click enabled: False
D [2016-07-19 03:00:55.171] Android ADB Click Drag enabled: False
D [2016-07-19 03:00:55.171] Searching BlueStacks2 Window: Title = 'BlueStacks ', Class = '[CLASS:BlueStacksApp; INSTANCE:1]', Text = '_ctl.Window'
D [2016-07-19 03:00:55.173] BlueStacks2 Window not found
D [2016-07-19 03:00:55.173] InitAndroid(False): BlueStacks2 END, initialization successful = True
D [2016-07-19 03:00:55.173] UpdateAndroidConfig("") END
D [2016-07-19 03:00:55.173] Searching BlueStacks2 Window: Title = 'BlueStacks ', Class = '[CLASS:BlueStacksApp; INSTANCE:1]', Text = '_ctl.Window'
D [2016-07-19 03:00:55.174] BlueStacks2 Window not found
D [2016-07-19 03:00:55.175] UpdateAndroidConfig("")
D [2016-07-19 03:00:55.175] InitAndroid(False): BlueStacks
D [2016-07-19 03:00:55.176] BlueStacks Engine 'Plus'-Mode: False
D [2016-07-19 03:00:55.176] BlueStacks OEM Features: 2754561
D [2016-07-19 03:00:55.176] BlueStacks System Bar is not available
D [2016-07-19 03:00:55.176] Searching BlueStacks Window: Title = 'BlueStacks App Player', Class = '[CLASS:BlueStacksApp; INSTANCE:1]', Text = '_ctl.Window'
D [2016-07-19 03:00:55.177] BlueStacks Window not found
L [2016-07-19 03:00:55.178] BlueStacks supported version 0.8.x - 0.11.x not found
D [2016-07-19 03:00:55.178] InitAndroid(False): BlueStacks END, initialization successful = False
D [2016-07-19 03:00:55.178] UpdateAndroidConfig("") END
D [2016-07-19 03:00:55.178] UpdateAndroidConfig("MEmu")
D [2016-07-19 03:00:55.179] InitAndroid(False): MEmu
D [2016-07-19 03:00:56.098] Cannot read MEmu guestproperty phone_layout!
D [2016-07-19 03:00:56.099] Searching MEmu Window: Title = 'MEmu 2.', Class = '[CLASS:subWin; INSTANCE:1]', Text = ''
D [2016-07-19 03:00:56.100] MEmu Window not found
D [2016-07-19 03:00:56.100] Android: MEmu
D [2016-07-19 03:00:56.100] Android Config: 0
D [2016-07-19 03:00:56.100] Android Version: 2.5.0
D [2016-07-19 03:00:56.101] Android Instance: MEmu
D [2016-07-19 03:00:56.101] Android Window Title: MEmu 2.
D [2016-07-19 03:00:56.101] Android Program Path: C:\Program Files\Microvirt\MEmu\MEmu.exe
D [2016-07-19 03:00:56.101] Android Program Parameter: MEmu
D [2016-07-19 03:00:56.101] Android ADB Path: C:\Program Files\Microvirt\MEmu\adb.exe
D [2016-07-19 03:00:56.102] Android ADB Device: 127.0.0.1:21503
D [2016-07-19 03:00:56.102] Android ADB Shared Folder: /mnt/shell/emulated/0/Pictures/
D [2016-07-19 03:00:56.102] Android ADB Shared Folder on Host: C:\Users\Amin\Pictures\MEmu Photo\
D [2016-07-19 03:00:56.102] Android ADB Shared SubFolder: mybot.run\
D [2016-07-19 03:00:56.102] Android Mouse Device: Microvirt Virtual Input
D [2016-07-19 03:00:56.103] Android ADB screencap command enabled: True
D [2016-07-19 03:00:56.103] Android ADB input command enabled: False
D [2016-07-19 03:00:56.103] Android ADB Mouse Click enabled: False
D [2016-07-19 03:00:56.103] Android ADB Click Drag enabled: True
D [2016-07-19 03:00:56.103] Searching MEmu Window: Title = 'MEmu 2.', Class = '[CLASS:subWin; INSTANCE:1]', Text = ''
D [2016-07-19 03:00:56.105] MEmu Window not found
D [2016-07-19 03:00:56.105] InitAndroid(False): MEmu END, initialization successful = True
D [2016-07-19 03:00:56.105] UpdateAndroidConfig("MEmu") END
D [2016-07-19 03:00:56.105] Found no running Android Emulator
D [2016-07-19 03:00:56.105] DetectInstalledAndroid()
D [2016-07-19 03:00:56.105] UpdateAndroidConfig("MEmu")
D [2016-07-19 03:00:56.106] InitAndroid(False): MEmu
D [2016-07-19 03:00:57.012] Cannot read MEmu guestproperty phone_layout!
D [2016-07-19 03:00:57.013] Searching MEmu Window: Title = 'MEmu 2.', Class = '[CLASS:subWin; INSTANCE:1]', Text = ''
D [2016-07-19 03:00:57.014] MEmu Window not found
D [2016-07-19 03:00:57.014] Android: MEmu
D [2016-07-19 03:00:57.014] Android Config: 0
D [2016-07-19 03:00:57.014] Android Version: 2.5.0
D [2016-07-19 03:00:57.015] Android Instance: MEmu
D [2016-07-19 03:00:57.015] Android Window Title: MEmu 2.
D [2016-07-19 03:00:57.015] Android Program Path: C:\Program Files\Microvirt\MEmu\MEmu.exe
D [2016-07-19 03:00:57.015] Android Program Parameter: MEmu
D [2016-07-19 03:00:57.015] Android ADB Path: C:\Program Files\Microvirt\MEmu\adb.exe
D [2016-07-19 03:00:57.016] Android ADB Device: 127.0.0.1:21503
D [2016-07-19 03:00:57.016] Android ADB Shared Folder: /mnt/shell/emulated/0/Pictures/
D [2016-07-19 03:00:57.016] Android ADB Shared Folder on Host: C:\Users\Amin\Pictures\MEmu Photo\
D [2016-07-19 03:00:57.016] Android ADB Shared SubFolder: mybot.run\
D [2016-07-19 03:00:57.016] Android Mouse Device: Microvirt Virtual Input
D [2016-07-19 03:00:57.017] Android ADB screencap command enabled: True
D [2016-07-19 03:00:57.017] Android ADB input command enabled: False
D [2016-07-19 03:00:57.017] Android ADB Mouse Click enabled: False
D [2016-07-19 03:00:57.017] Android ADB Click Drag enabled: True
D [2016-07-19 03:00:57.017] Searching MEmu Window: Title = 'MEmu 2.', Class = '[CLASS:subWin; INSTANCE:1]', Text = ''
D [2016-07-19 03:00:57.018] MEmu Window not found
D [2016-07-19 03:00:57.019] InitAndroid(False): MEmu END, initialization successful = True
D [2016-07-19 03:00:57.019] UpdateAndroidConfig("MEmu") END
D [2016-07-19 03:00:57.019] Found installed MEmu 2.5.0
D [2016-07-19 03:00:57.020] My Bot is the only running instance
D [2016-07-19 03:00:59.521] UpdateAndroidConfig("MEmu")
D [2016-07-19 03:00:59.521] InitAndroid(False): MEmu
D [2016-07-19 03:01:00.438] Cannot read MEmu guestproperty phone_layout!
D [2016-07-19 03:01:00.439] Searching MEmu Window: Title = 'MEmu 2.', Class = '[CLASS:subWin; INSTANCE:1]', Text = ''
D [2016-07-19 03:01:00.441] MEmu Window not found
D [2016-07-19 03:01:00.442] Android: MEmu
D [2016-07-19 03:01:00.442] Android Config: 0
D [2016-07-19 03:01:00.442] Android Version: 2.5.0
D [2016-07-19 03:01:00.442] Android Instance: MEmu
D [2016-07-19 03:01:00.442] Android Window Title: MEmu 2.
D [2016-07-19 03:01:00.443] Android Program Path: C:\Program Files\Microvirt\MEmu\MEmu.exe
D [2016-07-19 03:01:00.443] Android Program Parameter: MEmu
D [2016-07-19 03:01:00.443] Android ADB Path: C:\Program Files\Microvirt\MEmu\adb.exe
D [2016-07-19 03:01:00.443] Android ADB Device: 127.0.0.1:21503
D [2016-07-19 03:01:00.443] Android ADB Shared Folder: /mnt/shell/emulated/0/Pictures/
D [2016-07-19 03:01:00.444] Android ADB Shared Folder on Host: C:\Users\Amin\Pictures\MEmu Photo\
D [2016-07-19 03:01:00.444] Android ADB Shared SubFolder: mybot.run\
D [2016-07-19 03:01:00.444] Android Mouse Device: Microvirt Virtual Input
D [2016-07-19 03:01:00.444] Android ADB screencap command enabled: True
D [2016-07-19 03:01:00.445] Android ADB input command enabled: False
D [2016-07-19 03:01:00.445] Android ADB Mouse Click enabled: False
D [2016-07-19 03:01:00.445] Android ADB Click Drag enabled: True
D [2016-07-19 03:01:00.445] Searching MEmu Window: Title = 'MEmu 2.', Class = '[CLASS:subWin; INSTANCE:1]', Text = ''
D [2016-07-19 03:01:00.448] MEmu Window not found
D [2016-07-19 03:01:00.448] InitAndroid(False): MEmu END, initialization successful = True
D [2016-07-19 03:01:00.448] UpdateAndroidConfig("MEmu") END
D [2016-07-19 03:01:00.448] UpdateAndroidConfig("droid4x")
D [2016-07-19 03:01:00.449] InitAndroid(False): Droid4X
L [2016-07-19 03:01:00.449] Serious error has occurred: Cannot find Droid4X:
L [2016-07-19 03:01:00.450] C:\Program Files (x86)\Droid4X\Droid4X.exe
D [2016-07-19 03:01:00.450] InitAndroid(False): Droid4X END, initialization successful = False
D [2016-07-19 03:01:00.450] UpdateAndroidConfig("droid4x") END
D [2016-07-19 03:01:00.450] UpdateAndroidConfig("nox")
D [2016-07-19 03:01:00.450] InitAndroid(False): Nox
D [2016-07-19 03:01:01.134] Android: Nox
D [2016-07-19 03:01:01.134] Android Config: 2
D [2016-07-19 03:01:01.134] Android Version: 3.1.0.0
D [2016-07-19 03:01:01.134] Android Instance: nox
D [2016-07-19 03:01:01.134] Android Window Title: No
D [2016-07-19 03:01:01.135] Android Program Path: C:\Users\Amin\AppData\Roaming\Nox\bin\Nox.exe
D [2016-07-19 03:01:01.135] Android Program Parameter: -resolution:860x732 -dpi:160 "-clone:nox"
D [2016-07-19 03:01:01.135] Android ADB Path: C:\Program Files\Microvirt\MEmu\adb.exe
D [2016-07-19 03:01:01.135] Android ADB Device: 127.0.0.1:62001
D [2016-07-19 03:01:01.135] Android ADB Shared Folder: /mnt/shared/Other/
D [2016-07-19 03:01:01.136] Android ADB Shared Folder on Host: C:\Users\Amin\Documents\Nox_share\Other\
D [2016-07-19 03:01:01.136] Android ADB Shared SubFolder: mybot.run\
D [2016-07-19 03:01:01.136] Android Mouse Device: nox Virtual Input
D [2016-07-19 03:01:01.136] Android ADB screencap command enabled: True
D [2016-07-19 03:01:01.137] Android ADB input command enabled: False
D [2016-07-19 03:01:01.137] Android ADB Mouse Click enabled: False
D [2016-07-19 03:01:01.137] Android ADB Click Drag enabled: True
D [2016-07-19 03:01:01.137] Searching Nox Window: Title = 'No', Class = '[CLASS:Qt5QWindowIcon;INSTANCE:4]', Text = ''
D [2016-07-19 03:01:01.141] Nox Window not found
D [2016-07-19 03:01:01.142] InitAndroid(False): Nox END, initialization successful = True
D [2016-07-19 03:01:01.142] UpdateAndroidConfig("nox") END
D [2016-07-19 03:01:01.142] UpdateAndroidConfig("")
D [2016-07-19 03:01:01.142] InitAndroid(False): BlueStacks2
D [2016-07-19 03:01:01.143] BlueStacks2 Engine 'Plus'-Mode: False
D [2016-07-19 03:01:01.143] BlueStacks2 OEM Features: 2754561
D [2016-07-19 03:01:01.143] BlueStacks2 System Bar is not available
D [2016-07-19 03:01:01.144] Searching BlueStacks2 Window: Title = 'BlueStacks ', Class = '[CLASS:BlueStacksApp; INSTANCE:1]', Text = '_ctl.Window'
D [2016-07-19 03:01:01.147] BlueStacks2 Window not found
D [2016-07-19 03:01:01.147] Android: BlueStacks2
D [2016-07-19 03:01:01.148] Android Config: 3
D [2016-07-19 03:01:01.148] Android Version: 2.0.2.5623
D [2016-07-19 03:01:01.148] Android Instance: 
D [2016-07-19 03:01:01.148] Android Window Title: BlueStacks 
D [2016-07-19 03:01:01.148] Android Program Path: C:\Program Files (x86)\BlueStacks\HD-Frontend.exe
D [2016-07-19 03:01:01.149] Android Program Parameter: Android
D [2016-07-19 03:01:01.149] Android ADB Path: C:\Program Files\Microvirt\MEmu\adb.exe
D [2016-07-19 03:01:01.149] Android ADB Device: emulator-5554
D [2016-07-19 03:01:01.149] Android ADB Shared Folder: /storage/sdcard/windows/BstSharedFolder/
D [2016-07-19 03:01:01.149] Android ADB Shared Folder on Host: C:\ProgramData\BlueStacks\UserData\SharedFolder\
D [2016-07-19 03:01:01.150] Android ADB Shared SubFolder: mybot.run\
D [2016-07-19 03:01:01.150] Android Mouse Device: BlueStacks Virtual Touch
D [2016-07-19 03:01:01.150] Android ADB screencap command enabled: False
D [2016-07-19 03:01:01.150] Android ADB input command enabled: False
D [2016-07-19 03:01:01.150] Android ADB Mouse Click enabled: False
D [2016-07-19 03:01:01.151] Android ADB Click Drag enabled: False
D [2016-07-19 03:01:01.151] Searching BlueStacks2 Window: Title = 'BlueStacks ', Class = '[CLASS:BlueStacksApp; INSTANCE:1]', Text = '_ctl.Window'
D [2016-07-19 03:01:01.153] BlueStacks2 Window not found
D [2016-07-19 03:01:01.153] InitAndroid(False): BlueStacks2 END, initialization successful = True
D [2016-07-19 03:01:01.154] UpdateAndroidConfig("") END
D [2016-07-19 03:01:01.154] UpdateAndroidConfig("")
D [2016-07-19 03:01:01.154] InitAndroid(False): BlueStacks
D [2016-07-19 03:01:01.155] BlueStacks Engine 'Plus'-Mode: False
D [2016-07-19 03:01:01.155] BlueStacks OEM Features: 2754561
D [2016-07-19 03:01:01.155] BlueStacks System Bar is not available
D [2016-07-19 03:01:01.155] Searching BlueStacks Window: Title = 'BlueStacks App Player', Class = '[CLASS:BlueStacksApp; INSTANCE:1]', Text = '_ctl.Window'
D [2016-07-19 03:01:01.158] BlueStacks Window not found
L [2016-07-19 03:01:01.158] BlueStacks supported version 0.8.x - 0.11.x not found
D [2016-07-19 03:01:01.158] InitAndroid(False): BlueStacks END, initialization successful = False
D [2016-07-19 03:01:01.159] UpdateAndroidConfig("") END
D [2016-07-19 03:01:01.159] UpdateAndroidConfig("MEmu")
D [2016-07-19 03:01:01.159] InitAndroid(False): MEmu
D [2016-07-19 03:01:02.094] Cannot read MEmu guestproperty phone_layout!
D [2016-07-19 03:01:02.094] Searching MEmu Window: Title = 'MEmu 2.', Class = '[CLASS:subWin; INSTANCE:1]', Text = ''
D [2016-07-19 03:01:02.099] MEmu Window not found
D [2016-07-19 03:01:02.099] Android: MEmu
D [2016-07-19 03:01:02.099] Android Config: 0
D [2016-07-19 03:01:02.099] Android Version: 2.5.0
D [2016-07-19 03:01:02.100] Android Instance: MEmu
D [2016-07-19 03:01:02.100] Android Window Title: MEmu 2.
D [2016-07-19 03:01:02.100] Android Program Path: C:\Program Files\Microvirt\MEmu\MEmu.exe
D [2016-07-19 03:01:02.100] Android Program Parameter: MEmu
D [2016-07-19 03:01:02.100] Android ADB Path: C:\Program Files\Microvirt\MEmu\adb.exe
D [2016-07-19 03:01:02.101] Android ADB Device: 127.0.0.1:21503
D [2016-07-19 03:01:02.101] Android ADB Shared Folder: /mnt/shell/emulated/0/Pictures/
D [2016-07-19 03:01:02.101] Android ADB Shared Folder on Host: C:\Users\Amin\Pictures\MEmu Photo\
D [2016-07-19 03:01:02.101] Android ADB Shared SubFolder: mybot.run\
D [2016-07-19 03:01:02.102] Android Mouse Device: Microvirt Virtual Input
D [2016-07-19 03:01:02.102] Android ADB screencap command enabled: True
D [2016-07-19 03:01:02.102] Android ADB input command enabled: False
D [2016-07-19 03:01:02.102] Android ADB Mouse Click enabled: False
D [2016-07-19 03:01:02.102] Android ADB Click Drag enabled: True
D [2016-07-19 03:01:02.103] Searching MEmu Window: Title = 'MEmu 2.', Class = '[CLASS:subWin; INSTANCE:1]', Text = ''
D [2016-07-19 03:01:02.105] MEmu Window not found
D [2016-07-19 03:01:02.105] InitAndroid(False): MEmu END, initialization successful = True
D [2016-07-19 03:01:02.106] UpdateAndroidConfig("MEmu") END
D [2016-07-19 03:01:02.492] Read Building Config C:\Users\Amin\Desktop\MyBot.Run\MOD AIO\MyBot-AIO-2.1.4\Profiles\MyVillage\building.ini
D [2016-07-19 03:01:02.504] Read Config C:\Users\Amin\Desktop\MyBot.Run\MOD AIO\MyBot-AIO-2.1.4\Profiles\MyVillage\config.ini
D [2016-07-19 03:01:02.562] Apply Config
D [2016-07-19 03:01:02.657] UpdateAndroidConfig("MEmu_1")
D [2016-07-19 03:01:02.657] InitAndroid(False): MEmu
D [2016-07-19 03:01:03.599] Cannot read MEmu guestproperty phone_layout!
D [2016-07-19 03:01:03.599] Searching MEmu Window: Title = 'MEmu 2.', Class = '[CLASS:subWin; INSTANCE:1]', Text = ''
D [2016-07-19 03:01:03.603] MEmu Window not found
D [2016-07-19 03:01:03.603] Android: MEmu
D [2016-07-19 03:01:03.603] Android Config: 0
D [2016-07-19 03:01:03.603] Android Version: 2.5.0
D [2016-07-19 03:01:03.604] Android Instance: MEmu_1
D [2016-07-19 03:01:03.604] Android Window Title: MEmu 2.
D [2016-07-19 03:01:03.604] Android Program Path: C:\Program Files\Microvirt\MEmu\MEmu.exe
D [2016-07-19 03:01:03.604] Android Program Parameter: MEmu_1
D [2016-07-19 03:01:03.605] Android ADB Path: C:\Program Files\Microvirt\MEmu\adb.exe
D [2016-07-19 03:01:03.605] Android ADB Device: 127.0.0.1:21513
D [2016-07-19 03:01:03.605] Android ADB Shared Folder: /mnt/shell/emulated/0/Pictures/
D [2016-07-19 03:01:03.605] Android ADB Shared Folder on Host: C:\Users\Amin\Pictures\MEmu Photo\
D [2016-07-19 03:01:03.606] Android ADB Shared SubFolder: mybot.run\
D [2016-07-19 03:01:03.606] Android Mouse Device: Microvirt Virtual Input
D [2016-07-19 03:01:03.606] Android ADB screencap command enabled: True
D [2016-07-19 03:01:03.606] Android ADB input command enabled: False
D [2016-07-19 03:01:03.606] Android ADB Mouse Click enabled: False
D [2016-07-19 03:01:03.607] Android ADB Click Drag enabled: True
D [2016-07-19 03:01:03.607] Searching MEmu Window: Title = 'MEmu 2.', Class = '[CLASS:subWin; INSTANCE:1]', Text = ''
D [2016-07-19 03:01:03.610] MEmu Window not found
D [2016-07-19 03:01:03.610] InitAndroid(False): MEmu END, initialization successful = True
D [2016-07-19 03:01:03.610] UpdateAndroidConfig("MEmu_1") END
D [2016-07-19 03:01:03.626] Redraw MyBot Window
L [2016-07-19 03:01:04.365] Found installed MEmu 2.5.0
L [2016-07-19 03:01:04.368] Android Emulator Configuration: MEmu (instance MEmu_1)
L [2016-07-19 03:01:07.823] WELCOME CHIEF, YOU HAVE THE LATEST VERSION OF THE BOT
L [2016-07-19 03:01:07.826]  
L [2016-07-19 03:01:07.828] Fully working with May update
L [2016-07-19 03:01:07.831] New GUI and lots of new features
L [2016-07-19 03:01:07.834] For more information, go to 
L [2016-07-19 03:01:07.836] https://mybot.run
L [2016-07-19 03:01:07.838] 
L [2016-07-19 03:01:07.841]  Always free and open source.
D [2016-07-19 03:01:09.921] MyBot.run launch time 16574 ms.
L [2016-07-19 03:03:08.614] Closing Merged My Bot v6.1.4 All In One v2.1.4 (MEmu_1) ...
D [2016-07-19 03:03:08.623] Save Config C:\Users\Amin\Desktop\MyBot.Run\MOD AIO\MyBot-AIO-2.1.4\Profiles\MyVillage\config.ini
D [2016-07-19 03:03:09.087] Save Building Config C:\Users\Amin\Desktop\MyBot.Run\MOD AIO\MyBot-AIO-2.1.4\Profiles\MyVillage\building.ini
