D [2016-07-14 17:08:43.035] @AutoItExe: C:\Program Files (x86)\AutoIt3\AutoIt3.exe
D [2016-07-14 17:08:43.036] @ScriptFullPath: C:\Users\Amin\Desktop\MyBot.Run\MOD AIO\MyBot-AIO-2.1.3+Latest Fix-With-LimitDonations-byCutidudz\MyBot.run.au3
D [2016-07-14 17:08:43.036] @WorkingDir: C:\Users\Amin\Desktop\MyBot.Run\MOD AIO\MyBot-AIO-2.1.3+Latest Fix-With-LimitDonations-byCutidudz
D [2016-07-14 17:08:43.036] @AutoItPID: 7000
D [2016-07-14 17:08:43.077] DetectRunningAndroid()
D [2016-07-14 17:08:43.077] UpdateAndroidConfig("MEmu")
D [2016-07-14 17:08:43.077] InitAndroid(False): MEmu
D [2016-07-14 17:08:44.096] Cannot read MEmu guestproperty phone_layout!
D [2016-07-14 17:08:44.096] Searching MEmu Window: Title = 'MEmu 2.', Class = '[CLASS:subWin; INSTANCE:1]', Text = ''
D [2016-07-14 17:08:44.098] MEmu Window not found
D [2016-07-14 17:08:44.099] Android: MEmu
D [2016-07-14 17:08:44.099] Android Config: 0
D [2016-07-14 17:08:44.099] Android Version: 2.5.0
D [2016-07-14 17:08:44.099] Android Instance: MEmu
D [2016-07-14 17:08:44.099] Android Window Title: MEmu 2.
D [2016-07-14 17:08:44.100] Android Program Path: C:\Program Files\Microvirt\MEmu\MEmu.exe
D [2016-07-14 17:08:44.100] Android Program Parameter: MEmu
D [2016-07-14 17:08:44.100] Android ADB Path: C:\Program Files\Microvirt\MEmu\adb.exe
D [2016-07-14 17:08:44.100] Android ADB Device: 127.0.0.1:21503
D [2016-07-14 17:08:44.100] Android ADB Shared Folder: /mnt/shell/emulated/0/Pictures/
D [2016-07-14 17:08:44.100] Android ADB Shared Folder on Host: C:\Users\Amin\Pictures\MEmu Photo\
D [2016-07-14 17:08:44.100] Android ADB Shared SubFolder: mybot.run\
D [2016-07-14 17:08:44.100] Android Mouse Device: Microvirt Virtual Input
D [2016-07-14 17:08:44.100] Android ADB screencap command enabled: True
D [2016-07-14 17:08:44.100] Android ADB input command enabled: False
D [2016-07-14 17:08:44.100] Android ADB Mouse Click enabled: False
D [2016-07-14 17:08:44.102] Android ADB Click Drag enabled: True
D [2016-07-14 17:08:44.102] Searching MEmu Window: Title = 'MEmu 2.', Class = '[CLASS:subWin; INSTANCE:1]', Text = ''
D [2016-07-14 17:08:44.103] MEmu Window not found
D [2016-07-14 17:08:44.103] InitAndroid(False): MEmu END, initialization successful = True
D [2016-07-14 17:08:44.104] UpdateAndroidConfig("MEmu") END
D [2016-07-14 17:08:44.104] GetAndroidRunningInstance: Try to find "C:\Program Files\Microvirt\MEmu\MEmu.exe"
D [2016-07-14 17:08:44.111] ObjGet("winmgmts:\\.\root\cimv2")
D [2016-07-14 17:08:44.111] WMI Query: Select * from Win32_Process where ExecutablePath like "%C:\\Program Files\\Microvirt\\MEmu\\MEmu.exe%"
D [2016-07-14 17:08:44.155] Process by CommandLine not found: C:\Program Files\Microvirt\MEmu\MEmu.exe
D [2016-07-14 17:08:44.156] UpdateAndroidConfig("droid4x")
D [2016-07-14 17:08:44.156] InitAndroid(False): Droid4X
L [2016-07-14 17:08:44.157] Serious error has occurred: Cannot find Droid4X:
L [2016-07-14 17:08:44.157] C:\Program Files (x86)\Droid4X\Droid4X.exe
D [2016-07-14 17:08:44.158] InitAndroid(False): Droid4X END, initialization successful = False
D [2016-07-14 17:08:44.158] UpdateAndroidConfig("droid4x") END
D [2016-07-14 17:08:44.158] UpdateAndroidConfig("nox")
D [2016-07-14 17:08:44.158] InitAndroid(False): Nox
D [2016-07-14 17:08:44.832] Android: Nox
D [2016-07-14 17:08:44.833] Android Config: 2
D [2016-07-14 17:08:44.833] Android Version: 3.1.0.0
D [2016-07-14 17:08:44.833] Android Instance: nox
D [2016-07-14 17:08:44.833] Android Window Title: No
D [2016-07-14 17:08:44.833] Android Program Path: C:\Users\Amin\AppData\Roaming\Nox\bin\Nox.exe
D [2016-07-14 17:08:44.834] Android Program Parameter: -resolution:860x732 -dpi:160 "-clone:nox"
D [2016-07-14 17:08:44.834] Android ADB Path: C:\Program Files\Microvirt\MEmu\adb.exe
D [2016-07-14 17:08:44.834] Android ADB Device: 127.0.0.1:62001
D [2016-07-14 17:08:44.834] Android ADB Shared Folder: /mnt/shared/Other/
D [2016-07-14 17:08:44.835] Android ADB Shared Folder on Host: C:\Users\Amin\Documents\Nox_share\Other\
D [2016-07-14 17:08:44.835] Android ADB Shared SubFolder: mybot.run\
D [2016-07-14 17:08:44.835] Android Mouse Device: nox Virtual Input
D [2016-07-14 17:08:44.835] Android ADB screencap command enabled: True
D [2016-07-14 17:08:44.835] Android ADB input command enabled: False
D [2016-07-14 17:08:44.836] Android ADB Mouse Click enabled: False
D [2016-07-14 17:08:44.836] Android ADB Click Drag enabled: True
D [2016-07-14 17:08:44.836] Searching Nox Window: Title = 'No', Class = '[CLASS:Qt5QWindowIcon;INSTANCE:4]', Text = ''
D [2016-07-14 17:08:44.837] Nox Window not found
D [2016-07-14 17:08:44.838] InitAndroid(False): Nox END, initialization successful = True
D [2016-07-14 17:08:44.838] UpdateAndroidConfig("nox") END
D [2016-07-14 17:08:44.838] GetAndroidRunningInstance: Try to find "C:\Users\Amin\AppData\Roaming\Nox\bin\Nox.exe"
D [2016-07-14 17:08:44.840] ObjGet("winmgmts:\\.\root\cimv2")
D [2016-07-14 17:08:44.840] WMI Query: Select * from Win32_Process where ExecutablePath like "%C:\\Users\\Amin\\AppData\\Roaming\\Nox\\bin\\Nox.exe%"
D [2016-07-14 17:08:44.884] No process found by CommandLine: C:\Users\Amin\AppData\Roaming\Nox\bin\Nox.exe
D [2016-07-14 17:08:44.884] UpdateAndroidConfig("")
D [2016-07-14 17:08:44.885] InitAndroid(False): BlueStacks2
D [2016-07-14 17:08:44.885] BlueStacks2 Engine 'Plus'-Mode: False
D [2016-07-14 17:08:44.886] BlueStacks2 OEM Features: 2754561
D [2016-07-14 17:08:44.886] BlueStacks2 System Bar is not available
D [2016-07-14 17:08:44.886] Searching BlueStacks2 Window: Title = 'BlueStacks ', Class = '[CLASS:BlueStacksApp; INSTANCE:1]', Text = '_ctl.Window'
D [2016-07-14 17:08:44.887] BlueStacks2 Window not found
D [2016-07-14 17:08:44.888] Android: BlueStacks2
D [2016-07-14 17:08:44.888] Android Config: 3
D [2016-07-14 17:08:44.888] Android Version: 2.0.2.5623
D [2016-07-14 17:08:44.888] Android Instance: 
D [2016-07-14 17:08:44.888] Android Window Title: BlueStacks 
D [2016-07-14 17:08:44.888] Android Program Path: C:\Program Files (x86)\BlueStacks\HD-Frontend.exe
D [2016-07-14 17:08:44.889] Android Program Parameter: Android
D [2016-07-14 17:08:44.889] Android ADB Path: C:\Program Files\Microvirt\MEmu\adb.exe
D [2016-07-14 17:08:44.889] Android ADB Device: emulator-5554
D [2016-07-14 17:08:44.889] Android ADB Shared Folder: /storage/sdcard/windows/BstSharedFolder/
D [2016-07-14 17:08:44.890] Android ADB Shared Folder on Host: C:\ProgramData\BlueStacks\UserData\SharedFolder\
D [2016-07-14 17:08:44.890] Android ADB Shared SubFolder: mybot.run\
D [2016-07-14 17:08:44.890] Android Mouse Device: BlueStacks Virtual Touch
D [2016-07-14 17:08:44.890] Android ADB screencap command enabled: False
D [2016-07-14 17:08:44.890] Android ADB input command enabled: False
D [2016-07-14 17:08:44.890] Android ADB Mouse Click enabled: False
D [2016-07-14 17:08:44.891] Android ADB Click Drag enabled: False
D [2016-07-14 17:08:44.891] Searching BlueStacks2 Window: Title = 'BlueStacks ', Class = '[CLASS:BlueStacksApp; INSTANCE:1]', Text = '_ctl.Window'
D [2016-07-14 17:08:44.892] BlueStacks2 Window not found
D [2016-07-14 17:08:44.892] InitAndroid(False): BlueStacks2 END, initialization successful = True
D [2016-07-14 17:08:44.892] UpdateAndroidConfig("") END
D [2016-07-14 17:08:44.893] Searching BlueStacks2 Window: Title = 'BlueStacks ', Class = '[CLASS:BlueStacksApp; INSTANCE:1]', Text = '_ctl.Window'
D [2016-07-14 17:08:44.894] BlueStacks2 Window not found
D [2016-07-14 17:08:44.895] UpdateAndroidConfig("")
D [2016-07-14 17:08:44.895] InitAndroid(False): BlueStacks
D [2016-07-14 17:08:44.896] BlueStacks Engine 'Plus'-Mode: False
D [2016-07-14 17:08:44.896] BlueStacks OEM Features: 2754561
D [2016-07-14 17:08:44.896] BlueStacks System Bar is not available
D [2016-07-14 17:08:44.896] Searching BlueStacks Window: Title = 'BlueStacks App Player', Class = '[CLASS:BlueStacksApp; INSTANCE:1]', Text = '_ctl.Window'
D [2016-07-14 17:08:44.898] BlueStacks Window not found
L [2016-07-14 17:08:44.898] BlueStacks supported version 0.8.x - 0.11.x not found
D [2016-07-14 17:08:44.899] InitAndroid(False): BlueStacks END, initialization successful = False
D [2016-07-14 17:08:44.899] UpdateAndroidConfig("") END
D [2016-07-14 17:08:44.899] UpdateAndroidConfig("MEmu")
D [2016-07-14 17:08:44.899] InitAndroid(False): MEmu
D [2016-07-14 17:08:45.821] Cannot read MEmu guestproperty phone_layout!
D [2016-07-14 17:08:45.821] Searching MEmu Window: Title = 'MEmu 2.', Class = '[CLASS:subWin; INSTANCE:1]', Text = ''
D [2016-07-14 17:08:45.822] MEmu Window not found
D [2016-07-14 17:08:45.822] Android: MEmu
D [2016-07-14 17:08:45.823] Android Config: 0
D [2016-07-14 17:08:45.823] Android Version: 2.5.0
D [2016-07-14 17:08:45.823] Android Instance: MEmu
D [2016-07-14 17:08:45.823] Android Window Title: MEmu 2.
D [2016-07-14 17:08:45.823] Android Program Path: C:\Program Files\Microvirt\MEmu\MEmu.exe
D [2016-07-14 17:08:45.823] Android Program Parameter: MEmu
D [2016-07-14 17:08:45.824] Android ADB Path: C:\Program Files\Microvirt\MEmu\adb.exe
D [2016-07-14 17:08:45.824] Android ADB Device: 127.0.0.1:21503
D [2016-07-14 17:08:45.824] Android ADB Shared Folder: /mnt/shell/emulated/0/Pictures/
D [2016-07-14 17:08:45.824] Android ADB Shared Folder on Host: C:\Users\Amin\Pictures\MEmu Photo\
D [2016-07-14 17:08:45.824] Android ADB Shared SubFolder: mybot.run\
D [2016-07-14 17:08:45.825] Android Mouse Device: Microvirt Virtual Input
D [2016-07-14 17:08:45.825] Android ADB screencap command enabled: True
D [2016-07-14 17:08:45.825] Android ADB input command enabled: False
D [2016-07-14 17:08:45.825] Android ADB Mouse Click enabled: False
D [2016-07-14 17:08:45.825] Android ADB Click Drag enabled: True
D [2016-07-14 17:08:45.826] Searching MEmu Window: Title = 'MEmu 2.', Class = '[CLASS:subWin; INSTANCE:1]', Text = ''
D [2016-07-14 17:08:45.827] MEmu Window not found
D [2016-07-14 17:08:45.827] InitAndroid(False): MEmu END, initialization successful = True
D [2016-07-14 17:08:45.827] UpdateAndroidConfig("MEmu") END
D [2016-07-14 17:08:45.827] Found no running Android Emulator
D [2016-07-14 17:08:45.827] DetectInstalledAndroid()
D [2016-07-14 17:08:45.828] UpdateAndroidConfig("MEmu")
D [2016-07-14 17:08:45.828] InitAndroid(False): MEmu
D [2016-07-14 17:08:46.757] Cannot read MEmu guestproperty phone_layout!
D [2016-07-14 17:08:46.757] Searching MEmu Window: Title = 'MEmu 2.', Class = '[CLASS:subWin; INSTANCE:1]', Text = ''
D [2016-07-14 17:08:46.759] MEmu Window not found
D [2016-07-14 17:08:46.759] Android: MEmu
D [2016-07-14 17:08:46.759] Android Config: 0
D [2016-07-14 17:08:46.759] Android Version: 2.5.0
D [2016-07-14 17:08:46.760] Android Instance: MEmu
D [2016-07-14 17:08:46.760] Android Window Title: MEmu 2.
D [2016-07-14 17:08:46.760] Android Program Path: C:\Program Files\Microvirt\MEmu\MEmu.exe
D [2016-07-14 17:08:46.760] Android Program Parameter: MEmu
D [2016-07-14 17:08:46.760] Android ADB Path: C:\Program Files\Microvirt\MEmu\adb.exe
D [2016-07-14 17:08:46.760] Android ADB Device: 127.0.0.1:21503
D [2016-07-14 17:08:46.761] Android ADB Shared Folder: /mnt/shell/emulated/0/Pictures/
D [2016-07-14 17:08:46.761] Android ADB Shared Folder on Host: C:\Users\Amin\Pictures\MEmu Photo\
D [2016-07-14 17:08:46.761] Android ADB Shared SubFolder: mybot.run\
D [2016-07-14 17:08:46.761] Android Mouse Device: Microvirt Virtual Input
D [2016-07-14 17:08:46.761] Android ADB screencap command enabled: True
D [2016-07-14 17:08:46.762] Android ADB input command enabled: False
D [2016-07-14 17:08:46.762] Android ADB Mouse Click enabled: False
D [2016-07-14 17:08:46.762] Android ADB Click Drag enabled: True
D [2016-07-14 17:08:46.762] Searching MEmu Window: Title = 'MEmu 2.', Class = '[CLASS:subWin; INSTANCE:1]', Text = ''
D [2016-07-14 17:08:46.763] MEmu Window not found
D [2016-07-14 17:08:46.764] InitAndroid(False): MEmu END, initialization successful = True
D [2016-07-14 17:08:46.764] UpdateAndroidConfig("MEmu") END
D [2016-07-14 17:08:46.764] Found installed MEmu 2.5.0
D [2016-07-14 17:08:46.765] My Bot is the only running instance
D [2016-07-14 17:08:49.104] UpdateAndroidConfig("MEmu")
D [2016-07-14 17:08:49.104] InitAndroid(False): MEmu
D [2016-07-14 17:08:50.041] Cannot read MEmu guestproperty phone_layout!
D [2016-07-14 17:08:50.041] Searching MEmu Window: Title = 'MEmu 2.', Class = '[CLASS:subWin; INSTANCE:1]', Text = ''
D [2016-07-14 17:08:50.044] MEmu Window not found
D [2016-07-14 17:08:50.045] Android: MEmu
D [2016-07-14 17:08:50.045] Android Config: 0
D [2016-07-14 17:08:50.045] Android Version: 2.5.0
D [2016-07-14 17:08:50.045] Android Instance: MEmu
D [2016-07-14 17:08:50.045] Android Window Title: MEmu 2.
D [2016-07-14 17:08:50.046] Android Program Path: C:\Program Files\Microvirt\MEmu\MEmu.exe
D [2016-07-14 17:08:50.046] Android Program Parameter: MEmu
D [2016-07-14 17:08:50.046] Android ADB Path: C:\Program Files\Microvirt\MEmu\adb.exe
D [2016-07-14 17:08:50.046] Android ADB Device: 127.0.0.1:21503
D [2016-07-14 17:08:50.046] Android ADB Shared Folder: /mnt/shell/emulated/0/Pictures/
D [2016-07-14 17:08:50.047] Android ADB Shared Folder on Host: C:\Users\Amin\Pictures\MEmu Photo\
D [2016-07-14 17:08:50.047] Android ADB Shared SubFolder: mybot.run\
D [2016-07-14 17:08:50.047] Android Mouse Device: Microvirt Virtual Input
D [2016-07-14 17:08:50.047] Android ADB screencap command enabled: True
D [2016-07-14 17:08:50.047] Android ADB input command enabled: False
D [2016-07-14 17:08:50.049] Android ADB Mouse Click enabled: False
D [2016-07-14 17:08:50.049] Android ADB Click Drag enabled: True
D [2016-07-14 17:08:50.049] Searching MEmu Window: Title = 'MEmu 2.', Class = '[CLASS:subWin; INSTANCE:1]', Text = ''
D [2016-07-14 17:08:50.053] MEmu Window not found
D [2016-07-14 17:08:50.053] InitAndroid(False): MEmu END, initialization successful = True
D [2016-07-14 17:08:50.053] UpdateAndroidConfig("MEmu") END
D [2016-07-14 17:08:50.053] UpdateAndroidConfig("droid4x")
D [2016-07-14 17:08:50.054] InitAndroid(False): Droid4X
L [2016-07-14 17:08:50.054] Serious error has occurred: Cannot find Droid4X:
L [2016-07-14 17:08:50.055] C:\Program Files (x86)\Droid4X\Droid4X.exe
D [2016-07-14 17:08:50.055] InitAndroid(False): Droid4X END, initialization successful = False
D [2016-07-14 17:08:50.055] UpdateAndroidConfig("droid4x") END
D [2016-07-14 17:08:50.055] UpdateAndroidConfig("nox")
D [2016-07-14 17:08:50.055] InitAndroid(False): Nox
D [2016-07-14 17:08:50.750] Android: Nox
D [2016-07-14 17:08:50.750] Android Config: 2
D [2016-07-14 17:08:50.750] Android Version: 3.1.0.0
D [2016-07-14 17:08:50.752] Android Instance: nox
D [2016-07-14 17:08:50.752] Android Window Title: No
D [2016-07-14 17:08:50.752] Android Program Path: C:\Users\Amin\AppData\Roaming\Nox\bin\Nox.exe
D [2016-07-14 17:08:50.752] Android Program Parameter: -resolution:860x732 -dpi:160 "-clone:nox"
D [2016-07-14 17:08:50.753] Android ADB Path: C:\Program Files\Microvirt\MEmu\adb.exe
D [2016-07-14 17:08:50.753] Android ADB Device: 127.0.0.1:62001
D [2016-07-14 17:08:50.753] Android ADB Shared Folder: /mnt/shared/Other/
D [2016-07-14 17:08:50.753] Android ADB Shared Folder on Host: C:\Users\Amin\Documents\Nox_share\Other\
D [2016-07-14 17:08:50.753] Android ADB Shared SubFolder: mybot.run\
D [2016-07-14 17:08:50.754] Android Mouse Device: nox Virtual Input
D [2016-07-14 17:08:50.754] Android ADB screencap command enabled: True
D [2016-07-14 17:08:50.754] Android ADB input command enabled: False
D [2016-07-14 17:08:50.754] Android ADB Mouse Click enabled: False
D [2016-07-14 17:08:50.754] Android ADB Click Drag enabled: True
D [2016-07-14 17:08:50.755] Searching Nox Window: Title = 'No', Class = '[CLASS:Qt5QWindowIcon;INSTANCE:4]', Text = ''
D [2016-07-14 17:08:50.758] Nox Window not found
D [2016-07-14 17:08:50.759] InitAndroid(False): Nox END, initialization successful = True
D [2016-07-14 17:08:50.759] UpdateAndroidConfig("nox") END
D [2016-07-14 17:08:50.759] UpdateAndroidConfig("")
D [2016-07-14 17:08:50.759] InitAndroid(False): BlueStacks2
D [2016-07-14 17:08:50.760] BlueStacks2 Engine 'Plus'-Mode: False
D [2016-07-14 17:08:50.760] BlueStacks2 OEM Features: 2754561
D [2016-07-14 17:08:50.760] BlueStacks2 System Bar is not available
D [2016-07-14 17:08:50.761] Searching BlueStacks2 Window: Title = 'BlueStacks ', Class = '[CLASS:BlueStacksApp; INSTANCE:1]', Text = '_ctl.Window'
D [2016-07-14 17:08:50.766] BlueStacks2 Window not found
D [2016-07-14 17:08:50.766] Android: BlueStacks2
D [2016-07-14 17:08:50.766] Android Config: 3
D [2016-07-14 17:08:50.766] Android Version: 2.0.2.5623
D [2016-07-14 17:08:50.766] Android Instance: 
D [2016-07-14 17:08:50.767] Android Window Title: BlueStacks 
D [2016-07-14 17:08:50.767] Android Program Path: C:\Program Files (x86)\BlueStacks\HD-Frontend.exe
D [2016-07-14 17:08:50.767] Android Program Parameter: Android
D [2016-07-14 17:08:50.767] Android ADB Path: C:\Program Files\Microvirt\MEmu\adb.exe
D [2016-07-14 17:08:50.767] Android ADB Device: emulator-5554
D [2016-07-14 17:08:50.768] Android ADB Shared Folder: /storage/sdcard/windows/BstSharedFolder/
D [2016-07-14 17:08:50.768] Android ADB Shared Folder on Host: C:\ProgramData\BlueStacks\UserData\SharedFolder\
D [2016-07-14 17:08:50.768] Android ADB Shared SubFolder: mybot.run\
D [2016-07-14 17:08:50.768] Android Mouse Device: BlueStacks Virtual Touch
D [2016-07-14 17:08:50.768] Android ADB screencap command enabled: False
D [2016-07-14 17:08:50.769] Android ADB input command enabled: False
D [2016-07-14 17:08:50.769] Android ADB Mouse Click enabled: False
D [2016-07-14 17:08:50.769] Android ADB Click Drag enabled: False
D [2016-07-14 17:08:50.769] Searching BlueStacks2 Window: Title = 'BlueStacks ', Class = '[CLASS:BlueStacksApp; INSTANCE:1]', Text = '_ctl.Window'
D [2016-07-14 17:08:50.772] BlueStacks2 Window not found
D [2016-07-14 17:08:50.772] InitAndroid(False): BlueStacks2 END, initialization successful = True
D [2016-07-14 17:08:50.772] UpdateAndroidConfig("") END
D [2016-07-14 17:08:50.773] UpdateAndroidConfig("")
D [2016-07-14 17:08:50.773] InitAndroid(False): BlueStacks
D [2016-07-14 17:08:50.773] BlueStacks Engine 'Plus'-Mode: False
D [2016-07-14 17:08:50.774] BlueStacks OEM Features: 2754561
D [2016-07-14 17:08:50.774] BlueStacks System Bar is not available
D [2016-07-14 17:08:50.774] Searching BlueStacks Window: Title = 'BlueStacks App Player', Class = '[CLASS:BlueStacksApp; INSTANCE:1]', Text = '_ctl.Window'
D [2016-07-14 17:08:50.778] BlueStacks Window not found
L [2016-07-14 17:08:50.778] BlueStacks supported version 0.8.x - 0.11.x not found
D [2016-07-14 17:08:50.779] InitAndroid(False): BlueStacks END, initialization successful = False
D [2016-07-14 17:08:50.779] UpdateAndroidConfig("") END
D [2016-07-14 17:08:50.779] UpdateAndroidConfig("MEmu")
D [2016-07-14 17:08:50.779] InitAndroid(False): MEmu
D [2016-07-14 17:08:51.722] Cannot read MEmu guestproperty phone_layout!
D [2016-07-14 17:08:51.722] Searching MEmu Window: Title = 'MEmu 2.', Class = '[CLASS:subWin; INSTANCE:1]', Text = ''
D [2016-07-14 17:08:51.726] MEmu Window not found
D [2016-07-14 17:08:51.726] Android: MEmu
D [2016-07-14 17:08:51.726] Android Config: 0
D [2016-07-14 17:08:51.726] Android Version: 2.5.0
D [2016-07-14 17:08:51.726] Android Instance: MEmu
D [2016-07-14 17:08:51.727] Android Window Title: MEmu 2.
D [2016-07-14 17:08:51.727] Android Program Path: C:\Program Files\Microvirt\MEmu\MEmu.exe
D [2016-07-14 17:08:51.727] Android Program Parameter: MEmu
D [2016-07-14 17:08:51.727] Android ADB Path: C:\Program Files\Microvirt\MEmu\adb.exe
D [2016-07-14 17:08:51.727] Android ADB Device: 127.0.0.1:21503
D [2016-07-14 17:08:51.728] Android ADB Shared Folder: /mnt/shell/emulated/0/Pictures/
D [2016-07-14 17:08:51.728] Android ADB Shared Folder on Host: C:\Users\Amin\Pictures\MEmu Photo\
D [2016-07-14 17:08:51.728] Android ADB Shared SubFolder: mybot.run\
D [2016-07-14 17:08:51.728] Android Mouse Device: Microvirt Virtual Input
D [2016-07-14 17:08:51.729] Android ADB screencap command enabled: True
D [2016-07-14 17:08:51.729] Android ADB input command enabled: False
D [2016-07-14 17:08:51.729] Android ADB Mouse Click enabled: False
D [2016-07-14 17:08:51.729] Android ADB Click Drag enabled: True
D [2016-07-14 17:08:51.729] Searching MEmu Window: Title = 'MEmu 2.', Class = '[CLASS:subWin; INSTANCE:1]', Text = ''
D [2016-07-14 17:08:51.732] MEmu Window not found
D [2016-07-14 17:08:51.733] InitAndroid(False): MEmu END, initialization successful = True
D [2016-07-14 17:08:51.733] UpdateAndroidConfig("MEmu") END
D [2016-07-14 17:08:52.101] Read Building Config C:\Users\Amin\Desktop\MyBot.Run\MOD AIO\MyBot-AIO-2.1.3+Latest Fix-With-LimitDonations-byCutidudz\Profiles\MyVillage\building.ini
D [2016-07-14 17:08:52.111] Read Config C:\Users\Amin\Desktop\MyBot.Run\MOD AIO\MyBot-AIO-2.1.3+Latest Fix-With-LimitDonations-byCutidudz\Profiles\MyVillage\config.ini
D [2016-07-14 17:08:52.168] Apply Config
D [2016-07-14 17:08:52.245] UpdateAndroidConfig("MEmu")
D [2016-07-14 17:08:52.245] InitAndroid(False): MEmu
D [2016-07-14 17:08:53.182] Cannot read MEmu guestproperty phone_layout!
D [2016-07-14 17:08:53.182] Searching MEmu Window: Title = 'MEmu 2.', Class = '[CLASS:subWin; INSTANCE:1]', Text = ''
D [2016-07-14 17:08:53.187] MEmu Window not found
D [2016-07-14 17:08:53.187] Android: MEmu
D [2016-07-14 17:08:53.187] Android Config: 0
D [2016-07-14 17:08:53.187] Android Version: 2.5.0
D [2016-07-14 17:08:53.188] Android Instance: MEmu
D [2016-07-14 17:08:53.188] Android Window Title: MEmu 2.
D [2016-07-14 17:08:53.188] Android Program Path: C:\Program Files\Microvirt\MEmu\MEmu.exe
D [2016-07-14 17:08:53.188] Android Program Parameter: MEmu
D [2016-07-14 17:08:53.188] Android ADB Path: C:\Program Files\Microvirt\MEmu\adb.exe
D [2016-07-14 17:08:53.189] Android ADB Device: 127.0.0.1:21503
D [2016-07-14 17:08:53.189] Android ADB Shared Folder: /mnt/shell/emulated/0/Pictures/
D [2016-07-14 17:08:53.189] Android ADB Shared Folder on Host: C:\Users\Amin\Pictures\MEmu Photo\
D [2016-07-14 17:08:53.189] Android ADB Shared SubFolder: mybot.run\
D [2016-07-14 17:08:53.190] Android Mouse Device: Microvirt Virtual Input
D [2016-07-14 17:08:53.190] Android ADB screencap command enabled: True
D [2016-07-14 17:08:53.190] Android ADB input command enabled: False
D [2016-07-14 17:08:53.190] Android ADB Mouse Click enabled: False
D [2016-07-14 17:08:53.190] Android ADB Click Drag enabled: True
D [2016-07-14 17:08:53.191] Searching MEmu Window: Title = 'MEmu 2.', Class = '[CLASS:subWin; INSTANCE:1]', Text = ''
D [2016-07-14 17:08:53.195] MEmu Window not found
D [2016-07-14 17:08:53.195] InitAndroid(False): MEmu END, initialization successful = True
D [2016-07-14 17:08:53.195] UpdateAndroidConfig("MEmu") END
D [2016-07-14 17:08:53.209] Redraw MyBot Window
L [2016-07-14 17:08:53.935] Found installed MEmu 2.5.0
L [2016-07-14 17:08:53.942] Android Emulator Configuration: MEmu (instance MEmu)
L [2016-07-14 17:08:56.237] WELCOME CHIEF, YOU HAVE THE LATEST VERSION OF THE BOT
L [2016-07-14 17:08:56.241]  
L [2016-07-14 17:08:56.243] Fully working with May update
L [2016-07-14 17:08:56.245] New GUI and lots of new features
L [2016-07-14 17:08:56.248] For more information, go to 
L [2016-07-14 17:08:56.250] https://mybot.run
L [2016-07-14 17:08:56.254] 
L [2016-07-14 17:08:56.256]  Always free and open source.
D [2016-07-14 17:08:57.320] MyBot.run launch time 14293 ms.
L [2016-07-14 17:09:21.321] Closing Merged My Bot v6.1.4 All In One v2.1.3 (MEmu) ...
D [2016-07-14 17:09:21.329] Save Config C:\Users\Amin\Desktop\MyBot.Run\MOD AIO\MyBot-AIO-2.1.3+Latest Fix-With-LimitDonations-byCutidudz\Profiles\MyVillage\config.ini
D [2016-07-14 17:09:21.764] Save Building Config C:\Users\Amin\Desktop\MyBot.Run\MOD AIO\MyBot-AIO-2.1.3+Latest Fix-With-LimitDonations-byCutidudz\Profiles\MyVillage\building.ini
