D [2016-07-14 16:59:56.089] @AutoItExe: C:\Program Files (x86)\AutoIt3\AutoIt3.exe
D [2016-07-14 16:59:56.089] @ScriptFullPath: C:\Users\Amin\Desktop\MyBot.Run\MOD AIO\MyBot-AIO-2.1.3+Latest Fix-With-LimitDonations-byCutidudz\MyBot.run.au3
D [2016-07-14 16:59:56.089] @WorkingDir: C:\Users\Amin\Desktop\MyBot.Run\MOD AIO\MyBot-AIO-2.1.3+Latest Fix-With-LimitDonations-byCutidudz
D [2016-07-14 16:59:56.090] @AutoItPID: 5604
D [2016-07-14 16:59:56.109] DetectRunningAndroid()
D [2016-07-14 16:59:56.110] UpdateAndroidConfig("MEmu")
D [2016-07-14 16:59:56.110] InitAndroid(False): MEmu
D [2016-07-14 16:59:57.127] Cannot read MEmu guestproperty phone_layout!
D [2016-07-14 16:59:57.127] Searching MEmu Window: Title = 'MEmu 2.', Class = '[CLASS:subWin; INSTANCE:1]', Text = ''
D [2016-07-14 16:59:57.129] MEmu Window not found
D [2016-07-14 16:59:57.129] Android: MEmu
D [2016-07-14 16:59:57.129] Android Config: 0
D [2016-07-14 16:59:57.130] Android Version: 2.5.0
D [2016-07-14 16:59:57.130] Android Instance: MEmu
D [2016-07-14 16:59:57.130] Android Window Title: MEmu 2.
D [2016-07-14 16:59:57.130] Android Program Path: C:\Program Files\Microvirt\MEmu\MEmu.exe
D [2016-07-14 16:59:57.130] Android Program Parameter: MEmu
D [2016-07-14 16:59:57.130] Android ADB Path: C:\Program Files\Microvirt\MEmu\adb.exe
D [2016-07-14 16:59:57.131] Android ADB Device: 127.0.0.1:21503
D [2016-07-14 16:59:57.131] Android ADB Shared Folder: /mnt/shell/emulated/0/Pictures/
D [2016-07-14 16:59:57.131] Android ADB Shared Folder on Host: C:\Users\Amin\Pictures\MEmu Photo\
D [2016-07-14 16:59:57.131] Android ADB Shared SubFolder: mybot.run\
D [2016-07-14 16:59:57.132] Android Mouse Device: Microvirt Virtual Input
D [2016-07-14 16:59:57.132] Android ADB screencap command enabled: True
D [2016-07-14 16:59:57.132] Android ADB input command enabled: False
D [2016-07-14 16:59:57.132] Android ADB Mouse Click enabled: False
D [2016-07-14 16:59:57.132] Android ADB Click Drag enabled: True
D [2016-07-14 16:59:57.133] Searching MEmu Window: Title = 'MEmu 2.', Class = '[CLASS:subWin; INSTANCE:1]', Text = ''
D [2016-07-14 16:59:57.136] MEmu Window not found
D [2016-07-14 16:59:57.136] InitAndroid(False): MEmu END, initialization successful = True
D [2016-07-14 16:59:57.137] UpdateAndroidConfig("MEmu") END
D [2016-07-14 16:59:57.137] GetAndroidRunningInstance: Try to find "C:\Program Files\Microvirt\MEmu\MEmu.exe"
D [2016-07-14 16:59:57.143] ObjGet("winmgmts:\\.\root\cimv2")
D [2016-07-14 16:59:57.143] WMI Query: Select * from Win32_Process where ExecutablePath like "%C:\\Program Files\\Microvirt\\MEmu\\MEmu.exe%"
D [2016-07-14 16:59:57.189] Process by CommandLine not found: C:\Program Files\Microvirt\MEmu\MEmu.exe
D [2016-07-14 16:59:57.190] UpdateAndroidConfig("droid4x")
D [2016-07-14 16:59:57.190] InitAndroid(False): Droid4X
L [2016-07-14 16:59:57.191] Serious error has occurred: Cannot find Droid4X:
L [2016-07-14 16:59:57.191] C:\Program Files (x86)\Droid4X\Droid4X.exe
D [2016-07-14 16:59:57.192] InitAndroid(False): Droid4X END, initialization successful = False
D [2016-07-14 16:59:57.192] UpdateAndroidConfig("droid4x") END
D [2016-07-14 16:59:57.192] UpdateAndroidConfig("nox")
D [2016-07-14 16:59:57.192] InitAndroid(False): Nox
D [2016-07-14 16:59:57.866] Android: Nox
D [2016-07-14 16:59:57.867] Android Config: 2
D [2016-07-14 16:59:57.867] Android Version: 3.1.0.0
D [2016-07-14 16:59:57.867] Android Instance: nox
D [2016-07-14 16:59:57.867] Android Window Title: No
D [2016-07-14 16:59:57.867] Android Program Path: C:\Users\Amin\AppData\Roaming\Nox\bin\Nox.exe
D [2016-07-14 16:59:57.868] Android Program Parameter: -resolution:860x732 -dpi:160 "-clone:nox"
D [2016-07-14 16:59:57.868] Android ADB Path: C:\Program Files\Microvirt\MEmu\adb.exe
D [2016-07-14 16:59:57.868] Android ADB Device: 127.0.0.1:62001
D [2016-07-14 16:59:57.868] Android ADB Shared Folder: /mnt/shared/Other/
D [2016-07-14 16:59:57.868] Android ADB Shared Folder on Host: C:\Users\Amin\Documents\Nox_share\Other\
D [2016-07-14 16:59:57.869] Android ADB Shared SubFolder: mybot.run\
D [2016-07-14 16:59:57.869] Android Mouse Device: nox Virtual Input
D [2016-07-14 16:59:57.869] Android ADB screencap command enabled: True
D [2016-07-14 16:59:57.869] Android ADB input command enabled: False
D [2016-07-14 16:59:57.869] Android ADB Mouse Click enabled: False
D [2016-07-14 16:59:57.870] Android ADB Click Drag enabled: True
D [2016-07-14 16:59:57.870] Searching Nox Window: Title = 'No', Class = '[CLASS:Qt5QWindowIcon;INSTANCE:4]', Text = ''
D [2016-07-14 16:59:57.871] Nox Window not found
D [2016-07-14 16:59:57.871] InitAndroid(False): Nox END, initialization successful = True
D [2016-07-14 16:59:57.872] UpdateAndroidConfig("nox") END
D [2016-07-14 16:59:57.872] GetAndroidRunningInstance: Try to find "C:\Users\Amin\AppData\Roaming\Nox\bin\Nox.exe"
D [2016-07-14 16:59:57.874] ObjGet("winmgmts:\\.\root\cimv2")
D [2016-07-14 16:59:57.874] WMI Query: Select * from Win32_Process where ExecutablePath like "%C:\\Users\\Amin\\AppData\\Roaming\\Nox\\bin\\Nox.exe%"
D [2016-07-14 16:59:57.918] No process found by CommandLine: C:\Users\Amin\AppData\Roaming\Nox\bin\Nox.exe
D [2016-07-14 16:59:57.919] UpdateAndroidConfig("")
D [2016-07-14 16:59:57.919] InitAndroid(False): BlueStacks2
D [2016-07-14 16:59:57.919] BlueStacks2 Engine 'Plus'-Mode: False
D [2016-07-14 16:59:57.920] BlueStacks2 OEM Features: 2754561
D [2016-07-14 16:59:57.920] BlueStacks2 System Bar is not available
D [2016-07-14 16:59:57.920] Searching BlueStacks2 Window: Title = 'BlueStacks ', Class = '[CLASS:BlueStacksApp; INSTANCE:1]', Text = '_ctl.Window'
D [2016-07-14 16:59:57.923] BlueStacks2 Window not found
D [2016-07-14 16:59:57.923] Android: BlueStacks2
D [2016-07-14 16:59:57.923] Android Config: 3
D [2016-07-14 16:59:57.923] Android Version: 2.0.2.5623
D [2016-07-14 16:59:57.923] Android Instance: 
D [2016-07-14 16:59:57.923] Android Window Title: BlueStacks 
D [2016-07-14 16:59:57.924] Android Program Path: C:\Program Files (x86)\BlueStacks\HD-Frontend.exe
D [2016-07-14 16:59:57.924] Android Program Parameter: Android
D [2016-07-14 16:59:57.924] Android ADB Path: C:\Program Files\Microvirt\MEmu\adb.exe
D [2016-07-14 16:59:57.924] Android ADB Device: emulator-5554
D [2016-07-14 16:59:57.924] Android ADB Shared Folder: /storage/sdcard/windows/BstSharedFolder/
D [2016-07-14 16:59:57.925] Android ADB Shared Folder on Host: C:\ProgramData\BlueStacks\UserData\SharedFolder\
D [2016-07-14 16:59:57.925] Android ADB Shared SubFolder: mybot.run\
D [2016-07-14 16:59:57.925] Android Mouse Device: BlueStacks Virtual Touch
D [2016-07-14 16:59:57.925] Android ADB screencap command enabled: False
D [2016-07-14 16:59:57.925] Android ADB input command enabled: False
D [2016-07-14 16:59:57.926] Android ADB Mouse Click enabled: False
D [2016-07-14 16:59:57.926] Android ADB Click Drag enabled: False
D [2016-07-14 16:59:57.926] Searching BlueStacks2 Window: Title = 'BlueStacks ', Class = '[CLASS:BlueStacksApp; INSTANCE:1]', Text = '_ctl.Window'
D [2016-07-14 16:59:57.928] BlueStacks2 Window not found
D [2016-07-14 16:59:57.928] InitAndroid(False): BlueStacks2 END, initialization successful = True
D [2016-07-14 16:59:57.928] UpdateAndroidConfig("") END
D [2016-07-14 16:59:57.929] Searching BlueStacks2 Window: Title = 'BlueStacks ', Class = '[CLASS:BlueStacksApp; INSTANCE:1]', Text = '_ctl.Window'
D [2016-07-14 16:59:57.932] BlueStacks2 Window not found
D [2016-07-14 16:59:57.932] UpdateAndroidConfig("")
D [2016-07-14 16:59:57.932] InitAndroid(False): BlueStacks
D [2016-07-14 16:59:57.933] BlueStacks Engine 'Plus'-Mode: False
D [2016-07-14 16:59:57.933] BlueStacks OEM Features: 2754561
D [2016-07-14 16:59:57.933] BlueStacks System Bar is not available
D [2016-07-14 16:59:57.934] Searching BlueStacks Window: Title = 'BlueStacks App Player', Class = '[CLASS:BlueStacksApp; INSTANCE:1]', Text = '_ctl.Window'
D [2016-07-14 16:59:57.935] BlueStacks Window not found
L [2016-07-14 16:59:57.935] BlueStacks supported version 0.8.x - 0.11.x not found
D [2016-07-14 16:59:57.935] InitAndroid(False): BlueStacks END, initialization successful = False
D [2016-07-14 16:59:57.936] UpdateAndroidConfig("") END
D [2016-07-14 16:59:57.936] UpdateAndroidConfig("MEmu")
D [2016-07-14 16:59:57.936] InitAndroid(False): MEmu
D [2016-07-14 16:59:58.855] Cannot read MEmu guestproperty phone_layout!
D [2016-07-14 16:59:58.856] Searching MEmu Window: Title = 'MEmu 2.', Class = '[CLASS:subWin; INSTANCE:1]', Text = ''
D [2016-07-14 16:59:58.857] MEmu Window not found
D [2016-07-14 16:59:58.857] Android: MEmu
D [2016-07-14 16:59:58.857] Android Config: 0
D [2016-07-14 16:59:58.858] Android Version: 2.5.0
D [2016-07-14 16:59:58.858] Android Instance: MEmu
D [2016-07-14 16:59:58.858] Android Window Title: MEmu 2.
D [2016-07-14 16:59:58.858] Android Program Path: C:\Program Files\Microvirt\MEmu\MEmu.exe
D [2016-07-14 16:59:58.858] Android Program Parameter: MEmu
D [2016-07-14 16:59:58.858] Android ADB Path: C:\Program Files\Microvirt\MEmu\adb.exe
D [2016-07-14 16:59:58.859] Android ADB Device: 127.0.0.1:21503
D [2016-07-14 16:59:58.859] Android ADB Shared Folder: /mnt/shell/emulated/0/Pictures/
D [2016-07-14 16:59:58.859] Android ADB Shared Folder on Host: C:\Users\Amin\Pictures\MEmu Photo\
D [2016-07-14 16:59:58.859] Android ADB Shared SubFolder: mybot.run\
D [2016-07-14 16:59:58.860] Android Mouse Device: Microvirt Virtual Input
D [2016-07-14 16:59:58.860] Android ADB screencap command enabled: True
D [2016-07-14 16:59:58.860] Android ADB input command enabled: False
D [2016-07-14 16:59:58.860] Android ADB Mouse Click enabled: False
D [2016-07-14 16:59:58.860] Android ADB Click Drag enabled: True
D [2016-07-14 16:59:58.861] Searching MEmu Window: Title = 'MEmu 2.', Class = '[CLASS:subWin; INSTANCE:1]', Text = ''
D [2016-07-14 16:59:58.863] MEmu Window not found
D [2016-07-14 16:59:58.864] InitAndroid(False): MEmu END, initialization successful = True
D [2016-07-14 16:59:58.864] UpdateAndroidConfig("MEmu") END
D [2016-07-14 16:59:58.864] Found no running Android Emulator
D [2016-07-14 16:59:58.864] DetectInstalledAndroid()
D [2016-07-14 16:59:58.864] UpdateAndroidConfig("MEmu")
D [2016-07-14 16:59:58.865] InitAndroid(False): MEmu
D [2016-07-14 16:59:59.770] Cannot read MEmu guestproperty phone_layout!
D [2016-07-14 16:59:59.770] Searching MEmu Window: Title = 'MEmu 2.', Class = '[CLASS:subWin; INSTANCE:1]', Text = ''
D [2016-07-14 16:59:59.772] MEmu Window not found
D [2016-07-14 16:59:59.772] Android: MEmu
D [2016-07-14 16:59:59.772] Android Config: 0
D [2016-07-14 16:59:59.772] Android Version: 2.5.0
D [2016-07-14 16:59:59.772] Android Instance: MEmu
D [2016-07-14 16:59:59.772] Android Window Title: MEmu 2.
D [2016-07-14 16:59:59.773] Android Program Path: C:\Program Files\Microvirt\MEmu\MEmu.exe
D [2016-07-14 16:59:59.773] Android Program Parameter: MEmu
D [2016-07-14 16:59:59.773] Android ADB Path: C:\Program Files\Microvirt\MEmu\adb.exe
D [2016-07-14 16:59:59.773] Android ADB Device: 127.0.0.1:21503
D [2016-07-14 16:59:59.773] Android ADB Shared Folder: /mnt/shell/emulated/0/Pictures/
D [2016-07-14 16:59:59.774] Android ADB Shared Folder on Host: C:\Users\Amin\Pictures\MEmu Photo\
D [2016-07-14 16:59:59.774] Android ADB Shared SubFolder: mybot.run\
D [2016-07-14 16:59:59.774] Android Mouse Device: Microvirt Virtual Input
D [2016-07-14 16:59:59.774] Android ADB screencap command enabled: True
D [2016-07-14 16:59:59.774] Android ADB input command enabled: False
D [2016-07-14 16:59:59.775] Android ADB Mouse Click enabled: False
D [2016-07-14 16:59:59.775] Android ADB Click Drag enabled: True
D [2016-07-14 16:59:59.775] Searching MEmu Window: Title = 'MEmu 2.', Class = '[CLASS:subWin; INSTANCE:1]', Text = ''
D [2016-07-14 16:59:59.776] MEmu Window not found
D [2016-07-14 16:59:59.777] InitAndroid(False): MEmu END, initialization successful = True
D [2016-07-14 16:59:59.777] UpdateAndroidConfig("MEmu") END
D [2016-07-14 16:59:59.777] Found installed MEmu 2.5.0
D [2016-07-14 16:59:59.778] My Bot is the only running instance
D [2016-07-14 17:00:02.092] UpdateAndroidConfig("MEmu")
D [2016-07-14 17:00:02.093] InitAndroid(False): MEmu
D [2016-07-14 17:00:03.028] Cannot read MEmu guestproperty phone_layout!
D [2016-07-14 17:00:03.028] Searching MEmu Window: Title = 'MEmu 2.', Class = '[CLASS:subWin; INSTANCE:1]', Text = ''
D [2016-07-14 17:00:03.031] MEmu Window not found
D [2016-07-14 17:00:03.032] Android: MEmu
D [2016-07-14 17:00:03.032] Android Config: 0
D [2016-07-14 17:00:03.032] Android Version: 2.5.0
D [2016-07-14 17:00:03.032] Android Instance: MEmu
D [2016-07-14 17:00:03.032] Android Window Title: MEmu 2.
D [2016-07-14 17:00:03.032] Android Program Path: C:\Program Files\Microvirt\MEmu\MEmu.exe
D [2016-07-14 17:00:03.033] Android Program Parameter: MEmu
D [2016-07-14 17:00:03.033] Android ADB Path: C:\Program Files\Microvirt\MEmu\adb.exe
D [2016-07-14 17:00:03.033] Android ADB Device: 127.0.0.1:21503
D [2016-07-14 17:00:03.033] Android ADB Shared Folder: /mnt/shell/emulated/0/Pictures/
D [2016-07-14 17:00:03.033] Android ADB Shared Folder on Host: C:\Users\Amin\Pictures\MEmu Photo\
D [2016-07-14 17:00:03.034] Android ADB Shared SubFolder: mybot.run\
D [2016-07-14 17:00:03.034] Android Mouse Device: Microvirt Virtual Input
D [2016-07-14 17:00:03.034] Android ADB screencap command enabled: True
D [2016-07-14 17:00:03.034] Android ADB input command enabled: False
D [2016-07-14 17:00:03.034] Android ADB Mouse Click enabled: False
D [2016-07-14 17:00:03.035] Android ADB Click Drag enabled: True
D [2016-07-14 17:00:03.035] Searching MEmu Window: Title = 'MEmu 2.', Class = '[CLASS:subWin; INSTANCE:1]', Text = ''
D [2016-07-14 17:00:03.037] MEmu Window not found
D [2016-07-14 17:00:03.038] InitAndroid(False): MEmu END, initialization successful = True
D [2016-07-14 17:00:03.038] UpdateAndroidConfig("MEmu") END
D [2016-07-14 17:00:03.038] UpdateAndroidConfig("droid4x")
D [2016-07-14 17:00:03.038] InitAndroid(False): Droid4X
L [2016-07-14 17:00:03.039] Serious error has occurred: Cannot find Droid4X:
L [2016-07-14 17:00:03.039] C:\Program Files (x86)\Droid4X\Droid4X.exe
D [2016-07-14 17:00:03.039] InitAndroid(False): Droid4X END, initialization successful = False
D [2016-07-14 17:00:03.039] UpdateAndroidConfig("droid4x") END
D [2016-07-14 17:00:03.040] UpdateAndroidConfig("nox")
D [2016-07-14 17:00:03.040] InitAndroid(False): Nox
D [2016-07-14 17:00:03.733] Android: Nox
D [2016-07-14 17:00:03.734] Android Config: 2
D [2016-07-14 17:00:03.734] Android Version: 3.1.0.0
D [2016-07-14 17:00:03.734] Android Instance: nox
D [2016-07-14 17:00:03.734] Android Window Title: No
D [2016-07-14 17:00:03.734] Android Program Path: C:\Users\Amin\AppData\Roaming\Nox\bin\Nox.exe
D [2016-07-14 17:00:03.734] Android Program Parameter: -resolution:860x732 -dpi:160 "-clone:nox"
D [2016-07-14 17:00:03.735] Android ADB Path: C:\Program Files\Microvirt\MEmu\adb.exe
D [2016-07-14 17:00:03.735] Android ADB Device: 127.0.0.1:62001
D [2016-07-14 17:00:03.735] Android ADB Shared Folder: /mnt/shared/Other/
D [2016-07-14 17:00:03.735] Android ADB Shared Folder on Host: C:\Users\Amin\Documents\Nox_share\Other\
D [2016-07-14 17:00:03.735] Android ADB Shared SubFolder: mybot.run\
D [2016-07-14 17:00:03.736] Android Mouse Device: nox Virtual Input
D [2016-07-14 17:00:03.736] Android ADB screencap command enabled: True
D [2016-07-14 17:00:03.736] Android ADB input command enabled: False
D [2016-07-14 17:00:03.736] Android ADB Mouse Click enabled: False
D [2016-07-14 17:00:03.736] Android ADB Click Drag enabled: True
D [2016-07-14 17:00:03.737] Searching Nox Window: Title = 'No', Class = '[CLASS:Qt5QWindowIcon;INSTANCE:4]', Text = ''
D [2016-07-14 17:00:03.741] Nox Window not found
D [2016-07-14 17:00:03.742] InitAndroid(False): Nox END, initialization successful = True
D [2016-07-14 17:00:03.742] UpdateAndroidConfig("nox") END
D [2016-07-14 17:00:03.742] UpdateAndroidConfig("")
D [2016-07-14 17:00:03.742] InitAndroid(False): BlueStacks2
D [2016-07-14 17:00:03.743] BlueStacks2 Engine 'Plus'-Mode: False
D [2016-07-14 17:00:03.743] BlueStacks2 OEM Features: 2754561
D [2016-07-14 17:00:03.743] BlueStacks2 System Bar is not available
D [2016-07-14 17:00:03.743] Searching BlueStacks2 Window: Title = 'BlueStacks ', Class = '[CLASS:BlueStacksApp; INSTANCE:1]', Text = '_ctl.Window'
D [2016-07-14 17:00:03.748] BlueStacks2 Window not found
D [2016-07-14 17:00:03.748] Android: BlueStacks2
D [2016-07-14 17:00:03.748] Android Config: 3
D [2016-07-14 17:00:03.748] Android Version: 2.0.2.5623
D [2016-07-14 17:00:03.748] Android Instance: 
D [2016-07-14 17:00:03.748] Android Window Title: BlueStacks 
D [2016-07-14 17:00:03.749] Android Program Path: C:\Program Files (x86)\BlueStacks\HD-Frontend.exe
D [2016-07-14 17:00:03.749] Android Program Parameter: Android
D [2016-07-14 17:00:03.749] Android ADB Path: C:\Program Files\Microvirt\MEmu\adb.exe
D [2016-07-14 17:00:03.749] Android ADB Device: emulator-5554
D [2016-07-14 17:00:03.749] Android ADB Shared Folder: /storage/sdcard/windows/BstSharedFolder/
D [2016-07-14 17:00:03.750] Android ADB Shared Folder on Host: C:\ProgramData\BlueStacks\UserData\SharedFolder\
D [2016-07-14 17:00:03.750] Android ADB Shared SubFolder: mybot.run\
D [2016-07-14 17:00:03.750] Android Mouse Device: BlueStacks Virtual Touch
D [2016-07-14 17:00:03.750] Android ADB screencap command enabled: False
D [2016-07-14 17:00:03.750] Android ADB input command enabled: False
D [2016-07-14 17:00:03.750] Android ADB Mouse Click enabled: False
D [2016-07-14 17:00:03.751] Android ADB Click Drag enabled: False
D [2016-07-14 17:00:03.751] Searching BlueStacks2 Window: Title = 'BlueStacks ', Class = '[CLASS:BlueStacksApp; INSTANCE:1]', Text = '_ctl.Window'
D [2016-07-14 17:00:03.755] BlueStacks2 Window not found
D [2016-07-14 17:00:03.756] InitAndroid(False): BlueStacks2 END, initialization successful = True
D [2016-07-14 17:00:03.756] UpdateAndroidConfig("") END
D [2016-07-14 17:00:03.756] UpdateAndroidConfig("")
D [2016-07-14 17:00:03.756] InitAndroid(False): BlueStacks
D [2016-07-14 17:00:03.757] BlueStacks Engine 'Plus'-Mode: False
D [2016-07-14 17:00:03.757] BlueStacks OEM Features: 2754561
D [2016-07-14 17:00:03.757] BlueStacks System Bar is not available
D [2016-07-14 17:00:03.757] Searching BlueStacks Window: Title = 'BlueStacks App Player', Class = '[CLASS:BlueStacksApp; INSTANCE:1]', Text = '_ctl.Window'
D [2016-07-14 17:00:03.761] BlueStacks Window not found
L [2016-07-14 17:00:03.761] BlueStacks supported version 0.8.x - 0.11.x not found
D [2016-07-14 17:00:03.761] InitAndroid(False): BlueStacks END, initialization successful = False
D [2016-07-14 17:00:03.762] UpdateAndroidConfig("") END
D [2016-07-14 17:00:03.762] UpdateAndroidConfig("MEmu")
D [2016-07-14 17:00:03.762] InitAndroid(False): MEmu
D [2016-07-14 17:00:04.702] Cannot read MEmu guestproperty phone_layout!
D [2016-07-14 17:00:04.703] Searching MEmu Window: Title = 'MEmu 2.', Class = '[CLASS:subWin; INSTANCE:1]', Text = ''
D [2016-07-14 17:00:04.706] MEmu Window not found
D [2016-07-14 17:00:04.706] Android: MEmu
D [2016-07-14 17:00:04.706] Android Config: 0
D [2016-07-14 17:00:04.706] Android Version: 2.5.0
D [2016-07-14 17:00:04.706] Android Instance: MEmu
D [2016-07-14 17:00:04.707] Android Window Title: MEmu 2.
D [2016-07-14 17:00:04.707] Android Program Path: C:\Program Files\Microvirt\MEmu\MEmu.exe
D [2016-07-14 17:00:04.707] Android Program Parameter: MEmu
D [2016-07-14 17:00:04.707] Android ADB Path: C:\Program Files\Microvirt\MEmu\adb.exe
D [2016-07-14 17:00:04.707] Android ADB Device: 127.0.0.1:21503
D [2016-07-14 17:00:04.707] Android ADB Shared Folder: /mnt/shell/emulated/0/Pictures/
D [2016-07-14 17:00:04.709] Android ADB Shared Folder on Host: C:\Users\Amin\Pictures\MEmu Photo\
D [2016-07-14 17:00:04.709] Android ADB Shared SubFolder: mybot.run\
D [2016-07-14 17:00:04.709] Android Mouse Device: Microvirt Virtual Input
D [2016-07-14 17:00:04.709] Android ADB screencap command enabled: True
D [2016-07-14 17:00:04.710] Android ADB input command enabled: False
D [2016-07-14 17:00:04.710] Android ADB Mouse Click enabled: False
D [2016-07-14 17:00:04.710] Android ADB Click Drag enabled: True
D [2016-07-14 17:00:04.710] Searching MEmu Window: Title = 'MEmu 2.', Class = '[CLASS:subWin; INSTANCE:1]', Text = ''
D [2016-07-14 17:00:04.713] MEmu Window not found
D [2016-07-14 17:00:04.714] InitAndroid(False): MEmu END, initialization successful = True
D [2016-07-14 17:00:04.714] UpdateAndroidConfig("MEmu") END
