D [2016-07-14 17:04:13.049] @AutoItExe: C:\Program Files (x86)\AutoIt3\AutoIt3.exe
D [2016-07-14 17:04:13.050] @ScriptFullPath: C:\Users\Amin\Desktop\MyBot.Run\MOD AIO\MyBot-AIO-2.1.3+Latest Fix-With-LimitDonations-byCutidudz\MyBot.run.au3
D [2016-07-14 17:04:13.050] @WorkingDir: C:\Users\Amin\Desktop\MyBot.Run\MOD AIO\MyBot-AIO-2.1.3+Latest Fix-With-LimitDonations-byCutidudz
D [2016-07-14 17:04:13.050] @AutoItPID: 2340
D [2016-07-14 17:04:13.071] DetectRunningAndroid()
D [2016-07-14 17:04:13.071] UpdateAndroidConfig("MEmu")
D [2016-07-14 17:04:13.071] InitAndroid(False): MEmu
D [2016-07-14 17:04:14.059] Cannot read MEmu guestproperty phone_layout!
D [2016-07-14 17:04:14.059] Searching MEmu Window: Title = 'MEmu 2.', Class = '[CLASS:subWin; INSTANCE:1]', Text = ''
D [2016-07-14 17:04:14.061] MEmu Window not found
D [2016-07-14 17:04:14.061] Android: MEmu
D [2016-07-14 17:04:14.061] Android Config: 0
D [2016-07-14 17:04:14.061] Android Version: 2.5.0
D [2016-07-14 17:04:14.061] Android Instance: MEmu
D [2016-07-14 17:04:14.062] Android Window Title: MEmu 2.
D [2016-07-14 17:04:14.062] Android Program Path: C:\Program Files\Microvirt\MEmu\MEmu.exe
D [2016-07-14 17:04:14.062] Android Program Parameter: MEmu
D [2016-07-14 17:04:14.062] Android ADB Path: C:\Program Files\Microvirt\MEmu\adb.exe
D [2016-07-14 17:04:14.062] Android ADB Device: 127.0.0.1:21503
D [2016-07-14 17:04:14.062] Android ADB Shared Folder: /mnt/shell/emulated/0/Pictures/
D [2016-07-14 17:04:14.063] Android ADB Shared Folder on Host: C:\Users\Amin\Pictures\MEmu Photo\
D [2016-07-14 17:04:14.063] Android ADB Shared SubFolder: mybot.run\
D [2016-07-14 17:04:14.063] Android Mouse Device: Microvirt Virtual Input
D [2016-07-14 17:04:14.063] Android ADB screencap command enabled: True
D [2016-07-14 17:04:14.064] Android ADB input command enabled: False
D [2016-07-14 17:04:14.064] Android ADB Mouse Click enabled: False
D [2016-07-14 17:04:14.064] Android ADB Click Drag enabled: True
D [2016-07-14 17:04:14.064] Searching MEmu Window: Title = 'MEmu 2.', Class = '[CLASS:subWin; INSTANCE:1]', Text = ''
D [2016-07-14 17:04:14.065] MEmu Window not found
D [2016-07-14 17:04:14.066] InitAndroid(False): MEmu END, initialization successful = True
D [2016-07-14 17:04:14.066] UpdateAndroidConfig("MEmu") END
D [2016-07-14 17:04:14.066] GetAndroidRunningInstance: Try to find "C:\Program Files\Microvirt\MEmu\MEmu.exe"
D [2016-07-14 17:04:14.073] ObjGet("winmgmts:\\.\root\cimv2")
D [2016-07-14 17:04:14.073] WMI Query: Select * from Win32_Process where ExecutablePath like "%C:\\Program Files\\Microvirt\\MEmu\\MEmu.exe%"
D [2016-07-14 17:04:14.118] Process by CommandLine not found: C:\Program Files\Microvirt\MEmu\MEmu.exe
D [2016-07-14 17:04:14.119] UpdateAndroidConfig("droid4x")
D [2016-07-14 17:04:14.119] InitAndroid(False): Droid4X
L [2016-07-14 17:04:14.120] Serious error has occurred: Cannot find Droid4X:
L [2016-07-14 17:04:14.120] C:\Program Files (x86)\Droid4X\Droid4X.exe
D [2016-07-14 17:04:14.120] InitAndroid(False): Droid4X END, initialization successful = False
D [2016-07-14 17:04:14.120] UpdateAndroidConfig("droid4x") END
D [2016-07-14 17:04:14.121] UpdateAndroidConfig("nox")
D [2016-07-14 17:04:14.121] InitAndroid(False): Nox
D [2016-07-14 17:04:14.792] Android: Nox
D [2016-07-14 17:04:14.792] Android Config: 2
D [2016-07-14 17:04:14.792] Android Version: 3.1.0.0
D [2016-07-14 17:04:14.792] Android Instance: nox
D [2016-07-14 17:04:14.792] Android Window Title: No
D [2016-07-14 17:04:14.793] Android Program Path: C:\Users\Amin\AppData\Roaming\Nox\bin\Nox.exe
D [2016-07-14 17:04:14.793] Android Program Parameter: -resolution:860x732 -dpi:160 "-clone:nox"
D [2016-07-14 17:04:14.793] Android ADB Path: C:\Program Files\Microvirt\MEmu\adb.exe
D [2016-07-14 17:04:14.793] Android ADB Device: 127.0.0.1:62001
D [2016-07-14 17:04:14.793] Android ADB Shared Folder: /mnt/shared/Other/
D [2016-07-14 17:04:14.794] Android ADB Shared Folder on Host: C:\Users\Amin\Documents\Nox_share\Other\
D [2016-07-14 17:04:14.794] Android ADB Shared SubFolder: mybot.run\
D [2016-07-14 17:04:14.794] Android Mouse Device: nox Virtual Input
D [2016-07-14 17:04:14.794] Android ADB screencap command enabled: True
D [2016-07-14 17:04:14.795] Android ADB input command enabled: False
D [2016-07-14 17:04:14.795] Android ADB Mouse Click enabled: False
D [2016-07-14 17:04:14.795] Android ADB Click Drag enabled: True
D [2016-07-14 17:04:14.795] Searching Nox Window: Title = 'No', Class = '[CLASS:Qt5QWindowIcon;INSTANCE:4]', Text = ''
D [2016-07-14 17:04:14.796] Nox Window not found
D [2016-07-14 17:04:14.797] InitAndroid(False): Nox END, initialization successful = True
D [2016-07-14 17:04:14.797] UpdateAndroidConfig("nox") END
D [2016-07-14 17:04:14.797] GetAndroidRunningInstance: Try to find "C:\Users\Amin\AppData\Roaming\Nox\bin\Nox.exe"
D [2016-07-14 17:04:14.799] ObjGet("winmgmts:\\.\root\cimv2")
D [2016-07-14 17:04:14.800] WMI Query: Select * from Win32_Process where ExecutablePath like "%C:\\Users\\Amin\\AppData\\Roaming\\Nox\\bin\\Nox.exe%"
D [2016-07-14 17:04:14.844] No process found by CommandLine: C:\Users\Amin\AppData\Roaming\Nox\bin\Nox.exe
D [2016-07-14 17:04:14.844] UpdateAndroidConfig("")
D [2016-07-14 17:04:14.844] InitAndroid(False): BlueStacks2
D [2016-07-14 17:04:14.845] BlueStacks2 Engine 'Plus'-Mode: False
D [2016-07-14 17:04:14.845] BlueStacks2 OEM Features: 2754561
D [2016-07-14 17:04:14.845] BlueStacks2 System Bar is not available
D [2016-07-14 17:04:14.846] Searching BlueStacks2 Window: Title = 'BlueStacks ', Class = '[CLASS:BlueStacksApp; INSTANCE:1]', Text = '_ctl.Window'
D [2016-07-14 17:04:14.847] BlueStacks2 Window not found
D [2016-07-14 17:04:14.847] Android: BlueStacks2
D [2016-07-14 17:04:14.847] Android Config: 3
D [2016-07-14 17:04:14.848] Android Version: 2.0.2.5623
D [2016-07-14 17:04:14.848] Android Instance: 
D [2016-07-14 17:04:14.848] Android Window Title: BlueStacks 
D [2016-07-14 17:04:14.848] Android Program Path: C:\Program Files (x86)\BlueStacks\HD-Frontend.exe
D [2016-07-14 17:04:14.848] Android Program Parameter: Android
D [2016-07-14 17:04:14.849] Android ADB Path: C:\Program Files\Microvirt\MEmu\adb.exe
D [2016-07-14 17:04:14.849] Android ADB Device: emulator-5554
D [2016-07-14 17:04:14.849] Android ADB Shared Folder: /storage/sdcard/windows/BstSharedFolder/
D [2016-07-14 17:04:14.849] Android ADB Shared Folder on Host: C:\ProgramData\BlueStacks\UserData\SharedFolder\
D [2016-07-14 17:04:14.849] Android ADB Shared SubFolder: mybot.run\
D [2016-07-14 17:04:14.850] Android Mouse Device: BlueStacks Virtual Touch
D [2016-07-14 17:04:14.850] Android ADB screencap command enabled: False
D [2016-07-14 17:04:14.850] Android ADB input command enabled: False
D [2016-07-14 17:04:14.850] Android ADB Mouse Click enabled: False
D [2016-07-14 17:04:14.850] Android ADB Click Drag enabled: False
D [2016-07-14 17:04:14.851] Searching BlueStacks2 Window: Title = 'BlueStacks ', Class = '[CLASS:BlueStacksApp; INSTANCE:1]', Text = '_ctl.Window'
D [2016-07-14 17:04:14.853] BlueStacks2 Window not found
D [2016-07-14 17:04:14.853] InitAndroid(False): BlueStacks2 END, initialization successful = True
D [2016-07-14 17:04:14.853] UpdateAndroidConfig("") END
D [2016-07-14 17:04:14.854] Searching BlueStacks2 Window: Title = 'BlueStacks ', Class = '[CLASS:BlueStacksApp; INSTANCE:1]', Text = '_ctl.Window'
D [2016-07-14 17:04:14.855] BlueStacks2 Window not found
D [2016-07-14 17:04:14.855] UpdateAndroidConfig("")
D [2016-07-14 17:04:14.856] InitAndroid(False): BlueStacks
D [2016-07-14 17:04:14.856] BlueStacks Engine 'Plus'-Mode: False
D [2016-07-14 17:04:14.856] BlueStacks OEM Features: 2754561
D [2016-07-14 17:04:14.857] BlueStacks System Bar is not available
D [2016-07-14 17:04:14.857] Searching BlueStacks Window: Title = 'BlueStacks App Player', Class = '[CLASS:BlueStacksApp; INSTANCE:1]', Text = '_ctl.Window'
D [2016-07-14 17:04:14.858] BlueStacks Window not found
L [2016-07-14 17:04:14.859] BlueStacks supported version 0.8.x - 0.11.x not found
D [2016-07-14 17:04:14.859] InitAndroid(False): BlueStacks END, initialization successful = False
D [2016-07-14 17:04:14.859] UpdateAndroidConfig("") END
D [2016-07-14 17:04:14.859] UpdateAndroidConfig("MEmu")
D [2016-07-14 17:04:14.859] InitAndroid(False): MEmu
D [2016-07-14 17:04:15.780] Cannot read MEmu guestproperty phone_layout!
D [2016-07-14 17:04:15.780] Searching MEmu Window: Title = 'MEmu 2.', Class = '[CLASS:subWin; INSTANCE:1]', Text = ''
D [2016-07-14 17:04:15.781] MEmu Window not found
D [2016-07-14 17:04:15.781] Android: MEmu
D [2016-07-14 17:04:15.782] Android Config: 0
D [2016-07-14 17:04:15.782] Android Version: 2.5.0
D [2016-07-14 17:04:15.782] Android Instance: MEmu
D [2016-07-14 17:04:15.782] Android Window Title: MEmu 2.
D [2016-07-14 17:04:15.782] Android Program Path: C:\Program Files\Microvirt\MEmu\MEmu.exe
D [2016-07-14 17:04:15.783] Android Program Parameter: MEmu
D [2016-07-14 17:04:15.783] Android ADB Path: C:\Program Files\Microvirt\MEmu\adb.exe
D [2016-07-14 17:04:15.783] Android ADB Device: 127.0.0.1:21503
D [2016-07-14 17:04:15.783] Android ADB Shared Folder: /mnt/shell/emulated/0/Pictures/
D [2016-07-14 17:04:15.783] Android ADB Shared Folder on Host: C:\Users\Amin\Pictures\MEmu Photo\
D [2016-07-14 17:04:15.784] Android ADB Shared SubFolder: mybot.run\
D [2016-07-14 17:04:15.784] Android Mouse Device: Microvirt Virtual Input
D [2016-07-14 17:04:15.784] Android ADB screencap command enabled: True
D [2016-07-14 17:04:15.784] Android ADB input command enabled: False
D [2016-07-14 17:04:15.784] Android ADB Mouse Click enabled: False
D [2016-07-14 17:04:15.785] Android ADB Click Drag enabled: True
D [2016-07-14 17:04:15.785] Searching MEmu Window: Title = 'MEmu 2.', Class = '[CLASS:subWin; INSTANCE:1]', Text = ''
D [2016-07-14 17:04:15.786] MEmu Window not found
D [2016-07-14 17:04:15.786] InitAndroid(False): MEmu END, initialization successful = True
D [2016-07-14 17:04:15.786] UpdateAndroidConfig("MEmu") END
D [2016-07-14 17:04:15.787] Found no running Android Emulator
D [2016-07-14 17:04:15.787] DetectInstalledAndroid()
D [2016-07-14 17:04:15.787] UpdateAndroidConfig("MEmu")
D [2016-07-14 17:04:15.787] InitAndroid(False): MEmu
D [2016-07-14 17:04:16.696] Cannot read MEmu guestproperty phone_layout!
D [2016-07-14 17:04:16.696] Searching MEmu Window: Title = 'MEmu 2.', Class = '[CLASS:subWin; INSTANCE:1]', Text = ''
D [2016-07-14 17:04:16.697] MEmu Window not found
D [2016-07-14 17:04:16.698] Android: MEmu
D [2016-07-14 17:04:16.698] Android Config: 0
D [2016-07-14 17:04:16.698] Android Version: 2.5.0
D [2016-07-14 17:04:16.698] Android Instance: MEmu
D [2016-07-14 17:04:16.698] Android Window Title: MEmu 2.
D [2016-07-14 17:04:16.698] Android Program Path: C:\Program Files\Microvirt\MEmu\MEmu.exe
D [2016-07-14 17:04:16.699] Android Program Parameter: MEmu
D [2016-07-14 17:04:16.699] Android ADB Path: C:\Program Files\Microvirt\MEmu\adb.exe
D [2016-07-14 17:04:16.699] Android ADB Device: 127.0.0.1:21503
D [2016-07-14 17:04:16.699] Android ADB Shared Folder: /mnt/shell/emulated/0/Pictures/
D [2016-07-14 17:04:16.700] Android ADB Shared Folder on Host: C:\Users\Amin\Pictures\MEmu Photo\
D [2016-07-14 17:04:16.700] Android ADB Shared SubFolder: mybot.run\
D [2016-07-14 17:04:16.700] Android Mouse Device: Microvirt Virtual Input
D [2016-07-14 17:04:16.700] Android ADB screencap command enabled: True
D [2016-07-14 17:04:16.700] Android ADB input command enabled: False
D [2016-07-14 17:04:16.700] Android ADB Mouse Click enabled: False
D [2016-07-14 17:04:16.701] Android ADB Click Drag enabled: True
D [2016-07-14 17:04:16.701] Searching MEmu Window: Title = 'MEmu 2.', Class = '[CLASS:subWin; INSTANCE:1]', Text = ''
D [2016-07-14 17:04:16.703] MEmu Window not found
D [2016-07-14 17:04:16.703] InitAndroid(False): MEmu END, initialization successful = True
D [2016-07-14 17:04:16.703] UpdateAndroidConfig("MEmu") END
D [2016-07-14 17:04:16.703] Found installed MEmu 2.5.0
D [2016-07-14 17:04:16.704] My Bot is the only running instance
D [2016-07-14 17:04:19.012] UpdateAndroidConfig("MEmu")
D [2016-07-14 17:04:19.013] InitAndroid(False): MEmu
D [2016-07-14 17:04:19.952] Cannot read MEmu guestproperty phone_layout!
D [2016-07-14 17:04:19.952] Searching MEmu Window: Title = 'MEmu 2.', Class = '[CLASS:subWin; INSTANCE:1]', Text = ''
D [2016-07-14 17:04:19.957] MEmu Window not found
D [2016-07-14 17:04:19.957] Android: MEmu
D [2016-07-14 17:04:19.957] Android Config: 0
D [2016-07-14 17:04:19.957] Android Version: 2.5.0
D [2016-07-14 17:04:19.957] Android Instance: MEmu
D [2016-07-14 17:04:19.957] Android Window Title: MEmu 2.
D [2016-07-14 17:04:19.958] Android Program Path: C:\Program Files\Microvirt\MEmu\MEmu.exe
D [2016-07-14 17:04:19.958] Android Program Parameter: MEmu
D [2016-07-14 17:04:19.958] Android ADB Path: C:\Program Files\Microvirt\MEmu\adb.exe
D [2016-07-14 17:04:19.958] Android ADB Device: 127.0.0.1:21503
D [2016-07-14 17:04:19.958] Android ADB Shared Folder: /mnt/shell/emulated/0/Pictures/
D [2016-07-14 17:04:19.959] Android ADB Shared Folder on Host: C:\Users\Amin\Pictures\MEmu Photo\
D [2016-07-14 17:04:19.959] Android ADB Shared SubFolder: mybot.run\
D [2016-07-14 17:04:19.959] Android Mouse Device: Microvirt Virtual Input
D [2016-07-14 17:04:19.959] Android ADB screencap command enabled: True
D [2016-07-14 17:04:19.959] Android ADB input command enabled: False
D [2016-07-14 17:04:19.960] Android ADB Mouse Click enabled: False
D [2016-07-14 17:04:19.960] Android ADB Click Drag enabled: True
D [2016-07-14 17:04:19.960] Searching MEmu Window: Title = 'MEmu 2.', Class = '[CLASS:subWin; INSTANCE:1]', Text = ''
D [2016-07-14 17:04:19.964] MEmu Window not found
D [2016-07-14 17:04:19.964] InitAndroid(False): MEmu END, initialization successful = True
D [2016-07-14 17:04:19.964] UpdateAndroidConfig("MEmu") END
D [2016-07-14 17:04:19.964] UpdateAndroidConfig("droid4x")
D [2016-07-14 17:04:19.964] InitAndroid(False): Droid4X
L [2016-07-14 17:04:19.965] Serious error has occurred: Cannot find Droid4X:
L [2016-07-14 17:04:19.965] C:\Program Files (x86)\Droid4X\Droid4X.exe
D [2016-07-14 17:04:19.965] InitAndroid(False): Droid4X END, initialization successful = False
D [2016-07-14 17:04:19.966] UpdateAndroidConfig("droid4x") END
D [2016-07-14 17:04:19.966] UpdateAndroidConfig("nox")
D [2016-07-14 17:04:19.966] InitAndroid(False): Nox
D [2016-07-14 17:04:20.660] Android: Nox
D [2016-07-14 17:04:20.660] Android Config: 2
D [2016-07-14 17:04:20.660] Android Version: 3.1.0.0
D [2016-07-14 17:04:20.660] Android Instance: nox
D [2016-07-14 17:04:20.661] Android Window Title: No
D [2016-07-14 17:04:20.661] Android Program Path: C:\Users\Amin\AppData\Roaming\Nox\bin\Nox.exe
D [2016-07-14 17:04:20.661] Android Program Parameter: -resolution:860x732 -dpi:160 "-clone:nox"
D [2016-07-14 17:04:20.661] Android ADB Path: C:\Program Files\Microvirt\MEmu\adb.exe
D [2016-07-14 17:04:20.661] Android ADB Device: 127.0.0.1:62001
D [2016-07-14 17:04:20.661] Android ADB Shared Folder: /mnt/shared/Other/
D [2016-07-14 17:04:20.662] Android ADB Shared Folder on Host: C:\Users\Amin\Documents\Nox_share\Other\
D [2016-07-14 17:04:20.662] Android ADB Shared SubFolder: mybot.run\
D [2016-07-14 17:04:20.662] Android Mouse Device: nox Virtual Input
D [2016-07-14 17:04:20.662] Android ADB screencap command enabled: True
D [2016-07-14 17:04:20.663] Android ADB input command enabled: False
D [2016-07-14 17:04:20.663] Android ADB Mouse Click enabled: False
D [2016-07-14 17:04:20.663] Android ADB Click Drag enabled: True
D [2016-07-14 17:04:20.663] Searching Nox Window: Title = 'No', Class = '[CLASS:Qt5QWindowIcon;INSTANCE:4]', Text = ''
D [2016-07-14 17:04:20.667] Nox Window not found
D [2016-07-14 17:04:20.667] InitAndroid(False): Nox END, initialization successful = True
D [2016-07-14 17:04:20.667] UpdateAndroidConfig("nox") END
D [2016-07-14 17:04:20.667] UpdateAndroidConfig("")
D [2016-07-14 17:04:20.668] InitAndroid(False): BlueStacks2
D [2016-07-14 17:04:20.668] BlueStacks2 Engine 'Plus'-Mode: False
D [2016-07-14 17:04:20.668] BlueStacks2 OEM Features: 2754561
D [2016-07-14 17:04:20.668] BlueStacks2 System Bar is not available
D [2016-07-14 17:04:20.669] Searching BlueStacks2 Window: Title = 'BlueStacks ', Class = '[CLASS:BlueStacksApp; INSTANCE:1]', Text = '_ctl.Window'
D [2016-07-14 17:04:20.671] BlueStacks2 Window not found
D [2016-07-14 17:04:20.672] Android: BlueStacks2
D [2016-07-14 17:04:20.672] Android Config: 3
D [2016-07-14 17:04:20.672] Android Version: 2.0.2.5623
D [2016-07-14 17:04:20.672] Android Instance: 
D [2016-07-14 17:04:20.672] Android Window Title: BlueStacks 
D [2016-07-14 17:04:20.673] Android Program Path: C:\Program Files (x86)\BlueStacks\HD-Frontend.exe
D [2016-07-14 17:04:20.673] Android Program Parameter: Android
D [2016-07-14 17:04:20.673] Android ADB Path: C:\Program Files\Microvirt\MEmu\adb.exe
D [2016-07-14 17:04:20.673] Android ADB Device: emulator-5554
D [2016-07-14 17:04:20.673] Android ADB Shared Folder: /storage/sdcard/windows/BstSharedFolder/
D [2016-07-14 17:04:20.674] Android ADB Shared Folder on Host: C:\ProgramData\BlueStacks\UserData\SharedFolder\
D [2016-07-14 17:04:20.674] Android ADB Shared SubFolder: mybot.run\
D [2016-07-14 17:04:20.674] Android Mouse Device: BlueStacks Virtual Touch
D [2016-07-14 17:04:20.674] Android ADB screencap command enabled: False
D [2016-07-14 17:04:20.674] Android ADB input command enabled: False
D [2016-07-14 17:04:20.674] Android ADB Mouse Click enabled: False
D [2016-07-14 17:04:20.675] Android ADB Click Drag enabled: False
D [2016-07-14 17:04:20.675] Searching BlueStacks2 Window: Title = 'BlueStacks ', Class = '[CLASS:BlueStacksApp; INSTANCE:1]', Text = '_ctl.Window'
D [2016-07-14 17:04:20.679] BlueStacks2 Window not found
D [2016-07-14 17:04:20.679] InitAndroid(False): BlueStacks2 END, initialization successful = True
D [2016-07-14 17:04:20.679] UpdateAndroidConfig("") END
D [2016-07-14 17:04:20.679] UpdateAndroidConfig("")
D [2016-07-14 17:04:20.679] InitAndroid(False): BlueStacks
D [2016-07-14 17:04:20.680] BlueStacks Engine 'Plus'-Mode: False
D [2016-07-14 17:04:20.680] BlueStacks OEM Features: 2754561
D [2016-07-14 17:04:20.680] BlueStacks System Bar is not available
D [2016-07-14 17:04:20.681] Searching BlueStacks Window: Title = 'BlueStacks App Player', Class = '[CLASS:BlueStacksApp; INSTANCE:1]', Text = '_ctl.Window'
D [2016-07-14 17:04:20.683] BlueStacks Window not found
L [2016-07-14 17:04:20.684] BlueStacks supported version 0.8.x - 0.11.x not found
D [2016-07-14 17:04:20.684] InitAndroid(False): BlueStacks END, initialization successful = False
D [2016-07-14 17:04:20.684] UpdateAndroidConfig("") END
D [2016-07-14 17:04:20.684] UpdateAndroidConfig("MEmu")
D [2016-07-14 17:04:20.684] InitAndroid(False): MEmu
D [2016-07-14 17:04:21.625] Cannot read MEmu guestproperty phone_layout!
D [2016-07-14 17:04:21.625] Searching MEmu Window: Title = 'MEmu 2.', Class = '[CLASS:subWin; INSTANCE:1]', Text = ''
D [2016-07-14 17:04:21.628] MEmu Window not found
D [2016-07-14 17:04:21.628] Android: MEmu
D [2016-07-14 17:04:21.628] Android Config: 0
D [2016-07-14 17:04:21.628] Android Version: 2.5.0
D [2016-07-14 17:04:21.629] Android Instance: MEmu
D [2016-07-14 17:04:21.629] Android Window Title: MEmu 2.
D [2016-07-14 17:04:21.629] Android Program Path: C:\Program Files\Microvirt\MEmu\MEmu.exe
D [2016-07-14 17:04:21.629] Android Program Parameter: MEmu
D [2016-07-14 17:04:21.629] Android ADB Path: C:\Program Files\Microvirt\MEmu\adb.exe
D [2016-07-14 17:04:21.629] Android ADB Device: 127.0.0.1:21503
D [2016-07-14 17:04:21.630] Android ADB Shared Folder: /mnt/shell/emulated/0/Pictures/
D [2016-07-14 17:04:21.630] Android ADB Shared Folder on Host: C:\Users\Amin\Pictures\MEmu Photo\
D [2016-07-14 17:04:21.630] Android ADB Shared SubFolder: mybot.run\
D [2016-07-14 17:04:21.630] Android Mouse Device: Microvirt Virtual Input
D [2016-07-14 17:04:21.631] Android ADB screencap command enabled: True
D [2016-07-14 17:04:21.631] Android ADB input command enabled: False
D [2016-07-14 17:04:21.631] Android ADB Mouse Click enabled: False
D [2016-07-14 17:04:21.631] Android ADB Click Drag enabled: True
D [2016-07-14 17:04:21.631] Searching MEmu Window: Title = 'MEmu 2.', Class = '[CLASS:subWin; INSTANCE:1]', Text = ''
D [2016-07-14 17:04:21.636] MEmu Window not found
D [2016-07-14 17:04:21.636] InitAndroid(False): MEmu END, initialization successful = True
D [2016-07-14 17:04:21.637] UpdateAndroidConfig("MEmu") END
D [2016-07-14 17:04:21.984] Read Building Config C:\Users\Amin\Desktop\MyBot.Run\MOD AIO\MyBot-AIO-2.1.3+Latest Fix-With-LimitDonations-byCutidudz\Profiles\MyVillage\building.ini
D [2016-07-14 17:04:21.995] Read Config C:\Users\Amin\Desktop\MyBot.Run\MOD AIO\MyBot-AIO-2.1.3+Latest Fix-With-LimitDonations-byCutidudz\Profiles\MyVillage\config.ini
D [2016-07-14 17:04:22.052] Apply Config
D [2016-07-14 17:04:22.139] UpdateAndroidConfig("MEmu")
D [2016-07-14 17:04:22.139] InitAndroid(False): MEmu
D [2016-07-14 17:04:23.074] Cannot read MEmu guestproperty phone_layout!
D [2016-07-14 17:04:23.074] Searching MEmu Window: Title = 'MEmu 2.', Class = '[CLASS:subWin; INSTANCE:1]', Text = ''
D [2016-07-14 17:04:23.078] MEmu Window not found
D [2016-07-14 17:04:23.078] Android: MEmu
D [2016-07-14 17:04:23.079] Android Config: 0
D [2016-07-14 17:04:23.079] Android Version: 2.5.0
D [2016-07-14 17:04:23.079] Android Instance: MEmu
D [2016-07-14 17:04:23.079] Android Window Title: MEmu 2.
D [2016-07-14 17:04:23.079] Android Program Path: C:\Program Files\Microvirt\MEmu\MEmu.exe
D [2016-07-14 17:04:23.080] Android Program Parameter: MEmu
D [2016-07-14 17:04:23.080] Android ADB Path: C:\Program Files\Microvirt\MEmu\adb.exe
D [2016-07-14 17:04:23.080] Android ADB Device: 127.0.0.1:21503
D [2016-07-14 17:04:23.080] Android ADB Shared Folder: /mnt/shell/emulated/0/Pictures/
D [2016-07-14 17:04:23.081] Android ADB Shared Folder on Host: C:\Users\Amin\Pictures\MEmu Photo\
D [2016-07-14 17:04:23.081] Android ADB Shared SubFolder: mybot.run\
D [2016-07-14 17:04:23.081] Android Mouse Device: Microvirt Virtual Input
D [2016-07-14 17:04:23.081] Android ADB screencap command enabled: True
D [2016-07-14 17:04:23.081] Android ADB input command enabled: False
D [2016-07-14 17:04:23.081] Android ADB Mouse Click enabled: False
D [2016-07-14 17:04:23.082] Android ADB Click Drag enabled: True
D [2016-07-14 17:04:23.082] Searching MEmu Window: Title = 'MEmu 2.', Class = '[CLASS:subWin; INSTANCE:1]', Text = ''
D [2016-07-14 17:04:23.086] MEmu Window not found
D [2016-07-14 17:04:23.086] InitAndroid(False): MEmu END, initialization successful = True
D [2016-07-14 17:04:23.086] UpdateAndroidConfig("MEmu") END
D [2016-07-14 17:04:23.090] Redraw MyBot Window
L [2016-07-14 17:04:23.828] Found installed MEmu 2.5.0
L [2016-07-14 17:04:23.835] Android Emulator Configuration: MEmu (instance MEmu)
L [2016-07-14 17:04:26.539] WELCOME CHIEF, YOU HAVE THE LATEST VERSION OF THE BOT
L [2016-07-14 17:04:26.543]  
L [2016-07-14 17:04:26.545] Fully working with May update
L [2016-07-14 17:04:26.547] New GUI and lots of new features
L [2016-07-14 17:04:26.551] For more information, go to 
L [2016-07-14 17:04:26.554] https://mybot.run
L [2016-07-14 17:04:26.557] 
L [2016-07-14 17:04:26.559]  Always free and open source.
D [2016-07-14 17:04:27.875] MyBot.run launch time 14834 ms.
L [2016-07-14 17:05:29.354] Closing Merged My Bot v6.1.4 All In One v2.1.3 (MEmu) ...
D [2016-07-14 17:05:29.364] Save Config C:\Users\Amin\Desktop\MyBot.Run\MOD AIO\MyBot-AIO-2.1.3+Latest Fix-With-LimitDonations-byCutidudz\Profiles\MyVillage\config.ini
D [2016-07-14 17:05:29.801] Save Building Config C:\Users\Amin\Desktop\MyBot.Run\MOD AIO\MyBot-AIO-2.1.3+Latest Fix-With-LimitDonations-byCutidudz\Profiles\MyVillage\building.ini
