D [2016-07-19 03:14:51.739] @AutoItExe: C:\Program Files (x86)\AutoIt3\AutoIt3.exe
D [2016-07-19 03:14:51.739] @ScriptFullPath: C:\Users\Amin\Desktop\MyBot.Run\MOD AIO\MyBot-AIO-2.1.4\MyBot.run.au3
D [2016-07-19 03:14:51.739] @WorkingDir: C:\Users\Amin\Desktop\MyBot.Run\MOD AIO\MyBot-AIO-2.1.4
D [2016-07-19 03:14:51.740] @AutoItPID: 4460
D [2016-07-19 03:14:51.768] DetectRunningAndroid()
D [2016-07-19 03:14:51.769] UpdateAndroidConfig("MEmu")
D [2016-07-19 03:14:51.769] InitAndroid(False): MEmu
D [2016-07-19 03:14:52.773] Cannot read MEmu guestproperty phone_layout!
D [2016-07-19 03:14:52.774] Searching MEmu Window: Title = 'MEmu 2.', Class = '[CLASS:subWin; INSTANCE:1]', Text = ''
D [2016-07-19 03:14:52.778] MEmu Window not found
D [2016-07-19 03:14:52.778] Android: MEmu
D [2016-07-19 03:14:52.778] Android Config: 0
D [2016-07-19 03:14:52.779] Android Version: 2.5.0
D [2016-07-19 03:14:52.779] Android Instance: MEmu
D [2016-07-19 03:14:52.779] Android Window Title: MEmu 2.
D [2016-07-19 03:14:52.779] Android Program Path: C:\Program Files\Microvirt\MEmu\MEmu.exe
D [2016-07-19 03:14:52.779] Android Program Parameter: MEmu
D [2016-07-19 03:14:52.779] Android ADB Path: C:\Program Files\Microvirt\MEmu\adb.exe
D [2016-07-19 03:14:52.780] Android ADB Device: 127.0.0.1:21503
D [2016-07-19 03:14:52.780] Android ADB Shared Folder: /mnt/shell/emulated/0/Pictures/
D [2016-07-19 03:14:52.780] Android ADB Shared Folder on Host: C:\Users\Amin\Pictures\MEmu Photo\
D [2016-07-19 03:14:52.780] Android ADB Shared SubFolder: mybot.run\
D [2016-07-19 03:14:52.781] Android Mouse Device: Microvirt Virtual Input
D [2016-07-19 03:14:52.781] Android ADB screencap command enabled: True
D [2016-07-19 03:14:52.781] Android ADB input command enabled: False
D [2016-07-19 03:14:52.781] Android ADB Mouse Click enabled: False
D [2016-07-19 03:14:52.781] Android ADB Click Drag enabled: True
D [2016-07-19 03:14:52.781] Searching MEmu Window: Title = 'MEmu 2.', Class = '[CLASS:subWin; INSTANCE:1]', Text = ''
D [2016-07-19 03:14:52.785] MEmu Window not found
D [2016-07-19 03:14:52.785] InitAndroid(False): MEmu END, initialization successful = True
D [2016-07-19 03:14:52.786] UpdateAndroidConfig("MEmu") END
D [2016-07-19 03:14:52.786] GetAndroidRunningInstance: Try to find "C:\Program Files\Microvirt\MEmu\MEmu.exe"
D [2016-07-19 03:14:52.793] ObjGet("winmgmts:\\.\root\cimv2")
D [2016-07-19 03:14:52.793] WMI Query: Select * from Win32_Process where ExecutablePath like "%C:\\Program Files\\Microvirt\\MEmu\\MEmu.exe%"
D [2016-07-19 03:14:52.837] Process by CommandLine not found: C:\Program Files\Microvirt\MEmu\MEmu.exe
D [2016-07-19 03:14:52.838] UpdateAndroidConfig("droid4x")
D [2016-07-19 03:14:52.838] InitAndroid(False): Droid4X
L [2016-07-19 03:14:52.839] Serious error has occurred: Cannot find Droid4X:
L [2016-07-19 03:14:52.839] C:\Program Files (x86)\Droid4X\Droid4X.exe
D [2016-07-19 03:14:52.839] InitAndroid(False): Droid4X END, initialization successful = False
D [2016-07-19 03:14:52.840] UpdateAndroidConfig("droid4x") END
D [2016-07-19 03:14:52.840] UpdateAndroidConfig("nox")
D [2016-07-19 03:14:52.840] InitAndroid(False): Nox
D [2016-07-19 03:14:53.530] Android: Nox
D [2016-07-19 03:14:53.531] Android Config: 2
D [2016-07-19 03:14:53.531] Android Version: 3.1.0.0
D [2016-07-19 03:14:53.531] Android Instance: nox
D [2016-07-19 03:14:53.531] Android Window Title: No
D [2016-07-19 03:14:53.531] Android Program Path: C:\Users\Amin\AppData\Roaming\Nox\bin\Nox.exe
D [2016-07-19 03:14:53.532] Android Program Parameter: -resolution:860x732 -dpi:160 "-clone:nox"
D [2016-07-19 03:14:53.532] Android ADB Path: C:\Program Files\Microvirt\MEmu\adb.exe
D [2016-07-19 03:14:53.532] Android ADB Device: 127.0.0.1:62001
D [2016-07-19 03:14:53.532] Android ADB Shared Folder: /mnt/shared/Other/
D [2016-07-19 03:14:53.533] Android ADB Shared Folder on Host: C:\Users\Amin\Documents\Nox_share\Other\
D [2016-07-19 03:14:53.533] Android ADB Shared SubFolder: mybot.run\
D [2016-07-19 03:14:53.533] Android Mouse Device: nox Virtual Input
D [2016-07-19 03:14:53.533] Android ADB screencap command enabled: True
D [2016-07-19 03:14:53.533] Android ADB input command enabled: False
D [2016-07-19 03:14:53.534] Android ADB Mouse Click enabled: False
D [2016-07-19 03:14:53.534] Android ADB Click Drag enabled: True
D [2016-07-19 03:14:53.534] Searching Nox Window: Title = 'No', Class = '[CLASS:Qt5QWindowIcon;INSTANCE:4]', Text = ''
D [2016-07-19 03:14:53.538] Nox Window not found
D [2016-07-19 03:14:53.538] InitAndroid(False): Nox END, initialization successful = True
D [2016-07-19 03:14:53.538] UpdateAndroidConfig("nox") END
D [2016-07-19 03:14:53.538] GetAndroidRunningInstance: Try to find "C:\Users\Amin\AppData\Roaming\Nox\bin\Nox.exe"
D [2016-07-19 03:14:53.540] ObjGet("winmgmts:\\.\root\cimv2")
D [2016-07-19 03:14:53.540] WMI Query: Select * from Win32_Process where ExecutablePath like "%C:\\Users\\Amin\\AppData\\Roaming\\Nox\\bin\\Nox.exe%"
D [2016-07-19 03:14:53.581] No process found by CommandLine: C:\Users\Amin\AppData\Roaming\Nox\bin\Nox.exe
D [2016-07-19 03:14:53.582] UpdateAndroidConfig("")
D [2016-07-19 03:14:53.582] InitAndroid(False): BlueStacks2
D [2016-07-19 03:14:53.582] BlueStacks2 Engine 'Plus'-Mode: False
D [2016-07-19 03:14:53.583] BlueStacks2 OEM Features: 2754561
D [2016-07-19 03:14:53.583] BlueStacks2 System Bar is not available
D [2016-07-19 03:14:53.583] Searching BlueStacks2 Window: Title = 'BlueStacks ', Class = '[CLASS:BlueStacksApp; INSTANCE:1]', Text = '_ctl.Window'
D [2016-07-19 03:14:53.587] BlueStacks2 Window not found
D [2016-07-19 03:14:53.587] Android: BlueStacks2
D [2016-07-19 03:14:53.587] Android Config: 3
D [2016-07-19 03:14:53.587] Android Version: 2.0.2.5623
D [2016-07-19 03:14:53.587] Android Instance: 
D [2016-07-19 03:14:53.587] Android Window Title: BlueStacks 
D [2016-07-19 03:14:53.588] Android Program Path: C:\Program Files (x86)\BlueStacks\HD-Frontend.exe
D [2016-07-19 03:14:53.588] Android Program Parameter: Android
D [2016-07-19 03:14:53.588] Android ADB Path: C:\Program Files\Microvirt\MEmu\adb.exe
D [2016-07-19 03:14:53.588] Android ADB Device: emulator-5554
D [2016-07-19 03:14:53.588] Android ADB Shared Folder: /storage/sdcard/windows/BstSharedFolder/
D [2016-07-19 03:14:53.589] Android ADB Shared Folder on Host: C:\ProgramData\BlueStacks\UserData\SharedFolder\
D [2016-07-19 03:14:53.589] Android ADB Shared SubFolder: mybot.run\
D [2016-07-19 03:14:53.589] Android Mouse Device: BlueStacks Virtual Touch
D [2016-07-19 03:14:53.589] Android ADB screencap command enabled: False
D [2016-07-19 03:14:53.589] Android ADB input command enabled: False
D [2016-07-19 03:14:53.590] Android ADB Mouse Click enabled: False
D [2016-07-19 03:14:53.590] Android ADB Click Drag enabled: False
D [2016-07-19 03:14:53.590] Searching BlueStacks2 Window: Title = 'BlueStacks ', Class = '[CLASS:BlueStacksApp; INSTANCE:1]', Text = '_ctl.Window'
D [2016-07-19 03:14:53.595] BlueStacks2 Window not found
D [2016-07-19 03:14:53.595] InitAndroid(False): BlueStacks2 END, initialization successful = True
D [2016-07-19 03:14:53.595] UpdateAndroidConfig("") END
D [2016-07-19 03:14:53.595] Searching BlueStacks2 Window: Title = 'BlueStacks ', Class = '[CLASS:BlueStacksApp; INSTANCE:1]', Text = '_ctl.Window'
D [2016-07-19 03:14:53.599] BlueStacks2 Window not found
D [2016-07-19 03:14:53.600] UpdateAndroidConfig("")
D [2016-07-19 03:14:53.600] InitAndroid(False): BlueStacks
D [2016-07-19 03:14:53.601] BlueStacks Engine 'Plus'-Mode: False
D [2016-07-19 03:14:53.601] BlueStacks OEM Features: 2754561
D [2016-07-19 03:14:53.601] BlueStacks System Bar is not available
D [2016-07-19 03:14:53.601] Searching BlueStacks Window: Title = 'BlueStacks App Player', Class = '[CLASS:BlueStacksApp; INSTANCE:1]', Text = '_ctl.Window'
D [2016-07-19 03:14:53.605] BlueStacks Window not found
L [2016-07-19 03:14:53.606] BlueStacks supported version 0.8.x - 0.11.x not found
D [2016-07-19 03:14:53.606] InitAndroid(False): BlueStacks END, initialization successful = False
D [2016-07-19 03:14:53.606] UpdateAndroidConfig("") END
D [2016-07-19 03:14:53.606] UpdateAndroidConfig("MEmu")
D [2016-07-19 03:14:53.607] InitAndroid(False): MEmu
D [2016-07-19 03:14:54.534] Cannot read MEmu guestproperty phone_layout!
D [2016-07-19 03:14:54.534] Searching MEmu Window: Title = 'MEmu 2.', Class = '[CLASS:subWin; INSTANCE:1]', Text = ''
D [2016-07-19 03:14:54.538] MEmu Window not found
D [2016-07-19 03:14:54.538] Android: MEmu
D [2016-07-19 03:14:54.538] Android Config: 0
D [2016-07-19 03:14:54.538] Android Version: 2.5.0
D [2016-07-19 03:14:54.539] Android Instance: MEmu
D [2016-07-19 03:14:54.539] Android Window Title: MEmu 2.
D [2016-07-19 03:14:54.539] Android Program Path: C:\Program Files\Microvirt\MEmu\MEmu.exe
D [2016-07-19 03:14:54.539] Android Program Parameter: MEmu
D [2016-07-19 03:14:54.539] Android ADB Path: C:\Program Files\Microvirt\MEmu\adb.exe
D [2016-07-19 03:14:54.540] Android ADB Device: 127.0.0.1:21503
D [2016-07-19 03:14:54.540] Android ADB Shared Folder: /mnt/shell/emulated/0/Pictures/
D [2016-07-19 03:14:54.540] Android ADB Shared Folder on Host: C:\Users\Amin\Pictures\MEmu Photo\
D [2016-07-19 03:14:54.540] Android ADB Shared SubFolder: mybot.run\
D [2016-07-19 03:14:54.540] Android Mouse Device: Microvirt Virtual Input
D [2016-07-19 03:14:54.541] Android ADB screencap command enabled: True
D [2016-07-19 03:14:54.541] Android ADB input command enabled: False
D [2016-07-19 03:14:54.541] Android ADB Mouse Click enabled: False
D [2016-07-19 03:14:54.541] Android ADB Click Drag enabled: True
D [2016-07-19 03:14:54.541] Searching MEmu Window: Title = 'MEmu 2.', Class = '[CLASS:subWin; INSTANCE:1]', Text = ''
D [2016-07-19 03:14:54.546] MEmu Window not found
D [2016-07-19 03:14:54.546] InitAndroid(False): MEmu END, initialization successful = True
D [2016-07-19 03:14:54.546] UpdateAndroidConfig("MEmu") END
D [2016-07-19 03:14:54.547] Found no running Android Emulator
D [2016-07-19 03:14:54.547] DetectInstalledAndroid()
D [2016-07-19 03:14:54.547] UpdateAndroidConfig("MEmu")
D [2016-07-19 03:14:54.547] InitAndroid(False): MEmu
D [2016-07-19 03:14:55.479] Cannot read MEmu guestproperty phone_layout!
D [2016-07-19 03:14:55.479] Searching MEmu Window: Title = 'MEmu 2.', Class = '[CLASS:subWin; INSTANCE:1]', Text = ''
D [2016-07-19 03:14:55.483] MEmu Window not found
D [2016-07-19 03:14:55.483] Android: MEmu
D [2016-07-19 03:14:55.483] Android Config: 0
D [2016-07-19 03:14:55.483] Android Version: 2.5.0
D [2016-07-19 03:14:55.483] Android Instance: MEmu
D [2016-07-19 03:14:55.484] Android Window Title: MEmu 2.
D [2016-07-19 03:14:55.484] Android Program Path: C:\Program Files\Microvirt\MEmu\MEmu.exe
D [2016-07-19 03:14:55.484] Android Program Parameter: MEmu
D [2016-07-19 03:14:55.484] Android ADB Path: C:\Program Files\Microvirt\MEmu\adb.exe
D [2016-07-19 03:14:55.484] Android ADB Device: 127.0.0.1:21503
D [2016-07-19 03:14:55.485] Android ADB Shared Folder: /mnt/shell/emulated/0/Pictures/
D [2016-07-19 03:14:55.485] Android ADB Shared Folder on Host: C:\Users\Amin\Pictures\MEmu Photo\
D [2016-07-19 03:14:55.485] Android ADB Shared SubFolder: mybot.run\
D [2016-07-19 03:14:55.485] Android Mouse Device: Microvirt Virtual Input
D [2016-07-19 03:14:55.485] Android ADB screencap command enabled: True
D [2016-07-19 03:14:55.486] Android ADB input command enabled: False
D [2016-07-19 03:14:55.486] Android ADB Mouse Click enabled: False
D [2016-07-19 03:14:55.486] Android ADB Click Drag enabled: True
D [2016-07-19 03:14:55.486] Searching MEmu Window: Title = 'MEmu 2.', Class = '[CLASS:subWin; INSTANCE:1]', Text = ''
D [2016-07-19 03:14:55.489] MEmu Window not found
D [2016-07-19 03:14:55.490] InitAndroid(False): MEmu END, initialization successful = True
D [2016-07-19 03:14:55.490] UpdateAndroidConfig("MEmu") END
D [2016-07-19 03:14:55.490] Found installed MEmu 2.5.0
D [2016-07-19 03:14:55.491] My Bot is the only running instance
D [2016-07-19 03:14:59.561] UpdateAndroidConfig("MEmu")
D [2016-07-19 03:14:59.561] InitAndroid(False): MEmu
D [2016-07-19 03:15:00.501] Cannot read MEmu guestproperty phone_layout!
D [2016-07-19 03:15:00.501] Searching MEmu Window: Title = 'MEmu 2.', Class = '[CLASS:subWin; INSTANCE:1]', Text = ''
D [2016-07-19 03:15:00.507] MEmu Window not found
D [2016-07-19 03:15:00.507] Android: MEmu
D [2016-07-19 03:15:00.508] Android Config: 0
D [2016-07-19 03:15:00.508] Android Version: 2.5.0
D [2016-07-19 03:15:00.508] Android Instance: MEmu
D [2016-07-19 03:15:00.508] Android Window Title: MEmu 2.
D [2016-07-19 03:15:00.508] Android Program Path: C:\Program Files\Microvirt\MEmu\MEmu.exe
D [2016-07-19 03:15:00.509] Android Program Parameter: MEmu
D [2016-07-19 03:15:00.509] Android ADB Path: C:\Program Files\Microvirt\MEmu\adb.exe
D [2016-07-19 03:15:00.509] Android ADB Device: 127.0.0.1:21503
D [2016-07-19 03:15:00.509] Android ADB Shared Folder: /mnt/shell/emulated/0/Pictures/
D [2016-07-19 03:15:00.509] Android ADB Shared Folder on Host: C:\Users\Amin\Pictures\MEmu Photo\
D [2016-07-19 03:15:00.510] Android ADB Shared SubFolder: mybot.run\
D [2016-07-19 03:15:00.510] Android Mouse Device: Microvirt Virtual Input
D [2016-07-19 03:15:00.510] Android ADB screencap command enabled: True
D [2016-07-19 03:15:00.510] Android ADB input command enabled: False
D [2016-07-19 03:15:00.510] Android ADB Mouse Click enabled: False
D [2016-07-19 03:15:00.510] Android ADB Click Drag enabled: True
D [2016-07-19 03:15:00.511] Searching MEmu Window: Title = 'MEmu 2.', Class = '[CLASS:subWin; INSTANCE:1]', Text = ''
D [2016-07-19 03:15:00.515] MEmu Window not found
D [2016-07-19 03:15:00.516] InitAndroid(False): MEmu END, initialization successful = True
D [2016-07-19 03:15:00.516] UpdateAndroidConfig("MEmu") END
D [2016-07-19 03:15:00.517] UpdateAndroidConfig("droid4x")
D [2016-07-19 03:15:00.517] InitAndroid(False): Droid4X
L [2016-07-19 03:15:00.517] Serious error has occurred: Cannot find Droid4X:
L [2016-07-19 03:15:00.518] C:\Program Files (x86)\Droid4X\Droid4X.exe
D [2016-07-19 03:15:00.518] InitAndroid(False): Droid4X END, initialization successful = False
D [2016-07-19 03:15:00.518] UpdateAndroidConfig("droid4x") END
D [2016-07-19 03:15:00.518] UpdateAndroidConfig("nox")
D [2016-07-19 03:15:00.518] InitAndroid(False): Nox
D [2016-07-19 03:15:01.213] Android: Nox
D [2016-07-19 03:15:01.213] Android Config: 2
D [2016-07-19 03:15:01.214] Android Version: 3.1.0.0
D [2016-07-19 03:15:01.214] Android Instance: nox
D [2016-07-19 03:15:01.214] Android Window Title: No
D [2016-07-19 03:15:01.214] Android Program Path: C:\Users\Amin\AppData\Roaming\Nox\bin\Nox.exe
D [2016-07-19 03:15:01.214] Android Program Parameter: -resolution:860x732 -dpi:160 "-clone:nox"
D [2016-07-19 03:15:01.215] Android ADB Path: C:\Program Files\Microvirt\MEmu\adb.exe
D [2016-07-19 03:15:01.215] Android ADB Device: 127.0.0.1:62001
D [2016-07-19 03:15:01.215] Android ADB Shared Folder: /mnt/shared/Other/
D [2016-07-19 03:15:01.215] Android ADB Shared Folder on Host: C:\Users\Amin\Documents\Nox_share\Other\
D [2016-07-19 03:15:01.215] Android ADB Shared SubFolder: mybot.run\
D [2016-07-19 03:15:01.216] Android Mouse Device: nox Virtual Input
D [2016-07-19 03:15:01.216] Android ADB screencap command enabled: True
D [2016-07-19 03:15:01.216] Android ADB input command enabled: False
D [2016-07-19 03:15:01.216] Android ADB Mouse Click enabled: False
D [2016-07-19 03:15:01.216] Android ADB Click Drag enabled: True
D [2016-07-19 03:15:01.216] Searching Nox Window: Title = 'No', Class = '[CLASS:Qt5QWindowIcon;INSTANCE:4]', Text = ''
D [2016-07-19 03:15:01.223] Nox Window not found
D [2016-07-19 03:15:01.223] InitAndroid(False): Nox END, initialization successful = True
D [2016-07-19 03:15:01.223] UpdateAndroidConfig("nox") END
D [2016-07-19 03:15:01.223] UpdateAndroidConfig("")
D [2016-07-19 03:15:01.224] InitAndroid(False): BlueStacks2
D [2016-07-19 03:15:01.224] BlueStacks2 Engine 'Plus'-Mode: False
D [2016-07-19 03:15:01.224] BlueStacks2 OEM Features: 2754561
D [2016-07-19 03:15:01.225] BlueStacks2 System Bar is not available
D [2016-07-19 03:15:01.225] Searching BlueStacks2 Window: Title = 'BlueStacks ', Class = '[CLASS:BlueStacksApp; INSTANCE:1]', Text = '_ctl.Window'
D [2016-07-19 03:15:01.233] BlueStacks2 Window not found
D [2016-07-19 03:15:01.233] Android: BlueStacks2
D [2016-07-19 03:15:01.233] Android Config: 3
D [2016-07-19 03:15:01.233] Android Version: 2.0.2.5623
D [2016-07-19 03:15:01.234] Android Instance: 
D [2016-07-19 03:15:01.234] Android Window Title: BlueStacks 
D [2016-07-19 03:15:01.234] Android Program Path: C:\Program Files (x86)\BlueStacks\HD-Frontend.exe
D [2016-07-19 03:15:01.234] Android Program Parameter: Android
D [2016-07-19 03:15:01.234] Android ADB Path: C:\Program Files\Microvirt\MEmu\adb.exe
D [2016-07-19 03:15:01.234] Android ADB Device: emulator-5554
D [2016-07-19 03:15:01.235] Android ADB Shared Folder: /storage/sdcard/windows/BstSharedFolder/
D [2016-07-19 03:15:01.235] Android ADB Shared Folder on Host: C:\ProgramData\BlueStacks\UserData\SharedFolder\
D [2016-07-19 03:15:01.235] Android ADB Shared SubFolder: mybot.run\
D [2016-07-19 03:15:01.235] Android Mouse Device: BlueStacks Virtual Touch
D [2016-07-19 03:15:01.235] Android ADB screencap command enabled: False
D [2016-07-19 03:15:01.236] Android ADB input command enabled: False
D [2016-07-19 03:15:01.236] Android ADB Mouse Click enabled: False
D [2016-07-19 03:15:01.236] Android ADB Click Drag enabled: False
D [2016-07-19 03:15:01.236] Searching BlueStacks2 Window: Title = 'BlueStacks ', Class = '[CLASS:BlueStacksApp; INSTANCE:1]', Text = '_ctl.Window'
D [2016-07-19 03:15:01.241] BlueStacks2 Window not found
D [2016-07-19 03:15:01.241] InitAndroid(False): BlueStacks2 END, initialization successful = True
D [2016-07-19 03:15:01.243] UpdateAndroidConfig("") END
D [2016-07-19 03:15:01.243] UpdateAndroidConfig("")
D [2016-07-19 03:15:01.243] InitAndroid(False): BlueStacks
D [2016-07-19 03:15:01.244] BlueStacks Engine 'Plus'-Mode: False
D [2016-07-19 03:15:01.244] BlueStacks OEM Features: 2754561
D [2016-07-19 03:15:01.244] BlueStacks System Bar is not available
D [2016-07-19 03:15:01.244] Searching BlueStacks Window: Title = 'BlueStacks App Player', Class = '[CLASS:BlueStacksApp; INSTANCE:1]', Text = '_ctl.Window'
D [2016-07-19 03:15:01.249] BlueStacks Window not found
L [2016-07-19 03:15:01.250] BlueStacks supported version 0.8.x - 0.11.x not found
D [2016-07-19 03:15:01.250] InitAndroid(False): BlueStacks END, initialization successful = False
D [2016-07-19 03:15:01.250] UpdateAndroidConfig("") END
D [2016-07-19 03:15:01.250] UpdateAndroidConfig("MEmu")
D [2016-07-19 03:15:01.251] InitAndroid(False): MEmu
D [2016-07-19 03:15:02.196] Cannot read MEmu guestproperty phone_layout!
D [2016-07-19 03:15:02.196] Searching MEmu Window: Title = 'MEmu 2.', Class = '[CLASS:subWin; INSTANCE:1]', Text = ''
D [2016-07-19 03:15:02.202] MEmu Window not found
D [2016-07-19 03:15:02.202] Android: MEmu
D [2016-07-19 03:15:02.203] Android Config: 0
D [2016-07-19 03:15:02.203] Android Version: 2.5.0
D [2016-07-19 03:15:02.203] Android Instance: MEmu
D [2016-07-19 03:15:02.203] Android Window Title: MEmu 2.
D [2016-07-19 03:15:02.203] Android Program Path: C:\Program Files\Microvirt\MEmu\MEmu.exe
D [2016-07-19 03:15:02.203] Android Program Parameter: MEmu
D [2016-07-19 03:15:02.204] Android ADB Path: C:\Program Files\Microvirt\MEmu\adb.exe
D [2016-07-19 03:15:02.204] Android ADB Device: 127.0.0.1:21503
D [2016-07-19 03:15:02.204] Android ADB Shared Folder: /mnt/shell/emulated/0/Pictures/
D [2016-07-19 03:15:02.204] Android ADB Shared Folder on Host: C:\Users\Amin\Pictures\MEmu Photo\
D [2016-07-19 03:15:02.205] Android ADB Shared SubFolder: mybot.run\
D [2016-07-19 03:15:02.205] Android Mouse Device: Microvirt Virtual Input
D [2016-07-19 03:15:02.205] Android ADB screencap command enabled: True
D [2016-07-19 03:15:02.205] Android ADB input command enabled: False
D [2016-07-19 03:15:02.205] Android ADB Mouse Click enabled: False
D [2016-07-19 03:15:02.205] Android ADB Click Drag enabled: True
D [2016-07-19 03:15:02.206] Searching MEmu Window: Title = 'MEmu 2.', Class = '[CLASS:subWin; INSTANCE:1]', Text = ''
D [2016-07-19 03:15:02.211] MEmu Window not found
D [2016-07-19 03:15:02.212] InitAndroid(False): MEmu END, initialization successful = True
D [2016-07-19 03:15:02.212] UpdateAndroidConfig("MEmu") END
D [2016-07-19 03:15:02.841] Read Building Config C:\Users\Amin\Desktop\MyBot.Run\MOD AIO\MyBot-AIO-2.1.4\Profiles\MyVillage\building.ini
D [2016-07-19 03:15:02.852] Read Config C:\Users\Amin\Desktop\MyBot.Run\MOD AIO\MyBot-AIO-2.1.4\Profiles\MyVillage\config.ini
D [2016-07-19 03:15:02.907] Apply Config
D [2016-07-19 03:15:03.041] UpdateAndroidConfig("MEmu_1")
D [2016-07-19 03:15:03.042] InitAndroid(False): MEmu
D [2016-07-19 03:15:03.978] Cannot read MEmu guestproperty phone_layout!
D [2016-07-19 03:15:03.978] Searching MEmu Window: Title = 'MEmu 2.', Class = '[CLASS:subWin; INSTANCE:1]', Text = ''
D [2016-07-19 03:15:03.985] MEmu Window not found
D [2016-07-19 03:15:03.985] Android: MEmu
D [2016-07-19 03:15:03.986] Android Config: 0
D [2016-07-19 03:15:03.986] Android Version: 2.5.0
D [2016-07-19 03:15:03.986] Android Instance: MEmu_1
D [2016-07-19 03:15:03.986] Android Window Title: MEmu 2.
D [2016-07-19 03:15:03.986] Android Program Path: C:\Program Files\Microvirt\MEmu\MEmu.exe
D [2016-07-19 03:15:03.987] Android Program Parameter: MEmu_1
D [2016-07-19 03:15:03.987] Android ADB Path: C:\Program Files\Microvirt\MEmu\adb.exe
D [2016-07-19 03:15:03.987] Android ADB Device: 127.0.0.1:21513
D [2016-07-19 03:15:03.987] Android ADB Shared Folder: /mnt/shell/emulated/0/Pictures/
D [2016-07-19 03:15:03.988] Android ADB Shared Folder on Host: C:\Users\Amin\Pictures\MEmu Photo\
D [2016-07-19 03:15:03.988] Android ADB Shared SubFolder: mybot.run\
D [2016-07-19 03:15:03.988] Android Mouse Device: Microvirt Virtual Input
D [2016-07-19 03:15:03.988] Android ADB screencap command enabled: True
D [2016-07-19 03:15:03.988] Android ADB input command enabled: False
D [2016-07-19 03:15:03.989] Android ADB Mouse Click enabled: False
D [2016-07-19 03:15:03.989] Android ADB Click Drag enabled: True
D [2016-07-19 03:15:03.989] Searching MEmu Window: Title = 'MEmu 2.', Class = '[CLASS:subWin; INSTANCE:1]', Text = ''
D [2016-07-19 03:15:03.996] MEmu Window not found
D [2016-07-19 03:15:03.996] InitAndroid(False): MEmu END, initialization successful = True
D [2016-07-19 03:15:03.996] UpdateAndroidConfig("MEmu_1") END
D [2016-07-19 03:15:04.025] Redraw MyBot Window
L [2016-07-19 03:15:04.775] Found installed MEmu 2.5.0
L [2016-07-19 03:15:04.779] Android Emulator Configuration: MEmu (instance MEmu_1)
L [2016-07-19 03:15:07.535] WELCOME CHIEF, YOU HAVE THE LATEST VERSION OF THE BOT
L [2016-07-19 03:15:07.538]  
L [2016-07-19 03:15:07.540] Fully working with May update
L [2016-07-19 03:15:07.542] New GUI and lots of new features
L [2016-07-19 03:15:07.546] For more information, go to 
L [2016-07-19 03:15:07.549] https://mybot.run
L [2016-07-19 03:15:07.551] 
L [2016-07-19 03:15:07.554]  Always free and open source.
D [2016-07-19 03:15:10.642] MyBot.run launch time 18912 ms.
L [2016-07-19 03:15:50.689] Closing Merged My Bot v6.1.4 All In One v2.1.4 (MEmu_1) ...
D [2016-07-19 03:15:50.696] Save Config C:\Users\Amin\Desktop\MyBot.Run\MOD AIO\MyBot-AIO-2.1.4\Profiles\MyVillage\config.ini
D [2016-07-19 03:15:51.129] Save Building Config C:\Users\Amin\Desktop\MyBot.Run\MOD AIO\MyBot-AIO-2.1.4\Profiles\MyVillage\building.ini
