D [2016-07-19 03:59:45.509] @AutoItExe: C:\Program Files (x86)\AutoIt3\AutoIt3.exe
D [2016-07-19 03:59:45.509] @ScriptFullPath: C:\Users\Amin\Desktop\MyBot.Run\MOD AIO\MyBot-AIO-2.1.4\MyBot.run.au3
D [2016-07-19 03:59:45.509] @WorkingDir: C:\Users\Amin\Desktop\MyBot.Run\MOD AIO\MyBot-AIO-2.1.4
D [2016-07-19 03:59:45.510] @AutoItPID: 9192
D [2016-07-19 03:59:45.540] DetectRunningAndroid()
D [2016-07-19 03:59:45.540] UpdateAndroidConfig("MEmu")
D [2016-07-19 03:59:45.540] InitAndroid(False): MEmu
D [2016-07-19 03:59:46.559] Cannot read MEmu guestproperty phone_layout!
D [2016-07-19 03:59:46.559] Searching MEmu Window: Title = 'MEmu 2.', Class = '[CLASS:subWin; INSTANCE:1]', Text = ''
D [2016-07-19 03:59:46.566] MEmu Window not found
D [2016-07-19 03:59:46.566] Android: MEmu
D [2016-07-19 03:59:46.566] Android Config: 0
D [2016-07-19 03:59:46.566] Android Version: 2.5.0
D [2016-07-19 03:59:46.567] Android Instance: MEmu
D [2016-07-19 03:59:46.567] Android Window Title: MEmu 2.
D [2016-07-19 03:59:46.567] Android Program Path: C:\Program Files\Microvirt\MEmu\MEmu.exe
D [2016-07-19 03:59:46.567] Android Program Parameter: MEmu
D [2016-07-19 03:59:46.567] Android ADB Path: C:\Program Files\Microvirt\MEmu\adb.exe
D [2016-07-19 03:59:46.567] Android ADB Device: 127.0.0.1:21503
D [2016-07-19 03:59:46.568] Android ADB Shared Folder: /mnt/shell/emulated/0/Pictures/
D [2016-07-19 03:59:46.568] Android ADB Shared Folder on Host: C:\Users\Amin\Pictures\MEmu Photo\
D [2016-07-19 03:59:46.568] Android ADB Shared SubFolder: mybot.run\
D [2016-07-19 03:59:46.568] Android Mouse Device: Microvirt Virtual Input
D [2016-07-19 03:59:46.568] Android ADB screencap command enabled: True
D [2016-07-19 03:59:46.569] Android ADB input command enabled: False
D [2016-07-19 03:59:46.569] Android ADB Mouse Click enabled: False
D [2016-07-19 03:59:46.569] Android ADB Click Drag enabled: True
D [2016-07-19 03:59:46.569] Searching MEmu Window: Title = 'MEmu 2.', Class = '[CLASS:subWin; INSTANCE:1]', Text = ''
D [2016-07-19 03:59:46.573] MEmu Window not found
D [2016-07-19 03:59:46.574] InitAndroid(False): MEmu END, initialization successful = True
D [2016-07-19 03:59:46.574] UpdateAndroidConfig("MEmu") END
D [2016-07-19 03:59:46.574] GetAndroidRunningInstance: Try to find "C:\Program Files\Microvirt\MEmu\MEmu.exe"
D [2016-07-19 03:59:46.580] ObjGet("winmgmts:\\.\root\cimv2")
D [2016-07-19 03:59:46.581] WMI Query: Select * from Win32_Process where ExecutablePath like "%C:\\Program Files\\Microvirt\\MEmu\\MEmu.exe%"
D [2016-07-19 03:59:46.623] Process by CommandLine not found: C:\Program Files\Microvirt\MEmu\MEmu.exe
D [2016-07-19 03:59:46.624] UpdateAndroidConfig("droid4x")
D [2016-07-19 03:59:46.624] InitAndroid(False): Droid4X
L [2016-07-19 03:59:46.625] Serious error has occurred: Cannot find Droid4X:
L [2016-07-19 03:59:46.625] C:\Program Files (x86)\Droid4X\Droid4X.exe
D [2016-07-19 03:59:46.625] InitAndroid(False): Droid4X END, initialization successful = False
D [2016-07-19 03:59:46.625] UpdateAndroidConfig("droid4x") END
D [2016-07-19 03:59:46.626] UpdateAndroidConfig("nox")
D [2016-07-19 03:59:46.626] InitAndroid(False): Nox
D [2016-07-19 03:59:47.306] Android: Nox
D [2016-07-19 03:59:47.306] Android Config: 2
D [2016-07-19 03:59:47.306] Android Version: 3.1.0.0
D [2016-07-19 03:59:47.306] Android Instance: nox
D [2016-07-19 03:59:47.306] Android Window Title: No
D [2016-07-19 03:59:47.307] Android Program Path: C:\Users\Amin\AppData\Roaming\Nox\bin\Nox.exe
D [2016-07-19 03:59:47.307] Android Program Parameter: -resolution:860x732 -dpi:160 "-clone:nox"
D [2016-07-19 03:59:47.307] Android ADB Path: C:\Program Files\Microvirt\MEmu\adb.exe
D [2016-07-19 03:59:47.307] Android ADB Device: 127.0.0.1:62001
D [2016-07-19 03:59:47.307] Android ADB Shared Folder: /mnt/shared/Other/
D [2016-07-19 03:59:47.308] Android ADB Shared Folder on Host: C:\Users\Amin\Documents\Nox_share\Other\
D [2016-07-19 03:59:47.308] Android ADB Shared SubFolder: mybot.run\
D [2016-07-19 03:59:47.308] Android Mouse Device: nox Virtual Input
D [2016-07-19 03:59:47.308] Android ADB screencap command enabled: True
D [2016-07-19 03:59:47.308] Android ADB input command enabled: False
D [2016-07-19 03:59:47.309] Android ADB Mouse Click enabled: False
D [2016-07-19 03:59:47.309] Android ADB Click Drag enabled: True
D [2016-07-19 03:59:47.309] Searching Nox Window: Title = 'No', Class = '[CLASS:Qt5QWindowIcon;INSTANCE:4]', Text = ''
D [2016-07-19 03:59:47.312] Nox Window not found
D [2016-07-19 03:59:47.313] InitAndroid(False): Nox END, initialization successful = True
D [2016-07-19 03:59:47.313] UpdateAndroidConfig("nox") END
D [2016-07-19 03:59:47.313] GetAndroidRunningInstance: Try to find "C:\Users\Amin\AppData\Roaming\Nox\bin\Nox.exe"
D [2016-07-19 03:59:47.315] ObjGet("winmgmts:\\.\root\cimv2")
D [2016-07-19 03:59:47.315] WMI Query: Select * from Win32_Process where ExecutablePath like "%C:\\Users\\Amin\\AppData\\Roaming\\Nox\\bin\\Nox.exe%"
D [2016-07-19 03:59:47.358] No process found by CommandLine: C:\Users\Amin\AppData\Roaming\Nox\bin\Nox.exe
D [2016-07-19 03:59:47.359] UpdateAndroidConfig("")
D [2016-07-19 03:59:47.359] InitAndroid(False): BlueStacks2
D [2016-07-19 03:59:47.359] BlueStacks2 Engine 'Plus'-Mode: False
D [2016-07-19 03:59:47.360] BlueStacks2 OEM Features: 2754561
D [2016-07-19 03:59:47.360] BlueStacks2 System Bar is not available
D [2016-07-19 03:59:47.360] Searching BlueStacks2 Window: Title = 'BlueStacks ', Class = '[CLASS:BlueStacksApp; INSTANCE:1]', Text = '_ctl.Window'
D [2016-07-19 03:59:47.364] BlueStacks2 Window not found
D [2016-07-19 03:59:47.364] Android: BlueStacks2
D [2016-07-19 03:59:47.364] Android Config: 3
D [2016-07-19 03:59:47.365] Android Version: 2.0.2.5623
D [2016-07-19 03:59:47.365] Android Instance: 
D [2016-07-19 03:59:47.365] Android Window Title: BlueStacks 
D [2016-07-19 03:59:47.365] Android Program Path: C:\Program Files (x86)\BlueStacks\HD-Frontend.exe
D [2016-07-19 03:59:47.365] Android Program Parameter: Android
D [2016-07-19 03:59:47.365] Android ADB Path: C:\Program Files\Microvirt\MEmu\adb.exe
D [2016-07-19 03:59:47.366] Android ADB Device: emulator-5554
D [2016-07-19 03:59:47.366] Android ADB Shared Folder: /storage/sdcard/windows/BstSharedFolder/
D [2016-07-19 03:59:47.366] Android ADB Shared Folder on Host: C:\ProgramData\BlueStacks\UserData\SharedFolder\
D [2016-07-19 03:59:47.366] Android ADB Shared SubFolder: mybot.run\
D [2016-07-19 03:59:47.366] Android Mouse Device: BlueStacks Virtual Touch
D [2016-07-19 03:59:47.367] Android ADB screencap command enabled: False
D [2016-07-19 03:59:47.367] Android ADB input command enabled: False
D [2016-07-19 03:59:47.367] Android ADB Mouse Click enabled: False
D [2016-07-19 03:59:47.367] Android ADB Click Drag enabled: False
D [2016-07-19 03:59:47.367] Searching BlueStacks2 Window: Title = 'BlueStacks ', Class = '[CLASS:BlueStacksApp; INSTANCE:1]', Text = '_ctl.Window'
D [2016-07-19 03:59:47.371] BlueStacks2 Window not found
D [2016-07-19 03:59:47.371] InitAndroid(False): BlueStacks2 END, initialization successful = True
D [2016-07-19 03:59:47.372] UpdateAndroidConfig("") END
D [2016-07-19 03:59:47.372] Searching BlueStacks2 Window: Title = 'BlueStacks ', Class = '[CLASS:BlueStacksApp; INSTANCE:1]', Text = '_ctl.Window'
D [2016-07-19 03:59:47.376] BlueStacks2 Window not found
D [2016-07-19 03:59:47.379] UpdateAndroidConfig("")
D [2016-07-19 03:59:47.379] InitAndroid(False): BlueStacks
D [2016-07-19 03:59:47.380] BlueStacks Engine 'Plus'-Mode: False
D [2016-07-19 03:59:47.380] BlueStacks OEM Features: 2754561
D [2016-07-19 03:59:47.380] BlueStacks System Bar is not available
D [2016-07-19 03:59:47.380] Searching BlueStacks Window: Title = 'BlueStacks App Player', Class = '[CLASS:BlueStacksApp; INSTANCE:1]', Text = '_ctl.Window'
D [2016-07-19 03:59:47.384] BlueStacks Window not found
L [2016-07-19 03:59:47.384] BlueStacks supported version 0.8.x - 0.11.x not found
D [2016-07-19 03:59:47.384] InitAndroid(False): BlueStacks END, initialization successful = False
D [2016-07-19 03:59:47.385] UpdateAndroidConfig("") END
D [2016-07-19 03:59:47.385] UpdateAndroidConfig("MEmu")
D [2016-07-19 03:59:47.385] InitAndroid(False): MEmu
D [2016-07-19 03:59:48.323] Cannot read MEmu guestproperty phone_layout!
D [2016-07-19 03:59:48.323] Searching MEmu Window: Title = 'MEmu 2.', Class = '[CLASS:subWin; INSTANCE:1]', Text = ''
D [2016-07-19 03:59:48.326] MEmu Window not found
D [2016-07-19 03:59:48.326] Android: MEmu
D [2016-07-19 03:59:48.327] Android Config: 0
D [2016-07-19 03:59:48.328] Android Version: 2.5.0
D [2016-07-19 03:59:48.328] Android Instance: MEmu
D [2016-07-19 03:59:48.328] Android Window Title: MEmu 2.
D [2016-07-19 03:59:48.328] Android Program Path: C:\Program Files\Microvirt\MEmu\MEmu.exe
D [2016-07-19 03:59:48.328] Android Program Parameter: MEmu
D [2016-07-19 03:59:48.328] Android ADB Path: C:\Program Files\Microvirt\MEmu\adb.exe
D [2016-07-19 03:59:48.329] Android ADB Device: 127.0.0.1:21503
D [2016-07-19 03:59:48.329] Android ADB Shared Folder: /mnt/shell/emulated/0/Pictures/
D [2016-07-19 03:59:48.329] Android ADB Shared Folder on Host: C:\Users\Amin\Pictures\MEmu Photo\
D [2016-07-19 03:59:48.329] Android ADB Shared SubFolder: mybot.run\
D [2016-07-19 03:59:48.329] Android Mouse Device: Microvirt Virtual Input
D [2016-07-19 03:59:48.330] Android ADB screencap command enabled: True
D [2016-07-19 03:59:48.330] Android ADB input command enabled: False
D [2016-07-19 03:59:48.330] Android ADB Mouse Click enabled: False
D [2016-07-19 03:59:48.330] Android ADB Click Drag enabled: True
D [2016-07-19 03:59:48.330] Searching MEmu Window: Title = 'MEmu 2.', Class = '[CLASS:subWin; INSTANCE:1]', Text = ''
D [2016-07-19 03:59:48.334] MEmu Window not found
D [2016-07-19 03:59:48.334] InitAndroid(False): MEmu END, initialization successful = True
D [2016-07-19 03:59:48.334] UpdateAndroidConfig("MEmu") END
D [2016-07-19 03:59:48.334] Found no running Android Emulator
D [2016-07-19 03:59:48.334] DetectInstalledAndroid()
D [2016-07-19 03:59:48.335] UpdateAndroidConfig("MEmu")
D [2016-07-19 03:59:48.335] InitAndroid(False): MEmu
D [2016-07-19 03:59:49.273] Cannot read MEmu guestproperty phone_layout!
D [2016-07-19 03:59:49.274] Searching MEmu Window: Title = 'MEmu 2.', Class = '[CLASS:subWin; INSTANCE:1]', Text = ''
D [2016-07-19 03:59:49.277] MEmu Window not found
D [2016-07-19 03:59:49.277] Android: MEmu
D [2016-07-19 03:59:49.277] Android Config: 0
D [2016-07-19 03:59:49.278] Android Version: 2.5.0
D [2016-07-19 03:59:49.278] Android Instance: MEmu
D [2016-07-19 03:59:49.278] Android Window Title: MEmu 2.
D [2016-07-19 03:59:49.278] Android Program Path: C:\Program Files\Microvirt\MEmu\MEmu.exe
D [2016-07-19 03:59:49.278] Android Program Parameter: MEmu
D [2016-07-19 03:59:49.279] Android ADB Path: C:\Program Files\Microvirt\MEmu\adb.exe
D [2016-07-19 03:59:49.279] Android ADB Device: 127.0.0.1:21503
D [2016-07-19 03:59:49.279] Android ADB Shared Folder: /mnt/shell/emulated/0/Pictures/
D [2016-07-19 03:59:49.279] Android ADB Shared Folder on Host: C:\Users\Amin\Pictures\MEmu Photo\
D [2016-07-19 03:59:49.279] Android ADB Shared SubFolder: mybot.run\
D [2016-07-19 03:59:49.280] Android Mouse Device: Microvirt Virtual Input
D [2016-07-19 03:59:49.280] Android ADB screencap command enabled: True
D [2016-07-19 03:59:49.280] Android ADB input command enabled: False
D [2016-07-19 03:59:49.280] Android ADB Mouse Click enabled: False
D [2016-07-19 03:59:49.280] Android ADB Click Drag enabled: True
D [2016-07-19 03:59:49.280] Searching MEmu Window: Title = 'MEmu 2.', Class = '[CLASS:subWin; INSTANCE:1]', Text = ''
D [2016-07-19 03:59:49.284] MEmu Window not found
D [2016-07-19 03:59:49.284] InitAndroid(False): MEmu END, initialization successful = True
D [2016-07-19 03:59:49.284] UpdateAndroidConfig("MEmu") END
D [2016-07-19 03:59:49.284] Found installed MEmu 2.5.0
D [2016-07-19 03:59:49.285] My Bot is the only running instance
D [2016-07-19 03:59:53.630] UpdateAndroidConfig("MEmu")
D [2016-07-19 03:59:53.630] InitAndroid(False): MEmu
D [2016-07-19 03:59:54.571] Cannot read MEmu guestproperty phone_layout!
D [2016-07-19 03:59:54.571] Searching MEmu Window: Title = 'MEmu 2.', Class = '[CLASS:subWin; INSTANCE:1]', Text = ''
D [2016-07-19 03:59:54.577] MEmu Window not found
D [2016-07-19 03:59:54.578] Android: MEmu
D [2016-07-19 03:59:54.578] Android Config: 0
D [2016-07-19 03:59:54.578] Android Version: 2.5.0
D [2016-07-19 03:59:54.578] Android Instance: MEmu
D [2016-07-19 03:59:54.578] Android Window Title: MEmu 2.
D [2016-07-19 03:59:54.579] Android Program Path: C:\Program Files\Microvirt\MEmu\MEmu.exe
D [2016-07-19 03:59:54.579] Android Program Parameter: MEmu
D [2016-07-19 03:59:54.579] Android ADB Path: C:\Program Files\Microvirt\MEmu\adb.exe
D [2016-07-19 03:59:54.579] Android ADB Device: 127.0.0.1:21503
D [2016-07-19 03:59:54.579] Android ADB Shared Folder: /mnt/shell/emulated/0/Pictures/
D [2016-07-19 03:59:54.580] Android ADB Shared Folder on Host: C:\Users\Amin\Pictures\MEmu Photo\
D [2016-07-19 03:59:54.580] Android ADB Shared SubFolder: mybot.run\
D [2016-07-19 03:59:54.580] Android Mouse Device: Microvirt Virtual Input
D [2016-07-19 03:59:54.580] Android ADB screencap command enabled: True
D [2016-07-19 03:59:54.580] Android ADB input command enabled: False
D [2016-07-19 03:59:54.581] Android ADB Mouse Click enabled: False
D [2016-07-19 03:59:54.581] Android ADB Click Drag enabled: True
D [2016-07-19 03:59:54.581] Searching MEmu Window: Title = 'MEmu 2.', Class = '[CLASS:subWin; INSTANCE:1]', Text = ''
D [2016-07-19 03:59:54.586] MEmu Window not found
D [2016-07-19 03:59:54.586] InitAndroid(False): MEmu END, initialization successful = True
D [2016-07-19 03:59:54.586] UpdateAndroidConfig("MEmu") END
D [2016-07-19 03:59:54.586] UpdateAndroidConfig("droid4x")
D [2016-07-19 03:59:54.587] InitAndroid(False): Droid4X
L [2016-07-19 03:59:54.587] Serious error has occurred: Cannot find Droid4X:
L [2016-07-19 03:59:54.587] C:\Program Files (x86)\Droid4X\Droid4X.exe
D [2016-07-19 03:59:54.588] InitAndroid(False): Droid4X END, initialization successful = False
D [2016-07-19 03:59:54.588] UpdateAndroidConfig("droid4x") END
D [2016-07-19 03:59:54.588] UpdateAndroidConfig("nox")
D [2016-07-19 03:59:54.588] InitAndroid(False): Nox
D [2016-07-19 03:59:55.283] Android: Nox
D [2016-07-19 03:59:55.283] Android Config: 2
D [2016-07-19 03:59:55.284] Android Version: 3.1.0.0
D [2016-07-19 03:59:55.284] Android Instance: nox
D [2016-07-19 03:59:55.284] Android Window Title: No
D [2016-07-19 03:59:55.284] Android Program Path: C:\Users\Amin\AppData\Roaming\Nox\bin\Nox.exe
D [2016-07-19 03:59:55.284] Android Program Parameter: -resolution:860x732 -dpi:160 "-clone:nox"
D [2016-07-19 03:59:55.284] Android ADB Path: C:\Program Files\Microvirt\MEmu\adb.exe
D [2016-07-19 03:59:55.285] Android ADB Device: 127.0.0.1:62001
D [2016-07-19 03:59:55.285] Android ADB Shared Folder: /mnt/shared/Other/
D [2016-07-19 03:59:55.285] Android ADB Shared Folder on Host: C:\Users\Amin\Documents\Nox_share\Other\
D [2016-07-19 03:59:55.285] Android ADB Shared SubFolder: mybot.run\
D [2016-07-19 03:59:55.285] Android Mouse Device: nox Virtual Input
D [2016-07-19 03:59:55.286] Android ADB screencap command enabled: True
D [2016-07-19 03:59:55.286] Android ADB input command enabled: False
D [2016-07-19 03:59:55.286] Android ADB Mouse Click enabled: False
D [2016-07-19 03:59:55.286] Android ADB Click Drag enabled: True
D [2016-07-19 03:59:55.286] Searching Nox Window: Title = 'No', Class = '[CLASS:Qt5QWindowIcon;INSTANCE:4]', Text = ''
D [2016-07-19 03:59:55.293] Nox Window not found
D [2016-07-19 03:59:55.293] InitAndroid(False): Nox END, initialization successful = True
D [2016-07-19 03:59:55.293] UpdateAndroidConfig("nox") END
D [2016-07-19 03:59:55.293] UpdateAndroidConfig("")
D [2016-07-19 03:59:55.294] InitAndroid(False): BlueStacks2
D [2016-07-19 03:59:55.294] BlueStacks2 Engine 'Plus'-Mode: False
D [2016-07-19 03:59:55.294] BlueStacks2 OEM Features: 2754561
D [2016-07-19 03:59:55.295] BlueStacks2 System Bar is not available
D [2016-07-19 03:59:55.295] Searching BlueStacks2 Window: Title = 'BlueStacks ', Class = '[CLASS:BlueStacksApp; INSTANCE:1]', Text = '_ctl.Window'
D [2016-07-19 03:59:55.300] BlueStacks2 Window not found
D [2016-07-19 03:59:55.300] Android: BlueStacks2
D [2016-07-19 03:59:55.300] Android Config: 3
D [2016-07-19 03:59:55.300] Android Version: 2.0.2.5623
D [2016-07-19 03:59:55.300] Android Instance: 
D [2016-07-19 03:59:55.301] Android Window Title: BlueStacks 
D [2016-07-19 03:59:55.301] Android Program Path: C:\Program Files (x86)\BlueStacks\HD-Frontend.exe
D [2016-07-19 03:59:55.301] Android Program Parameter: Android
D [2016-07-19 03:59:55.301] Android ADB Path: C:\Program Files\Microvirt\MEmu\adb.exe
D [2016-07-19 03:59:55.301] Android ADB Device: emulator-5554
D [2016-07-19 03:59:55.301] Android ADB Shared Folder: /storage/sdcard/windows/BstSharedFolder/
D [2016-07-19 03:59:55.302] Android ADB Shared Folder on Host: C:\ProgramData\BlueStacks\UserData\SharedFolder\
D [2016-07-19 03:59:55.302] Android ADB Shared SubFolder: mybot.run\
D [2016-07-19 03:59:55.302] Android Mouse Device: BlueStacks Virtual Touch
D [2016-07-19 03:59:55.302] Android ADB screencap command enabled: False
D [2016-07-19 03:59:55.302] Android ADB input command enabled: False
D [2016-07-19 03:59:55.303] Android ADB Mouse Click enabled: False
D [2016-07-19 03:59:55.303] Android ADB Click Drag enabled: False
D [2016-07-19 03:59:55.303] Searching BlueStacks2 Window: Title = 'BlueStacks ', Class = '[CLASS:BlueStacksApp; INSTANCE:1]', Text = '_ctl.Window'
D [2016-07-19 03:59:55.308] BlueStacks2 Window not found
D [2016-07-19 03:59:55.308] InitAndroid(False): BlueStacks2 END, initialization successful = True
D [2016-07-19 03:59:55.308] UpdateAndroidConfig("") END
D [2016-07-19 03:59:55.308] UpdateAndroidConfig("")
D [2016-07-19 03:59:55.309] InitAndroid(False): BlueStacks
D [2016-07-19 03:59:55.309] BlueStacks Engine 'Plus'-Mode: False
D [2016-07-19 03:59:55.309] BlueStacks OEM Features: 2754561
D [2016-07-19 03:59:55.310] BlueStacks System Bar is not available
D [2016-07-19 03:59:55.310] Searching BlueStacks Window: Title = 'BlueStacks App Player', Class = '[CLASS:BlueStacksApp; INSTANCE:1]', Text = '_ctl.Window'
D [2016-07-19 03:59:55.315] BlueStacks Window not found
L [2016-07-19 03:59:55.315] BlueStacks supported version 0.8.x - 0.11.x not found
D [2016-07-19 03:59:55.316] InitAndroid(False): BlueStacks END, initialization successful = False
D [2016-07-19 03:59:55.316] UpdateAndroidConfig("") END
D [2016-07-19 03:59:55.316] UpdateAndroidConfig("MEmu")
D [2016-07-19 03:59:55.316] InitAndroid(False): MEmu
D [2016-07-19 03:59:56.257] Cannot read MEmu guestproperty phone_layout!
D [2016-07-19 03:59:56.257] Searching MEmu Window: Title = 'MEmu 2.', Class = '[CLASS:subWin; INSTANCE:1]', Text = ''
D [2016-07-19 03:59:56.262] MEmu Window not found
D [2016-07-19 03:59:56.262] Android: MEmu
D [2016-07-19 03:59:56.262] Android Config: 0
D [2016-07-19 03:59:56.263] Android Version: 2.5.0
D [2016-07-19 03:59:56.263] Android Instance: MEmu
D [2016-07-19 03:59:56.263] Android Window Title: MEmu 2.
D [2016-07-19 03:59:56.263] Android Program Path: C:\Program Files\Microvirt\MEmu\MEmu.exe
D [2016-07-19 03:59:56.263] Android Program Parameter: MEmu
D [2016-07-19 03:59:56.264] Android ADB Path: C:\Program Files\Microvirt\MEmu\adb.exe
D [2016-07-19 03:59:56.264] Android ADB Device: 127.0.0.1:21503
D [2016-07-19 03:59:56.264] Android ADB Shared Folder: /mnt/shell/emulated/0/Pictures/
D [2016-07-19 03:59:56.264] Android ADB Shared Folder on Host: C:\Users\Amin\Pictures\MEmu Photo\
D [2016-07-19 03:59:56.264] Android ADB Shared SubFolder: mybot.run\
D [2016-07-19 03:59:56.265] Android Mouse Device: Microvirt Virtual Input
D [2016-07-19 03:59:56.265] Android ADB screencap command enabled: True
D [2016-07-19 03:59:56.265] Android ADB input command enabled: False
D [2016-07-19 03:59:56.265] Android ADB Mouse Click enabled: False
D [2016-07-19 03:59:56.265] Android ADB Click Drag enabled: True
D [2016-07-19 03:59:56.265] Searching MEmu Window: Title = 'MEmu 2.', Class = '[CLASS:subWin; INSTANCE:1]', Text = ''
D [2016-07-19 03:59:56.273] MEmu Window not found
D [2016-07-19 03:59:56.274] InitAndroid(False): MEmu END, initialization successful = True
D [2016-07-19 03:59:56.274] UpdateAndroidConfig("MEmu") END
D [2016-07-19 03:59:56.923] Read Building Config C:\Users\Amin\Desktop\MyBot.Run\MOD AIO\MyBot-AIO-2.1.4\Profiles\MyVillage\building.ini
D [2016-07-19 03:59:56.934] Read Config C:\Users\Amin\Desktop\MyBot.Run\MOD AIO\MyBot-AIO-2.1.4\Profiles\MyVillage\config.ini
D [2016-07-19 03:59:56.988] Apply Config
D [2016-07-19 03:59:57.119] UpdateAndroidConfig("MEmu_1")
D [2016-07-19 03:59:57.119] InitAndroid(False): MEmu
D [2016-07-19 03:59:58.058] Cannot read MEmu guestproperty phone_layout!
D [2016-07-19 03:59:58.058] Searching MEmu Window: Title = 'MEmu 2.', Class = '[CLASS:subWin; INSTANCE:1]', Text = ''
D [2016-07-19 03:59:58.064] MEmu Window not found
D [2016-07-19 03:59:58.064] Android: MEmu
D [2016-07-19 03:59:58.064] Android Config: 0
D [2016-07-19 03:59:58.064] Android Version: 2.5.0
D [2016-07-19 03:59:58.064] Android Instance: MEmu_1
D [2016-07-19 03:59:58.065] Android Window Title: MEmu 2.
D [2016-07-19 03:59:58.065] Android Program Path: C:\Program Files\Microvirt\MEmu\MEmu.exe
D [2016-07-19 03:59:58.065] Android Program Parameter: MEmu_1
D [2016-07-19 03:59:58.065] Android ADB Path: C:\Program Files\Microvirt\MEmu\adb.exe
D [2016-07-19 03:59:58.065] Android ADB Device: 127.0.0.1:21513
D [2016-07-19 03:59:58.066] Android ADB Shared Folder: /mnt/shell/emulated/0/Pictures/
D [2016-07-19 03:59:58.066] Android ADB Shared Folder on Host: C:\Users\Amin\Pictures\MEmu Photo\
D [2016-07-19 03:59:58.066] Android ADB Shared SubFolder: mybot.run\
D [2016-07-19 03:59:58.066] Android Mouse Device: Microvirt Virtual Input
D [2016-07-19 03:59:58.067] Android ADB screencap command enabled: True
D [2016-07-19 03:59:58.067] Android ADB input command enabled: False
D [2016-07-19 03:59:58.067] Android ADB Mouse Click enabled: False
D [2016-07-19 03:59:58.067] Android ADB Click Drag enabled: True
D [2016-07-19 03:59:58.068] Searching MEmu Window: Title = 'MEmu 2.', Class = '[CLASS:subWin; INSTANCE:1]', Text = ''
D [2016-07-19 03:59:58.076] MEmu Window not found
D [2016-07-19 03:59:58.076] InitAndroid(False): MEmu END, initialization successful = True
D [2016-07-19 03:59:58.076] UpdateAndroidConfig("MEmu_1") END
D [2016-07-19 03:59:58.102] Redraw MyBot Window
L [2016-07-19 03:59:58.859] Found installed MEmu 2.5.0
L [2016-07-19 03:59:58.864] Android Emulator Configuration: MEmu (instance MEmu_1)
L [2016-07-19 04:00:02.121] WELCOME CHIEF, YOU HAVE THE LATEST VERSION OF THE BOT
L [2016-07-19 04:00:02.126]  
L [2016-07-19 04:00:02.128] Fully working with May update
L [2016-07-19 04:00:02.131] New GUI and lots of new features
L [2016-07-19 04:00:02.133] For more information, go to 
L [2016-07-19 04:00:02.136] https://mybot.run
L [2016-07-19 04:00:02.140] 
L [2016-07-19 04:00:02.142]  Always free and open source.
D [2016-07-19 04:00:03.463] MyBot.run launch time 17962 ms.
L [2016-07-19 04:01:14.041] Closing Merged My Bot v6.1.4 All In One v2.1.4 (MEmu_1) ...
D [2016-07-19 04:01:14.050] Save Config C:\Users\Amin\Desktop\MyBot.Run\MOD AIO\MyBot-AIO-2.1.4\Profiles\MyVillage\config.ini
D [2016-07-19 04:01:14.510] Save Building Config C:\Users\Amin\Desktop\MyBot.Run\MOD AIO\MyBot-AIO-2.1.4\Profiles\MyVillage\building.ini
