D [2016-07-19 03:04:29.000] @AutoItExe: C:\Program Files (x86)\AutoIt3\AutoIt3.exe
D [2016-07-19 03:04:29.001] @ScriptFullPath: C:\Users\Amin\Desktop\MyBot.Run\MOD AIO\MyBot-AIO-2.1.4\MyBot.run.au3
D [2016-07-19 03:04:29.001] @WorkingDir: C:\Users\Amin\Desktop\MyBot.Run\MOD AIO\MyBot-AIO-2.1.4
D [2016-07-19 03:04:29.001] @AutoItPID: 6056
D [2016-07-19 03:04:29.063] DetectRunningAndroid()
D [2016-07-19 03:04:29.063] UpdateAndroidConfig("MEmu")
D [2016-07-19 03:04:29.063] InitAndroid(False): MEmu
D [2016-07-19 03:04:30.051] Cannot read MEmu guestproperty phone_layout!
D [2016-07-19 03:04:30.051] Searching MEmu Window: Title = 'MEmu 2.', Class = '[CLASS:subWin; INSTANCE:1]', Text = ''
D [2016-07-19 03:04:30.053] MEmu Window not found
D [2016-07-19 03:04:30.053] Android: MEmu
D [2016-07-19 03:04:30.053] Android Config: 0
D [2016-07-19 03:04:30.053] Android Version: 2.5.0
D [2016-07-19 03:04:30.054] Android Instance: MEmu
D [2016-07-19 03:04:30.054] Android Window Title: MEmu 2.
D [2016-07-19 03:04:30.054] Android Program Path: C:\Program Files\Microvirt\MEmu\MEmu.exe
D [2016-07-19 03:04:30.054] Android Program Parameter: MEmu
D [2016-07-19 03:04:30.054] Android ADB Path: C:\Program Files\Microvirt\MEmu\adb.exe
D [2016-07-19 03:04:30.055] Android ADB Device: 127.0.0.1:21503
D [2016-07-19 03:04:30.055] Android ADB Shared Folder: /mnt/shell/emulated/0/Pictures/
D [2016-07-19 03:04:30.055] Android ADB Shared Folder on Host: C:\Users\Amin\Pictures\MEmu Photo\
D [2016-07-19 03:04:30.055] Android ADB Shared SubFolder: mybot.run\
D [2016-07-19 03:04:30.055] Android Mouse Device: Microvirt Virtual Input
D [2016-07-19 03:04:30.056] Android ADB screencap command enabled: True
D [2016-07-19 03:04:30.056] Android ADB input command enabled: False
D [2016-07-19 03:04:30.056] Android ADB Mouse Click enabled: False
D [2016-07-19 03:04:30.056] Android ADB Click Drag enabled: True
D [2016-07-19 03:04:30.056] Searching MEmu Window: Title = 'MEmu 2.', Class = '[CLASS:subWin; INSTANCE:1]', Text = ''
D [2016-07-19 03:04:30.057] MEmu Window not found
D [2016-07-19 03:04:30.058] InitAndroid(False): MEmu END, initialization successful = True
D [2016-07-19 03:04:30.058] UpdateAndroidConfig("MEmu") END
D [2016-07-19 03:04:30.058] GetAndroidRunningInstance: Try to find "C:\Program Files\Microvirt\MEmu\MEmu.exe"
D [2016-07-19 03:04:30.065] ObjGet("winmgmts:\\.\root\cimv2")
D [2016-07-19 03:04:30.065] WMI Query: Select * from Win32_Process where ExecutablePath like "%C:\\Program Files\\Microvirt\\MEmu\\MEmu.exe%"
D [2016-07-19 03:04:30.108] Process by CommandLine not found: C:\Program Files\Microvirt\MEmu\MEmu.exe
D [2016-07-19 03:04:30.108] UpdateAndroidConfig("droid4x")
D [2016-07-19 03:04:30.109] InitAndroid(False): Droid4X
L [2016-07-19 03:04:30.109] Serious error has occurred: Cannot find Droid4X:
L [2016-07-19 03:04:30.110] C:\Program Files (x86)\Droid4X\Droid4X.exe
D [2016-07-19 03:04:30.110] InitAndroid(False): Droid4X END, initialization successful = False
D [2016-07-19 03:04:30.110] UpdateAndroidConfig("droid4x") END
D [2016-07-19 03:04:30.110] UpdateAndroidConfig("nox")
D [2016-07-19 03:04:30.111] InitAndroid(False): Nox
D [2016-07-19 03:04:30.782] Android: Nox
D [2016-07-19 03:04:30.783] Android Config: 2
D [2016-07-19 03:04:30.783] Android Version: 3.1.0.0
D [2016-07-19 03:04:30.783] Android Instance: nox
D [2016-07-19 03:04:30.783] Android Window Title: No
D [2016-07-19 03:04:30.783] Android Program Path: C:\Users\Amin\AppData\Roaming\Nox\bin\Nox.exe
D [2016-07-19 03:04:30.783] Android Program Parameter: -resolution:860x732 -dpi:160 "-clone:nox"
D [2016-07-19 03:04:30.784] Android ADB Path: C:\Program Files\Microvirt\MEmu\adb.exe
D [2016-07-19 03:04:30.784] Android ADB Device: 127.0.0.1:62001
D [2016-07-19 03:04:30.784] Android ADB Shared Folder: /mnt/shared/Other/
D [2016-07-19 03:04:30.784] Android ADB Shared Folder on Host: C:\Users\Amin\Documents\Nox_share\Other\
D [2016-07-19 03:04:30.785] Android ADB Shared SubFolder: mybot.run\
D [2016-07-19 03:04:30.785] Android Mouse Device: nox Virtual Input
D [2016-07-19 03:04:30.785] Android ADB screencap command enabled: True
D [2016-07-19 03:04:30.785] Android ADB input command enabled: False
D [2016-07-19 03:04:30.785] Android ADB Mouse Click enabled: False
D [2016-07-19 03:04:30.785] Android ADB Click Drag enabled: True
D [2016-07-19 03:04:30.786] Searching Nox Window: Title = 'No', Class = '[CLASS:Qt5QWindowIcon;INSTANCE:4]', Text = ''
D [2016-07-19 03:04:30.787] Nox Window not found
D [2016-07-19 03:04:30.787] InitAndroid(False): Nox END, initialization successful = True
D [2016-07-19 03:04:30.787] UpdateAndroidConfig("nox") END
D [2016-07-19 03:04:30.787] GetAndroidRunningInstance: Try to find "C:\Users\Amin\AppData\Roaming\Nox\bin\Nox.exe"
D [2016-07-19 03:04:30.789] ObjGet("winmgmts:\\.\root\cimv2")
D [2016-07-19 03:04:30.790] WMI Query: Select * from Win32_Process where ExecutablePath like "%C:\\Users\\Amin\\AppData\\Roaming\\Nox\\bin\\Nox.exe%"
D [2016-07-19 03:04:30.831] No process found by CommandLine: C:\Users\Amin\AppData\Roaming\Nox\bin\Nox.exe
D [2016-07-19 03:04:30.832] UpdateAndroidConfig("")
D [2016-07-19 03:04:30.832] InitAndroid(False): BlueStacks2
D [2016-07-19 03:04:30.833] BlueStacks2 Engine 'Plus'-Mode: False
D [2016-07-19 03:04:30.833] BlueStacks2 OEM Features: 2754561
D [2016-07-19 03:04:30.833] BlueStacks2 System Bar is not available
D [2016-07-19 03:04:30.833] Searching BlueStacks2 Window: Title = 'BlueStacks ', Class = '[CLASS:BlueStacksApp; INSTANCE:1]', Text = '_ctl.Window'
D [2016-07-19 03:04:30.835] BlueStacks2 Window not found
D [2016-07-19 03:04:30.835] Android: BlueStacks2
D [2016-07-19 03:04:30.835] Android Config: 3
D [2016-07-19 03:04:30.835] Android Version: 2.0.2.5623
D [2016-07-19 03:04:30.835] Android Instance: 
D [2016-07-19 03:04:30.835] Android Window Title: BlueStacks 
D [2016-07-19 03:04:30.836] Android Program Path: C:\Program Files (x86)\BlueStacks\HD-Frontend.exe
D [2016-07-19 03:04:30.836] Android Program Parameter: Android
D [2016-07-19 03:04:30.836] Android ADB Path: C:\Program Files\Microvirt\MEmu\adb.exe
D [2016-07-19 03:04:30.836] Android ADB Device: emulator-5554
D [2016-07-19 03:04:30.836] Android ADB Shared Folder: /storage/sdcard/windows/BstSharedFolder/
D [2016-07-19 03:04:30.837] Android ADB Shared Folder on Host: C:\ProgramData\BlueStacks\UserData\SharedFolder\
D [2016-07-19 03:04:30.837] Android ADB Shared SubFolder: mybot.run\
D [2016-07-19 03:04:30.837] Android Mouse Device: BlueStacks Virtual Touch
D [2016-07-19 03:04:30.837] Android ADB screencap command enabled: False
D [2016-07-19 03:04:30.837] Android ADB input command enabled: False
D [2016-07-19 03:04:30.837] Android ADB Mouse Click enabled: False
D [2016-07-19 03:04:30.838] Android ADB Click Drag enabled: False
D [2016-07-19 03:04:30.838] Searching BlueStacks2 Window: Title = 'BlueStacks ', Class = '[CLASS:BlueStacksApp; INSTANCE:1]', Text = '_ctl.Window'
D [2016-07-19 03:04:30.839] BlueStacks2 Window not found
D [2016-07-19 03:04:30.839] InitAndroid(False): BlueStacks2 END, initialization successful = True
D [2016-07-19 03:04:30.839] UpdateAndroidConfig("") END
D [2016-07-19 03:04:30.839] Searching BlueStacks2 Window: Title = 'BlueStacks ', Class = '[CLASS:BlueStacksApp; INSTANCE:1]', Text = '_ctl.Window'
D [2016-07-19 03:04:30.841] BlueStacks2 Window not found
D [2016-07-19 03:04:30.842] UpdateAndroidConfig("")
D [2016-07-19 03:04:30.842] InitAndroid(False): BlueStacks
D [2016-07-19 03:04:30.842] BlueStacks Engine 'Plus'-Mode: False
D [2016-07-19 03:04:30.843] BlueStacks OEM Features: 2754561
D [2016-07-19 03:04:30.843] BlueStacks System Bar is not available
D [2016-07-19 03:04:30.843] Searching BlueStacks Window: Title = 'BlueStacks App Player', Class = '[CLASS:BlueStacksApp; INSTANCE:1]', Text = '_ctl.Window'
D [2016-07-19 03:04:30.844] BlueStacks Window not found
L [2016-07-19 03:04:30.844] BlueStacks supported version 0.8.x - 0.11.x not found
D [2016-07-19 03:04:30.845] InitAndroid(False): BlueStacks END, initialization successful = False
D [2016-07-19 03:04:30.845] UpdateAndroidConfig("") END
D [2016-07-19 03:04:30.845] UpdateAndroidConfig("MEmu")
D [2016-07-19 03:04:30.845] InitAndroid(False): MEmu
D [2016-07-19 03:04:31.753] Cannot read MEmu guestproperty phone_layout!
D [2016-07-19 03:04:31.753] Searching MEmu Window: Title = 'MEmu 2.', Class = '[CLASS:subWin; INSTANCE:1]', Text = ''
D [2016-07-19 03:04:31.755] MEmu Window not found
D [2016-07-19 03:04:31.755] Android: MEmu
D [2016-07-19 03:04:31.755] Android Config: 0
D [2016-07-19 03:04:31.755] Android Version: 2.5.0
D [2016-07-19 03:04:31.755] Android Instance: MEmu
D [2016-07-19 03:04:31.755] Android Window Title: MEmu 2.
D [2016-07-19 03:04:31.756] Android Program Path: C:\Program Files\Microvirt\MEmu\MEmu.exe
D [2016-07-19 03:04:31.756] Android Program Parameter: MEmu
D [2016-07-19 03:04:31.756] Android ADB Path: C:\Program Files\Microvirt\MEmu\adb.exe
D [2016-07-19 03:04:31.756] Android ADB Device: 127.0.0.1:21503
D [2016-07-19 03:04:31.756] Android ADB Shared Folder: /mnt/shell/emulated/0/Pictures/
D [2016-07-19 03:04:31.757] Android ADB Shared Folder on Host: C:\Users\Amin\Pictures\MEmu Photo\
D [2016-07-19 03:04:31.757] Android ADB Shared SubFolder: mybot.run\
D [2016-07-19 03:04:31.757] Android Mouse Device: Microvirt Virtual Input
D [2016-07-19 03:04:31.757] Android ADB screencap command enabled: True
D [2016-07-19 03:04:31.757] Android ADB input command enabled: False
D [2016-07-19 03:04:31.758] Android ADB Mouse Click enabled: False
D [2016-07-19 03:04:31.758] Android ADB Click Drag enabled: True
D [2016-07-19 03:04:31.758] Searching MEmu Window: Title = 'MEmu 2.', Class = '[CLASS:subWin; INSTANCE:1]', Text = ''
D [2016-07-19 03:04:31.759] MEmu Window not found
D [2016-07-19 03:04:31.759] InitAndroid(False): MEmu END, initialization successful = True
D [2016-07-19 03:04:31.759] UpdateAndroidConfig("MEmu") END
D [2016-07-19 03:04:31.760] Found no running Android Emulator
D [2016-07-19 03:04:31.760] DetectInstalledAndroid()
D [2016-07-19 03:04:31.760] UpdateAndroidConfig("MEmu")
D [2016-07-19 03:04:31.760] InitAndroid(False): MEmu
D [2016-07-19 03:04:32.670] Cannot read MEmu guestproperty phone_layout!
D [2016-07-19 03:04:32.670] Searching MEmu Window: Title = 'MEmu 2.', Class = '[CLASS:subWin; INSTANCE:1]', Text = ''
D [2016-07-19 03:04:32.672] MEmu Window not found
D [2016-07-19 03:04:32.672] Android: MEmu
D [2016-07-19 03:04:32.672] Android Config: 0
D [2016-07-19 03:04:32.672] Android Version: 2.5.0
D [2016-07-19 03:04:32.672] Android Instance: MEmu
D [2016-07-19 03:04:32.672] Android Window Title: MEmu 2.
D [2016-07-19 03:04:32.673] Android Program Path: C:\Program Files\Microvirt\MEmu\MEmu.exe
D [2016-07-19 03:04:32.673] Android Program Parameter: MEmu
D [2016-07-19 03:04:32.673] Android ADB Path: C:\Program Files\Microvirt\MEmu\adb.exe
D [2016-07-19 03:04:32.673] Android ADB Device: 127.0.0.1:21503
D [2016-07-19 03:04:32.673] Android ADB Shared Folder: /mnt/shell/emulated/0/Pictures/
D [2016-07-19 03:04:32.674] Android ADB Shared Folder on Host: C:\Users\Amin\Pictures\MEmu Photo\
D [2016-07-19 03:04:32.674] Android ADB Shared SubFolder: mybot.run\
D [2016-07-19 03:04:32.674] Android Mouse Device: Microvirt Virtual Input
D [2016-07-19 03:04:32.674] Android ADB screencap command enabled: True
D [2016-07-19 03:04:32.674] Android ADB input command enabled: False
D [2016-07-19 03:04:32.675] Android ADB Mouse Click enabled: False
D [2016-07-19 03:04:32.675] Android ADB Click Drag enabled: True
D [2016-07-19 03:04:32.675] Searching MEmu Window: Title = 'MEmu 2.', Class = '[CLASS:subWin; INSTANCE:1]', Text = ''
D [2016-07-19 03:04:32.676] MEmu Window not found
D [2016-07-19 03:04:32.676] InitAndroid(False): MEmu END, initialization successful = True
D [2016-07-19 03:04:32.676] UpdateAndroidConfig("MEmu") END
D [2016-07-19 03:04:32.677] Found installed MEmu 2.5.0
D [2016-07-19 03:04:32.677] My Bot is the only running instance
D [2016-07-19 03:04:34.858] UpdateAndroidConfig("MEmu")
D [2016-07-19 03:04:34.859] InitAndroid(False): MEmu
D [2016-07-19 03:04:35.789] Cannot read MEmu guestproperty phone_layout!
D [2016-07-19 03:04:35.789] Searching MEmu Window: Title = 'MEmu 2.', Class = '[CLASS:subWin; INSTANCE:1]', Text = ''
D [2016-07-19 03:04:35.792] MEmu Window not found
D [2016-07-19 03:04:35.792] Android: MEmu
D [2016-07-19 03:04:35.792] Android Config: 0
D [2016-07-19 03:04:35.793] Android Version: 2.5.0
D [2016-07-19 03:04:35.793] Android Instance: MEmu
D [2016-07-19 03:04:35.793] Android Window Title: MEmu 2.
D [2016-07-19 03:04:35.793] Android Program Path: C:\Program Files\Microvirt\MEmu\MEmu.exe
D [2016-07-19 03:04:35.793] Android Program Parameter: MEmu
D [2016-07-19 03:04:35.793] Android ADB Path: C:\Program Files\Microvirt\MEmu\adb.exe
D [2016-07-19 03:04:35.794] Android ADB Device: 127.0.0.1:21503
D [2016-07-19 03:04:35.794] Android ADB Shared Folder: /mnt/shell/emulated/0/Pictures/
D [2016-07-19 03:04:35.794] Android ADB Shared Folder on Host: C:\Users\Amin\Pictures\MEmu Photo\
D [2016-07-19 03:04:35.794] Android ADB Shared SubFolder: mybot.run\
D [2016-07-19 03:04:35.795] Android Mouse Device: Microvirt Virtual Input
D [2016-07-19 03:04:35.795] Android ADB screencap command enabled: True
D [2016-07-19 03:04:35.795] Android ADB input command enabled: False
D [2016-07-19 03:04:35.795] Android ADB Mouse Click enabled: False
D [2016-07-19 03:04:35.795] Android ADB Click Drag enabled: True
D [2016-07-19 03:04:35.795] Searching MEmu Window: Title = 'MEmu 2.', Class = '[CLASS:subWin; INSTANCE:1]', Text = ''
D [2016-07-19 03:04:35.798] MEmu Window not found
D [2016-07-19 03:04:35.798] InitAndroid(False): MEmu END, initialization successful = True
D [2016-07-19 03:04:35.798] UpdateAndroidConfig("MEmu") END
D [2016-07-19 03:04:35.798] UpdateAndroidConfig("droid4x")
D [2016-07-19 03:04:35.799] InitAndroid(False): Droid4X
L [2016-07-19 03:04:35.799] Serious error has occurred: Cannot find Droid4X:
L [2016-07-19 03:04:35.800] C:\Program Files (x86)\Droid4X\Droid4X.exe
D [2016-07-19 03:04:35.800] InitAndroid(False): Droid4X END, initialization successful = False
D [2016-07-19 03:04:35.800] UpdateAndroidConfig("droid4x") END
D [2016-07-19 03:04:35.800] UpdateAndroidConfig("nox")
D [2016-07-19 03:04:35.800] InitAndroid(False): Nox
D [2016-07-19 03:04:36.489] Android: Nox
D [2016-07-19 03:04:36.490] Android Config: 2
D [2016-07-19 03:04:36.490] Android Version: 3.1.0.0
D [2016-07-19 03:04:36.490] Android Instance: nox
D [2016-07-19 03:04:36.490] Android Window Title: No
D [2016-07-19 03:04:36.490] Android Program Path: C:\Users\Amin\AppData\Roaming\Nox\bin\Nox.exe
D [2016-07-19 03:04:36.490] Android Program Parameter: -resolution:860x732 -dpi:160 "-clone:nox"
D [2016-07-19 03:04:36.491] Android ADB Path: C:\Program Files\Microvirt\MEmu\adb.exe
D [2016-07-19 03:04:36.491] Android ADB Device: 127.0.0.1:62001
D [2016-07-19 03:04:36.491] Android ADB Shared Folder: /mnt/shared/Other/
D [2016-07-19 03:04:36.491] Android ADB Shared Folder on Host: C:\Users\Amin\Documents\Nox_share\Other\
D [2016-07-19 03:04:36.491] Android ADB Shared SubFolder: mybot.run\
D [2016-07-19 03:04:36.492] Android Mouse Device: nox Virtual Input
D [2016-07-19 03:04:36.492] Android ADB screencap command enabled: True
D [2016-07-19 03:04:36.492] Android ADB input command enabled: False
D [2016-07-19 03:04:36.492] Android ADB Mouse Click enabled: False
D [2016-07-19 03:04:36.492] Android ADB Click Drag enabled: True
D [2016-07-19 03:04:36.493] Searching Nox Window: Title = 'No', Class = '[CLASS:Qt5QWindowIcon;INSTANCE:4]', Text = ''
D [2016-07-19 03:04:36.495] Nox Window not found
D [2016-07-19 03:04:36.496] InitAndroid(False): Nox END, initialization successful = True
D [2016-07-19 03:04:36.496] UpdateAndroidConfig("nox") END
D [2016-07-19 03:04:36.496] UpdateAndroidConfig("")
D [2016-07-19 03:04:36.496] InitAndroid(False): BlueStacks2
D [2016-07-19 03:04:36.497] BlueStacks2 Engine 'Plus'-Mode: False
D [2016-07-19 03:04:36.497] BlueStacks2 OEM Features: 2754561
D [2016-07-19 03:04:36.497] BlueStacks2 System Bar is not available
D [2016-07-19 03:04:36.497] Searching BlueStacks2 Window: Title = 'BlueStacks ', Class = '[CLASS:BlueStacksApp; INSTANCE:1]', Text = '_ctl.Window'
D [2016-07-19 03:04:36.500] BlueStacks2 Window not found
D [2016-07-19 03:04:36.500] Android: BlueStacks2
D [2016-07-19 03:04:36.500] Android Config: 3
D [2016-07-19 03:04:36.500] Android Version: 2.0.2.5623
D [2016-07-19 03:04:36.501] Android Instance: 
D [2016-07-19 03:04:36.501] Android Window Title: BlueStacks 
D [2016-07-19 03:04:36.501] Android Program Path: C:\Program Files (x86)\BlueStacks\HD-Frontend.exe
D [2016-07-19 03:04:36.502] Android Program Parameter: Android
D [2016-07-19 03:04:36.502] Android ADB Path: C:\Program Files\Microvirt\MEmu\adb.exe
D [2016-07-19 03:04:36.502] Android ADB Device: emulator-5554
D [2016-07-19 03:04:36.502] Android ADB Shared Folder: /storage/sdcard/windows/BstSharedFolder/
D [2016-07-19 03:04:36.502] Android ADB Shared Folder on Host: C:\ProgramData\BlueStacks\UserData\SharedFolder\
D [2016-07-19 03:04:36.503] Android ADB Shared SubFolder: mybot.run\
D [2016-07-19 03:04:36.503] Android Mouse Device: BlueStacks Virtual Touch
D [2016-07-19 03:04:36.503] Android ADB screencap command enabled: False
D [2016-07-19 03:04:36.503] Android ADB input command enabled: False
D [2016-07-19 03:04:36.503] Android ADB Mouse Click enabled: False
D [2016-07-19 03:04:36.504] Android ADB Click Drag enabled: False
D [2016-07-19 03:04:36.504] Searching BlueStacks2 Window: Title = 'BlueStacks ', Class = '[CLASS:BlueStacksApp; INSTANCE:1]', Text = '_ctl.Window'
D [2016-07-19 03:04:36.507] BlueStacks2 Window not found
D [2016-07-19 03:04:36.507] InitAndroid(False): BlueStacks2 END, initialization successful = True
D [2016-07-19 03:04:36.507] UpdateAndroidConfig("") END
D [2016-07-19 03:04:36.507] UpdateAndroidConfig("")
D [2016-07-19 03:04:36.507] InitAndroid(False): BlueStacks
D [2016-07-19 03:04:36.508] BlueStacks Engine 'Plus'-Mode: False
D [2016-07-19 03:04:36.508] BlueStacks OEM Features: 2754561
D [2016-07-19 03:04:36.508] BlueStacks System Bar is not available
D [2016-07-19 03:04:36.509] Searching BlueStacks Window: Title = 'BlueStacks App Player', Class = '[CLASS:BlueStacksApp; INSTANCE:1]', Text = '_ctl.Window'
D [2016-07-19 03:04:36.511] BlueStacks Window not found
L [2016-07-19 03:04:36.512] BlueStacks supported version 0.8.x - 0.11.x not found
D [2016-07-19 03:04:36.512] InitAndroid(False): BlueStacks END, initialization successful = False
D [2016-07-19 03:04:36.512] UpdateAndroidConfig("") END
D [2016-07-19 03:04:36.512] UpdateAndroidConfig("MEmu")
D [2016-07-19 03:04:36.512] InitAndroid(False): MEmu
D [2016-07-19 03:04:37.452] Cannot read MEmu guestproperty phone_layout!
D [2016-07-19 03:04:37.452] Searching MEmu Window: Title = 'MEmu 2.', Class = '[CLASS:subWin; INSTANCE:1]', Text = ''
D [2016-07-19 03:04:37.455] MEmu Window not found
D [2016-07-19 03:04:37.455] Android: MEmu
D [2016-07-19 03:04:37.456] Android Config: 0
D [2016-07-19 03:04:37.456] Android Version: 2.5.0
D [2016-07-19 03:04:37.456] Android Instance: MEmu
D [2016-07-19 03:04:37.456] Android Window Title: MEmu 2.
D [2016-07-19 03:04:37.456] Android Program Path: C:\Program Files\Microvirt\MEmu\MEmu.exe
D [2016-07-19 03:04:37.457] Android Program Parameter: MEmu
D [2016-07-19 03:04:37.457] Android ADB Path: C:\Program Files\Microvirt\MEmu\adb.exe
D [2016-07-19 03:04:37.457] Android ADB Device: 127.0.0.1:21503
D [2016-07-19 03:04:37.457] Android ADB Shared Folder: /mnt/shell/emulated/0/Pictures/
D [2016-07-19 03:04:37.457] Android ADB Shared Folder on Host: C:\Users\Amin\Pictures\MEmu Photo\
D [2016-07-19 03:04:37.458] Android ADB Shared SubFolder: mybot.run\
D [2016-07-19 03:04:37.458] Android Mouse Device: Microvirt Virtual Input
D [2016-07-19 03:04:37.458] Android ADB screencap command enabled: True
D [2016-07-19 03:04:37.458] Android ADB input command enabled: False
D [2016-07-19 03:04:37.458] Android ADB Mouse Click enabled: False
D [2016-07-19 03:04:37.458] Android ADB Click Drag enabled: True
D [2016-07-19 03:04:37.459] Searching MEmu Window: Title = 'MEmu 2.', Class = '[CLASS:subWin; INSTANCE:1]', Text = ''
D [2016-07-19 03:04:37.461] MEmu Window not found
D [2016-07-19 03:04:37.461] InitAndroid(False): MEmu END, initialization successful = True
D [2016-07-19 03:04:37.462] UpdateAndroidConfig("MEmu") END
D [2016-07-19 03:04:37.856] Read Building Config C:\Users\Amin\Desktop\MyBot.Run\MOD AIO\MyBot-AIO-2.1.4\Profiles\MyVillage\building.ini
D [2016-07-19 03:04:37.868] Read Config C:\Users\Amin\Desktop\MyBot.Run\MOD AIO\MyBot-AIO-2.1.4\Profiles\MyVillage\config.ini
D [2016-07-19 03:04:37.924] Apply Config
D [2016-07-19 03:04:38.019] UpdateAndroidConfig("MEmu_1")
D [2016-07-19 03:04:38.020] InitAndroid(False): MEmu
D [2016-07-19 03:04:38.955] Cannot read MEmu guestproperty phone_layout!
D [2016-07-19 03:04:38.956] Searching MEmu Window: Title = 'MEmu 2.', Class = '[CLASS:subWin; INSTANCE:1]', Text = ''
D [2016-07-19 03:04:38.960] MEmu Window not found
D [2016-07-19 03:04:38.960] Android: MEmu
D [2016-07-19 03:04:38.960] Android Config: 0
D [2016-07-19 03:04:38.961] Android Version: 2.5.0
D [2016-07-19 03:04:38.961] Android Instance: MEmu_1
D [2016-07-19 03:04:38.961] Android Window Title: MEmu 2.
D [2016-07-19 03:04:38.961] Android Program Path: C:\Program Files\Microvirt\MEmu\MEmu.exe
D [2016-07-19 03:04:38.962] Android Program Parameter: MEmu_1
D [2016-07-19 03:04:38.962] Android ADB Path: C:\Program Files\Microvirt\MEmu\adb.exe
D [2016-07-19 03:04:38.962] Android ADB Device: 127.0.0.1:21513
D [2016-07-19 03:04:38.962] Android ADB Shared Folder: /mnt/shell/emulated/0/Pictures/
D [2016-07-19 03:04:38.963] Android ADB Shared Folder on Host: C:\Users\Amin\Pictures\MEmu Photo\
D [2016-07-19 03:04:38.963] Android ADB Shared SubFolder: mybot.run\
D [2016-07-19 03:04:38.963] Android Mouse Device: Microvirt Virtual Input
D [2016-07-19 03:04:38.963] Android ADB screencap command enabled: True
D [2016-07-19 03:04:38.963] Android ADB input command enabled: False
D [2016-07-19 03:04:38.964] Android ADB Mouse Click enabled: False
D [2016-07-19 03:04:38.964] Android ADB Click Drag enabled: True
D [2016-07-19 03:04:38.964] Searching MEmu Window: Title = 'MEmu 2.', Class = '[CLASS:subWin; INSTANCE:1]', Text = ''
D [2016-07-19 03:04:38.968] MEmu Window not found
D [2016-07-19 03:04:38.968] InitAndroid(False): MEmu END, initialization successful = True
D [2016-07-19 03:04:38.968] UpdateAndroidConfig("MEmu_1") END
D [2016-07-19 03:04:38.969] Redraw MyBot Window
L [2016-07-19 03:04:39.710] Found installed MEmu 2.5.0
L [2016-07-19 03:04:39.716] Android Emulator Configuration: MEmu (instance MEmu_1)
L [2016-07-19 03:04:42.537] WELCOME CHIEF, YOU HAVE THE LATEST VERSION OF THE BOT
L [2016-07-19 03:04:42.539]  
L [2016-07-19 03:04:42.542] Fully working with May update
L [2016-07-19 03:04:42.544] New GUI and lots of new features
L [2016-07-19 03:04:42.548] For more information, go to 
L [2016-07-19 03:04:42.550] https://mybot.run
L [2016-07-19 03:04:42.552] 
L [2016-07-19 03:04:42.554]  Always free and open source.
D [2016-07-19 03:04:43.856] MyBot.run launch time 14864 ms.
L [2016-07-19 03:04:51.807] Closing Merged My Bot v6.1.4 All In One v2.1.4 (MEmu_1) ...
D [2016-07-19 03:04:51.815] Save Config C:\Users\Amin\Desktop\MyBot.Run\MOD AIO\MyBot-AIO-2.1.4\Profiles\MyVillage\config.ini
D [2016-07-19 03:04:52.249] Save Building Config C:\Users\Amin\Desktop\MyBot.Run\MOD AIO\MyBot-AIO-2.1.4\Profiles\MyVillage\building.ini
